

================================================================
== Vivado HLS Report for 'calculation'
================================================================
* Date:           Thu Nov  7 01:37:53 2019

* Version:        2019.1 (Build 2552052 on Fri May 24 15:28:33 MDT 2019)
* Project:        tancoeff
* Solution:       tancoeff
* Product family: virtexuplus
* Target device:  xcvu9p-fsgd2104-2L-e


================================================================
== Performance Estimates
================================================================
+ Timing (ns): 
    * Summary: 
    +--------+-------+----------+------------+
    |  Clock | Target| Estimated| Uncertainty|
    +--------+-------+----------+------------+
    |ap_clk  |   3.33|     2.433|        0.90|
    +--------+-------+----------+------------+

+ Latency (clock cycles): 
    * Summary: 
    +-----+-----+-----+-----+---------+
    |  Latency  |  Interval | Pipeline|
    | min | max | min | max |   Type  |
    +-----+-----+-----+-----+---------+
    |   10|   10|   10|   10|   none  |
    +-----+-----+-----+-----+---------+

    + Detail: 
        * Instance: 
        +-----------------------+------------+-----+-----+-----+-----+---------+
        |                       |            |  Latency  |  Interval | Pipeline|
        |        Instance       |   Module   | min | max | min | max |   Type  |
        +-----------------------+------------+-----+-----+-----+-----+---------+
        |grp_popcntdata_fu_376  |popcntdata  |    8|    8|    8|    8|   none  |
        |grp_popcntdata_fu_381  |popcntdata  |    8|    8|    8|    8|   none  |
        |grp_popcntdata_fu_386  |popcntdata  |    8|    8|    8|    8|   none  |
        |grp_popcntdata_fu_391  |popcntdata  |    8|    8|    8|    8|   none  |
        |grp_popcntdata_fu_396  |popcntdata  |    8|    8|    8|    8|   none  |
        |grp_popcntdata_fu_401  |popcntdata  |    8|    8|    8|    8|   none  |
        |grp_popcntdata_fu_406  |popcntdata  |    8|    8|    8|    8|   none  |
        |grp_popcntdata_fu_411  |popcntdata  |    8|    8|    8|    8|   none  |
        |grp_popcntdata_fu_416  |popcntdata  |    8|    8|    8|    8|   none  |
        |grp_popcntdata_fu_421  |popcntdata  |    8|    8|    8|    8|   none  |
        |grp_popcntdata_fu_426  |popcntdata  |    8|    8|    8|    8|   none  |
        |grp_popcntdata_fu_431  |popcntdata  |    8|    8|    8|    8|   none  |
        |grp_popcntdata_fu_436  |popcntdata  |    8|    8|    8|    8|   none  |
        |grp_popcntdata_fu_441  |popcntdata  |    8|    8|    8|    8|   none  |
        |grp_popcntdata_fu_446  |popcntdata  |    8|    8|    8|    8|   none  |
        |grp_popcntdata_fu_451  |popcntdata  |    8|    8|    8|    8|   none  |
        +-----------------------+------------+-----+-----+-----+-----+---------+

        * Loop: 
        N/A



================================================================
== Utilization Estimates
================================================================
* Summary: 
+---------------------+---------+-------+---------+---------+-----+
|         Name        | BRAM_18K| DSP48E|    FF   |   LUT   | URAM|
+---------------------+---------+-------+---------+---------+-----+
|DSP                  |        -|      -|        -|        -|    -|
|Expression           |        -|      -|        0|    17012|    -|
|FIFO                 |        -|      -|        -|        -|    -|
|Instance             |        -|      -|     3776|    82754|    -|
|Memory               |        -|      -|        -|        -|    -|
|Multiplexer          |        -|      -|        -|      480|    -|
|Register             |        -|      -|    16597|        -|    -|
+---------------------+---------+-------+---------+---------+-----+
|Total                |        0|      0|    20373|   100246|    0|
+---------------------+---------+-------+---------+---------+-----+
|Available SLR        |     1440|   2280|   788160|   394080|  320|
+---------------------+---------+-------+---------+---------+-----+
|Utilization SLR (%)  |        0|      0|        2|       25|    0|
+---------------------+---------+-------+---------+---------+-----+
|Available            |     4320|   6840|  2364480|  1182240|  960|
+---------------------+---------+-------+---------+---------+-----+
|Utilization (%)      |        0|      0|    ~0   |        8|    0|
+---------------------+---------+-------+---------+---------+-----+

+ Detail: 
    * Instance: 
    +------------------------------+-------------------------+---------+-------+-----+------+-----+
    |           Instance           |          Module         | BRAM_18K| DSP48E|  FF |  LUT | URAM|
    +------------------------------+-------------------------+---------+-------+-----+------+-----+
    |grp_popcntdata_fu_376         |popcntdata               |        0|      0|  236|  5170|    0|
    |grp_popcntdata_fu_381         |popcntdata               |        0|      0|  236|  5170|    0|
    |grp_popcntdata_fu_386         |popcntdata               |        0|      0|  236|  5170|    0|
    |grp_popcntdata_fu_391         |popcntdata               |        0|      0|  236|  5170|    0|
    |grp_popcntdata_fu_396         |popcntdata               |        0|      0|  236|  5170|    0|
    |grp_popcntdata_fu_401         |popcntdata               |        0|      0|  236|  5170|    0|
    |grp_popcntdata_fu_406         |popcntdata               |        0|      0|  236|  5170|    0|
    |grp_popcntdata_fu_411         |popcntdata               |        0|      0|  236|  5170|    0|
    |grp_popcntdata_fu_416         |popcntdata               |        0|      0|  236|  5170|    0|
    |grp_popcntdata_fu_421         |popcntdata               |        0|      0|  236|  5170|    0|
    |grp_popcntdata_fu_426         |popcntdata               |        0|      0|  236|  5170|    0|
    |grp_popcntdata_fu_431         |popcntdata               |        0|      0|  236|  5170|    0|
    |grp_popcntdata_fu_436         |popcntdata               |        0|      0|  236|  5170|    0|
    |grp_popcntdata_fu_441         |popcntdata               |        0|      0|  236|  5170|    0|
    |grp_popcntdata_fu_446         |popcntdata               |        0|      0|  236|  5170|    0|
    |grp_popcntdata_fu_451         |popcntdata               |        0|      0|  236|  5170|    0|
    |tancalc_mux_42_1024_1_1_U215  |tancalc_mux_42_1024_1_1  |        0|      0|    0|    17|    0|
    |tancalc_mux_42_11_1_1_U216    |tancalc_mux_42_11_1_1    |        0|      0|    0|    17|    0|
    +------------------------------+-------------------------+---------+-------+-----+------+-----+
    |Total                         |                         |        0|      0| 3776| 82754|    0|
    +------------------------------+-------------------------+---------+-------+-----+------+-----+

    * DSP48E: 
    N/A

    * Memory: 
    N/A

    * FIFO: 
    N/A

    * Expression: 
    +---------------------------------+----------+-------+---+------+------------+------------+
    |          Variable Name          | Operation| DSP48E| FF|  LUT | Bitwidth P0| Bitwidth P1|
    +---------------------------------+----------+-------+---+------+------------+------------+
    |add_ln1353_10_fu_940_p2          |     +    |      0|  0|    12|          12|          12|
    |add_ln1353_11_fu_975_p2          |     +    |      0|  0|    12|          12|          12|
    |add_ln1353_12_fu_1010_p2         |     +    |      0|  0|    12|          12|          12|
    |add_ln1353_13_fu_1045_p2         |     +    |      0|  0|    12|          12|          12|
    |add_ln1353_14_fu_1080_p2         |     +    |      0|  0|    12|          12|          12|
    |add_ln1353_15_fu_1115_p2         |     +    |      0|  0|    12|          12|          12|
    |add_ln1353_1_fu_625_p2           |     +    |      0|  0|    12|          12|          12|
    |add_ln1353_2_fu_660_p2           |     +    |      0|  0|    12|          12|          12|
    |add_ln1353_3_fu_695_p2           |     +    |      0|  0|    12|          12|          12|
    |add_ln1353_4_fu_730_p2           |     +    |      0|  0|    12|          12|          12|
    |add_ln1353_5_fu_765_p2           |     +    |      0|  0|    12|          12|          12|
    |add_ln1353_6_fu_800_p2           |     +    |      0|  0|    12|          12|          12|
    |add_ln1353_7_fu_835_p2           |     +    |      0|  0|    12|          12|          12|
    |add_ln1353_8_fu_870_p2           |     +    |      0|  0|    12|          12|          12|
    |add_ln1353_9_fu_905_p2           |     +    |      0|  0|    12|          12|          12|
    |add_ln1353_fu_590_p2             |     +    |      0|  0|    12|          12|          12|
    |sub_ln1354_10_fu_954_p2          |     -    |      0|  0|    13|          13|          13|
    |sub_ln1354_11_fu_989_p2          |     -    |      0|  0|    13|          13|          13|
    |sub_ln1354_12_fu_1024_p2         |     -    |      0|  0|    13|          13|          13|
    |sub_ln1354_13_fu_1059_p2         |     -    |      0|  0|    13|          13|          13|
    |sub_ln1354_14_fu_1094_p2         |     -    |      0|  0|    13|          13|          13|
    |sub_ln1354_15_fu_1129_p2         |     -    |      0|  0|    13|          13|          13|
    |sub_ln1354_1_fu_639_p2           |     -    |      0|  0|    13|          13|          13|
    |sub_ln1354_2_fu_674_p2           |     -    |      0|  0|    13|          13|          13|
    |sub_ln1354_3_fu_709_p2           |     -    |      0|  0|    13|          13|          13|
    |sub_ln1354_4_fu_744_p2           |     -    |      0|  0|    13|          13|          13|
    |sub_ln1354_5_fu_779_p2           |     -    |      0|  0|    13|          13|          13|
    |sub_ln1354_6_fu_814_p2           |     -    |      0|  0|    13|          13|          13|
    |sub_ln1354_7_fu_849_p2           |     -    |      0|  0|    13|          13|          13|
    |sub_ln1354_8_fu_884_p2           |     -    |      0|  0|    13|          13|          13|
    |sub_ln1354_9_fu_919_p2           |     -    |      0|  0|    13|          13|          13|
    |sub_ln1354_fu_604_p2             |     -    |      0|  0|    13|          13|          13|
    |and_ln1355_10_fu_534_p2          |    and   |      0|  0|  1023|        1024|        1024|
    |and_ln1355_11_fu_540_p2          |    and   |      0|  0|  1023|        1024|        1024|
    |and_ln1355_12_fu_546_p2          |    and   |      0|  0|  1023|        1024|        1024|
    |and_ln1355_13_fu_552_p2          |    and   |      0|  0|  1023|        1024|        1024|
    |and_ln1355_14_fu_558_p2          |    and   |      0|  0|  1023|        1024|        1024|
    |and_ln1355_15_fu_564_p2          |    and   |      0|  0|  1023|        1024|        1024|
    |and_ln1355_1_fu_480_p2           |    and   |      0|  0|  1023|        1024|        1024|
    |and_ln1355_2_fu_486_p2           |    and   |      0|  0|  1023|        1024|        1024|
    |and_ln1355_3_fu_492_p2           |    and   |      0|  0|  1023|        1024|        1024|
    |and_ln1355_4_fu_498_p2           |    and   |      0|  0|  1023|        1024|        1024|
    |and_ln1355_5_fu_504_p2           |    and   |      0|  0|  1023|        1024|        1024|
    |and_ln1355_6_fu_510_p2           |    and   |      0|  0|  1023|        1024|        1024|
    |and_ln1355_7_fu_516_p2           |    and   |      0|  0|  1023|        1024|        1024|
    |and_ln1355_8_fu_522_p2           |    and   |      0|  0|  1023|        1024|        1024|
    |and_ln1355_9_fu_528_p2           |    and   |      0|  0|  1023|        1024|        1024|
    |and_ln1355_fu_474_p2             |    and   |      0|  0|  1023|        1024|        1024|
    |icmp_ln54_10_fu_960_p2           |   icmp   |      0|  0|    13|          13|          13|
    |icmp_ln54_11_fu_995_p2           |   icmp   |      0|  0|    13|          13|          13|
    |icmp_ln54_12_fu_1030_p2          |   icmp   |      0|  0|    13|          13|          13|
    |icmp_ln54_13_fu_1065_p2          |   icmp   |      0|  0|    13|          13|          13|
    |icmp_ln54_14_fu_1100_p2          |   icmp   |      0|  0|    13|          13|          13|
    |icmp_ln54_15_fu_1135_p2          |   icmp   |      0|  0|    13|          13|          13|
    |icmp_ln54_1_fu_645_p2            |   icmp   |      0|  0|    13|          13|          13|
    |icmp_ln54_2_fu_680_p2            |   icmp   |      0|  0|    13|          13|          13|
    |icmp_ln54_3_fu_715_p2            |   icmp   |      0|  0|    13|          13|          13|
    |icmp_ln54_4_fu_750_p2            |   icmp   |      0|  0|    13|          13|          13|
    |icmp_ln54_5_fu_785_p2            |   icmp   |      0|  0|    13|          13|          13|
    |icmp_ln54_6_fu_820_p2            |   icmp   |      0|  0|    13|          13|          13|
    |icmp_ln54_7_fu_855_p2            |   icmp   |      0|  0|    13|          13|          13|
    |icmp_ln54_8_fu_890_p2            |   icmp   |      0|  0|    13|          13|          13|
    |icmp_ln54_9_fu_925_p2            |   icmp   |      0|  0|    13|          13|          13|
    |icmp_ln54_fu_610_p2              |   icmp   |      0|  0|    13|          13|          13|
    |ap_block_state1                  |    or    |      0|  0|     2|           1|           1|
    |ap_block_state3_on_subcall_done  |    or    |      0|  0|     2|           1|           1|
    |xor_ln54_10_fu_966_p2            |    xor   |      0|  0|     2|           1|           2|
    |xor_ln54_11_fu_1001_p2           |    xor   |      0|  0|     2|           1|           2|
    |xor_ln54_12_fu_1036_p2           |    xor   |      0|  0|     2|           1|           2|
    |xor_ln54_13_fu_1071_p2           |    xor   |      0|  0|     2|           1|           2|
    |xor_ln54_14_fu_1106_p2           |    xor   |      0|  0|     2|           1|           2|
    |xor_ln54_15_fu_1141_p2           |    xor   |      0|  0|     2|           1|           2|
    |xor_ln54_1_fu_651_p2             |    xor   |      0|  0|     2|           1|           2|
    |xor_ln54_2_fu_686_p2             |    xor   |      0|  0|     2|           1|           2|
    |xor_ln54_3_fu_721_p2             |    xor   |      0|  0|     2|           1|           2|
    |xor_ln54_4_fu_756_p2             |    xor   |      0|  0|     2|           1|           2|
    |xor_ln54_5_fu_791_p2             |    xor   |      0|  0|     2|           1|           2|
    |xor_ln54_6_fu_826_p2             |    xor   |      0|  0|     2|           1|           2|
    |xor_ln54_7_fu_861_p2             |    xor   |      0|  0|     2|           1|           2|
    |xor_ln54_8_fu_896_p2             |    xor   |      0|  0|     2|           1|           2|
    |xor_ln54_9_fu_931_p2             |    xor   |      0|  0|     2|           1|           2|
    |xor_ln54_fu_616_p2               |    xor   |      0|  0|     2|           1|           2|
    +---------------------------------+----------+-------+---+------+------------+------------+
    |Total                            |          |      0|  0| 17012|       17010|       17026|
    +---------------------------------+----------+-------+---+------+------------+------------+

    * Multiplexer: 
    +--------------------------+----+-----------+-----+-----------+
    |           Name           | LUT| Input Size| Bits| Total Bits|
    +--------------------------+----+-----------+-----+-----------+
    |ap_NS_fsm                 |  21|          4|    1|          4|
    |ap_done                   |   9|          2|    1|          2|
    |ap_return_0               |   9|          2|    1|          2|
    |ap_return_1               |   9|          2|    1|          2|
    |ap_return_10              |   9|          2|    1|          2|
    |ap_return_11              |   9|          2|    1|          2|
    |ap_return_12              |   9|          2|    1|          2|
    |ap_return_13              |   9|          2|    1|          2|
    |ap_return_14              |   9|          2|    1|          2|
    |ap_return_15              |   9|          2|    1|          2|
    |ap_return_2               |   9|          2|    1|          2|
    |ap_return_3               |   9|          2|    1|          2|
    |ap_return_4               |   9|          2|    1|          2|
    |ap_return_5               |   9|          2|    1|          2|
    |ap_return_6               |   9|          2|    1|          2|
    |ap_return_7               |   9|          2|    1|          2|
    |ap_return_8               |   9|          2|    1|          2|
    |ap_return_9               |   9|          2|    1|          2|
    |cmpr_local_0_V_blk_n      |   9|          2|    1|          2|
    |cmpr_local_10_V_blk_n     |   9|          2|    1|          2|
    |cmpr_local_11_V_blk_n     |   9|          2|    1|          2|
    |cmpr_local_12_V_blk_n     |   9|          2|    1|          2|
    |cmpr_local_13_V_blk_n     |   9|          2|    1|          2|
    |cmpr_local_14_V_blk_n     |   9|          2|    1|          2|
    |cmpr_local_15_V_blk_n     |   9|          2|    1|          2|
    |cmpr_local_1_V_blk_n      |   9|          2|    1|          2|
    |cmpr_local_2_V_blk_n      |   9|          2|    1|          2|
    |cmpr_local_3_V_blk_n      |   9|          2|    1|          2|
    |cmpr_local_4_V_blk_n      |   9|          2|    1|          2|
    |cmpr_local_5_V_blk_n      |   9|          2|    1|          2|
    |cmpr_local_6_V_blk_n      |   9|          2|    1|          2|
    |cmpr_local_7_V_blk_n      |   9|          2|    1|          2|
    |cmpr_local_8_V_blk_n      |   9|          2|    1|          2|
    |cmpr_local_9_V_blk_n      |   9|          2|    1|          2|
    |cmprpop_local_0_V_blk_n   |   9|          2|    1|          2|
    |cmprpop_local_10_V_blk_n  |   9|          2|    1|          2|
    |cmprpop_local_11_V_blk_n  |   9|          2|    1|          2|
    |cmprpop_local_12_V_blk_n  |   9|          2|    1|          2|
    |cmprpop_local_13_V_blk_n  |   9|          2|    1|          2|
    |cmprpop_local_14_V_blk_n  |   9|          2|    1|          2|
    |cmprpop_local_15_V_blk_n  |   9|          2|    1|          2|
    |cmprpop_local_1_V_blk_n   |   9|          2|    1|          2|
    |cmprpop_local_2_V_blk_n   |   9|          2|    1|          2|
    |cmprpop_local_3_V_blk_n   |   9|          2|    1|          2|
    |cmprpop_local_4_V_blk_n   |   9|          2|    1|          2|
    |cmprpop_local_5_V_blk_n   |   9|          2|    1|          2|
    |cmprpop_local_6_V_blk_n   |   9|          2|    1|          2|
    |cmprpop_local_7_V_blk_n   |   9|          2|    1|          2|
    |cmprpop_local_8_V_blk_n   |   9|          2|    1|          2|
    |cmprpop_local_9_V_blk_n   |   9|          2|    1|          2|
    |data_num_0_i_blk_n        |   9|          2|    1|          2|
    |data_num_0_i_out_blk_n    |   9|          2|    1|          2|
    +--------------------------+----+-----------+-----+-----------+
    |Total                     | 480|        106|   52|        106|
    +--------------------------+----+-----------+-----+-----------+

    * Register: 
    +------------------------------------+------+----+------+-----------+
    |                Name                |  FF  | LUT| Bits | Const Bits|
    +------------------------------------+------+----+------+-----------+
    |and_ln1355_10_reg_1348              |  1024|   0|  1024|          0|
    |and_ln1355_11_reg_1358              |  1024|   0|  1024|          0|
    |and_ln1355_12_reg_1368              |  1024|   0|  1024|          0|
    |and_ln1355_13_reg_1378              |  1024|   0|  1024|          0|
    |and_ln1355_14_reg_1388              |  1024|   0|  1024|          0|
    |and_ln1355_15_reg_1398              |  1024|   0|  1024|          0|
    |and_ln1355_1_reg_1258               |  1024|   0|  1024|          0|
    |and_ln1355_2_reg_1268               |  1024|   0|  1024|          0|
    |and_ln1355_3_reg_1278               |  1024|   0|  1024|          0|
    |and_ln1355_4_reg_1288               |  1024|   0|  1024|          0|
    |and_ln1355_5_reg_1298               |  1024|   0|  1024|          0|
    |and_ln1355_6_reg_1308               |  1024|   0|  1024|          0|
    |and_ln1355_7_reg_1318               |  1024|   0|  1024|          0|
    |and_ln1355_8_reg_1328               |  1024|   0|  1024|          0|
    |and_ln1355_9_reg_1338               |  1024|   0|  1024|          0|
    |and_ln1355_reg_1248                 |  1024|   0|  1024|          0|
    |ap_CS_fsm                           |     3|   0|     3|          0|
    |ap_done_reg                         |     1|   0|     1|          0|
    |ap_return_0_preg                    |     1|   0|     1|          0|
    |ap_return_10_preg                   |     1|   0|     1|          0|
    |ap_return_11_preg                   |     1|   0|     1|          0|
    |ap_return_12_preg                   |     1|   0|     1|          0|
    |ap_return_13_preg                   |     1|   0|     1|          0|
    |ap_return_14_preg                   |     1|   0|     1|          0|
    |ap_return_15_preg                   |     1|   0|     1|          0|
    |ap_return_1_preg                    |     1|   0|     1|          0|
    |ap_return_2_preg                    |     1|   0|     1|          0|
    |ap_return_3_preg                    |     1|   0|     1|          0|
    |ap_return_4_preg                    |     1|   0|     1|          0|
    |ap_return_5_preg                    |     1|   0|     1|          0|
    |ap_return_6_preg                    |     1|   0|     1|          0|
    |ap_return_7_preg                    |     1|   0|     1|          0|
    |ap_return_8_preg                    |     1|   0|     1|          0|
    |ap_return_9_preg                    |     1|   0|     1|          0|
    |cmprpop_local_0_V_read_reg_1253     |    11|   0|    11|          0|
    |cmprpop_local_10_V_read_reg_1353    |    11|   0|    11|          0|
    |cmprpop_local_11_V_read_reg_1363    |    11|   0|    11|          0|
    |cmprpop_local_12_V_read_reg_1373    |    11|   0|    11|          0|
    |cmprpop_local_13_V_read_reg_1383    |    11|   0|    11|          0|
    |cmprpop_local_14_V_read_reg_1393    |    11|   0|    11|          0|
    |cmprpop_local_15_V_read_reg_1403    |    10|   0|    10|          0|
    |cmprpop_local_1_V_read_reg_1263     |    11|   0|    11|          0|
    |cmprpop_local_2_V_read_reg_1273     |    11|   0|    11|          0|
    |cmprpop_local_3_V_read_reg_1283     |    11|   0|    11|          0|
    |cmprpop_local_4_V_read_reg_1293     |    11|   0|    11|          0|
    |cmprpop_local_5_V_read_reg_1303     |    11|   0|    11|          0|
    |cmprpop_local_6_V_read_reg_1313     |    11|   0|    11|          0|
    |cmprpop_local_7_V_read_reg_1323     |    11|   0|    11|          0|
    |cmprpop_local_8_V_read_reg_1333     |    11|   0|    11|          0|
    |cmprpop_local_9_V_read_reg_1343     |    11|   0|    11|          0|
    |grp_popcntdata_fu_376_ap_start_reg  |     1|   0|     1|          0|
    |grp_popcntdata_fu_381_ap_start_reg  |     1|   0|     1|          0|
    |grp_popcntdata_fu_386_ap_start_reg  |     1|   0|     1|          0|
    |grp_popcntdata_fu_391_ap_start_reg  |     1|   0|     1|          0|
    |grp_popcntdata_fu_396_ap_start_reg  |     1|   0|     1|          0|
    |grp_popcntdata_fu_401_ap_start_reg  |     1|   0|     1|          0|
    |grp_popcntdata_fu_406_ap_start_reg  |     1|   0|     1|          0|
    |grp_popcntdata_fu_411_ap_start_reg  |     1|   0|     1|          0|
    |grp_popcntdata_fu_416_ap_start_reg  |     1|   0|     1|          0|
    |grp_popcntdata_fu_421_ap_start_reg  |     1|   0|     1|          0|
    |grp_popcntdata_fu_426_ap_start_reg  |     1|   0|     1|          0|
    |grp_popcntdata_fu_431_ap_start_reg  |     1|   0|     1|          0|
    |grp_popcntdata_fu_436_ap_start_reg  |     1|   0|     1|          0|
    |grp_popcntdata_fu_441_ap_start_reg  |     1|   0|     1|          0|
    |grp_popcntdata_fu_446_ap_start_reg  |     1|   0|     1|          0|
    |grp_popcntdata_fu_451_ap_start_reg  |     1|   0|     1|          0|
    |trunc_ln138_reg_1243                |     2|   0|     2|          0|
    +------------------------------------+------+----+------+-----------+
    |Total                               | 16597|   0| 16597|          0|
    +------------------------------------+------+----+------+-----------+



================================================================
== Interface
================================================================
* Summary: 
+----------------------------+-----+------+------------+-----------------------+--------------+
|          RTL Ports         | Dir | Bits |  Protocol  |     Source Object     |    C Type    |
+----------------------------+-----+------+------------+-----------------------+--------------+
|ap_clk                      |  in |     1| ap_ctrl_hs |      calculation      | return value |
|ap_rst                      |  in |     1| ap_ctrl_hs |      calculation      | return value |
|ap_start                    |  in |     1| ap_ctrl_hs |      calculation      | return value |
|ap_done                     | out |     1| ap_ctrl_hs |      calculation      | return value |
|ap_continue                 |  in |     1| ap_ctrl_hs |      calculation      | return value |
|ap_idle                     | out |     1| ap_ctrl_hs |      calculation      | return value |
|ap_ready                    | out |     1| ap_ctrl_hs |      calculation      | return value |
|ap_return_0                 | out |     1| ap_ctrl_hs |      calculation      | return value |
|ap_return_1                 | out |     1| ap_ctrl_hs |      calculation      | return value |
|ap_return_2                 | out |     1| ap_ctrl_hs |      calculation      | return value |
|ap_return_3                 | out |     1| ap_ctrl_hs |      calculation      | return value |
|ap_return_4                 | out |     1| ap_ctrl_hs |      calculation      | return value |
|ap_return_5                 | out |     1| ap_ctrl_hs |      calculation      | return value |
|ap_return_6                 | out |     1| ap_ctrl_hs |      calculation      | return value |
|ap_return_7                 | out |     1| ap_ctrl_hs |      calculation      | return value |
|ap_return_8                 | out |     1| ap_ctrl_hs |      calculation      | return value |
|ap_return_9                 | out |     1| ap_ctrl_hs |      calculation      | return value |
|ap_return_10                | out |     1| ap_ctrl_hs |      calculation      | return value |
|ap_return_11                | out |     1| ap_ctrl_hs |      calculation      | return value |
|ap_return_12                | out |     1| ap_ctrl_hs |      calculation      | return value |
|ap_return_13                | out |     1| ap_ctrl_hs |      calculation      | return value |
|ap_return_14                | out |     1| ap_ctrl_hs |      calculation      | return value |
|ap_return_15                | out |     1| ap_ctrl_hs |      calculation      | return value |
|ref_local_0_V_read          |  in |  1024|   ap_none  |   ref_local_0_V_read  |    scalar    |
|ref_local_1_V_read          |  in |  1024|   ap_none  |   ref_local_1_V_read  |    scalar    |
|ref_local_2_V_read          |  in |  1024|   ap_none  |   ref_local_2_V_read  |    scalar    |
|ref_local_3_V_read          |  in |  1024|   ap_none  |   ref_local_3_V_read  |    scalar    |
|cmpr_local_0_V_dout         |  in |  1024|   ap_fifo  |     cmpr_local_0_V    |    pointer   |
|cmpr_local_0_V_empty_n      |  in |     1|   ap_fifo  |     cmpr_local_0_V    |    pointer   |
|cmpr_local_0_V_read         | out |     1|   ap_fifo  |     cmpr_local_0_V    |    pointer   |
|cmpr_local_1_V_dout         |  in |  1024|   ap_fifo  |     cmpr_local_1_V    |    pointer   |
|cmpr_local_1_V_empty_n      |  in |     1|   ap_fifo  |     cmpr_local_1_V    |    pointer   |
|cmpr_local_1_V_read         | out |     1|   ap_fifo  |     cmpr_local_1_V    |    pointer   |
|cmpr_local_2_V_dout         |  in |  1024|   ap_fifo  |     cmpr_local_2_V    |    pointer   |
|cmpr_local_2_V_empty_n      |  in |     1|   ap_fifo  |     cmpr_local_2_V    |    pointer   |
|cmpr_local_2_V_read         | out |     1|   ap_fifo  |     cmpr_local_2_V    |    pointer   |
|cmpr_local_3_V_dout         |  in |  1024|   ap_fifo  |     cmpr_local_3_V    |    pointer   |
|cmpr_local_3_V_empty_n      |  in |     1|   ap_fifo  |     cmpr_local_3_V    |    pointer   |
|cmpr_local_3_V_read         | out |     1|   ap_fifo  |     cmpr_local_3_V    |    pointer   |
|cmpr_local_4_V_dout         |  in |  1024|   ap_fifo  |     cmpr_local_4_V    |    pointer   |
|cmpr_local_4_V_empty_n      |  in |     1|   ap_fifo  |     cmpr_local_4_V    |    pointer   |
|cmpr_local_4_V_read         | out |     1|   ap_fifo  |     cmpr_local_4_V    |    pointer   |
|cmpr_local_5_V_dout         |  in |  1024|   ap_fifo  |     cmpr_local_5_V    |    pointer   |
|cmpr_local_5_V_empty_n      |  in |     1|   ap_fifo  |     cmpr_local_5_V    |    pointer   |
|cmpr_local_5_V_read         | out |     1|   ap_fifo  |     cmpr_local_5_V    |    pointer   |
|cmpr_local_6_V_dout         |  in |  1024|   ap_fifo  |     cmpr_local_6_V    |    pointer   |
|cmpr_local_6_V_empty_n      |  in |     1|   ap_fifo  |     cmpr_local_6_V    |    pointer   |
|cmpr_local_6_V_read         | out |     1|   ap_fifo  |     cmpr_local_6_V    |    pointer   |
|cmpr_local_7_V_dout         |  in |  1024|   ap_fifo  |     cmpr_local_7_V    |    pointer   |
|cmpr_local_7_V_empty_n      |  in |     1|   ap_fifo  |     cmpr_local_7_V    |    pointer   |
|cmpr_local_7_V_read         | out |     1|   ap_fifo  |     cmpr_local_7_V    |    pointer   |
|cmpr_local_8_V_dout         |  in |  1024|   ap_fifo  |     cmpr_local_8_V    |    pointer   |
|cmpr_local_8_V_empty_n      |  in |     1|   ap_fifo  |     cmpr_local_8_V    |    pointer   |
|cmpr_local_8_V_read         | out |     1|   ap_fifo  |     cmpr_local_8_V    |    pointer   |
|cmpr_local_9_V_dout         |  in |  1024|   ap_fifo  |     cmpr_local_9_V    |    pointer   |
|cmpr_local_9_V_empty_n      |  in |     1|   ap_fifo  |     cmpr_local_9_V    |    pointer   |
|cmpr_local_9_V_read         | out |     1|   ap_fifo  |     cmpr_local_9_V    |    pointer   |
|cmpr_local_10_V_dout        |  in |  1024|   ap_fifo  |    cmpr_local_10_V    |    pointer   |
|cmpr_local_10_V_empty_n     |  in |     1|   ap_fifo  |    cmpr_local_10_V    |    pointer   |
|cmpr_local_10_V_read        | out |     1|   ap_fifo  |    cmpr_local_10_V    |    pointer   |
|cmpr_local_11_V_dout        |  in |  1024|   ap_fifo  |    cmpr_local_11_V    |    pointer   |
|cmpr_local_11_V_empty_n     |  in |     1|   ap_fifo  |    cmpr_local_11_V    |    pointer   |
|cmpr_local_11_V_read        | out |     1|   ap_fifo  |    cmpr_local_11_V    |    pointer   |
|cmpr_local_12_V_dout        |  in |  1024|   ap_fifo  |    cmpr_local_12_V    |    pointer   |
|cmpr_local_12_V_empty_n     |  in |     1|   ap_fifo  |    cmpr_local_12_V    |    pointer   |
|cmpr_local_12_V_read        | out |     1|   ap_fifo  |    cmpr_local_12_V    |    pointer   |
|cmpr_local_13_V_dout        |  in |  1024|   ap_fifo  |    cmpr_local_13_V    |    pointer   |
|cmpr_local_13_V_empty_n     |  in |     1|   ap_fifo  |    cmpr_local_13_V    |    pointer   |
|cmpr_local_13_V_read        | out |     1|   ap_fifo  |    cmpr_local_13_V    |    pointer   |
|cmpr_local_14_V_dout        |  in |  1024|   ap_fifo  |    cmpr_local_14_V    |    pointer   |
|cmpr_local_14_V_empty_n     |  in |     1|   ap_fifo  |    cmpr_local_14_V    |    pointer   |
|cmpr_local_14_V_read        | out |     1|   ap_fifo  |    cmpr_local_14_V    |    pointer   |
|cmpr_local_15_V_dout        |  in |  1024|   ap_fifo  |    cmpr_local_15_V    |    pointer   |
|cmpr_local_15_V_empty_n     |  in |     1|   ap_fifo  |    cmpr_local_15_V    |    pointer   |
|cmpr_local_15_V_read        | out |     1|   ap_fifo  |    cmpr_local_15_V    |    pointer   |
|refpop_local_0_V_read       |  in |    11|   ap_none  | refpop_local_0_V_read |    scalar    |
|refpop_local_1_V_read       |  in |    11|   ap_none  | refpop_local_1_V_read |    scalar    |
|refpop_local_2_V_read       |  in |    11|   ap_none  | refpop_local_2_V_read |    scalar    |
|refpop_local_3_V_read       |  in |    11|   ap_none  | refpop_local_3_V_read |    scalar    |
|cmprpop_local_0_V_dout      |  in |    11|   ap_fifo  |   cmprpop_local_0_V   |    pointer   |
|cmprpop_local_0_V_empty_n   |  in |     1|   ap_fifo  |   cmprpop_local_0_V   |    pointer   |
|cmprpop_local_0_V_read      | out |     1|   ap_fifo  |   cmprpop_local_0_V   |    pointer   |
|cmprpop_local_1_V_dout      |  in |    11|   ap_fifo  |   cmprpop_local_1_V   |    pointer   |
|cmprpop_local_1_V_empty_n   |  in |     1|   ap_fifo  |   cmprpop_local_1_V   |    pointer   |
|cmprpop_local_1_V_read      | out |     1|   ap_fifo  |   cmprpop_local_1_V   |    pointer   |
|cmprpop_local_2_V_dout      |  in |    11|   ap_fifo  |   cmprpop_local_2_V   |    pointer   |
|cmprpop_local_2_V_empty_n   |  in |     1|   ap_fifo  |   cmprpop_local_2_V   |    pointer   |
|cmprpop_local_2_V_read      | out |     1|   ap_fifo  |   cmprpop_local_2_V   |    pointer   |
|cmprpop_local_3_V_dout      |  in |    11|   ap_fifo  |   cmprpop_local_3_V   |    pointer   |
|cmprpop_local_3_V_empty_n   |  in |     1|   ap_fifo  |   cmprpop_local_3_V   |    pointer   |
|cmprpop_local_3_V_read      | out |     1|   ap_fifo  |   cmprpop_local_3_V   |    pointer   |
|cmprpop_local_4_V_dout      |  in |    11|   ap_fifo  |   cmprpop_local_4_V   |    pointer   |
|cmprpop_local_4_V_empty_n   |  in |     1|   ap_fifo  |   cmprpop_local_4_V   |    pointer   |
|cmprpop_local_4_V_read      | out |     1|   ap_fifo  |   cmprpop_local_4_V   |    pointer   |
|cmprpop_local_5_V_dout      |  in |    11|   ap_fifo  |   cmprpop_local_5_V   |    pointer   |
|cmprpop_local_5_V_empty_n   |  in |     1|   ap_fifo  |   cmprpop_local_5_V   |    pointer   |
|cmprpop_local_5_V_read      | out |     1|   ap_fifo  |   cmprpop_local_5_V   |    pointer   |
|cmprpop_local_6_V_dout      |  in |    11|   ap_fifo  |   cmprpop_local_6_V   |    pointer   |
|cmprpop_local_6_V_empty_n   |  in |     1|   ap_fifo  |   cmprpop_local_6_V   |    pointer   |
|cmprpop_local_6_V_read      | out |     1|   ap_fifo  |   cmprpop_local_6_V   |    pointer   |
|cmprpop_local_7_V_dout      |  in |    11|   ap_fifo  |   cmprpop_local_7_V   |    pointer   |
|cmprpop_local_7_V_empty_n   |  in |     1|   ap_fifo  |   cmprpop_local_7_V   |    pointer   |
|cmprpop_local_7_V_read      | out |     1|   ap_fifo  |   cmprpop_local_7_V   |    pointer   |
|cmprpop_local_8_V_dout      |  in |    11|   ap_fifo  |   cmprpop_local_8_V   |    pointer   |
|cmprpop_local_8_V_empty_n   |  in |     1|   ap_fifo  |   cmprpop_local_8_V   |    pointer   |
|cmprpop_local_8_V_read      | out |     1|   ap_fifo  |   cmprpop_local_8_V   |    pointer   |
|cmprpop_local_9_V_dout      |  in |    11|   ap_fifo  |   cmprpop_local_9_V   |    pointer   |
|cmprpop_local_9_V_empty_n   |  in |     1|   ap_fifo  |   cmprpop_local_9_V   |    pointer   |
|cmprpop_local_9_V_read      | out |     1|   ap_fifo  |   cmprpop_local_9_V   |    pointer   |
|cmprpop_local_10_V_dout     |  in |    11|   ap_fifo  |   cmprpop_local_10_V  |    pointer   |
|cmprpop_local_10_V_empty_n  |  in |     1|   ap_fifo  |   cmprpop_local_10_V  |    pointer   |
|cmprpop_local_10_V_read     | out |     1|   ap_fifo  |   cmprpop_local_10_V  |    pointer   |
|cmprpop_local_11_V_dout     |  in |    11|   ap_fifo  |   cmprpop_local_11_V  |    pointer   |
|cmprpop_local_11_V_empty_n  |  in |     1|   ap_fifo  |   cmprpop_local_11_V  |    pointer   |
|cmprpop_local_11_V_read     | out |     1|   ap_fifo  |   cmprpop_local_11_V  |    pointer   |
|cmprpop_local_12_V_dout     |  in |    11|   ap_fifo  |   cmprpop_local_12_V  |    pointer   |
|cmprpop_local_12_V_empty_n  |  in |     1|   ap_fifo  |   cmprpop_local_12_V  |    pointer   |
|cmprpop_local_12_V_read     | out |     1|   ap_fifo  |   cmprpop_local_12_V  |    pointer   |
|cmprpop_local_13_V_dout     |  in |    11|   ap_fifo  |   cmprpop_local_13_V  |    pointer   |
|cmprpop_local_13_V_empty_n  |  in |     1|   ap_fifo  |   cmprpop_local_13_V  |    pointer   |
|cmprpop_local_13_V_read     | out |     1|   ap_fifo  |   cmprpop_local_13_V  |    pointer   |
|cmprpop_local_14_V_dout     |  in |    11|   ap_fifo  |   cmprpop_local_14_V  |    pointer   |
|cmprpop_local_14_V_empty_n  |  in |     1|   ap_fifo  |   cmprpop_local_14_V  |    pointer   |
|cmprpop_local_14_V_read     | out |     1|   ap_fifo  |   cmprpop_local_14_V  |    pointer   |
|cmprpop_local_15_V_dout     |  in |    10|   ap_fifo  |   cmprpop_local_15_V  |    pointer   |
|cmprpop_local_15_V_empty_n  |  in |     1|   ap_fifo  |   cmprpop_local_15_V  |    pointer   |
|cmprpop_local_15_V_read     | out |     1|   ap_fifo  |   cmprpop_local_15_V  |    pointer   |
|data_num_0_i_dout           |  in |     6|   ap_fifo  |      data_num_0_i     |    pointer   |
|data_num_0_i_empty_n        |  in |     1|   ap_fifo  |      data_num_0_i     |    pointer   |
|data_num_0_i_read           | out |     1|   ap_fifo  |      data_num_0_i     |    pointer   |
|data_num_0_i_out_din        | out |     6|   ap_fifo  |    data_num_0_i_out   |    pointer   |
|data_num_0_i_out_full_n     |  in |     1|   ap_fifo  |    data_num_0_i_out   |    pointer   |
|data_num_0_i_out_write      | out |     1|   ap_fifo  |    data_num_0_i_out   |    pointer   |
+----------------------------+-----+------+------------+-----------------------+--------------+

