

================================================================
== Vivado HLS Report for 'data_read221'
================================================================
* Date:           Wed Oct 16 16:02:20 2019

* Version:        2019.1 (Build 2552052 on Fri May 24 15:28:33 MDT 2019)
* Project:        tancoeff
* Solution:       tancoeff
* Product family: virtexuplus
* Target device:  xcvu9p-fsgd2104-2L-e


================================================================
== Performance Estimates
================================================================
+ Timing (ns): 
    * Summary: 
    +--------+-------+----------+------------+
    |  Clock | Target| Estimated| Uncertainty|
    +--------+-------+----------+------------+
    |ap_clk  |   3.33|     2.433|        0.90|
    +--------+-------+----------+------------+

+ Latency (clock cycles): 
    * Summary: 
    +-----+-----+-----+-----+---------+
    |  Latency  |  Interval | Pipeline|
    | min | max | min | max |   Type  |
    +-----+-----+-----+-----+---------+
    |   21|   21|   21|   21|   none  |
    +-----+-----+-----+-----+---------+

    + Detail: 
        * Instance: 
        +--------------------+--------+-----+-----+-----+-----+----------+
        |                    |        |  Latency  |  Interval | Pipeline |
        |      Instance      | Module | min | max | min | max |   Type   |
        +--------------------+--------+-----+-----+-----+-----+----------+
        |grp_popcnt_fu_2489  |popcnt  |    6|    6|    1|    1| function |
        +--------------------+--------+-----+-----+-----+-----+----------+

        * Loop: 
        +--------------+-----+-----+----------+-----------+-----------+------+----------+
        |              |  Latency  | Iteration|  Initiation Interval  | Trip |          |
        |   Loop Name  | min | max |  Latency |  achieved |   target  | Count| Pipelined|
        +--------------+-----+-----+----------+-----------+-----------+------+----------+
        |- read_loop1  |   12|   12|        12|          1|          1|     2|    yes   |
        +--------------+-----+-----+----------+-----------+-----------+------+----------+



================================================================
== Utilization Estimates
================================================================
* Summary: 
+---------------------+---------+-------+---------+---------+-----+
|         Name        | BRAM_18K| DSP48E|    FF   |   LUT   | URAM|
+---------------------+---------+-------+---------+---------+-----+
|DSP                  |        -|      -|        -|        -|    -|
|Expression           |        -|      -|        0|    19321|    -|
|FIFO                 |        -|      -|        -|        -|    -|
|Instance             |        0|      -|     1839|     3951|    -|
|Memory               |        -|      -|        -|        -|    -|
|Multiplexer          |        -|      -|        -|     1310|    -|
|Register             |        0|      -|     3285|       32|    -|
+---------------------+---------+-------+---------+---------+-----+
|Total                |        0|      0|     5124|    24614|    0|
+---------------------+---------+-------+---------+---------+-----+
|Available SLR        |     1440|   2280|   788160|   394080|  320|
+---------------------+---------+-------+---------+---------+-----+
|Utilization SLR (%)  |        0|      0|    ~0   |        6|    0|
+---------------------+---------+-------+---------+---------+-----+
|Available            |     4320|   6840|  2364480|  1182240|  960|
+---------------------+---------+-------+---------+---------+-----+
|Utilization (%)      |        0|      0|    ~0   |        2|    0|
+---------------------+---------+-------+---------+---------+-----+

+ Detail: 
    * Instance: 
    +--------------------+--------+---------+-------+------+------+-----+
    |      Instance      | Module | BRAM_18K| DSP48E|  FF  |  LUT | URAM|
    +--------------------+--------+---------+-------+------+------+-----+
    |grp_popcnt_fu_2489  |popcnt  |        0|      0|  1839|  3951|    0|
    +--------------------+--------+---------+-------+------+------+-----+
    |Total               |        |        0|      0|  1839|  3951|    0|
    +--------------------+--------+---------+-------+------+------+-----+

    * DSP48E: 
    N/A

    * Memory: 
    N/A

    * FIFO: 
    N/A

    * Expression: 
    +-----------------------------------+----------+-------+---+------+------------+------------+
    |           Variable Name           | Operation| DSP48E| FF|  LUT | Bitwidth P0| Bitwidth P1|
    +-----------------------------------+----------+-------+---+------+------------+------------+
    |add_ln215_fu_2508_p2               |     +    |      0|  0|    59|          59|          59|
    |add_ln35_fu_2603_p2                |     +    |      0|  0|    16|          16|           1|
    |add_ln700_fu_2798_p2               |     +    |      0|  0|    11|          11|          11|
    |data_part_num_fu_2530_p2           |     +    |      0|  0|     3|           2|           1|
    |sub_ln414_1_fu_2627_p2             |     -    |      0|  0|    11|          10|          11|
    |sub_ln414_fu_2587_p2               |     -    |      0|  0|    11|          10|          11|
    |sub_ln647_1_fu_2717_p2             |     -    |      0|  0|    11|          10|          11|
    |sub_ln647_2_fu_2736_p2             |     -    |      0|  0|    11|          11|          11|
    |sub_ln647_3_fu_2758_p2             |     -    |      0|  0|    11|          10|          11|
    |sub_ln647_fu_2732_p2               |     -    |      0|  0|    11|          11|          11|
    |and_ln414_1_fu_2692_p2             |    and   |      0|  0|  1023|        1024|        1024|
    |and_ln414_2_fu_2698_p2             |    and   |      0|  0|  1023|        1024|        1024|
    |and_ln414_fu_2680_p2               |    and   |      0|  0|  1023|        1024|        1024|
    |ap_block_pp0_stage0_11001          |    and   |      0|  0|     2|           1|           1|
    |ap_block_state10_pp0_stage0_iter1  |    and   |      0|  0|     2|           1|           1|
    |p_Result_1_fu_2784_p2              |    and   |      0|  0|  1023|        1024|        1024|
    |icmp_ln35_fu_2524_p2               |   icmp   |      0|  0|     9|           2|           3|
    |icmp_ln414_fu_2569_p2              |   icmp   |      0|  0|    20|          25|          25|
    |icmp_ln647_fu_2593_p2              |   icmp   |      0|  0|    20|          25|          25|
    |lshr_ln414_fu_2674_p2              |   lshr   |      0|  0|  2171|           2|        1024|
    |lshr_ln647_1_fu_2778_p2            |   lshr   |      0|  0|  2171|           2|        1024|
    |lshr_ln647_fu_2772_p2              |   lshr   |      0|  0|  2171|        1024|        1024|
    |ap_block_state1                    |    or    |      0|  0|     2|           1|           1|
    |ap_block_state21                   |    or    |      0|  0|     2|           1|           1|
    |or_ln44_fu_2563_p2                 |    or    |      0|  0|    25|           9|          25|
    |p_Result_s_fu_2704_p2              |    or    |      0|  0|  1023|        1024|        1024|
    |data_part_1_fu_2540_p3             |  select  |      0|  0|    16|           1|          16|
    |select_ln414_1_fu_2617_p3          |  select  |      0|  0|    11|           1|          11|
    |select_ln414_2_fu_2622_p3          |  select  |      0|  0|    11|           1|          11|
    |select_ln414_3_fu_2661_p3          |  select  |      0|  0|  1008|           1|        1024|
    |select_ln414_fu_2612_p3            |  select  |      0|  0|    11|           1|          11|
    |select_ln647_1_fu_2747_p3          |  select  |      0|  0|  1008|           1|        1024|
    |select_ln647_2_fu_2753_p3          |  select  |      0|  0|    11|           1|          11|
    |select_ln647_fu_2740_p3            |  select  |      0|  0|    11|           1|          11|
    |shl_ln414_1_fu_2668_p2             |    shl   |      0|  0|  2171|           2|        1024|
    |shl_ln414_fu_2645_p2               |    shl   |      0|  0|  2171|        1024|        1024|
    |ap_enable_pp0                      |    xor   |      0|  0|     2|           1|           2|
    |ap_enable_reg_pp0_iter1            |    xor   |      0|  0|     2|           2|           1|
    |xor_ln414_fu_2686_p2               |    xor   |      0|  0|  1023|           2|        1024|
    +-----------------------------------+----------+-------+---+------+------------+------------+
    |Total                              |          |      0|  0| 19321|        7402|       13606|
    +-----------------------------------+----------+-------+---+------+------------+------------+

    * Multiplexer: 
    +-------------------------------------+----+-----------+------+-----------+
    |                 Name                | LUT| Input Size| Bits | Total Bits|
    +-------------------------------------+----+-----------+------+-----------+
    |ap_NS_fsm                            |  50|         11|     1|         11|
    |ap_done                              |   9|          2|     1|          2|
    |ap_enable_reg_pp0_iter1              |   9|          2|     1|          2|
    |ap_enable_reg_pp0_iter11             |   9|          2|     1|          2|
    |ap_phi_mux_data_part_phi_fu_2470_p4  |   9|          2|    16|         32|
    |ap_phi_mux_p_Val2_s_phi_fu_2458_p4   |   9|          2|  1024|       2048|
    |cmpr_local_0_V_c_blk_n               |   9|          2|     1|          2|
    |cmpr_local_10_V_c_blk_n              |   9|          2|     1|          2|
    |cmpr_local_11_V_c_blk_n              |   9|          2|     1|          2|
    |cmpr_local_12_V_c_blk_n              |   9|          2|     1|          2|
    |cmpr_local_13_V_c_blk_n              |   9|          2|     1|          2|
    |cmpr_local_14_V_c_blk_n              |   9|          2|     1|          2|
    |cmpr_local_15_V_c_blk_n              |   9|          2|     1|          2|
    |cmpr_local_16_V_c_blk_n              |   9|          2|     1|          2|
    |cmpr_local_17_V_c_blk_n              |   9|          2|     1|          2|
    |cmpr_local_18_V_c_blk_n              |   9|          2|     1|          2|
    |cmpr_local_19_V_c_blk_n              |   9|          2|     1|          2|
    |cmpr_local_1_V_c_blk_n               |   9|          2|     1|          2|
    |cmpr_local_20_V_c_blk_n              |   9|          2|     1|          2|
    |cmpr_local_21_V_c_blk_n              |   9|          2|     1|          2|
    |cmpr_local_22_V_c_blk_n              |   9|          2|     1|          2|
    |cmpr_local_23_V_c_blk_n              |   9|          2|     1|          2|
    |cmpr_local_24_V_c_blk_n              |   9|          2|     1|          2|
    |cmpr_local_25_V_c_blk_n              |   9|          2|     1|          2|
    |cmpr_local_26_V_c_blk_n              |   9|          2|     1|          2|
    |cmpr_local_27_V_c_blk_n              |   9|          2|     1|          2|
    |cmpr_local_28_V_c_blk_n              |   9|          2|     1|          2|
    |cmpr_local_29_V_c_blk_n              |   9|          2|     1|          2|
    |cmpr_local_2_V_c_blk_n               |   9|          2|     1|          2|
    |cmpr_local_30_V_c_blk_n              |   9|          2|     1|          2|
    |cmpr_local_31_V_c_blk_n              |   9|          2|     1|          2|
    |cmpr_local_32_V_c_blk_n              |   9|          2|     1|          2|
    |cmpr_local_33_V_c_blk_n              |   9|          2|     1|          2|
    |cmpr_local_34_V_c_blk_n              |   9|          2|     1|          2|
    |cmpr_local_35_V_c_blk_n              |   9|          2|     1|          2|
    |cmpr_local_36_V_c_blk_n              |   9|          2|     1|          2|
    |cmpr_local_37_V_c_blk_n              |   9|          2|     1|          2|
    |cmpr_local_38_V_c_blk_n              |   9|          2|     1|          2|
    |cmpr_local_39_V_c_blk_n              |   9|          2|     1|          2|
    |cmpr_local_3_V_c_blk_n               |   9|          2|     1|          2|
    |cmpr_local_40_V_c_blk_n              |   9|          2|     1|          2|
    |cmpr_local_41_V_c_blk_n              |   9|          2|     1|          2|
    |cmpr_local_42_V_c_blk_n              |   9|          2|     1|          2|
    |cmpr_local_43_V_c_blk_n              |   9|          2|     1|          2|
    |cmpr_local_44_V_c_blk_n              |   9|          2|     1|          2|
    |cmpr_local_45_V_c_blk_n              |   9|          2|     1|          2|
    |cmpr_local_46_V_c_blk_n              |   9|          2|     1|          2|
    |cmpr_local_47_V_c_blk_n              |   9|          2|     1|          2|
    |cmpr_local_48_V_c_blk_n              |   9|          2|     1|          2|
    |cmpr_local_49_V_c_blk_n              |   9|          2|     1|          2|
    |cmpr_local_4_V_c_blk_n               |   9|          2|     1|          2|
    |cmpr_local_50_V_c_blk_n              |   9|          2|     1|          2|
    |cmpr_local_51_V_c_blk_n              |   9|          2|     1|          2|
    |cmpr_local_52_V_c_blk_n              |   9|          2|     1|          2|
    |cmpr_local_53_V_c_blk_n              |   9|          2|     1|          2|
    |cmpr_local_54_V_c_blk_n              |   9|          2|     1|          2|
    |cmpr_local_55_V_c_blk_n              |   9|          2|     1|          2|
    |cmpr_local_56_V_c_blk_n              |   9|          2|     1|          2|
    |cmpr_local_57_V_c_blk_n              |   9|          2|     1|          2|
    |cmpr_local_58_V_c_blk_n              |   9|          2|     1|          2|
    |cmpr_local_59_V_c_blk_n              |   9|          2|     1|          2|
    |cmpr_local_5_V_c_blk_n               |   9|          2|     1|          2|
    |cmpr_local_60_V_c_blk_n              |   9|          2|     1|          2|
    |cmpr_local_61_V_c_blk_n              |   9|          2|     1|          2|
    |cmpr_local_62_V_c_blk_n              |   9|          2|     1|          2|
    |cmpr_local_63_V_c_blk_n              |   9|          2|     1|          2|
    |cmpr_local_6_V_c_blk_n               |   9|          2|     1|          2|
    |cmpr_local_7_V_c_blk_n               |   9|          2|     1|          2|
    |cmpr_local_8_V_c_blk_n               |   9|          2|     1|          2|
    |cmpr_local_9_V_c_blk_n               |   9|          2|     1|          2|
    |cmprpop_local_0_V_c_blk_n            |   9|          2|     1|          2|
    |cmprpop_local_10_V_c_blk_n           |   9|          2|     1|          2|
    |cmprpop_local_11_V_c_blk_n           |   9|          2|     1|          2|
    |cmprpop_local_12_V_c_blk_n           |   9|          2|     1|          2|
    |cmprpop_local_13_V_c_blk_n           |   9|          2|     1|          2|
    |cmprpop_local_14_V_c_blk_n           |   9|          2|     1|          2|
    |cmprpop_local_15_V_c_blk_n           |   9|          2|     1|          2|
    |cmprpop_local_16_V_c_blk_n           |   9|          2|     1|          2|
    |cmprpop_local_17_V_c_blk_n           |   9|          2|     1|          2|
    |cmprpop_local_18_V_c_blk_n           |   9|          2|     1|          2|
    |cmprpop_local_19_V_c_blk_n           |   9|          2|     1|          2|
    |cmprpop_local_1_V_c_blk_n            |   9|          2|     1|          2|
    |cmprpop_local_20_V_c_blk_n           |   9|          2|     1|          2|
    |cmprpop_local_21_V_c_blk_n           |   9|          2|     1|          2|
    |cmprpop_local_22_V_c_blk_n           |   9|          2|     1|          2|
    |cmprpop_local_23_V_c_blk_n           |   9|          2|     1|          2|
    |cmprpop_local_24_V_c_blk_n           |   9|          2|     1|          2|
    |cmprpop_local_25_V_c_blk_n           |   9|          2|     1|          2|
    |cmprpop_local_26_V_c_blk_n           |   9|          2|     1|          2|
    |cmprpop_local_27_V_c_blk_n           |   9|          2|     1|          2|
    |cmprpop_local_28_V_c_blk_n           |   9|          2|     1|          2|
    |cmprpop_local_29_V_c_blk_n           |   9|          2|     1|          2|
    |cmprpop_local_2_V_c_blk_n            |   9|          2|     1|          2|
    |cmprpop_local_30_V_c_blk_n           |   9|          2|     1|          2|
    |cmprpop_local_31_V_c_blk_n           |   9|          2|     1|          2|
    |cmprpop_local_32_V_c_blk_n           |   9|          2|     1|          2|
    |cmprpop_local_33_V_c_blk_n           |   9|          2|     1|          2|
    |cmprpop_local_34_V_c_blk_n           |   9|          2|     1|          2|
    |cmprpop_local_35_V_c_blk_n           |   9|          2|     1|          2|
    |cmprpop_local_36_V_c_blk_n           |   9|          2|     1|          2|
    |cmprpop_local_37_V_c_blk_n           |   9|          2|     1|          2|
    |cmprpop_local_38_V_c_blk_n           |   9|          2|     1|          2|
    |cmprpop_local_39_V_c_blk_n           |   9|          2|     1|          2|
    |cmprpop_local_3_V_c_blk_n            |   9|          2|     1|          2|
    |cmprpop_local_40_V_c_blk_n           |   9|          2|     1|          2|
    |cmprpop_local_41_V_c_blk_n           |   9|          2|     1|          2|
    |cmprpop_local_42_V_c_blk_n           |   9|          2|     1|          2|
    |cmprpop_local_43_V_c_blk_n           |   9|          2|     1|          2|
    |cmprpop_local_44_V_c_blk_n           |   9|          2|     1|          2|
    |cmprpop_local_45_V_c_blk_n           |   9|          2|     1|          2|
    |cmprpop_local_46_V_c_blk_n           |   9|          2|     1|          2|
    |cmprpop_local_47_V_c_blk_n           |   9|          2|     1|          2|
    |cmprpop_local_48_V_c_blk_n           |   9|          2|     1|          2|
    |cmprpop_local_49_V_c_blk_n           |   9|          2|     1|          2|
    |cmprpop_local_4_V_c_blk_n            |   9|          2|     1|          2|
    |cmprpop_local_50_V_c_blk_n           |   9|          2|     1|          2|
    |cmprpop_local_51_V_c_blk_n           |   9|          2|     1|          2|
    |cmprpop_local_52_V_c_blk_n           |   9|          2|     1|          2|
    |cmprpop_local_53_V_c_blk_n           |   9|          2|     1|          2|
    |cmprpop_local_54_V_c_blk_n           |   9|          2|     1|          2|
    |cmprpop_local_55_V_c_blk_n           |   9|          2|     1|          2|
    |cmprpop_local_56_V_c_blk_n           |   9|          2|     1|          2|
    |cmprpop_local_57_V_c_blk_n           |   9|          2|     1|          2|
    |cmprpop_local_58_V_c_blk_n           |   9|          2|     1|          2|
    |cmprpop_local_59_V_c_blk_n           |   9|          2|     1|          2|
    |cmprpop_local_5_V_c_blk_n            |   9|          2|     1|          2|
    |cmprpop_local_60_V_c_blk_n           |   9|          2|     1|          2|
    |cmprpop_local_61_V_c_blk_n           |   9|          2|     1|          2|
    |cmprpop_local_62_V_c_blk_n           |   9|          2|     1|          2|
    |cmprpop_local_63_V_c_blk_n           |   9|          2|     1|          2|
    |cmprpop_local_6_V_c_blk_n            |   9|          2|     1|          2|
    |cmprpop_local_7_V_c_blk_n            |   9|          2|     1|          2|
    |cmprpop_local_8_V_c_blk_n            |   9|          2|     1|          2|
    |cmprpop_local_9_V_c_blk_n            |   9|          2|     1|          2|
    |data_part_num_0_i_i_i_reg_2478       |   9|          2|     2|          4|
    |data_part_reg_2466                   |   9|          2|    16|         32|
    |input_V_blk_n_AR                     |   9|          2|     1|          2|
    |input_V_blk_n_R                      |   9|          2|     1|          2|
    |real_start                           |   9|          2|     1|          2|
    |ref_local_0_V1_c_blk_n               |   9|          2|     1|          2|
    |refpop_local_0_V2_c_blk_n            |   9|          2|     1|          2|
    +-------------------------------------+----+-----------+------+-----------+
    |Total                                |1310|        291|  1195|       2399|
    +-------------------------------------+----+-----------+------+-----------+

    * Register: 
    +------------------------------------+------+----+------+-----------+
    |                Name                |  FF  | LUT| Bits | Const Bits|
    +------------------------------------+------+----+------+-----------+
    |add_ln215_reg_2804                  |    59|   0|    59|          0|
    |add_ln35_reg_2878                   |    16|   0|    16|          0|
    |ap_CS_fsm                           |    10|   0|    10|          0|
    |ap_done_reg                         |     1|   0|     1|          0|
    |ap_enable_reg_pp0_iter0             |     1|   0|     1|          0|
    |ap_enable_reg_pp0_iter1             |     1|   0|     1|          0|
    |ap_enable_reg_pp0_iter10            |     1|   0|     1|          0|
    |ap_enable_reg_pp0_iter11            |     1|   0|     1|          0|
    |ap_enable_reg_pp0_iter2             |     1|   0|     1|          0|
    |ap_enable_reg_pp0_iter3             |     1|   0|     1|          0|
    |ap_enable_reg_pp0_iter4             |     1|   0|     1|          0|
    |ap_enable_reg_pp0_iter5             |     1|   0|     1|          0|
    |ap_enable_reg_pp0_iter6             |     1|   0|     1|          0|
    |ap_enable_reg_pp0_iter7             |     1|   0|     1|          0|
    |ap_enable_reg_pp0_iter8             |     1|   0|     1|          0|
    |ap_enable_reg_pp0_iter9             |     1|   0|     1|          0|
    |data_part_num_0_i_i_i_reg_2478      |     2|   0|     2|          0|
    |data_part_reg_2466                  |    16|   0|    16|          0|
    |datapop_local_V_dc_02_i_reg_2440    |    11|   0|    11|          0|
    |icmp_ln35_reg_2815                  |     1|   0|     1|          0|
    |icmp_ln414_reg_2839                 |     1|   0|     1|          0|
    |icmp_ln647_reg_2865                 |     1|   0|     1|          0|
    |icmp_ln647_reg_2865_pp0_iter2_reg   |     1|   0|     1|          0|
    |input_V_addr_read_reg_2834          |   512|   0|   512|          0|
    |p_Result_s_reg_2883                 |  1024|   0|  1024|          0|
    |p_Val2_s_reg_2453                   |  1024|   0|  1024|          0|
    |start_once_reg                      |     1|   0|     1|          0|
    |sub_ln414_reg_2860                  |     2|   0|    11|          9|
    |sub_ln647_1_reg_2897                |     2|   0|    11|          9|
    |tmp_2_reg_2890                      |     2|   0|    11|          9|
    |tmp_reg_2847                        |     2|   0|    11|          9|
    |trunc_ln35_reg_2824                 |     1|   0|     1|          0|
    |trunc_ln364_reg_2902                |   512|   0|   512|          0|
    |trunc_ln414_reg_2854                |     2|   0|    11|          9|
    |trunc_ln44_reg_2829                 |     2|   0|     2|          0|
    |trunc_ln647_reg_2872                |     2|   0|    11|          9|
    |trunc_ln647_reg_2872_pp0_iter2_reg  |     2|   0|    11|          9|
    |icmp_ln35_reg_2815                  |    64|  32|     1|          0|
    +------------------------------------+------+----+------+-----------+
    |Total                               |  3285|  32|  3285|         63|
    +------------------------------------+------+----+------+-----------+



================================================================
== Interface
================================================================
* Summary: 
+-----------------------------+-----+------+------------+----------------------+--------------+
|          RTL Ports          | Dir | Bits |  Protocol  |     Source Object    |    C Type    |
+-----------------------------+-----+------+------------+----------------------+--------------+
|ap_clk                       |  in |     1| ap_ctrl_hs |     data_read221     | return value |
|ap_rst                       |  in |     1| ap_ctrl_hs |     data_read221     | return value |
|ap_start                     |  in |     1| ap_ctrl_hs |     data_read221     | return value |
|start_full_n                 |  in |     1| ap_ctrl_hs |     data_read221     | return value |
|ap_done                      | out |     1| ap_ctrl_hs |     data_read221     | return value |
|ap_continue                  |  in |     1| ap_ctrl_hs |     data_read221     | return value |
|ap_idle                      | out |     1| ap_ctrl_hs |     data_read221     | return value |
|ap_ready                     | out |     1| ap_ctrl_hs |     data_read221     | return value |
|start_out                    | out |     1| ap_ctrl_hs |     data_read221     | return value |
|start_write                  | out |     1| ap_ctrl_hs |     data_read221     | return value |
|m_axi_input_V_AWVALID        | out |     1|    m_axi   |        input_V       |    pointer   |
|m_axi_input_V_AWREADY        |  in |     1|    m_axi   |        input_V       |    pointer   |
|m_axi_input_V_AWADDR         | out |    64|    m_axi   |        input_V       |    pointer   |
|m_axi_input_V_AWID           | out |     1|    m_axi   |        input_V       |    pointer   |
|m_axi_input_V_AWLEN          | out |    32|    m_axi   |        input_V       |    pointer   |
|m_axi_input_V_AWSIZE         | out |     3|    m_axi   |        input_V       |    pointer   |
|m_axi_input_V_AWBURST        | out |     2|    m_axi   |        input_V       |    pointer   |
|m_axi_input_V_AWLOCK         | out |     2|    m_axi   |        input_V       |    pointer   |
|m_axi_input_V_AWCACHE        | out |     4|    m_axi   |        input_V       |    pointer   |
|m_axi_input_V_AWPROT         | out |     3|    m_axi   |        input_V       |    pointer   |
|m_axi_input_V_AWQOS          | out |     4|    m_axi   |        input_V       |    pointer   |
|m_axi_input_V_AWREGION       | out |     4|    m_axi   |        input_V       |    pointer   |
|m_axi_input_V_AWUSER         | out |     1|    m_axi   |        input_V       |    pointer   |
|m_axi_input_V_WVALID         | out |     1|    m_axi   |        input_V       |    pointer   |
|m_axi_input_V_WREADY         |  in |     1|    m_axi   |        input_V       |    pointer   |
|m_axi_input_V_WDATA          | out |   512|    m_axi   |        input_V       |    pointer   |
|m_axi_input_V_WSTRB          | out |    64|    m_axi   |        input_V       |    pointer   |
|m_axi_input_V_WLAST          | out |     1|    m_axi   |        input_V       |    pointer   |
|m_axi_input_V_WID            | out |     1|    m_axi   |        input_V       |    pointer   |
|m_axi_input_V_WUSER          | out |     1|    m_axi   |        input_V       |    pointer   |
|m_axi_input_V_ARVALID        | out |     1|    m_axi   |        input_V       |    pointer   |
|m_axi_input_V_ARREADY        |  in |     1|    m_axi   |        input_V       |    pointer   |
|m_axi_input_V_ARADDR         | out |    64|    m_axi   |        input_V       |    pointer   |
|m_axi_input_V_ARID           | out |     1|    m_axi   |        input_V       |    pointer   |
|m_axi_input_V_ARLEN          | out |    32|    m_axi   |        input_V       |    pointer   |
|m_axi_input_V_ARSIZE         | out |     3|    m_axi   |        input_V       |    pointer   |
|m_axi_input_V_ARBURST        | out |     2|    m_axi   |        input_V       |    pointer   |
|m_axi_input_V_ARLOCK         | out |     2|    m_axi   |        input_V       |    pointer   |
|m_axi_input_V_ARCACHE        | out |     4|    m_axi   |        input_V       |    pointer   |
|m_axi_input_V_ARPROT         | out |     3|    m_axi   |        input_V       |    pointer   |
|m_axi_input_V_ARQOS          | out |     4|    m_axi   |        input_V       |    pointer   |
|m_axi_input_V_ARREGION       | out |     4|    m_axi   |        input_V       |    pointer   |
|m_axi_input_V_ARUSER         | out |     1|    m_axi   |        input_V       |    pointer   |
|m_axi_input_V_RVALID         |  in |     1|    m_axi   |        input_V       |    pointer   |
|m_axi_input_V_RREADY         | out |     1|    m_axi   |        input_V       |    pointer   |
|m_axi_input_V_RDATA          |  in |   512|    m_axi   |        input_V       |    pointer   |
|m_axi_input_V_RLAST          |  in |     1|    m_axi   |        input_V       |    pointer   |
|m_axi_input_V_RID            |  in |     1|    m_axi   |        input_V       |    pointer   |
|m_axi_input_V_RUSER          |  in |     1|    m_axi   |        input_V       |    pointer   |
|m_axi_input_V_RRESP          |  in |     2|    m_axi   |        input_V       |    pointer   |
|m_axi_input_V_BVALID         |  in |     1|    m_axi   |        input_V       |    pointer   |
|m_axi_input_V_BREADY         | out |     1|    m_axi   |        input_V       |    pointer   |
|m_axi_input_V_BRESP          |  in |     2|    m_axi   |        input_V       |    pointer   |
|m_axi_input_V_BID            |  in |     1|    m_axi   |        input_V       |    pointer   |
|m_axi_input_V_BUSER          |  in |     1|    m_axi   |        input_V       |    pointer   |
|input_V_offset               |  in |    58|   ap_none  |    input_V_offset    |    scalar    |
|ref_chunk_num_0_i            |  in |    17|   ap_none  |   ref_chunk_num_0_i  |    scalar    |
|p_read                       |  in |  1024|   ap_none  |        p_read        |    scalar    |
|p_read1                      |  in |  1024|   ap_none  |        p_read1       |    scalar    |
|p_read2                      |  in |  1024|   ap_none  |        p_read2       |    scalar    |
|p_read3                      |  in |  1024|   ap_none  |        p_read3       |    scalar    |
|p_read4                      |  in |  1024|   ap_none  |        p_read4       |    scalar    |
|p_read5                      |  in |  1024|   ap_none  |        p_read5       |    scalar    |
|p_read6                      |  in |  1024|   ap_none  |        p_read6       |    scalar    |
|p_read7                      |  in |  1024|   ap_none  |        p_read7       |    scalar    |
|p_read8                      |  in |  1024|   ap_none  |        p_read8       |    scalar    |
|p_read9                      |  in |  1024|   ap_none  |        p_read9       |    scalar    |
|p_read10                     |  in |  1024|   ap_none  |       p_read10       |    scalar    |
|p_read11                     |  in |  1024|   ap_none  |       p_read11       |    scalar    |
|p_read12                     |  in |  1024|   ap_none  |       p_read12       |    scalar    |
|p_read13                     |  in |  1024|   ap_none  |       p_read13       |    scalar    |
|p_read14                     |  in |  1024|   ap_none  |       p_read14       |    scalar    |
|p_read15                     |  in |  1024|   ap_none  |       p_read15       |    scalar    |
|p_read16                     |  in |  1024|   ap_none  |       p_read16       |    scalar    |
|p_read17                     |  in |  1024|   ap_none  |       p_read17       |    scalar    |
|p_read18                     |  in |  1024|   ap_none  |       p_read18       |    scalar    |
|p_read19                     |  in |  1024|   ap_none  |       p_read19       |    scalar    |
|p_read20                     |  in |  1024|   ap_none  |       p_read20       |    scalar    |
|p_read21                     |  in |  1024|   ap_none  |       p_read21       |    scalar    |
|p_read22                     |  in |  1024|   ap_none  |       p_read22       |    scalar    |
|p_read23                     |  in |  1024|   ap_none  |       p_read23       |    scalar    |
|p_read24                     |  in |  1024|   ap_none  |       p_read24       |    scalar    |
|p_read25                     |  in |  1024|   ap_none  |       p_read25       |    scalar    |
|p_read26                     |  in |  1024|   ap_none  |       p_read26       |    scalar    |
|p_read27                     |  in |  1024|   ap_none  |       p_read27       |    scalar    |
|p_read28                     |  in |  1024|   ap_none  |       p_read28       |    scalar    |
|p_read29                     |  in |  1024|   ap_none  |       p_read29       |    scalar    |
|p_read30                     |  in |  1024|   ap_none  |       p_read30       |    scalar    |
|p_read31                     |  in |  1024|   ap_none  |       p_read31       |    scalar    |
|p_read32                     |  in |  1024|   ap_none  |       p_read32       |    scalar    |
|p_read33                     |  in |  1024|   ap_none  |       p_read33       |    scalar    |
|p_read34                     |  in |  1024|   ap_none  |       p_read34       |    scalar    |
|p_read35                     |  in |  1024|   ap_none  |       p_read35       |    scalar    |
|p_read36                     |  in |  1024|   ap_none  |       p_read36       |    scalar    |
|p_read37                     |  in |  1024|   ap_none  |       p_read37       |    scalar    |
|p_read38                     |  in |  1024|   ap_none  |       p_read38       |    scalar    |
|p_read39                     |  in |  1024|   ap_none  |       p_read39       |    scalar    |
|p_read40                     |  in |  1024|   ap_none  |       p_read40       |    scalar    |
|p_read41                     |  in |  1024|   ap_none  |       p_read41       |    scalar    |
|p_read42                     |  in |  1024|   ap_none  |       p_read42       |    scalar    |
|p_read43                     |  in |  1024|   ap_none  |       p_read43       |    scalar    |
|p_read44                     |  in |  1024|   ap_none  |       p_read44       |    scalar    |
|p_read45                     |  in |  1024|   ap_none  |       p_read45       |    scalar    |
|p_read46                     |  in |  1024|   ap_none  |       p_read46       |    scalar    |
|p_read47                     |  in |  1024|   ap_none  |       p_read47       |    scalar    |
|p_read48                     |  in |  1024|   ap_none  |       p_read48       |    scalar    |
|p_read49                     |  in |  1024|   ap_none  |       p_read49       |    scalar    |
|p_read50                     |  in |  1024|   ap_none  |       p_read50       |    scalar    |
|p_read51                     |  in |  1024|   ap_none  |       p_read51       |    scalar    |
|p_read52                     |  in |  1024|   ap_none  |       p_read52       |    scalar    |
|p_read53                     |  in |  1024|   ap_none  |       p_read53       |    scalar    |
|p_read54                     |  in |  1024|   ap_none  |       p_read54       |    scalar    |
|p_read55                     |  in |  1024|   ap_none  |       p_read55       |    scalar    |
|p_read56                     |  in |  1024|   ap_none  |       p_read56       |    scalar    |
|p_read57                     |  in |  1024|   ap_none  |       p_read57       |    scalar    |
|p_read58                     |  in |  1024|   ap_none  |       p_read58       |    scalar    |
|p_read59                     |  in |  1024|   ap_none  |       p_read59       |    scalar    |
|p_read60                     |  in |  1024|   ap_none  |       p_read60       |    scalar    |
|p_read61                     |  in |  1024|   ap_none  |       p_read61       |    scalar    |
|p_read62                     |  in |  1024|   ap_none  |       p_read62       |    scalar    |
|p_read63                     |  in |  1024|   ap_none  |       p_read63       |    scalar    |
|p_read64                     |  in |    11|   ap_none  |       p_read64       |    scalar    |
|p_read65                     |  in |    11|   ap_none  |       p_read65       |    scalar    |
|p_read66                     |  in |    11|   ap_none  |       p_read66       |    scalar    |
|p_read67                     |  in |    11|   ap_none  |       p_read67       |    scalar    |
|p_read68                     |  in |    11|   ap_none  |       p_read68       |    scalar    |
|p_read69                     |  in |    11|   ap_none  |       p_read69       |    scalar    |
|p_read70                     |  in |    11|   ap_none  |       p_read70       |    scalar    |
|p_read71                     |  in |    11|   ap_none  |       p_read71       |    scalar    |
|p_read72                     |  in |    11|   ap_none  |       p_read72       |    scalar    |
|p_read73                     |  in |    11|   ap_none  |       p_read73       |    scalar    |
|p_read74                     |  in |    11|   ap_none  |       p_read74       |    scalar    |
|p_read75                     |  in |    11|   ap_none  |       p_read75       |    scalar    |
|p_read76                     |  in |    11|   ap_none  |       p_read76       |    scalar    |
|p_read77                     |  in |    11|   ap_none  |       p_read77       |    scalar    |
|p_read78                     |  in |    11|   ap_none  |       p_read78       |    scalar    |
|p_read79                     |  in |    11|   ap_none  |       p_read79       |    scalar    |
|p_read80                     |  in |    11|   ap_none  |       p_read80       |    scalar    |
|p_read81                     |  in |    11|   ap_none  |       p_read81       |    scalar    |
|p_read82                     |  in |    11|   ap_none  |       p_read82       |    scalar    |
|p_read83                     |  in |    11|   ap_none  |       p_read83       |    scalar    |
|p_read84                     |  in |    11|   ap_none  |       p_read84       |    scalar    |
|p_read85                     |  in |    11|   ap_none  |       p_read85       |    scalar    |
|p_read86                     |  in |    11|   ap_none  |       p_read86       |    scalar    |
|p_read87                     |  in |    11|   ap_none  |       p_read87       |    scalar    |
|p_read88                     |  in |    11|   ap_none  |       p_read88       |    scalar    |
|p_read89                     |  in |    11|   ap_none  |       p_read89       |    scalar    |
|p_read90                     |  in |    11|   ap_none  |       p_read90       |    scalar    |
|p_read91                     |  in |    11|   ap_none  |       p_read91       |    scalar    |
|p_read92                     |  in |    11|   ap_none  |       p_read92       |    scalar    |
|p_read93                     |  in |    11|   ap_none  |       p_read93       |    scalar    |
|p_read94                     |  in |    11|   ap_none  |       p_read94       |    scalar    |
|p_read95                     |  in |    11|   ap_none  |       p_read95       |    scalar    |
|p_read96                     |  in |    11|   ap_none  |       p_read96       |    scalar    |
|p_read97                     |  in |    11|   ap_none  |       p_read97       |    scalar    |
|p_read98                     |  in |    11|   ap_none  |       p_read98       |    scalar    |
|p_read99                     |  in |    11|   ap_none  |       p_read99       |    scalar    |
|p_read100                    |  in |    11|   ap_none  |       p_read100      |    scalar    |
|p_read101                    |  in |    11|   ap_none  |       p_read101      |    scalar    |
|p_read102                    |  in |    11|   ap_none  |       p_read102      |    scalar    |
|p_read103                    |  in |    11|   ap_none  |       p_read103      |    scalar    |
|p_read104                    |  in |    11|   ap_none  |       p_read104      |    scalar    |
|p_read105                    |  in |    11|   ap_none  |       p_read105      |    scalar    |
|p_read106                    |  in |    11|   ap_none  |       p_read106      |    scalar    |
|p_read107                    |  in |    11|   ap_none  |       p_read107      |    scalar    |
|p_read108                    |  in |    11|   ap_none  |       p_read108      |    scalar    |
|p_read109                    |  in |    11|   ap_none  |       p_read109      |    scalar    |
|p_read110                    |  in |    11|   ap_none  |       p_read110      |    scalar    |
|p_read111                    |  in |    11|   ap_none  |       p_read111      |    scalar    |
|p_read112                    |  in |    11|   ap_none  |       p_read112      |    scalar    |
|p_read113                    |  in |    11|   ap_none  |       p_read113      |    scalar    |
|p_read114                    |  in |    11|   ap_none  |       p_read114      |    scalar    |
|p_read115                    |  in |    11|   ap_none  |       p_read115      |    scalar    |
|p_read116                    |  in |    11|   ap_none  |       p_read116      |    scalar    |
|p_read117                    |  in |    11|   ap_none  |       p_read117      |    scalar    |
|p_read118                    |  in |    11|   ap_none  |       p_read118      |    scalar    |
|p_read119                    |  in |    11|   ap_none  |       p_read119      |    scalar    |
|p_read120                    |  in |    11|   ap_none  |       p_read120      |    scalar    |
|p_read121                    |  in |    11|   ap_none  |       p_read121      |    scalar    |
|p_read122                    |  in |    11|   ap_none  |       p_read122      |    scalar    |
|p_read123                    |  in |    11|   ap_none  |       p_read123      |    scalar    |
|p_read124                    |  in |    11|   ap_none  |       p_read124      |    scalar    |
|p_read125                    |  in |    11|   ap_none  |       p_read125      |    scalar    |
|p_read126                    |  in |    11|   ap_none  |       p_read126      |    scalar    |
|p_read127                    |  in |    11|   ap_none  |       p_read127      |    scalar    |
|ref_local_0_V1_c_din         | out |  1024|   ap_fifo  |   ref_local_0_V1_c   |    pointer   |
|ref_local_0_V1_c_full_n      |  in |     1|   ap_fifo  |   ref_local_0_V1_c   |    pointer   |
|ref_local_0_V1_c_write       | out |     1|   ap_fifo  |   ref_local_0_V1_c   |    pointer   |
|refpop_local_0_V2_c_din      | out |    11|   ap_fifo  |  refpop_local_0_V2_c |    pointer   |
|refpop_local_0_V2_c_full_n   |  in |     1|   ap_fifo  |  refpop_local_0_V2_c |    pointer   |
|refpop_local_0_V2_c_write    | out |     1|   ap_fifo  |  refpop_local_0_V2_c |    pointer   |
|cmpr_local_0_V_c_din         | out |  1024|   ap_fifo  |   cmpr_local_0_V_c   |    pointer   |
|cmpr_local_0_V_c_full_n      |  in |     1|   ap_fifo  |   cmpr_local_0_V_c   |    pointer   |
|cmpr_local_0_V_c_write       | out |     1|   ap_fifo  |   cmpr_local_0_V_c   |    pointer   |
|cmpr_local_1_V_c_din         | out |  1024|   ap_fifo  |   cmpr_local_1_V_c   |    pointer   |
|cmpr_local_1_V_c_full_n      |  in |     1|   ap_fifo  |   cmpr_local_1_V_c   |    pointer   |
|cmpr_local_1_V_c_write       | out |     1|   ap_fifo  |   cmpr_local_1_V_c   |    pointer   |
|cmpr_local_2_V_c_din         | out |  1024|   ap_fifo  |   cmpr_local_2_V_c   |    pointer   |
|cmpr_local_2_V_c_full_n      |  in |     1|   ap_fifo  |   cmpr_local_2_V_c   |    pointer   |
|cmpr_local_2_V_c_write       | out |     1|   ap_fifo  |   cmpr_local_2_V_c   |    pointer   |
|cmpr_local_3_V_c_din         | out |  1024|   ap_fifo  |   cmpr_local_3_V_c   |    pointer   |
|cmpr_local_3_V_c_full_n      |  in |     1|   ap_fifo  |   cmpr_local_3_V_c   |    pointer   |
|cmpr_local_3_V_c_write       | out |     1|   ap_fifo  |   cmpr_local_3_V_c   |    pointer   |
|cmpr_local_4_V_c_din         | out |  1024|   ap_fifo  |   cmpr_local_4_V_c   |    pointer   |
|cmpr_local_4_V_c_full_n      |  in |     1|   ap_fifo  |   cmpr_local_4_V_c   |    pointer   |
|cmpr_local_4_V_c_write       | out |     1|   ap_fifo  |   cmpr_local_4_V_c   |    pointer   |
|cmpr_local_5_V_c_din         | out |  1024|   ap_fifo  |   cmpr_local_5_V_c   |    pointer   |
|cmpr_local_5_V_c_full_n      |  in |     1|   ap_fifo  |   cmpr_local_5_V_c   |    pointer   |
|cmpr_local_5_V_c_write       | out |     1|   ap_fifo  |   cmpr_local_5_V_c   |    pointer   |
|cmpr_local_6_V_c_din         | out |  1024|   ap_fifo  |   cmpr_local_6_V_c   |    pointer   |
|cmpr_local_6_V_c_full_n      |  in |     1|   ap_fifo  |   cmpr_local_6_V_c   |    pointer   |
|cmpr_local_6_V_c_write       | out |     1|   ap_fifo  |   cmpr_local_6_V_c   |    pointer   |
|cmpr_local_7_V_c_din         | out |  1024|   ap_fifo  |   cmpr_local_7_V_c   |    pointer   |
|cmpr_local_7_V_c_full_n      |  in |     1|   ap_fifo  |   cmpr_local_7_V_c   |    pointer   |
|cmpr_local_7_V_c_write       | out |     1|   ap_fifo  |   cmpr_local_7_V_c   |    pointer   |
|cmpr_local_8_V_c_din         | out |  1024|   ap_fifo  |   cmpr_local_8_V_c   |    pointer   |
|cmpr_local_8_V_c_full_n      |  in |     1|   ap_fifo  |   cmpr_local_8_V_c   |    pointer   |
|cmpr_local_8_V_c_write       | out |     1|   ap_fifo  |   cmpr_local_8_V_c   |    pointer   |
|cmpr_local_9_V_c_din         | out |  1024|   ap_fifo  |   cmpr_local_9_V_c   |    pointer   |
|cmpr_local_9_V_c_full_n      |  in |     1|   ap_fifo  |   cmpr_local_9_V_c   |    pointer   |
|cmpr_local_9_V_c_write       | out |     1|   ap_fifo  |   cmpr_local_9_V_c   |    pointer   |
|cmpr_local_10_V_c_din        | out |  1024|   ap_fifo  |   cmpr_local_10_V_c  |    pointer   |
|cmpr_local_10_V_c_full_n     |  in |     1|   ap_fifo  |   cmpr_local_10_V_c  |    pointer   |
|cmpr_local_10_V_c_write      | out |     1|   ap_fifo  |   cmpr_local_10_V_c  |    pointer   |
|cmpr_local_11_V_c_din        | out |  1024|   ap_fifo  |   cmpr_local_11_V_c  |    pointer   |
|cmpr_local_11_V_c_full_n     |  in |     1|   ap_fifo  |   cmpr_local_11_V_c  |    pointer   |
|cmpr_local_11_V_c_write      | out |     1|   ap_fifo  |   cmpr_local_11_V_c  |    pointer   |
|cmpr_local_12_V_c_din        | out |  1024|   ap_fifo  |   cmpr_local_12_V_c  |    pointer   |
|cmpr_local_12_V_c_full_n     |  in |     1|   ap_fifo  |   cmpr_local_12_V_c  |    pointer   |
|cmpr_local_12_V_c_write      | out |     1|   ap_fifo  |   cmpr_local_12_V_c  |    pointer   |
|cmpr_local_13_V_c_din        | out |  1024|   ap_fifo  |   cmpr_local_13_V_c  |    pointer   |
|cmpr_local_13_V_c_full_n     |  in |     1|   ap_fifo  |   cmpr_local_13_V_c  |    pointer   |
|cmpr_local_13_V_c_write      | out |     1|   ap_fifo  |   cmpr_local_13_V_c  |    pointer   |
|cmpr_local_14_V_c_din        | out |  1024|   ap_fifo  |   cmpr_local_14_V_c  |    pointer   |
|cmpr_local_14_V_c_full_n     |  in |     1|   ap_fifo  |   cmpr_local_14_V_c  |    pointer   |
|cmpr_local_14_V_c_write      | out |     1|   ap_fifo  |   cmpr_local_14_V_c  |    pointer   |
|cmpr_local_15_V_c_din        | out |  1024|   ap_fifo  |   cmpr_local_15_V_c  |    pointer   |
|cmpr_local_15_V_c_full_n     |  in |     1|   ap_fifo  |   cmpr_local_15_V_c  |    pointer   |
|cmpr_local_15_V_c_write      | out |     1|   ap_fifo  |   cmpr_local_15_V_c  |    pointer   |
|cmpr_local_16_V_c_din        | out |  1024|   ap_fifo  |   cmpr_local_16_V_c  |    pointer   |
|cmpr_local_16_V_c_full_n     |  in |     1|   ap_fifo  |   cmpr_local_16_V_c  |    pointer   |
|cmpr_local_16_V_c_write      | out |     1|   ap_fifo  |   cmpr_local_16_V_c  |    pointer   |
|cmpr_local_17_V_c_din        | out |  1024|   ap_fifo  |   cmpr_local_17_V_c  |    pointer   |
|cmpr_local_17_V_c_full_n     |  in |     1|   ap_fifo  |   cmpr_local_17_V_c  |    pointer   |
|cmpr_local_17_V_c_write      | out |     1|   ap_fifo  |   cmpr_local_17_V_c  |    pointer   |
|cmpr_local_18_V_c_din        | out |  1024|   ap_fifo  |   cmpr_local_18_V_c  |    pointer   |
|cmpr_local_18_V_c_full_n     |  in |     1|   ap_fifo  |   cmpr_local_18_V_c  |    pointer   |
|cmpr_local_18_V_c_write      | out |     1|   ap_fifo  |   cmpr_local_18_V_c  |    pointer   |
|cmpr_local_19_V_c_din        | out |  1024|   ap_fifo  |   cmpr_local_19_V_c  |    pointer   |
|cmpr_local_19_V_c_full_n     |  in |     1|   ap_fifo  |   cmpr_local_19_V_c  |    pointer   |
|cmpr_local_19_V_c_write      | out |     1|   ap_fifo  |   cmpr_local_19_V_c  |    pointer   |
|cmpr_local_20_V_c_din        | out |  1024|   ap_fifo  |   cmpr_local_20_V_c  |    pointer   |
|cmpr_local_20_V_c_full_n     |  in |     1|   ap_fifo  |   cmpr_local_20_V_c  |    pointer   |
|cmpr_local_20_V_c_write      | out |     1|   ap_fifo  |   cmpr_local_20_V_c  |    pointer   |
|cmpr_local_21_V_c_din        | out |  1024|   ap_fifo  |   cmpr_local_21_V_c  |    pointer   |
|cmpr_local_21_V_c_full_n     |  in |     1|   ap_fifo  |   cmpr_local_21_V_c  |    pointer   |
|cmpr_local_21_V_c_write      | out |     1|   ap_fifo  |   cmpr_local_21_V_c  |    pointer   |
|cmpr_local_22_V_c_din        | out |  1024|   ap_fifo  |   cmpr_local_22_V_c  |    pointer   |
|cmpr_local_22_V_c_full_n     |  in |     1|   ap_fifo  |   cmpr_local_22_V_c  |    pointer   |
|cmpr_local_22_V_c_write      | out |     1|   ap_fifo  |   cmpr_local_22_V_c  |    pointer   |
|cmpr_local_23_V_c_din        | out |  1024|   ap_fifo  |   cmpr_local_23_V_c  |    pointer   |
|cmpr_local_23_V_c_full_n     |  in |     1|   ap_fifo  |   cmpr_local_23_V_c  |    pointer   |
|cmpr_local_23_V_c_write      | out |     1|   ap_fifo  |   cmpr_local_23_V_c  |    pointer   |
|cmpr_local_24_V_c_din        | out |  1024|   ap_fifo  |   cmpr_local_24_V_c  |    pointer   |
|cmpr_local_24_V_c_full_n     |  in |     1|   ap_fifo  |   cmpr_local_24_V_c  |    pointer   |
|cmpr_local_24_V_c_write      | out |     1|   ap_fifo  |   cmpr_local_24_V_c  |    pointer   |
|cmpr_local_25_V_c_din        | out |  1024|   ap_fifo  |   cmpr_local_25_V_c  |    pointer   |
|cmpr_local_25_V_c_full_n     |  in |     1|   ap_fifo  |   cmpr_local_25_V_c  |    pointer   |
|cmpr_local_25_V_c_write      | out |     1|   ap_fifo  |   cmpr_local_25_V_c  |    pointer   |
|cmpr_local_26_V_c_din        | out |  1024|   ap_fifo  |   cmpr_local_26_V_c  |    pointer   |
|cmpr_local_26_V_c_full_n     |  in |     1|   ap_fifo  |   cmpr_local_26_V_c  |    pointer   |
|cmpr_local_26_V_c_write      | out |     1|   ap_fifo  |   cmpr_local_26_V_c  |    pointer   |
|cmpr_local_27_V_c_din        | out |  1024|   ap_fifo  |   cmpr_local_27_V_c  |    pointer   |
|cmpr_local_27_V_c_full_n     |  in |     1|   ap_fifo  |   cmpr_local_27_V_c  |    pointer   |
|cmpr_local_27_V_c_write      | out |     1|   ap_fifo  |   cmpr_local_27_V_c  |    pointer   |
|cmpr_local_28_V_c_din        | out |  1024|   ap_fifo  |   cmpr_local_28_V_c  |    pointer   |
|cmpr_local_28_V_c_full_n     |  in |     1|   ap_fifo  |   cmpr_local_28_V_c  |    pointer   |
|cmpr_local_28_V_c_write      | out |     1|   ap_fifo  |   cmpr_local_28_V_c  |    pointer   |
|cmpr_local_29_V_c_din        | out |  1024|   ap_fifo  |   cmpr_local_29_V_c  |    pointer   |
|cmpr_local_29_V_c_full_n     |  in |     1|   ap_fifo  |   cmpr_local_29_V_c  |    pointer   |
|cmpr_local_29_V_c_write      | out |     1|   ap_fifo  |   cmpr_local_29_V_c  |    pointer   |
|cmpr_local_30_V_c_din        | out |  1024|   ap_fifo  |   cmpr_local_30_V_c  |    pointer   |
|cmpr_local_30_V_c_full_n     |  in |     1|   ap_fifo  |   cmpr_local_30_V_c  |    pointer   |
|cmpr_local_30_V_c_write      | out |     1|   ap_fifo  |   cmpr_local_30_V_c  |    pointer   |
|cmpr_local_31_V_c_din        | out |  1024|   ap_fifo  |   cmpr_local_31_V_c  |    pointer   |
|cmpr_local_31_V_c_full_n     |  in |     1|   ap_fifo  |   cmpr_local_31_V_c  |    pointer   |
|cmpr_local_31_V_c_write      | out |     1|   ap_fifo  |   cmpr_local_31_V_c  |    pointer   |
|cmpr_local_32_V_c_din        | out |  1024|   ap_fifo  |   cmpr_local_32_V_c  |    pointer   |
|cmpr_local_32_V_c_full_n     |  in |     1|   ap_fifo  |   cmpr_local_32_V_c  |    pointer   |
|cmpr_local_32_V_c_write      | out |     1|   ap_fifo  |   cmpr_local_32_V_c  |    pointer   |
|cmpr_local_33_V_c_din        | out |  1024|   ap_fifo  |   cmpr_local_33_V_c  |    pointer   |
|cmpr_local_33_V_c_full_n     |  in |     1|   ap_fifo  |   cmpr_local_33_V_c  |    pointer   |
|cmpr_local_33_V_c_write      | out |     1|   ap_fifo  |   cmpr_local_33_V_c  |    pointer   |
|cmpr_local_34_V_c_din        | out |  1024|   ap_fifo  |   cmpr_local_34_V_c  |    pointer   |
|cmpr_local_34_V_c_full_n     |  in |     1|   ap_fifo  |   cmpr_local_34_V_c  |    pointer   |
|cmpr_local_34_V_c_write      | out |     1|   ap_fifo  |   cmpr_local_34_V_c  |    pointer   |
|cmpr_local_35_V_c_din        | out |  1024|   ap_fifo  |   cmpr_local_35_V_c  |    pointer   |
|cmpr_local_35_V_c_full_n     |  in |     1|   ap_fifo  |   cmpr_local_35_V_c  |    pointer   |
|cmpr_local_35_V_c_write      | out |     1|   ap_fifo  |   cmpr_local_35_V_c  |    pointer   |
|cmpr_local_36_V_c_din        | out |  1024|   ap_fifo  |   cmpr_local_36_V_c  |    pointer   |
|cmpr_local_36_V_c_full_n     |  in |     1|   ap_fifo  |   cmpr_local_36_V_c  |    pointer   |
|cmpr_local_36_V_c_write      | out |     1|   ap_fifo  |   cmpr_local_36_V_c  |    pointer   |
|cmpr_local_37_V_c_din        | out |  1024|   ap_fifo  |   cmpr_local_37_V_c  |    pointer   |
|cmpr_local_37_V_c_full_n     |  in |     1|   ap_fifo  |   cmpr_local_37_V_c  |    pointer   |
|cmpr_local_37_V_c_write      | out |     1|   ap_fifo  |   cmpr_local_37_V_c  |    pointer   |
|cmpr_local_38_V_c_din        | out |  1024|   ap_fifo  |   cmpr_local_38_V_c  |    pointer   |
|cmpr_local_38_V_c_full_n     |  in |     1|   ap_fifo  |   cmpr_local_38_V_c  |    pointer   |
|cmpr_local_38_V_c_write      | out |     1|   ap_fifo  |   cmpr_local_38_V_c  |    pointer   |
|cmpr_local_39_V_c_din        | out |  1024|   ap_fifo  |   cmpr_local_39_V_c  |    pointer   |
|cmpr_local_39_V_c_full_n     |  in |     1|   ap_fifo  |   cmpr_local_39_V_c  |    pointer   |
|cmpr_local_39_V_c_write      | out |     1|   ap_fifo  |   cmpr_local_39_V_c  |    pointer   |
|cmpr_local_40_V_c_din        | out |  1024|   ap_fifo  |   cmpr_local_40_V_c  |    pointer   |
|cmpr_local_40_V_c_full_n     |  in |     1|   ap_fifo  |   cmpr_local_40_V_c  |    pointer   |
|cmpr_local_40_V_c_write      | out |     1|   ap_fifo  |   cmpr_local_40_V_c  |    pointer   |
|cmpr_local_41_V_c_din        | out |  1024|   ap_fifo  |   cmpr_local_41_V_c  |    pointer   |
|cmpr_local_41_V_c_full_n     |  in |     1|   ap_fifo  |   cmpr_local_41_V_c  |    pointer   |
|cmpr_local_41_V_c_write      | out |     1|   ap_fifo  |   cmpr_local_41_V_c  |    pointer   |
|cmpr_local_42_V_c_din        | out |  1024|   ap_fifo  |   cmpr_local_42_V_c  |    pointer   |
|cmpr_local_42_V_c_full_n     |  in |     1|   ap_fifo  |   cmpr_local_42_V_c  |    pointer   |
|cmpr_local_42_V_c_write      | out |     1|   ap_fifo  |   cmpr_local_42_V_c  |    pointer   |
|cmpr_local_43_V_c_din        | out |  1024|   ap_fifo  |   cmpr_local_43_V_c  |    pointer   |
|cmpr_local_43_V_c_full_n     |  in |     1|   ap_fifo  |   cmpr_local_43_V_c  |    pointer   |
|cmpr_local_43_V_c_write      | out |     1|   ap_fifo  |   cmpr_local_43_V_c  |    pointer   |
|cmpr_local_44_V_c_din        | out |  1024|   ap_fifo  |   cmpr_local_44_V_c  |    pointer   |
|cmpr_local_44_V_c_full_n     |  in |     1|   ap_fifo  |   cmpr_local_44_V_c  |    pointer   |
|cmpr_local_44_V_c_write      | out |     1|   ap_fifo  |   cmpr_local_44_V_c  |    pointer   |
|cmpr_local_45_V_c_din        | out |  1024|   ap_fifo  |   cmpr_local_45_V_c  |    pointer   |
|cmpr_local_45_V_c_full_n     |  in |     1|   ap_fifo  |   cmpr_local_45_V_c  |    pointer   |
|cmpr_local_45_V_c_write      | out |     1|   ap_fifo  |   cmpr_local_45_V_c  |    pointer   |
|cmpr_local_46_V_c_din        | out |  1024|   ap_fifo  |   cmpr_local_46_V_c  |    pointer   |
|cmpr_local_46_V_c_full_n     |  in |     1|   ap_fifo  |   cmpr_local_46_V_c  |    pointer   |
|cmpr_local_46_V_c_write      | out |     1|   ap_fifo  |   cmpr_local_46_V_c  |    pointer   |
|cmpr_local_47_V_c_din        | out |  1024|   ap_fifo  |   cmpr_local_47_V_c  |    pointer   |
|cmpr_local_47_V_c_full_n     |  in |     1|   ap_fifo  |   cmpr_local_47_V_c  |    pointer   |
|cmpr_local_47_V_c_write      | out |     1|   ap_fifo  |   cmpr_local_47_V_c  |    pointer   |
|cmpr_local_48_V_c_din        | out |  1024|   ap_fifo  |   cmpr_local_48_V_c  |    pointer   |
|cmpr_local_48_V_c_full_n     |  in |     1|   ap_fifo  |   cmpr_local_48_V_c  |    pointer   |
|cmpr_local_48_V_c_write      | out |     1|   ap_fifo  |   cmpr_local_48_V_c  |    pointer   |
|cmpr_local_49_V_c_din        | out |  1024|   ap_fifo  |   cmpr_local_49_V_c  |    pointer   |
|cmpr_local_49_V_c_full_n     |  in |     1|   ap_fifo  |   cmpr_local_49_V_c  |    pointer   |
|cmpr_local_49_V_c_write      | out |     1|   ap_fifo  |   cmpr_local_49_V_c  |    pointer   |
|cmpr_local_50_V_c_din        | out |  1024|   ap_fifo  |   cmpr_local_50_V_c  |    pointer   |
|cmpr_local_50_V_c_full_n     |  in |     1|   ap_fifo  |   cmpr_local_50_V_c  |    pointer   |
|cmpr_local_50_V_c_write      | out |     1|   ap_fifo  |   cmpr_local_50_V_c  |    pointer   |
|cmpr_local_51_V_c_din        | out |  1024|   ap_fifo  |   cmpr_local_51_V_c  |    pointer   |
|cmpr_local_51_V_c_full_n     |  in |     1|   ap_fifo  |   cmpr_local_51_V_c  |    pointer   |
|cmpr_local_51_V_c_write      | out |     1|   ap_fifo  |   cmpr_local_51_V_c  |    pointer   |
|cmpr_local_52_V_c_din        | out |  1024|   ap_fifo  |   cmpr_local_52_V_c  |    pointer   |
|cmpr_local_52_V_c_full_n     |  in |     1|   ap_fifo  |   cmpr_local_52_V_c  |    pointer   |
|cmpr_local_52_V_c_write      | out |     1|   ap_fifo  |   cmpr_local_52_V_c  |    pointer   |
|cmpr_local_53_V_c_din        | out |  1024|   ap_fifo  |   cmpr_local_53_V_c  |    pointer   |
|cmpr_local_53_V_c_full_n     |  in |     1|   ap_fifo  |   cmpr_local_53_V_c  |    pointer   |
|cmpr_local_53_V_c_write      | out |     1|   ap_fifo  |   cmpr_local_53_V_c  |    pointer   |
|cmpr_local_54_V_c_din        | out |  1024|   ap_fifo  |   cmpr_local_54_V_c  |    pointer   |
|cmpr_local_54_V_c_full_n     |  in |     1|   ap_fifo  |   cmpr_local_54_V_c  |    pointer   |
|cmpr_local_54_V_c_write      | out |     1|   ap_fifo  |   cmpr_local_54_V_c  |    pointer   |
|cmpr_local_55_V_c_din        | out |  1024|   ap_fifo  |   cmpr_local_55_V_c  |    pointer   |
|cmpr_local_55_V_c_full_n     |  in |     1|   ap_fifo  |   cmpr_local_55_V_c  |    pointer   |
|cmpr_local_55_V_c_write      | out |     1|   ap_fifo  |   cmpr_local_55_V_c  |    pointer   |
|cmpr_local_56_V_c_din        | out |  1024|   ap_fifo  |   cmpr_local_56_V_c  |    pointer   |
|cmpr_local_56_V_c_full_n     |  in |     1|   ap_fifo  |   cmpr_local_56_V_c  |    pointer   |
|cmpr_local_56_V_c_write      | out |     1|   ap_fifo  |   cmpr_local_56_V_c  |    pointer   |
|cmpr_local_57_V_c_din        | out |  1024|   ap_fifo  |   cmpr_local_57_V_c  |    pointer   |
|cmpr_local_57_V_c_full_n     |  in |     1|   ap_fifo  |   cmpr_local_57_V_c  |    pointer   |
|cmpr_local_57_V_c_write      | out |     1|   ap_fifo  |   cmpr_local_57_V_c  |    pointer   |
|cmpr_local_58_V_c_din        | out |  1024|   ap_fifo  |   cmpr_local_58_V_c  |    pointer   |
|cmpr_local_58_V_c_full_n     |  in |     1|   ap_fifo  |   cmpr_local_58_V_c  |    pointer   |
|cmpr_local_58_V_c_write      | out |     1|   ap_fifo  |   cmpr_local_58_V_c  |    pointer   |
|cmpr_local_59_V_c_din        | out |  1024|   ap_fifo  |   cmpr_local_59_V_c  |    pointer   |
|cmpr_local_59_V_c_full_n     |  in |     1|   ap_fifo  |   cmpr_local_59_V_c  |    pointer   |
|cmpr_local_59_V_c_write      | out |     1|   ap_fifo  |   cmpr_local_59_V_c  |    pointer   |
|cmpr_local_60_V_c_din        | out |  1024|   ap_fifo  |   cmpr_local_60_V_c  |    pointer   |
|cmpr_local_60_V_c_full_n     |  in |     1|   ap_fifo  |   cmpr_local_60_V_c  |    pointer   |
|cmpr_local_60_V_c_write      | out |     1|   ap_fifo  |   cmpr_local_60_V_c  |    pointer   |
|cmpr_local_61_V_c_din        | out |  1024|   ap_fifo  |   cmpr_local_61_V_c  |    pointer   |
|cmpr_local_61_V_c_full_n     |  in |     1|   ap_fifo  |   cmpr_local_61_V_c  |    pointer   |
|cmpr_local_61_V_c_write      | out |     1|   ap_fifo  |   cmpr_local_61_V_c  |    pointer   |
|cmpr_local_62_V_c_din        | out |  1024|   ap_fifo  |   cmpr_local_62_V_c  |    pointer   |
|cmpr_local_62_V_c_full_n     |  in |     1|   ap_fifo  |   cmpr_local_62_V_c  |    pointer   |
|cmpr_local_62_V_c_write      | out |     1|   ap_fifo  |   cmpr_local_62_V_c  |    pointer   |
|cmpr_local_63_V_c_din        | out |  1024|   ap_fifo  |   cmpr_local_63_V_c  |    pointer   |
|cmpr_local_63_V_c_full_n     |  in |     1|   ap_fifo  |   cmpr_local_63_V_c  |    pointer   |
|cmpr_local_63_V_c_write      | out |     1|   ap_fifo  |   cmpr_local_63_V_c  |    pointer   |
|cmprpop_local_0_V_c_din      | out |    11|   ap_fifo  |  cmprpop_local_0_V_c |    pointer   |
|cmprpop_local_0_V_c_full_n   |  in |     1|   ap_fifo  |  cmprpop_local_0_V_c |    pointer   |
|cmprpop_local_0_V_c_write    | out |     1|   ap_fifo  |  cmprpop_local_0_V_c |    pointer   |
|cmprpop_local_1_V_c_din      | out |    11|   ap_fifo  |  cmprpop_local_1_V_c |    pointer   |
|cmprpop_local_1_V_c_full_n   |  in |     1|   ap_fifo  |  cmprpop_local_1_V_c |    pointer   |
|cmprpop_local_1_V_c_write    | out |     1|   ap_fifo  |  cmprpop_local_1_V_c |    pointer   |
|cmprpop_local_2_V_c_din      | out |    11|   ap_fifo  |  cmprpop_local_2_V_c |    pointer   |
|cmprpop_local_2_V_c_full_n   |  in |     1|   ap_fifo  |  cmprpop_local_2_V_c |    pointer   |
|cmprpop_local_2_V_c_write    | out |     1|   ap_fifo  |  cmprpop_local_2_V_c |    pointer   |
|cmprpop_local_3_V_c_din      | out |    11|   ap_fifo  |  cmprpop_local_3_V_c |    pointer   |
|cmprpop_local_3_V_c_full_n   |  in |     1|   ap_fifo  |  cmprpop_local_3_V_c |    pointer   |
|cmprpop_local_3_V_c_write    | out |     1|   ap_fifo  |  cmprpop_local_3_V_c |    pointer   |
|cmprpop_local_4_V_c_din      | out |    11|   ap_fifo  |  cmprpop_local_4_V_c |    pointer   |
|cmprpop_local_4_V_c_full_n   |  in |     1|   ap_fifo  |  cmprpop_local_4_V_c |    pointer   |
|cmprpop_local_4_V_c_write    | out |     1|   ap_fifo  |  cmprpop_local_4_V_c |    pointer   |
|cmprpop_local_5_V_c_din      | out |    11|   ap_fifo  |  cmprpop_local_5_V_c |    pointer   |
|cmprpop_local_5_V_c_full_n   |  in |     1|   ap_fifo  |  cmprpop_local_5_V_c |    pointer   |
|cmprpop_local_5_V_c_write    | out |     1|   ap_fifo  |  cmprpop_local_5_V_c |    pointer   |
|cmprpop_local_6_V_c_din      | out |    11|   ap_fifo  |  cmprpop_local_6_V_c |    pointer   |
|cmprpop_local_6_V_c_full_n   |  in |     1|   ap_fifo  |  cmprpop_local_6_V_c |    pointer   |
|cmprpop_local_6_V_c_write    | out |     1|   ap_fifo  |  cmprpop_local_6_V_c |    pointer   |
|cmprpop_local_7_V_c_din      | out |    11|   ap_fifo  |  cmprpop_local_7_V_c |    pointer   |
|cmprpop_local_7_V_c_full_n   |  in |     1|   ap_fifo  |  cmprpop_local_7_V_c |    pointer   |
|cmprpop_local_7_V_c_write    | out |     1|   ap_fifo  |  cmprpop_local_7_V_c |    pointer   |
|cmprpop_local_8_V_c_din      | out |    11|   ap_fifo  |  cmprpop_local_8_V_c |    pointer   |
|cmprpop_local_8_V_c_full_n   |  in |     1|   ap_fifo  |  cmprpop_local_8_V_c |    pointer   |
|cmprpop_local_8_V_c_write    | out |     1|   ap_fifo  |  cmprpop_local_8_V_c |    pointer   |
|cmprpop_local_9_V_c_din      | out |    11|   ap_fifo  |  cmprpop_local_9_V_c |    pointer   |
|cmprpop_local_9_V_c_full_n   |  in |     1|   ap_fifo  |  cmprpop_local_9_V_c |    pointer   |
|cmprpop_local_9_V_c_write    | out |     1|   ap_fifo  |  cmprpop_local_9_V_c |    pointer   |
|cmprpop_local_10_V_c_din     | out |    11|   ap_fifo  | cmprpop_local_10_V_c |    pointer   |
|cmprpop_local_10_V_c_full_n  |  in |     1|   ap_fifo  | cmprpop_local_10_V_c |    pointer   |
|cmprpop_local_10_V_c_write   | out |     1|   ap_fifo  | cmprpop_local_10_V_c |    pointer   |
|cmprpop_local_11_V_c_din     | out |    11|   ap_fifo  | cmprpop_local_11_V_c |    pointer   |
|cmprpop_local_11_V_c_full_n  |  in |     1|   ap_fifo  | cmprpop_local_11_V_c |    pointer   |
|cmprpop_local_11_V_c_write   | out |     1|   ap_fifo  | cmprpop_local_11_V_c |    pointer   |
|cmprpop_local_12_V_c_din     | out |    11|   ap_fifo  | cmprpop_local_12_V_c |    pointer   |
|cmprpop_local_12_V_c_full_n  |  in |     1|   ap_fifo  | cmprpop_local_12_V_c |    pointer   |
|cmprpop_local_12_V_c_write   | out |     1|   ap_fifo  | cmprpop_local_12_V_c |    pointer   |
|cmprpop_local_13_V_c_din     | out |    11|   ap_fifo  | cmprpop_local_13_V_c |    pointer   |
|cmprpop_local_13_V_c_full_n  |  in |     1|   ap_fifo  | cmprpop_local_13_V_c |    pointer   |
|cmprpop_local_13_V_c_write   | out |     1|   ap_fifo  | cmprpop_local_13_V_c |    pointer   |
|cmprpop_local_14_V_c_din     | out |    11|   ap_fifo  | cmprpop_local_14_V_c |    pointer   |
|cmprpop_local_14_V_c_full_n  |  in |     1|   ap_fifo  | cmprpop_local_14_V_c |    pointer   |
|cmprpop_local_14_V_c_write   | out |     1|   ap_fifo  | cmprpop_local_14_V_c |    pointer   |
|cmprpop_local_15_V_c_din     | out |    11|   ap_fifo  | cmprpop_local_15_V_c |    pointer   |
|cmprpop_local_15_V_c_full_n  |  in |     1|   ap_fifo  | cmprpop_local_15_V_c |    pointer   |
|cmprpop_local_15_V_c_write   | out |     1|   ap_fifo  | cmprpop_local_15_V_c |    pointer   |
|cmprpop_local_16_V_c_din     | out |    11|   ap_fifo  | cmprpop_local_16_V_c |    pointer   |
|cmprpop_local_16_V_c_full_n  |  in |     1|   ap_fifo  | cmprpop_local_16_V_c |    pointer   |
|cmprpop_local_16_V_c_write   | out |     1|   ap_fifo  | cmprpop_local_16_V_c |    pointer   |
|cmprpop_local_17_V_c_din     | out |    11|   ap_fifo  | cmprpop_local_17_V_c |    pointer   |
|cmprpop_local_17_V_c_full_n  |  in |     1|   ap_fifo  | cmprpop_local_17_V_c |    pointer   |
|cmprpop_local_17_V_c_write   | out |     1|   ap_fifo  | cmprpop_local_17_V_c |    pointer   |
|cmprpop_local_18_V_c_din     | out |    11|   ap_fifo  | cmprpop_local_18_V_c |    pointer   |
|cmprpop_local_18_V_c_full_n  |  in |     1|   ap_fifo  | cmprpop_local_18_V_c |    pointer   |
|cmprpop_local_18_V_c_write   | out |     1|   ap_fifo  | cmprpop_local_18_V_c |    pointer   |
|cmprpop_local_19_V_c_din     | out |    11|   ap_fifo  | cmprpop_local_19_V_c |    pointer   |
|cmprpop_local_19_V_c_full_n  |  in |     1|   ap_fifo  | cmprpop_local_19_V_c |    pointer   |
|cmprpop_local_19_V_c_write   | out |     1|   ap_fifo  | cmprpop_local_19_V_c |    pointer   |
|cmprpop_local_20_V_c_din     | out |    11|   ap_fifo  | cmprpop_local_20_V_c |    pointer   |
|cmprpop_local_20_V_c_full_n  |  in |     1|   ap_fifo  | cmprpop_local_20_V_c |    pointer   |
|cmprpop_local_20_V_c_write   | out |     1|   ap_fifo  | cmprpop_local_20_V_c |    pointer   |
|cmprpop_local_21_V_c_din     | out |    11|   ap_fifo  | cmprpop_local_21_V_c |    pointer   |
|cmprpop_local_21_V_c_full_n  |  in |     1|   ap_fifo  | cmprpop_local_21_V_c |    pointer   |
|cmprpop_local_21_V_c_write   | out |     1|   ap_fifo  | cmprpop_local_21_V_c |    pointer   |
|cmprpop_local_22_V_c_din     | out |    11|   ap_fifo  | cmprpop_local_22_V_c |    pointer   |
|cmprpop_local_22_V_c_full_n  |  in |     1|   ap_fifo  | cmprpop_local_22_V_c |    pointer   |
|cmprpop_local_22_V_c_write   | out |     1|   ap_fifo  | cmprpop_local_22_V_c |    pointer   |
|cmprpop_local_23_V_c_din     | out |    11|   ap_fifo  | cmprpop_local_23_V_c |    pointer   |
|cmprpop_local_23_V_c_full_n  |  in |     1|   ap_fifo  | cmprpop_local_23_V_c |    pointer   |
|cmprpop_local_23_V_c_write   | out |     1|   ap_fifo  | cmprpop_local_23_V_c |    pointer   |
|cmprpop_local_24_V_c_din     | out |    11|   ap_fifo  | cmprpop_local_24_V_c |    pointer   |
|cmprpop_local_24_V_c_full_n  |  in |     1|   ap_fifo  | cmprpop_local_24_V_c |    pointer   |
|cmprpop_local_24_V_c_write   | out |     1|   ap_fifo  | cmprpop_local_24_V_c |    pointer   |
|cmprpop_local_25_V_c_din     | out |    11|   ap_fifo  | cmprpop_local_25_V_c |    pointer   |
|cmprpop_local_25_V_c_full_n  |  in |     1|   ap_fifo  | cmprpop_local_25_V_c |    pointer   |
|cmprpop_local_25_V_c_write   | out |     1|   ap_fifo  | cmprpop_local_25_V_c |    pointer   |
|cmprpop_local_26_V_c_din     | out |    11|   ap_fifo  | cmprpop_local_26_V_c |    pointer   |
|cmprpop_local_26_V_c_full_n  |  in |     1|   ap_fifo  | cmprpop_local_26_V_c |    pointer   |
|cmprpop_local_26_V_c_write   | out |     1|   ap_fifo  | cmprpop_local_26_V_c |    pointer   |
|cmprpop_local_27_V_c_din     | out |    11|   ap_fifo  | cmprpop_local_27_V_c |    pointer   |
|cmprpop_local_27_V_c_full_n  |  in |     1|   ap_fifo  | cmprpop_local_27_V_c |    pointer   |
|cmprpop_local_27_V_c_write   | out |     1|   ap_fifo  | cmprpop_local_27_V_c |    pointer   |
|cmprpop_local_28_V_c_din     | out |    11|   ap_fifo  | cmprpop_local_28_V_c |    pointer   |
|cmprpop_local_28_V_c_full_n  |  in |     1|   ap_fifo  | cmprpop_local_28_V_c |    pointer   |
|cmprpop_local_28_V_c_write   | out |     1|   ap_fifo  | cmprpop_local_28_V_c |    pointer   |
|cmprpop_local_29_V_c_din     | out |    11|   ap_fifo  | cmprpop_local_29_V_c |    pointer   |
|cmprpop_local_29_V_c_full_n  |  in |     1|   ap_fifo  | cmprpop_local_29_V_c |    pointer   |
|cmprpop_local_29_V_c_write   | out |     1|   ap_fifo  | cmprpop_local_29_V_c |    pointer   |
|cmprpop_local_30_V_c_din     | out |    11|   ap_fifo  | cmprpop_local_30_V_c |    pointer   |
|cmprpop_local_30_V_c_full_n  |  in |     1|   ap_fifo  | cmprpop_local_30_V_c |    pointer   |
|cmprpop_local_30_V_c_write   | out |     1|   ap_fifo  | cmprpop_local_30_V_c |    pointer   |
|cmprpop_local_31_V_c_din     | out |    11|   ap_fifo  | cmprpop_local_31_V_c |    pointer   |
|cmprpop_local_31_V_c_full_n  |  in |     1|   ap_fifo  | cmprpop_local_31_V_c |    pointer   |
|cmprpop_local_31_V_c_write   | out |     1|   ap_fifo  | cmprpop_local_31_V_c |    pointer   |
|cmprpop_local_32_V_c_din     | out |    11|   ap_fifo  | cmprpop_local_32_V_c |    pointer   |
|cmprpop_local_32_V_c_full_n  |  in |     1|   ap_fifo  | cmprpop_local_32_V_c |    pointer   |
|cmprpop_local_32_V_c_write   | out |     1|   ap_fifo  | cmprpop_local_32_V_c |    pointer   |
|cmprpop_local_33_V_c_din     | out |    11|   ap_fifo  | cmprpop_local_33_V_c |    pointer   |
|cmprpop_local_33_V_c_full_n  |  in |     1|   ap_fifo  | cmprpop_local_33_V_c |    pointer   |
|cmprpop_local_33_V_c_write   | out |     1|   ap_fifo  | cmprpop_local_33_V_c |    pointer   |
|cmprpop_local_34_V_c_din     | out |    11|   ap_fifo  | cmprpop_local_34_V_c |    pointer   |
|cmprpop_local_34_V_c_full_n  |  in |     1|   ap_fifo  | cmprpop_local_34_V_c |    pointer   |
|cmprpop_local_34_V_c_write   | out |     1|   ap_fifo  | cmprpop_local_34_V_c |    pointer   |
|cmprpop_local_35_V_c_din     | out |    11|   ap_fifo  | cmprpop_local_35_V_c |    pointer   |
|cmprpop_local_35_V_c_full_n  |  in |     1|   ap_fifo  | cmprpop_local_35_V_c |    pointer   |
|cmprpop_local_35_V_c_write   | out |     1|   ap_fifo  | cmprpop_local_35_V_c |    pointer   |
|cmprpop_local_36_V_c_din     | out |    11|   ap_fifo  | cmprpop_local_36_V_c |    pointer   |
|cmprpop_local_36_V_c_full_n  |  in |     1|   ap_fifo  | cmprpop_local_36_V_c |    pointer   |
|cmprpop_local_36_V_c_write   | out |     1|   ap_fifo  | cmprpop_local_36_V_c |    pointer   |
|cmprpop_local_37_V_c_din     | out |    11|   ap_fifo  | cmprpop_local_37_V_c |    pointer   |
|cmprpop_local_37_V_c_full_n  |  in |     1|   ap_fifo  | cmprpop_local_37_V_c |    pointer   |
|cmprpop_local_37_V_c_write   | out |     1|   ap_fifo  | cmprpop_local_37_V_c |    pointer   |
|cmprpop_local_38_V_c_din     | out |    11|   ap_fifo  | cmprpop_local_38_V_c |    pointer   |
|cmprpop_local_38_V_c_full_n  |  in |     1|   ap_fifo  | cmprpop_local_38_V_c |    pointer   |
|cmprpop_local_38_V_c_write   | out |     1|   ap_fifo  | cmprpop_local_38_V_c |    pointer   |
|cmprpop_local_39_V_c_din     | out |    11|   ap_fifo  | cmprpop_local_39_V_c |    pointer   |
|cmprpop_local_39_V_c_full_n  |  in |     1|   ap_fifo  | cmprpop_local_39_V_c |    pointer   |
|cmprpop_local_39_V_c_write   | out |     1|   ap_fifo  | cmprpop_local_39_V_c |    pointer   |
|cmprpop_local_40_V_c_din     | out |    11|   ap_fifo  | cmprpop_local_40_V_c |    pointer   |
|cmprpop_local_40_V_c_full_n  |  in |     1|   ap_fifo  | cmprpop_local_40_V_c |    pointer   |
|cmprpop_local_40_V_c_write   | out |     1|   ap_fifo  | cmprpop_local_40_V_c |    pointer   |
|cmprpop_local_41_V_c_din     | out |    11|   ap_fifo  | cmprpop_local_41_V_c |    pointer   |
|cmprpop_local_41_V_c_full_n  |  in |     1|   ap_fifo  | cmprpop_local_41_V_c |    pointer   |
|cmprpop_local_41_V_c_write   | out |     1|   ap_fifo  | cmprpop_local_41_V_c |    pointer   |
|cmprpop_local_42_V_c_din     | out |    11|   ap_fifo  | cmprpop_local_42_V_c |    pointer   |
|cmprpop_local_42_V_c_full_n  |  in |     1|   ap_fifo  | cmprpop_local_42_V_c |    pointer   |
|cmprpop_local_42_V_c_write   | out |     1|   ap_fifo  | cmprpop_local_42_V_c |    pointer   |
|cmprpop_local_43_V_c_din     | out |    11|   ap_fifo  | cmprpop_local_43_V_c |    pointer   |
|cmprpop_local_43_V_c_full_n  |  in |     1|   ap_fifo  | cmprpop_local_43_V_c |    pointer   |
|cmprpop_local_43_V_c_write   | out |     1|   ap_fifo  | cmprpop_local_43_V_c |    pointer   |
|cmprpop_local_44_V_c_din     | out |    11|   ap_fifo  | cmprpop_local_44_V_c |    pointer   |
|cmprpop_local_44_V_c_full_n  |  in |     1|   ap_fifo  | cmprpop_local_44_V_c |    pointer   |
|cmprpop_local_44_V_c_write   | out |     1|   ap_fifo  | cmprpop_local_44_V_c |    pointer   |
|cmprpop_local_45_V_c_din     | out |    11|   ap_fifo  | cmprpop_local_45_V_c |    pointer   |
|cmprpop_local_45_V_c_full_n  |  in |     1|   ap_fifo  | cmprpop_local_45_V_c |    pointer   |
|cmprpop_local_45_V_c_write   | out |     1|   ap_fifo  | cmprpop_local_45_V_c |    pointer   |
|cmprpop_local_46_V_c_din     | out |    11|   ap_fifo  | cmprpop_local_46_V_c |    pointer   |
|cmprpop_local_46_V_c_full_n  |  in |     1|   ap_fifo  | cmprpop_local_46_V_c |    pointer   |
|cmprpop_local_46_V_c_write   | out |     1|   ap_fifo  | cmprpop_local_46_V_c |    pointer   |
|cmprpop_local_47_V_c_din     | out |    11|   ap_fifo  | cmprpop_local_47_V_c |    pointer   |
|cmprpop_local_47_V_c_full_n  |  in |     1|   ap_fifo  | cmprpop_local_47_V_c |    pointer   |
|cmprpop_local_47_V_c_write   | out |     1|   ap_fifo  | cmprpop_local_47_V_c |    pointer   |
|cmprpop_local_48_V_c_din     | out |    11|   ap_fifo  | cmprpop_local_48_V_c |    pointer   |
|cmprpop_local_48_V_c_full_n  |  in |     1|   ap_fifo  | cmprpop_local_48_V_c |    pointer   |
|cmprpop_local_48_V_c_write   | out |     1|   ap_fifo  | cmprpop_local_48_V_c |    pointer   |
|cmprpop_local_49_V_c_din     | out |    11|   ap_fifo  | cmprpop_local_49_V_c |    pointer   |
|cmprpop_local_49_V_c_full_n  |  in |     1|   ap_fifo  | cmprpop_local_49_V_c |    pointer   |
|cmprpop_local_49_V_c_write   | out |     1|   ap_fifo  | cmprpop_local_49_V_c |    pointer   |
|cmprpop_local_50_V_c_din     | out |    11|   ap_fifo  | cmprpop_local_50_V_c |    pointer   |
|cmprpop_local_50_V_c_full_n  |  in |     1|   ap_fifo  | cmprpop_local_50_V_c |    pointer   |
|cmprpop_local_50_V_c_write   | out |     1|   ap_fifo  | cmprpop_local_50_V_c |    pointer   |
|cmprpop_local_51_V_c_din     | out |    11|   ap_fifo  | cmprpop_local_51_V_c |    pointer   |
|cmprpop_local_51_V_c_full_n  |  in |     1|   ap_fifo  | cmprpop_local_51_V_c |    pointer   |
|cmprpop_local_51_V_c_write   | out |     1|   ap_fifo  | cmprpop_local_51_V_c |    pointer   |
|cmprpop_local_52_V_c_din     | out |    11|   ap_fifo  | cmprpop_local_52_V_c |    pointer   |
|cmprpop_local_52_V_c_full_n  |  in |     1|   ap_fifo  | cmprpop_local_52_V_c |    pointer   |
|cmprpop_local_52_V_c_write   | out |     1|   ap_fifo  | cmprpop_local_52_V_c |    pointer   |
|cmprpop_local_53_V_c_din     | out |    11|   ap_fifo  | cmprpop_local_53_V_c |    pointer   |
|cmprpop_local_53_V_c_full_n  |  in |     1|   ap_fifo  | cmprpop_local_53_V_c |    pointer   |
|cmprpop_local_53_V_c_write   | out |     1|   ap_fifo  | cmprpop_local_53_V_c |    pointer   |
|cmprpop_local_54_V_c_din     | out |    11|   ap_fifo  | cmprpop_local_54_V_c |    pointer   |
|cmprpop_local_54_V_c_full_n  |  in |     1|   ap_fifo  | cmprpop_local_54_V_c |    pointer   |
|cmprpop_local_54_V_c_write   | out |     1|   ap_fifo  | cmprpop_local_54_V_c |    pointer   |
|cmprpop_local_55_V_c_din     | out |    11|   ap_fifo  | cmprpop_local_55_V_c |    pointer   |
|cmprpop_local_55_V_c_full_n  |  in |     1|   ap_fifo  | cmprpop_local_55_V_c |    pointer   |
|cmprpop_local_55_V_c_write   | out |     1|   ap_fifo  | cmprpop_local_55_V_c |    pointer   |
|cmprpop_local_56_V_c_din     | out |    11|   ap_fifo  | cmprpop_local_56_V_c |    pointer   |
|cmprpop_local_56_V_c_full_n  |  in |     1|   ap_fifo  | cmprpop_local_56_V_c |    pointer   |
|cmprpop_local_56_V_c_write   | out |     1|   ap_fifo  | cmprpop_local_56_V_c |    pointer   |
|cmprpop_local_57_V_c_din     | out |    11|   ap_fifo  | cmprpop_local_57_V_c |    pointer   |
|cmprpop_local_57_V_c_full_n  |  in |     1|   ap_fifo  | cmprpop_local_57_V_c |    pointer   |
|cmprpop_local_57_V_c_write   | out |     1|   ap_fifo  | cmprpop_local_57_V_c |    pointer   |
|cmprpop_local_58_V_c_din     | out |    11|   ap_fifo  | cmprpop_local_58_V_c |    pointer   |
|cmprpop_local_58_V_c_full_n  |  in |     1|   ap_fifo  | cmprpop_local_58_V_c |    pointer   |
|cmprpop_local_58_V_c_write   | out |     1|   ap_fifo  | cmprpop_local_58_V_c |    pointer   |
|cmprpop_local_59_V_c_din     | out |    11|   ap_fifo  | cmprpop_local_59_V_c |    pointer   |
|cmprpop_local_59_V_c_full_n  |  in |     1|   ap_fifo  | cmprpop_local_59_V_c |    pointer   |
|cmprpop_local_59_V_c_write   | out |     1|   ap_fifo  | cmprpop_local_59_V_c |    pointer   |
|cmprpop_local_60_V_c_din     | out |    11|   ap_fifo  | cmprpop_local_60_V_c |    pointer   |
|cmprpop_local_60_V_c_full_n  |  in |     1|   ap_fifo  | cmprpop_local_60_V_c |    pointer   |
|cmprpop_local_60_V_c_write   | out |     1|   ap_fifo  | cmprpop_local_60_V_c |    pointer   |
|cmprpop_local_61_V_c_din     | out |    11|   ap_fifo  | cmprpop_local_61_V_c |    pointer   |
|cmprpop_local_61_V_c_full_n  |  in |     1|   ap_fifo  | cmprpop_local_61_V_c |    pointer   |
|cmprpop_local_61_V_c_write   | out |     1|   ap_fifo  | cmprpop_local_61_V_c |    pointer   |
|cmprpop_local_62_V_c_din     | out |    11|   ap_fifo  | cmprpop_local_62_V_c |    pointer   |
|cmprpop_local_62_V_c_full_n  |  in |     1|   ap_fifo  | cmprpop_local_62_V_c |    pointer   |
|cmprpop_local_62_V_c_write   | out |     1|   ap_fifo  | cmprpop_local_62_V_c |    pointer   |
|cmprpop_local_63_V_c_din     | out |    11|   ap_fifo  | cmprpop_local_63_V_c |    pointer   |
|cmprpop_local_63_V_c_full_n  |  in |     1|   ap_fifo  | cmprpop_local_63_V_c |    pointer   |
|cmprpop_local_63_V_c_write   | out |     1|   ap_fifo  | cmprpop_local_63_V_c |    pointer   |
+-----------------------------+-----+------+------------+----------------------+--------------+

