

================================================================
== Vivado HLS Report for 'dataflow_parent_loop_proc'
================================================================
* Date:           Wed Oct 16 16:05:50 2019

* Version:        2019.1 (Build 2552052 on Fri May 24 15:28:33 MDT 2019)
* Project:        tancoeff
* Solution:       tancoeff
* Product family: virtexuplus
* Target device:  xcvu9p-fsgd2104-2L-e


================================================================
== Performance Estimates
================================================================
+ Timing (ns): 
    * Summary: 
    +--------+-------+----------+------------+
    |  Clock | Target| Estimated| Uncertainty|
    +--------+-------+----------+------------+
    |ap_clk  |   3.33|     2.433|        0.90|
    +--------+-------+----------+------------+

+ Latency (clock cycles): 
    * Summary: 
    +---------+---------+---------+---------+---------+
    |      Latency      |      Interval     | Pipeline|
    |   min   |   max   |   min   |   max   |   Type  |
    +---------+---------+---------+---------+---------+
    |  1441793|  1441793|  1441793|  1441793|   none  |
    +---------+---------+---------+---------+---------+

    + Detail: 
        * Instance: 
        +--------------------------------------+-----------------------------------+-----+-----+-----+-----+----------+
        |                                      |                                   |  Latency  |  Interval | Pipeline |
        |               Instance               |               Module              | min | max | min | max |   Type   |
        +--------------------------------------+-----------------------------------+-----+-----+-----+-----+----------+
        |dataflow_in_loop_calculation_loop_U0  |dataflow_in_loop_calculation_loop  |   21|   21|   22|   22| dataflow |
        +--------------------------------------+-----------------------------------+-----+-----+-----+-----+----------+

        * Loop: 
        +--------------------+---------+---------+----------+-----------+-----------+-------+----------+
        |                    |      Latency      | Iteration|  Initiation Interval  |  Trip |          |
        |      Loop Name     |   min   |   max   |  Latency |  achieved |   target  | Count | Pipelined|
        +--------------------+---------+---------+----------+-----------+-----------+-------+----------+
        |- calculation_loop  |  1441792|  1441792|        23|          -|          -|  65536|    no    |
        +--------------------+---------+---------+----------+-----------+-----------+-------+----------+



================================================================
== Utilization Estimates
================================================================
* Summary: 
+---------------------+---------+-------+---------+---------+-----+
|         Name        | BRAM_18K| DSP48E|    FF   |   LUT   | URAM|
+---------------------+---------+-------+---------+---------+-----+
|DSP                  |        -|      -|        -|        -|    -|
|Expression           |        -|      -|        0|       52|    -|
|FIFO                 |        -|      -|        -|        -|    -|
|Instance             |     3705|      -|   340242|   588688|    -|
|Memory               |        -|      -|        -|        -|    -|
|Multiplexer          |        -|      -|        -|       18|    -|
|Register             |        -|      -|       34|        -|    -|
+---------------------+---------+-------+---------+---------+-----+
|Total                |     3705|      0|   340276|   588758|    0|
+---------------------+---------+-------+---------+---------+-----+
|Available SLR        |     1440|   2280|   788160|   394080|  320|
+---------------------+---------+-------+---------+---------+-----+
|Utilization SLR (%)  |      257|      0|       43|      149|    0|
+---------------------+---------+-------+---------+---------+-----+
|Available            |     4320|   6840|  2364480|  1182240|  960|
+---------------------+---------+-------+---------+---------+-----+
|Utilization (%)      |       85|      0|       14|       49|    0|
+---------------------+---------+-------+---------+---------+-----+

+ Detail: 
    * Instance: 
    +--------------------------------------+-----------------------------------+---------+-------+--------+--------+-----+
    |               Instance               |               Module              | BRAM_18K| DSP48E|   FF   |   LUT  | URAM|
    +--------------------------------------+-----------------------------------+---------+-------+--------+--------+-----+
    |dataflow_in_loop_calculation_loop_U0  |dataflow_in_loop_calculation_loop  |     3705|      0|  340242|  588688|    0|
    +--------------------------------------+-----------------------------------+---------+-------+--------+--------+-----+
    |Total                                 |                                   |     3705|      0|  340242|  588688|    0|
    +--------------------------------------+-----------------------------------+---------+-------+--------+--------+-----+

    * DSP48E: 
    N/A

    * Memory: 
    N/A

    * FIFO: 
    N/A

    * Expression: 
    +----------------------------+----------+-------+---+----+------------+------------+
    |        Variable Name       | Operation| DSP48E| FF| LUT| Bitwidth P0| Bitwidth P1|
    +----------------------------+----------+-------+---+----+------------+------------+
    |loop_dataflow_input_count   |     +    |      0|  0|  17|          17|           1|
    |loop_dataflow_output_count  |     +    |      0|  0|  17|          17|           1|
    |bound_minus_1               |     -    |      0|  0|  18|          18|           1|
    +----------------------------+----------+-------+---+----+------------+------------+
    |Total                       |          |      0|  0|  52|          52|           3|
    +----------------------------+----------+-------+---+----+------------+------------+

    * Multiplexer: 
    +----------------------------+----+-----------+-----+-----------+
    |            Name            | LUT| Input Size| Bits| Total Bits|
    +----------------------------+----+-----------+-----+-----------+
    |loop_dataflow_input_count   |   9|          2|   17|         34|
    |loop_dataflow_output_count  |   9|          2|   17|         34|
    +----------------------------+----+-----------+-----+-----------+
    |Total                       |  18|          4|   34|         68|
    +----------------------------+----+-----------+-----+-----------+

    * Register: 
    +----------------------------+----+----+-----+-----------+
    |            Name            | FF | LUT| Bits| Const Bits|
    +----------------------------+----+----+-----+-----------+
    |loop_dataflow_input_count   |  17|   0|   17|          0|
    |loop_dataflow_output_count  |  17|   0|   17|          0|
    +----------------------------+----+----+-----+-----------+
    |Total                       |  34|   0|   34|          0|
    +----------------------------+----+----+-----+-----------+



================================================================
== Interface
================================================================
* Summary: 
+------------------------+-----+------+------------+---------------------------+--------------+
|        RTL Ports       | Dir | Bits |  Protocol  |       Source Object       |    C Type    |
+------------------------+-----+------+------------+---------------------------+--------------+
|m_axi_input_V_AWVALID   | out |     1|    m_axi   |          input_V          |    pointer   |
|m_axi_input_V_AWREADY   |  in |     1|    m_axi   |          input_V          |    pointer   |
|m_axi_input_V_AWADDR    | out |    64|    m_axi   |          input_V          |    pointer   |
|m_axi_input_V_AWID      | out |     1|    m_axi   |          input_V          |    pointer   |
|m_axi_input_V_AWLEN     | out |    32|    m_axi   |          input_V          |    pointer   |
|m_axi_input_V_AWSIZE    | out |     3|    m_axi   |          input_V          |    pointer   |
|m_axi_input_V_AWBURST   | out |     2|    m_axi   |          input_V          |    pointer   |
|m_axi_input_V_AWLOCK    | out |     2|    m_axi   |          input_V          |    pointer   |
|m_axi_input_V_AWCACHE   | out |     4|    m_axi   |          input_V          |    pointer   |
|m_axi_input_V_AWPROT    | out |     3|    m_axi   |          input_V          |    pointer   |
|m_axi_input_V_AWQOS     | out |     4|    m_axi   |          input_V          |    pointer   |
|m_axi_input_V_AWREGION  | out |     4|    m_axi   |          input_V          |    pointer   |
|m_axi_input_V_AWUSER    | out |     1|    m_axi   |          input_V          |    pointer   |
|m_axi_input_V_WVALID    | out |     1|    m_axi   |          input_V          |    pointer   |
|m_axi_input_V_WREADY    |  in |     1|    m_axi   |          input_V          |    pointer   |
|m_axi_input_V_WDATA     | out |   512|    m_axi   |          input_V          |    pointer   |
|m_axi_input_V_WSTRB     | out |    64|    m_axi   |          input_V          |    pointer   |
|m_axi_input_V_WLAST     | out |     1|    m_axi   |          input_V          |    pointer   |
|m_axi_input_V_WID       | out |     1|    m_axi   |          input_V          |    pointer   |
|m_axi_input_V_WUSER     | out |     1|    m_axi   |          input_V          |    pointer   |
|m_axi_input_V_ARVALID   | out |     1|    m_axi   |          input_V          |    pointer   |
|m_axi_input_V_ARREADY   |  in |     1|    m_axi   |          input_V          |    pointer   |
|m_axi_input_V_ARADDR    | out |    64|    m_axi   |          input_V          |    pointer   |
|m_axi_input_V_ARID      | out |     1|    m_axi   |          input_V          |    pointer   |
|m_axi_input_V_ARLEN     | out |    32|    m_axi   |          input_V          |    pointer   |
|m_axi_input_V_ARSIZE    | out |     3|    m_axi   |          input_V          |    pointer   |
|m_axi_input_V_ARBURST   | out |     2|    m_axi   |          input_V          |    pointer   |
|m_axi_input_V_ARLOCK    | out |     2|    m_axi   |          input_V          |    pointer   |
|m_axi_input_V_ARCACHE   | out |     4|    m_axi   |          input_V          |    pointer   |
|m_axi_input_V_ARPROT    | out |     3|    m_axi   |          input_V          |    pointer   |
|m_axi_input_V_ARQOS     | out |     4|    m_axi   |          input_V          |    pointer   |
|m_axi_input_V_ARREGION  | out |     4|    m_axi   |          input_V          |    pointer   |
|m_axi_input_V_ARUSER    | out |     1|    m_axi   |          input_V          |    pointer   |
|m_axi_input_V_RVALID    |  in |     1|    m_axi   |          input_V          |    pointer   |
|m_axi_input_V_RREADY    | out |     1|    m_axi   |          input_V          |    pointer   |
|m_axi_input_V_RDATA     |  in |   512|    m_axi   |          input_V          |    pointer   |
|m_axi_input_V_RLAST     |  in |     1|    m_axi   |          input_V          |    pointer   |
|m_axi_input_V_RID       |  in |     1|    m_axi   |          input_V          |    pointer   |
|m_axi_input_V_RUSER     |  in |     1|    m_axi   |          input_V          |    pointer   |
|m_axi_input_V_RRESP     |  in |     2|    m_axi   |          input_V          |    pointer   |
|m_axi_input_V_BVALID    |  in |     1|    m_axi   |          input_V          |    pointer   |
|m_axi_input_V_BREADY    | out |     1|    m_axi   |          input_V          |    pointer   |
|m_axi_input_V_BRESP     |  in |     2|    m_axi   |          input_V          |    pointer   |
|m_axi_input_V_BID       |  in |     1|    m_axi   |          input_V          |    pointer   |
|m_axi_input_V_BUSER     |  in |     1|    m_axi   |          input_V          |    pointer   |
|input_V_offset          |  in |    58|   ap_none  |       input_V_offset      |    scalar    |
|input_V_offset_ap_vld   |  in |     1|   ap_none  |       input_V_offset      |    scalar    |
|p_read                  |  in |  1024|   ap_none  |           p_read          |    scalar    |
|p_read_ap_vld           |  in |     1|   ap_none  |           p_read          |    scalar    |
|p_read1                 |  in |  1024|   ap_none  |          p_read1          |    scalar    |
|p_read1_ap_vld          |  in |     1|   ap_none  |          p_read1          |    scalar    |
|p_read2                 |  in |  1024|   ap_none  |          p_read2          |    scalar    |
|p_read2_ap_vld          |  in |     1|   ap_none  |          p_read2          |    scalar    |
|p_read3                 |  in |  1024|   ap_none  |          p_read3          |    scalar    |
|p_read3_ap_vld          |  in |     1|   ap_none  |          p_read3          |    scalar    |
|p_read4                 |  in |  1024|   ap_none  |          p_read4          |    scalar    |
|p_read4_ap_vld          |  in |     1|   ap_none  |          p_read4          |    scalar    |
|p_read5                 |  in |  1024|   ap_none  |          p_read5          |    scalar    |
|p_read5_ap_vld          |  in |     1|   ap_none  |          p_read5          |    scalar    |
|p_read6                 |  in |  1024|   ap_none  |          p_read6          |    scalar    |
|p_read6_ap_vld          |  in |     1|   ap_none  |          p_read6          |    scalar    |
|p_read7                 |  in |  1024|   ap_none  |          p_read7          |    scalar    |
|p_read7_ap_vld          |  in |     1|   ap_none  |          p_read7          |    scalar    |
|p_read8                 |  in |  1024|   ap_none  |          p_read8          |    scalar    |
|p_read8_ap_vld          |  in |     1|   ap_none  |          p_read8          |    scalar    |
|p_read9                 |  in |  1024|   ap_none  |          p_read9          |    scalar    |
|p_read9_ap_vld          |  in |     1|   ap_none  |          p_read9          |    scalar    |
|p_read10                |  in |  1024|   ap_none  |          p_read10         |    scalar    |
|p_read10_ap_vld         |  in |     1|   ap_none  |          p_read10         |    scalar    |
|p_read11                |  in |  1024|   ap_none  |          p_read11         |    scalar    |
|p_read11_ap_vld         |  in |     1|   ap_none  |          p_read11         |    scalar    |
|p_read12                |  in |  1024|   ap_none  |          p_read12         |    scalar    |
|p_read12_ap_vld         |  in |     1|   ap_none  |          p_read12         |    scalar    |
|p_read13                |  in |  1024|   ap_none  |          p_read13         |    scalar    |
|p_read13_ap_vld         |  in |     1|   ap_none  |          p_read13         |    scalar    |
|p_read14                |  in |  1024|   ap_none  |          p_read14         |    scalar    |
|p_read14_ap_vld         |  in |     1|   ap_none  |          p_read14         |    scalar    |
|p_read15                |  in |  1024|   ap_none  |          p_read15         |    scalar    |
|p_read15_ap_vld         |  in |     1|   ap_none  |          p_read15         |    scalar    |
|p_read16                |  in |  1024|   ap_none  |          p_read16         |    scalar    |
|p_read16_ap_vld         |  in |     1|   ap_none  |          p_read16         |    scalar    |
|p_read17                |  in |  1024|   ap_none  |          p_read17         |    scalar    |
|p_read17_ap_vld         |  in |     1|   ap_none  |          p_read17         |    scalar    |
|p_read18                |  in |  1024|   ap_none  |          p_read18         |    scalar    |
|p_read18_ap_vld         |  in |     1|   ap_none  |          p_read18         |    scalar    |
|p_read19                |  in |  1024|   ap_none  |          p_read19         |    scalar    |
|p_read19_ap_vld         |  in |     1|   ap_none  |          p_read19         |    scalar    |
|p_read20                |  in |  1024|   ap_none  |          p_read20         |    scalar    |
|p_read20_ap_vld         |  in |     1|   ap_none  |          p_read20         |    scalar    |
|p_read21                |  in |  1024|   ap_none  |          p_read21         |    scalar    |
|p_read21_ap_vld         |  in |     1|   ap_none  |          p_read21         |    scalar    |
|p_read22                |  in |  1024|   ap_none  |          p_read22         |    scalar    |
|p_read22_ap_vld         |  in |     1|   ap_none  |          p_read22         |    scalar    |
|p_read23                |  in |  1024|   ap_none  |          p_read23         |    scalar    |
|p_read23_ap_vld         |  in |     1|   ap_none  |          p_read23         |    scalar    |
|p_read24                |  in |  1024|   ap_none  |          p_read24         |    scalar    |
|p_read24_ap_vld         |  in |     1|   ap_none  |          p_read24         |    scalar    |
|p_read25                |  in |  1024|   ap_none  |          p_read25         |    scalar    |
|p_read25_ap_vld         |  in |     1|   ap_none  |          p_read25         |    scalar    |
|p_read26                |  in |  1024|   ap_none  |          p_read26         |    scalar    |
|p_read26_ap_vld         |  in |     1|   ap_none  |          p_read26         |    scalar    |
|p_read27                |  in |  1024|   ap_none  |          p_read27         |    scalar    |
|p_read27_ap_vld         |  in |     1|   ap_none  |          p_read27         |    scalar    |
|p_read28                |  in |  1024|   ap_none  |          p_read28         |    scalar    |
|p_read28_ap_vld         |  in |     1|   ap_none  |          p_read28         |    scalar    |
|p_read29                |  in |  1024|   ap_none  |          p_read29         |    scalar    |
|p_read29_ap_vld         |  in |     1|   ap_none  |          p_read29         |    scalar    |
|p_read30                |  in |  1024|   ap_none  |          p_read30         |    scalar    |
|p_read30_ap_vld         |  in |     1|   ap_none  |          p_read30         |    scalar    |
|p_read31                |  in |  1024|   ap_none  |          p_read31         |    scalar    |
|p_read31_ap_vld         |  in |     1|   ap_none  |          p_read31         |    scalar    |
|p_read32                |  in |  1024|   ap_none  |          p_read32         |    scalar    |
|p_read32_ap_vld         |  in |     1|   ap_none  |          p_read32         |    scalar    |
|p_read33                |  in |  1024|   ap_none  |          p_read33         |    scalar    |
|p_read33_ap_vld         |  in |     1|   ap_none  |          p_read33         |    scalar    |
|p_read34                |  in |  1024|   ap_none  |          p_read34         |    scalar    |
|p_read34_ap_vld         |  in |     1|   ap_none  |          p_read34         |    scalar    |
|p_read35                |  in |  1024|   ap_none  |          p_read35         |    scalar    |
|p_read35_ap_vld         |  in |     1|   ap_none  |          p_read35         |    scalar    |
|p_read36                |  in |  1024|   ap_none  |          p_read36         |    scalar    |
|p_read36_ap_vld         |  in |     1|   ap_none  |          p_read36         |    scalar    |
|p_read37                |  in |  1024|   ap_none  |          p_read37         |    scalar    |
|p_read37_ap_vld         |  in |     1|   ap_none  |          p_read37         |    scalar    |
|p_read38                |  in |  1024|   ap_none  |          p_read38         |    scalar    |
|p_read38_ap_vld         |  in |     1|   ap_none  |          p_read38         |    scalar    |
|p_read39                |  in |  1024|   ap_none  |          p_read39         |    scalar    |
|p_read39_ap_vld         |  in |     1|   ap_none  |          p_read39         |    scalar    |
|p_read40                |  in |  1024|   ap_none  |          p_read40         |    scalar    |
|p_read40_ap_vld         |  in |     1|   ap_none  |          p_read40         |    scalar    |
|p_read41                |  in |  1024|   ap_none  |          p_read41         |    scalar    |
|p_read41_ap_vld         |  in |     1|   ap_none  |          p_read41         |    scalar    |
|p_read42                |  in |  1024|   ap_none  |          p_read42         |    scalar    |
|p_read42_ap_vld         |  in |     1|   ap_none  |          p_read42         |    scalar    |
|p_read43                |  in |  1024|   ap_none  |          p_read43         |    scalar    |
|p_read43_ap_vld         |  in |     1|   ap_none  |          p_read43         |    scalar    |
|p_read44                |  in |  1024|   ap_none  |          p_read44         |    scalar    |
|p_read44_ap_vld         |  in |     1|   ap_none  |          p_read44         |    scalar    |
|p_read45                |  in |  1024|   ap_none  |          p_read45         |    scalar    |
|p_read45_ap_vld         |  in |     1|   ap_none  |          p_read45         |    scalar    |
|p_read46                |  in |  1024|   ap_none  |          p_read46         |    scalar    |
|p_read46_ap_vld         |  in |     1|   ap_none  |          p_read46         |    scalar    |
|p_read47                |  in |  1024|   ap_none  |          p_read47         |    scalar    |
|p_read47_ap_vld         |  in |     1|   ap_none  |          p_read47         |    scalar    |
|p_read48                |  in |  1024|   ap_none  |          p_read48         |    scalar    |
|p_read48_ap_vld         |  in |     1|   ap_none  |          p_read48         |    scalar    |
|p_read49                |  in |  1024|   ap_none  |          p_read49         |    scalar    |
|p_read49_ap_vld         |  in |     1|   ap_none  |          p_read49         |    scalar    |
|p_read50                |  in |  1024|   ap_none  |          p_read50         |    scalar    |
|p_read50_ap_vld         |  in |     1|   ap_none  |          p_read50         |    scalar    |
|p_read51                |  in |  1024|   ap_none  |          p_read51         |    scalar    |
|p_read51_ap_vld         |  in |     1|   ap_none  |          p_read51         |    scalar    |
|p_read52                |  in |  1024|   ap_none  |          p_read52         |    scalar    |
|p_read52_ap_vld         |  in |     1|   ap_none  |          p_read52         |    scalar    |
|p_read53                |  in |  1024|   ap_none  |          p_read53         |    scalar    |
|p_read53_ap_vld         |  in |     1|   ap_none  |          p_read53         |    scalar    |
|p_read54                |  in |  1024|   ap_none  |          p_read54         |    scalar    |
|p_read54_ap_vld         |  in |     1|   ap_none  |          p_read54         |    scalar    |
|p_read55                |  in |  1024|   ap_none  |          p_read55         |    scalar    |
|p_read55_ap_vld         |  in |     1|   ap_none  |          p_read55         |    scalar    |
|p_read56                |  in |  1024|   ap_none  |          p_read56         |    scalar    |
|p_read56_ap_vld         |  in |     1|   ap_none  |          p_read56         |    scalar    |
|p_read57                |  in |  1024|   ap_none  |          p_read57         |    scalar    |
|p_read57_ap_vld         |  in |     1|   ap_none  |          p_read57         |    scalar    |
|p_read58                |  in |  1024|   ap_none  |          p_read58         |    scalar    |
|p_read58_ap_vld         |  in |     1|   ap_none  |          p_read58         |    scalar    |
|p_read59                |  in |  1024|   ap_none  |          p_read59         |    scalar    |
|p_read59_ap_vld         |  in |     1|   ap_none  |          p_read59         |    scalar    |
|p_read60                |  in |  1024|   ap_none  |          p_read60         |    scalar    |
|p_read60_ap_vld         |  in |     1|   ap_none  |          p_read60         |    scalar    |
|p_read61                |  in |  1024|   ap_none  |          p_read61         |    scalar    |
|p_read61_ap_vld         |  in |     1|   ap_none  |          p_read61         |    scalar    |
|p_read62                |  in |  1024|   ap_none  |          p_read62         |    scalar    |
|p_read62_ap_vld         |  in |     1|   ap_none  |          p_read62         |    scalar    |
|p_read63                |  in |  1024|   ap_none  |          p_read63         |    scalar    |
|p_read63_ap_vld         |  in |     1|   ap_none  |          p_read63         |    scalar    |
|p_read64                |  in |    11|   ap_none  |          p_read64         |    scalar    |
|p_read64_ap_vld         |  in |     1|   ap_none  |          p_read64         |    scalar    |
|p_read65                |  in |    11|   ap_none  |          p_read65         |    scalar    |
|p_read65_ap_vld         |  in |     1|   ap_none  |          p_read65         |    scalar    |
|p_read66                |  in |    11|   ap_none  |          p_read66         |    scalar    |
|p_read66_ap_vld         |  in |     1|   ap_none  |          p_read66         |    scalar    |
|p_read67                |  in |    11|   ap_none  |          p_read67         |    scalar    |
|p_read67_ap_vld         |  in |     1|   ap_none  |          p_read67         |    scalar    |
|p_read68                |  in |    11|   ap_none  |          p_read68         |    scalar    |
|p_read68_ap_vld         |  in |     1|   ap_none  |          p_read68         |    scalar    |
|p_read69                |  in |    11|   ap_none  |          p_read69         |    scalar    |
|p_read69_ap_vld         |  in |     1|   ap_none  |          p_read69         |    scalar    |
|p_read70                |  in |    11|   ap_none  |          p_read70         |    scalar    |
|p_read70_ap_vld         |  in |     1|   ap_none  |          p_read70         |    scalar    |
|p_read71                |  in |    11|   ap_none  |          p_read71         |    scalar    |
|p_read71_ap_vld         |  in |     1|   ap_none  |          p_read71         |    scalar    |
|p_read72                |  in |    11|   ap_none  |          p_read72         |    scalar    |
|p_read72_ap_vld         |  in |     1|   ap_none  |          p_read72         |    scalar    |
|p_read73                |  in |    11|   ap_none  |          p_read73         |    scalar    |
|p_read73_ap_vld         |  in |     1|   ap_none  |          p_read73         |    scalar    |
|p_read74                |  in |    11|   ap_none  |          p_read74         |    scalar    |
|p_read74_ap_vld         |  in |     1|   ap_none  |          p_read74         |    scalar    |
|p_read75                |  in |    11|   ap_none  |          p_read75         |    scalar    |
|p_read75_ap_vld         |  in |     1|   ap_none  |          p_read75         |    scalar    |
|p_read76                |  in |    11|   ap_none  |          p_read76         |    scalar    |
|p_read76_ap_vld         |  in |     1|   ap_none  |          p_read76         |    scalar    |
|p_read77                |  in |    11|   ap_none  |          p_read77         |    scalar    |
|p_read77_ap_vld         |  in |     1|   ap_none  |          p_read77         |    scalar    |
|p_read78                |  in |    11|   ap_none  |          p_read78         |    scalar    |
|p_read78_ap_vld         |  in |     1|   ap_none  |          p_read78         |    scalar    |
|p_read79                |  in |    11|   ap_none  |          p_read79         |    scalar    |
|p_read79_ap_vld         |  in |     1|   ap_none  |          p_read79         |    scalar    |
|p_read80                |  in |    11|   ap_none  |          p_read80         |    scalar    |
|p_read80_ap_vld         |  in |     1|   ap_none  |          p_read80         |    scalar    |
|p_read81                |  in |    11|   ap_none  |          p_read81         |    scalar    |
|p_read81_ap_vld         |  in |     1|   ap_none  |          p_read81         |    scalar    |
|p_read82                |  in |    11|   ap_none  |          p_read82         |    scalar    |
|p_read82_ap_vld         |  in |     1|   ap_none  |          p_read82         |    scalar    |
|p_read83                |  in |    11|   ap_none  |          p_read83         |    scalar    |
|p_read83_ap_vld         |  in |     1|   ap_none  |          p_read83         |    scalar    |
|p_read84                |  in |    11|   ap_none  |          p_read84         |    scalar    |
|p_read84_ap_vld         |  in |     1|   ap_none  |          p_read84         |    scalar    |
|p_read85                |  in |    11|   ap_none  |          p_read85         |    scalar    |
|p_read85_ap_vld         |  in |     1|   ap_none  |          p_read85         |    scalar    |
|p_read86                |  in |    11|   ap_none  |          p_read86         |    scalar    |
|p_read86_ap_vld         |  in |     1|   ap_none  |          p_read86         |    scalar    |
|p_read87                |  in |    11|   ap_none  |          p_read87         |    scalar    |
|p_read87_ap_vld         |  in |     1|   ap_none  |          p_read87         |    scalar    |
|p_read88                |  in |    11|   ap_none  |          p_read88         |    scalar    |
|p_read88_ap_vld         |  in |     1|   ap_none  |          p_read88         |    scalar    |
|p_read89                |  in |    11|   ap_none  |          p_read89         |    scalar    |
|p_read89_ap_vld         |  in |     1|   ap_none  |          p_read89         |    scalar    |
|p_read90                |  in |    11|   ap_none  |          p_read90         |    scalar    |
|p_read90_ap_vld         |  in |     1|   ap_none  |          p_read90         |    scalar    |
|p_read91                |  in |    11|   ap_none  |          p_read91         |    scalar    |
|p_read91_ap_vld         |  in |     1|   ap_none  |          p_read91         |    scalar    |
|p_read92                |  in |    11|   ap_none  |          p_read92         |    scalar    |
|p_read92_ap_vld         |  in |     1|   ap_none  |          p_read92         |    scalar    |
|p_read93                |  in |    11|   ap_none  |          p_read93         |    scalar    |
|p_read93_ap_vld         |  in |     1|   ap_none  |          p_read93         |    scalar    |
|p_read94                |  in |    11|   ap_none  |          p_read94         |    scalar    |
|p_read94_ap_vld         |  in |     1|   ap_none  |          p_read94         |    scalar    |
|p_read95                |  in |    11|   ap_none  |          p_read95         |    scalar    |
|p_read95_ap_vld         |  in |     1|   ap_none  |          p_read95         |    scalar    |
|p_read96                |  in |    11|   ap_none  |          p_read96         |    scalar    |
|p_read96_ap_vld         |  in |     1|   ap_none  |          p_read96         |    scalar    |
|p_read97                |  in |    11|   ap_none  |          p_read97         |    scalar    |
|p_read97_ap_vld         |  in |     1|   ap_none  |          p_read97         |    scalar    |
|p_read98                |  in |    11|   ap_none  |          p_read98         |    scalar    |
|p_read98_ap_vld         |  in |     1|   ap_none  |          p_read98         |    scalar    |
|p_read99                |  in |    11|   ap_none  |          p_read99         |    scalar    |
|p_read99_ap_vld         |  in |     1|   ap_none  |          p_read99         |    scalar    |
|p_read100               |  in |    11|   ap_none  |         p_read100         |    scalar    |
|p_read100_ap_vld        |  in |     1|   ap_none  |         p_read100         |    scalar    |
|p_read101               |  in |    11|   ap_none  |         p_read101         |    scalar    |
|p_read101_ap_vld        |  in |     1|   ap_none  |         p_read101         |    scalar    |
|p_read102               |  in |    11|   ap_none  |         p_read102         |    scalar    |
|p_read102_ap_vld        |  in |     1|   ap_none  |         p_read102         |    scalar    |
|p_read103               |  in |    11|   ap_none  |         p_read103         |    scalar    |
|p_read103_ap_vld        |  in |     1|   ap_none  |         p_read103         |    scalar    |
|p_read104               |  in |    11|   ap_none  |         p_read104         |    scalar    |
|p_read104_ap_vld        |  in |     1|   ap_none  |         p_read104         |    scalar    |
|p_read105               |  in |    11|   ap_none  |         p_read105         |    scalar    |
|p_read105_ap_vld        |  in |     1|   ap_none  |         p_read105         |    scalar    |
|p_read106               |  in |    11|   ap_none  |         p_read106         |    scalar    |
|p_read106_ap_vld        |  in |     1|   ap_none  |         p_read106         |    scalar    |
|p_read107               |  in |    11|   ap_none  |         p_read107         |    scalar    |
|p_read107_ap_vld        |  in |     1|   ap_none  |         p_read107         |    scalar    |
|p_read108               |  in |    11|   ap_none  |         p_read108         |    scalar    |
|p_read108_ap_vld        |  in |     1|   ap_none  |         p_read108         |    scalar    |
|p_read109               |  in |    11|   ap_none  |         p_read109         |    scalar    |
|p_read109_ap_vld        |  in |     1|   ap_none  |         p_read109         |    scalar    |
|p_read110               |  in |    11|   ap_none  |         p_read110         |    scalar    |
|p_read110_ap_vld        |  in |     1|   ap_none  |         p_read110         |    scalar    |
|p_read111               |  in |    11|   ap_none  |         p_read111         |    scalar    |
|p_read111_ap_vld        |  in |     1|   ap_none  |         p_read111         |    scalar    |
|p_read112               |  in |    11|   ap_none  |         p_read112         |    scalar    |
|p_read112_ap_vld        |  in |     1|   ap_none  |         p_read112         |    scalar    |
|p_read113               |  in |    11|   ap_none  |         p_read113         |    scalar    |
|p_read113_ap_vld        |  in |     1|   ap_none  |         p_read113         |    scalar    |
|p_read114               |  in |    11|   ap_none  |         p_read114         |    scalar    |
|p_read114_ap_vld        |  in |     1|   ap_none  |         p_read114         |    scalar    |
|p_read115               |  in |    11|   ap_none  |         p_read115         |    scalar    |
|p_read115_ap_vld        |  in |     1|   ap_none  |         p_read115         |    scalar    |
|p_read116               |  in |    11|   ap_none  |         p_read116         |    scalar    |
|p_read116_ap_vld        |  in |     1|   ap_none  |         p_read116         |    scalar    |
|p_read117               |  in |    11|   ap_none  |         p_read117         |    scalar    |
|p_read117_ap_vld        |  in |     1|   ap_none  |         p_read117         |    scalar    |
|p_read118               |  in |    11|   ap_none  |         p_read118         |    scalar    |
|p_read118_ap_vld        |  in |     1|   ap_none  |         p_read118         |    scalar    |
|p_read119               |  in |    11|   ap_none  |         p_read119         |    scalar    |
|p_read119_ap_vld        |  in |     1|   ap_none  |         p_read119         |    scalar    |
|p_read120               |  in |    11|   ap_none  |         p_read120         |    scalar    |
|p_read120_ap_vld        |  in |     1|   ap_none  |         p_read120         |    scalar    |
|p_read121               |  in |    11|   ap_none  |         p_read121         |    scalar    |
|p_read121_ap_vld        |  in |     1|   ap_none  |         p_read121         |    scalar    |
|p_read122               |  in |    11|   ap_none  |         p_read122         |    scalar    |
|p_read122_ap_vld        |  in |     1|   ap_none  |         p_read122         |    scalar    |
|p_read123               |  in |    11|   ap_none  |         p_read123         |    scalar    |
|p_read123_ap_vld        |  in |     1|   ap_none  |         p_read123         |    scalar    |
|p_read124               |  in |    11|   ap_none  |         p_read124         |    scalar    |
|p_read124_ap_vld        |  in |     1|   ap_none  |         p_read124         |    scalar    |
|p_read125               |  in |    11|   ap_none  |         p_read125         |    scalar    |
|p_read125_ap_vld        |  in |     1|   ap_none  |         p_read125         |    scalar    |
|p_read126               |  in |    11|   ap_none  |         p_read126         |    scalar    |
|p_read126_ap_vld        |  in |     1|   ap_none  |         p_read126         |    scalar    |
|p_read127               |  in |    11|   ap_none  |         p_read127         |    scalar    |
|p_read127_ap_vld        |  in |     1|   ap_none  |         p_read127         |    scalar    |
|result_i                |  in |    32|   ap_ovld  |           result          |    pointer   |
|result_o                | out |    32|   ap_ovld  |           result          |    pointer   |
|result_i_ap_vld         |  in |     1|   ap_ovld  |           result          |    pointer   |
|result_o_ap_vld         | out |     1|   ap_ovld  |           result          |    pointer   |
|ap_clk                  |  in |     1| ap_ctrl_hs | dataflow_parent_loop_proc | return value |
|ap_rst                  |  in |     1| ap_ctrl_hs | dataflow_parent_loop_proc | return value |
|ap_start                |  in |     1| ap_ctrl_hs | dataflow_parent_loop_proc | return value |
|ap_done                 | out |     1| ap_ctrl_hs | dataflow_parent_loop_proc | return value |
|ap_ready                | out |     1| ap_ctrl_hs | dataflow_parent_loop_proc | return value |
|ap_idle                 | out |     1| ap_ctrl_hs | dataflow_parent_loop_proc | return value |
|ap_continue             |  in |     1| ap_ctrl_hs | dataflow_parent_loop_proc | return value |
+------------------------+-----+------+------------+---------------------------+--------------+

