

================================================================
== Vivado HLS Report for 'popcnt'
================================================================
* Date:           Sun Dec 15 14:22:00 2019

* Version:        2018.3 (Build 2405991 on Thu Dec 06 23:56:15 MST 2018)
* Project:        tancoeff
* Solution:       tancoeff
* Product family: virtexuplus
* Target device:  xcvu9p-fsgd2104-2L-e


================================================================
== Performance Estimates
================================================================
+ Timing (ns): 
    * Summary: 
    +--------+-------+----------+------------+
    |  Clock | Target| Estimated| Uncertainty|
    +--------+-------+----------+------------+
    |ap_clk  |   3.33|     2.382|        0.90|
    +--------+-------+----------+------------+

+ Latency (clock cycles): 
    * Summary: 
    +-----+-----+-----+-----+----------+
    |  Latency  |  Interval | Pipeline |
    | min | max | min | max |   Type   |
    +-----+-----+-----+-----+----------+
    |    6|    6|    1|    1| function |
    +-----+-----+-----+-----+----------+

    + Detail: 
        * Instance: 
        N/A

        * Loop: 
        N/A



================================================================
== Utilization Estimates
================================================================
* Summary: 
+-----------------+---------+-------+---------+---------+-----+
|       Name      | BRAM_18K| DSP48E|    FF   |   LUT   | URAM|
+-----------------+---------+-------+---------+---------+-----+
|DSP              |        -|      -|        -|        -|    -|
|Expression       |        -|      -|        0|     5957|    -|
|FIFO             |        -|      -|        -|        -|    -|
|Instance         |        -|      -|        -|        -|    -|
|Memory           |        -|      -|        -|        -|    -|
|Multiplexer      |        -|      -|        -|        9|    -|
|Register         |        0|      -|     1945|      576|    -|
+-----------------+---------+-------+---------+---------+-----+
|Total            |        0|      0|     1945|     6542|    0|
+-----------------+---------+-------+---------+---------+-----+
|Available        |     4320|   6840|  2364480|  1182240|  960|
+-----------------+---------+-------+---------+---------+-----+
|Utilization (%)  |        0|      0|    ~0   |    ~0   |    0|
+-----------------+---------+-------+---------+---------+-----+

+ Detail: 
    * Instance: 
    N/A

    * DSP48: 
    N/A

    * Memory: 
    N/A

    * FIFO: 
    N/A

    * Expression: 
    +--------------------+----------+-------+---+----+------------+------------+
    |    Variable Name   | Operation| DSP48E| FF| LUT| Bitwidth P0| Bitwidth P1|
    +--------------------+----------+-------+---+----+------------+------------+
    |tmp100_fu_3354_p2   |     +    |      0|  0|   9|           2|           2|
    |tmp101_fu_3394_p2   |     +    |      0|  0|  11|           3|           3|
    |tmp102_fu_3374_p2   |     +    |      0|  0|   9|           2|           2|
    |tmp103_fu_3384_p2   |     +    |      0|  0|   9|           2|           2|
    |tmp104_fu_3566_p2   |     +    |      0|  0|  15|           5|           5|
    |tmp105_fu_3480_p2   |     +    |      0|  0|  12|           4|           4|
    |tmp106_fu_3440_p2   |     +    |      0|  0|  11|           3|           3|
    |tmp107_fu_3420_p2   |     +    |      0|  0|   9|           2|           2|
    |tmp108_fu_3430_p2   |     +    |      0|  0|   9|           2|           2|
    |tmp109_fu_3470_p2   |     +    |      0|  0|  11|           3|           3|
    |tmp10_fu_1296_p2    |     +    |      0|  0|  23|           2|           2|
    |tmp110_fu_3450_p2   |     +    |      0|  0|   9|           2|           2|
    |tmp111_fu_3460_p2   |     +    |      0|  0|   9|           2|           2|
    |tmp112_fu_3556_p2   |     +    |      0|  0|  12|           4|           4|
    |tmp113_fu_3510_p2   |     +    |      0|  0|  11|           3|           3|
    |tmp114_fu_3490_p2   |     +    |      0|  0|   9|           2|           2|
    |tmp115_fu_3500_p2   |     +    |      0|  0|   9|           2|           2|
    |tmp116_fu_3546_p2   |     +    |      0|  0|  11|           3|           3|
    |tmp117_fu_3520_p2   |     +    |      0|  0|   9|           2|           2|
    |tmp118_fu_3536_p2   |     +    |      0|  0|  23|           2|           2|
    |tmp119_fu_3530_p2   |     +    |      0|  0|  23|           2|           2|
    |tmp11_fu_1576_p2    |     +    |      0|  0|  23|           5|           5|
    |tmp120_fu_11968_p2  |     +    |      0|  0|  23|           8|           8|
    |tmp121_fu_11959_p2  |     +    |      0|  0|  23|           8|           8|
    |tmp122_fu_11950_p2  |     +    |      0|  0|  23|           8|           8|
    |tmp123_fu_11941_p2  |     +    |      0|  0|  23|           8|           8|
    |tmp124_fu_11932_p2  |     +    |      0|  0|  23|           8|           8|
    |tmp125_fu_11916_p2  |     +    |      0|  0|  15|           8|           8|
    |tmp126_fu_11922_p2  |     +    |      0|  0|   9|           2|           2|
    |tmp127_fu_5116_p2   |     +    |      0|  0|  11|           3|           3|
    |tmp128_fu_5096_p2   |     +    |      0|  0|   9|           2|           2|
    |tmp129_fu_5106_p2   |     +    |      0|  0|   9|           2|           2|
    |tmp12_fu_1540_p2    |     +    |      0|  0|  23|           5|           5|
    |tmp130_fu_5182_p2   |     +    |      0|  0|  12|           4|           4|
    |tmp131_fu_5142_p2   |     +    |      0|  0|  11|           3|           3|
    |tmp132_fu_5122_p2   |     +    |      0|  0|   9|           2|           2|
    |tmp133_fu_5132_p2   |     +    |      0|  0|   9|           2|           2|
    |tmp134_fu_5172_p2   |     +    |      0|  0|  11|           3|           3|
    |tmp135_fu_5152_p2   |     +    |      0|  0|   9|           2|           2|
    |tmp136_fu_5162_p2   |     +    |      0|  0|   9|           2|           2|
    |tmp137_fu_5328_p2   |     +    |      0|  0|  15|           5|           5|
    |tmp138_fu_5248_p2   |     +    |      0|  0|  12|           4|           4|
    |tmp139_fu_5208_p2   |     +    |      0|  0|  11|           3|           3|
    |tmp13_fu_1524_p2    |     +    |      0|  0|  23|           5|           5|
    |tmp140_fu_5188_p2   |     +    |      0|  0|   9|           2|           2|
    |tmp141_fu_5198_p2   |     +    |      0|  0|   9|           2|           2|
    |tmp142_fu_5238_p2   |     +    |      0|  0|  11|           3|           3|
    |tmp143_fu_5218_p2   |     +    |      0|  0|   9|           2|           2|
    |tmp144_fu_5228_p2   |     +    |      0|  0|   9|           2|           2|
    |tmp145_fu_5318_p2   |     +    |      0|  0|  12|           4|           4|
    |tmp146_fu_5278_p2   |     +    |      0|  0|  11|           3|           3|
    |tmp147_fu_5258_p2   |     +    |      0|  0|   9|           2|           2|
    |tmp148_fu_5268_p2   |     +    |      0|  0|   9|           2|           2|
    |tmp149_fu_5308_p2   |     +    |      0|  0|  11|           3|           3|
    |tmp14_fu_1530_p2    |     +    |      0|  0|   9|           2|           2|
    |tmp150_fu_5288_p2   |     +    |      0|  0|   9|           2|           2|
    |tmp151_fu_5298_p2   |     +    |      0|  0|   9|           2|           2|
    |tmp152_fu_11663_p2  |     +    |      0|  0|  15|           6|           6|
    |tmp153_fu_5474_p2   |     +    |      0|  0|  15|           5|           5|
    |tmp154_fu_5394_p2   |     +    |      0|  0|  12|           4|           4|
    |tmp155_fu_5354_p2   |     +    |      0|  0|  11|           3|           3|
    |tmp156_fu_5334_p2   |     +    |      0|  0|   9|           2|           2|
    |tmp157_fu_5344_p2   |     +    |      0|  0|   9|           2|           2|
    |tmp158_fu_5384_p2   |     +    |      0|  0|  11|           3|           3|
    |tmp159_fu_5364_p2   |     +    |      0|  0|   9|           2|           2|
    |tmp15_fu_1566_p2    |     +    |      0|  0|  11|           3|           3|
    |tmp160_fu_5374_p2   |     +    |      0|  0|   9|           2|           2|
    |tmp161_fu_5464_p2   |     +    |      0|  0|  12|           4|           4|
    |tmp162_fu_5424_p2   |     +    |      0|  0|  11|           3|           3|
    |tmp163_fu_5404_p2   |     +    |      0|  0|   9|           2|           2|
    |tmp164_fu_5414_p2   |     +    |      0|  0|   9|           2|           2|
    |tmp165_fu_5454_p2   |     +    |      0|  0|  11|           3|           3|
    |tmp166_fu_5434_p2   |     +    |      0|  0|   9|           2|           2|
    |tmp167_fu_5444_p2   |     +    |      0|  0|   9|           2|           2|
    |tmp168_fu_5620_p2   |     +    |      0|  0|  15|           5|           5|
    |tmp169_fu_5540_p2   |     +    |      0|  0|  12|           4|           4|
    |tmp16_fu_1546_p2    |     +    |      0|  0|   9|           2|           2|
    |tmp170_fu_5500_p2   |     +    |      0|  0|  11|           3|           3|
    |tmp171_fu_5480_p2   |     +    |      0|  0|   9|           2|           2|
    |tmp172_fu_5490_p2   |     +    |      0|  0|   9|           2|           2|
    |tmp173_fu_5530_p2   |     +    |      0|  0|  11|           3|           3|
    |tmp174_fu_5510_p2   |     +    |      0|  0|   9|           2|           2|
    |tmp175_fu_5520_p2   |     +    |      0|  0|   9|           2|           2|
    |tmp176_fu_5610_p2   |     +    |      0|  0|  12|           4|           4|
    |tmp177_fu_5570_p2   |     +    |      0|  0|  11|           3|           3|
    |tmp178_fu_5550_p2   |     +    |      0|  0|   9|           2|           2|
    |tmp179_fu_5560_p2   |     +    |      0|  0|   9|           2|           2|
    |tmp17_fu_1556_p2    |     +    |      0|  0|   9|           2|           2|
    |tmp180_fu_5600_p2   |     +    |      0|  0|  11|           3|           3|
    |tmp181_fu_5580_p2   |     +    |      0|  0|   9|           2|           2|
    |tmp182_fu_5590_p2   |     +    |      0|  0|   9|           2|           2|
    |tmp183_fu_11701_p2  |     +    |      0|  0|  15|           7|           7|
    |tmp184_fu_11675_p2  |     +    |      0|  0|  15|           6|           6|
    |tmp185_fu_5766_p2   |     +    |      0|  0|  15|           5|           5|
    |tmp186_fu_5686_p2   |     +    |      0|  0|  12|           4|           4|
    |tmp187_fu_5646_p2   |     +    |      0|  0|  11|           3|           3|
    |tmp188_fu_5626_p2   |     +    |      0|  0|   9|           2|           2|
    |tmp189_fu_5636_p2   |     +    |      0|  0|   9|           2|           2|
    |tmp18_fu_1648_p2    |     +    |      0|  0|  12|           4|           4|
    |tmp190_fu_5676_p2   |     +    |      0|  0|  11|           3|           3|
    |tmp191_fu_5656_p2   |     +    |      0|  0|   9|           2|           2|
    |tmp192_fu_5666_p2   |     +    |      0|  0|   9|           2|           2|
    |tmp193_fu_5756_p2   |     +    |      0|  0|  12|           4|           4|
    |tmp194_fu_5716_p2   |     +    |      0|  0|  11|           3|           3|
    |tmp195_fu_5696_p2   |     +    |      0|  0|   9|           2|           2|
    |tmp196_fu_5706_p2   |     +    |      0|  0|   9|           2|           2|
    |tmp197_fu_5746_p2   |     +    |      0|  0|  11|           3|           3|
    |tmp198_fu_5726_p2   |     +    |      0|  0|   9|           2|           2|
    |tmp199_fu_5736_p2   |     +    |      0|  0|   9|           2|           2|
    |tmp19_fu_1602_p2    |     +    |      0|  0|  11|           3|           3|
    |tmp1_fu_1136_p2     |     +    |      0|  0|  23|           3|           3|
    |tmp200_fu_5912_p2   |     +    |      0|  0|  15|           5|           5|
    |tmp201_fu_5832_p2   |     +    |      0|  0|  12|           4|           4|
    |tmp202_fu_5792_p2   |     +    |      0|  0|  11|           3|           3|
    |tmp203_fu_5772_p2   |     +    |      0|  0|   9|           2|           2|
    |tmp204_fu_5782_p2   |     +    |      0|  0|   9|           2|           2|
    |tmp205_fu_5822_p2   |     +    |      0|  0|  11|           3|           3|
    |tmp206_fu_5802_p2   |     +    |      0|  0|   9|           2|           2|
    |tmp207_fu_5812_p2   |     +    |      0|  0|   9|           2|           2|
    |tmp208_fu_5902_p2   |     +    |      0|  0|  12|           4|           4|
    |tmp209_fu_5862_p2   |     +    |      0|  0|  11|           3|           3|
    |tmp20_fu_1582_p2    |     +    |      0|  0|   9|           2|           2|
    |tmp210_fu_5842_p2   |     +    |      0|  0|   9|           2|           2|
    |tmp211_fu_5852_p2   |     +    |      0|  0|   9|           2|           2|
    |tmp212_fu_5892_p2   |     +    |      0|  0|  11|           3|           3|
    |tmp213_fu_5872_p2   |     +    |      0|  0|   9|           2|           2|
    |tmp214_fu_5882_p2   |     +    |      0|  0|   9|           2|           2|
    |tmp215_fu_11691_p2  |     +    |      0|  0|  15|           6|           6|
    |tmp216_fu_6058_p2   |     +    |      0|  0|  15|           5|           5|
    |tmp217_fu_5978_p2   |     +    |      0|  0|  12|           4|           4|
    |tmp218_fu_5938_p2   |     +    |      0|  0|  11|           3|           3|
    |tmp219_fu_5918_p2   |     +    |      0|  0|   9|           2|           2|
    |tmp21_fu_1592_p2    |     +    |      0|  0|   9|           2|           2|
    |tmp220_fu_5928_p2   |     +    |      0|  0|   9|           2|           2|
    |tmp221_fu_5968_p2   |     +    |      0|  0|  11|           3|           3|
    |tmp222_fu_5948_p2   |     +    |      0|  0|   9|           2|           2|
    |tmp223_fu_5958_p2   |     +    |      0|  0|   9|           2|           2|
    |tmp224_fu_6048_p2   |     +    |      0|  0|  12|           4|           4|
    |tmp225_fu_6008_p2   |     +    |      0|  0|  11|           3|           3|
    |tmp226_fu_5988_p2   |     +    |      0|  0|   9|           2|           2|
    |tmp227_fu_5998_p2   |     +    |      0|  0|   9|           2|           2|
    |tmp228_fu_6038_p2   |     +    |      0|  0|  11|           3|           3|
    |tmp229_fu_6018_p2   |     +    |      0|  0|   9|           2|           2|
    |tmp22_fu_1638_p2    |     +    |      0|  0|  11|           3|           3|
    |tmp230_fu_6028_p2   |     +    |      0|  0|   9|           2|           2|
    |tmp231_fu_6210_p2   |     +    |      0|  0|  15|           5|           5|
    |tmp232_fu_6124_p2   |     +    |      0|  0|  12|           4|           4|
    |tmp233_fu_6084_p2   |     +    |      0|  0|  11|           3|           3|
    |tmp234_fu_6064_p2   |     +    |      0|  0|   9|           2|           2|
    |tmp235_fu_6074_p2   |     +    |      0|  0|   9|           2|           2|
    |tmp236_fu_6114_p2   |     +    |      0|  0|  11|           3|           3|
    |tmp237_fu_6094_p2   |     +    |      0|  0|   9|           2|           2|
    |tmp238_fu_6104_p2   |     +    |      0|  0|   9|           2|           2|
    |tmp239_fu_6200_p2   |     +    |      0|  0|  12|           4|           4|
    |tmp23_fu_1612_p2    |     +    |      0|  0|   9|           2|           2|
    |tmp240_fu_6154_p2   |     +    |      0|  0|  11|           3|           3|
    |tmp241_fu_6134_p2   |     +    |      0|  0|   9|           2|           2|
    |tmp242_fu_6144_p2   |     +    |      0|  0|   9|           2|           2|
    |tmp243_fu_6190_p2   |     +    |      0|  0|  11|           3|           3|
    |tmp244_fu_6164_p2   |     +    |      0|  0|   9|           2|           2|
    |tmp245_fu_6180_p2   |     +    |      0|  0|  23|           2|           2|
    |tmp246_fu_6174_p2   |     +    |      0|  0|  23|           2|           2|
    |tmp247_fu_12055_p2  |     +    |      0|  0|  23|           9|           9|
    |tmp248_fu_12046_p2  |     +    |      0|  0|  23|           9|           9|
    |tmp249_fu_12037_p2  |     +    |      0|  0|  23|           9|           9|
    |tmp24_fu_1628_p2    |     +    |      0|  0|  23|           2|           2|
    |tmp250_fu_12028_p2  |     +    |      0|  0|  23|           9|           9|
    |tmp251_fu_12020_p2  |     +    |      0|  0|  23|           9|           9|
    |tmp252_fu_12011_p2  |     +    |      0|  0|  23|           9|           9|
    |tmp253_fu_11995_p2  |     +    |      0|  0|  23|           9|           9|
    |tmp254_fu_12001_p2  |     +    |      0|  0|   9|           2|           2|
    |tmp255_fu_9296_p2   |     +    |      0|  0|  11|           3|           3|
    |tmp256_fu_9276_p2   |     +    |      0|  0|   9|           2|           2|
    |tmp257_fu_9286_p2   |     +    |      0|  0|   9|           2|           2|
    |tmp258_fu_9362_p2   |     +    |      0|  0|  12|           4|           4|
    |tmp259_fu_9322_p2   |     +    |      0|  0|  11|           3|           3|
    |tmp25_fu_1622_p2    |     +    |      0|  0|  23|           2|           2|
    |tmp260_fu_9302_p2   |     +    |      0|  0|   9|           2|           2|
    |tmp261_fu_9312_p2   |     +    |      0|  0|   9|           2|           2|
    |tmp262_fu_9352_p2   |     +    |      0|  0|  11|           3|           3|
    |tmp263_fu_9332_p2   |     +    |      0|  0|   9|           2|           2|
    |tmp264_fu_9342_p2   |     +    |      0|  0|   9|           2|           2|
    |tmp265_fu_9508_p2   |     +    |      0|  0|  15|           5|           5|
    |tmp266_fu_9428_p2   |     +    |      0|  0|  12|           4|           4|
    |tmp267_fu_9388_p2   |     +    |      0|  0|  11|           3|           3|
    |tmp268_fu_9368_p2   |     +    |      0|  0|   9|           2|           2|
    |tmp269_fu_9378_p2   |     +    |      0|  0|   9|           2|           2|
    |tmp26_fu_11618_p2   |     +    |      0|  0|  23|           6|           6|
    |tmp270_fu_9418_p2   |     +    |      0|  0|  11|           3|           3|
    |tmp271_fu_9398_p2   |     +    |      0|  0|   9|           2|           2|
    |tmp272_fu_9408_p2   |     +    |      0|  0|   9|           2|           2|
    |tmp273_fu_9498_p2   |     +    |      0|  0|  12|           4|           4|
    |tmp274_fu_9458_p2   |     +    |      0|  0|  11|           3|           3|
    |tmp275_fu_9438_p2   |     +    |      0|  0|   9|           2|           2|
    |tmp276_fu_9448_p2   |     +    |      0|  0|   9|           2|           2|
    |tmp277_fu_9488_p2   |     +    |      0|  0|  11|           3|           3|
    |tmp278_fu_9468_p2   |     +    |      0|  0|   9|           2|           2|
    |tmp279_fu_9478_p2   |     +    |      0|  0|   9|           2|           2|
    |tmp27_fu_11609_p2   |     +    |      0|  0|  23|           6|           6|
    |tmp280_fu_11713_p2  |     +    |      0|  0|  15|           6|           6|
    |tmp281_fu_9654_p2   |     +    |      0|  0|  15|           5|           5|
    |tmp282_fu_9574_p2   |     +    |      0|  0|  12|           4|           4|
    |tmp283_fu_9534_p2   |     +    |      0|  0|  11|           3|           3|
    |tmp284_fu_9514_p2   |     +    |      0|  0|   9|           2|           2|
    |tmp285_fu_9524_p2   |     +    |      0|  0|   9|           2|           2|
    |tmp286_fu_9564_p2   |     +    |      0|  0|  11|           3|           3|
    |tmp287_fu_9544_p2   |     +    |      0|  0|   9|           2|           2|
    |tmp288_fu_9554_p2   |     +    |      0|  0|   9|           2|           2|
    |tmp289_fu_9644_p2   |     +    |      0|  0|  12|           4|           4|
    |tmp28_fu_11600_p2   |     +    |      0|  0|  23|           6|           6|
    |tmp290_fu_9604_p2   |     +    |      0|  0|  11|           3|           3|
    |tmp291_fu_9584_p2   |     +    |      0|  0|   9|           2|           2|
    |tmp292_fu_9594_p2   |     +    |      0|  0|   9|           2|           2|
    |tmp293_fu_9634_p2   |     +    |      0|  0|  11|           3|           3|
    |tmp294_fu_9614_p2   |     +    |      0|  0|   9|           2|           2|
    |tmp295_fu_9624_p2   |     +    |      0|  0|   9|           2|           2|
    |tmp296_fu_9800_p2   |     +    |      0|  0|  15|           5|           5|
    |tmp297_fu_9720_p2   |     +    |      0|  0|  12|           4|           4|
    |tmp298_fu_9680_p2   |     +    |      0|  0|  11|           3|           3|
    |tmp299_fu_9660_p2   |     +    |      0|  0|   9|           2|           2|
    |tmp29_fu_11584_p2   |     +    |      0|  0|  15|           6|           6|
    |tmp2_fu_1148_p2     |     +    |      0|  0|  23|           2|           2|
    |tmp300_fu_9670_p2   |     +    |      0|  0|   9|           2|           2|
    |tmp301_fu_9710_p2   |     +    |      0|  0|  11|           3|           3|
    |tmp302_fu_9690_p2   |     +    |      0|  0|   9|           2|           2|
    |tmp303_fu_9700_p2   |     +    |      0|  0|   9|           2|           2|
    |tmp304_fu_9790_p2   |     +    |      0|  0|  12|           4|           4|
    |tmp305_fu_9750_p2   |     +    |      0|  0|  11|           3|           3|
    |tmp306_fu_9730_p2   |     +    |      0|  0|   9|           2|           2|
    |tmp307_fu_9740_p2   |     +    |      0|  0|   9|           2|           2|
    |tmp308_fu_9780_p2   |     +    |      0|  0|  11|           3|           3|
    |tmp309_fu_9760_p2   |     +    |      0|  0|   9|           2|           2|
    |tmp30_fu_11590_p2   |     +    |      0|  0|   9|           2|           2|
    |tmp310_fu_9770_p2   |     +    |      0|  0|   9|           2|           2|
    |tmp311_fu_11751_p2  |     +    |      0|  0|  15|           7|           7|
    |tmp312_fu_11725_p2  |     +    |      0|  0|  15|           6|           6|
    |tmp313_fu_9946_p2   |     +    |      0|  0|  15|           5|           5|
    |tmp314_fu_9866_p2   |     +    |      0|  0|  12|           4|           4|
    |tmp315_fu_9826_p2   |     +    |      0|  0|  11|           3|           3|
    |tmp316_fu_9806_p2   |     +    |      0|  0|   9|           2|           2|
    |tmp317_fu_9816_p2   |     +    |      0|  0|   9|           2|           2|
    |tmp318_fu_9856_p2   |     +    |      0|  0|  11|           3|           3|
    |tmp319_fu_9836_p2   |     +    |      0|  0|   9|           2|           2|
    |tmp31_fu_2056_p2    |     +    |      0|  0|  11|           3|           3|
    |tmp320_fu_9846_p2   |     +    |      0|  0|   9|           2|           2|
    |tmp321_fu_9936_p2   |     +    |      0|  0|  12|           4|           4|
    |tmp322_fu_9896_p2   |     +    |      0|  0|  11|           3|           3|
    |tmp323_fu_9876_p2   |     +    |      0|  0|   9|           2|           2|
    |tmp324_fu_9886_p2   |     +    |      0|  0|   9|           2|           2|
    |tmp325_fu_9926_p2   |     +    |      0|  0|  11|           3|           3|
    |tmp326_fu_9906_p2   |     +    |      0|  0|   9|           2|           2|
    |tmp327_fu_9916_p2   |     +    |      0|  0|   9|           2|           2|
    |tmp328_fu_10092_p2  |     +    |      0|  0|  15|           5|           5|
    |tmp329_fu_10012_p2  |     +    |      0|  0|  12|           4|           4|
    |tmp32_fu_2036_p2    |     +    |      0|  0|   9|           2|           2|
    |tmp330_fu_9972_p2   |     +    |      0|  0|  11|           3|           3|
    |tmp331_fu_9952_p2   |     +    |      0|  0|   9|           2|           2|
    |tmp332_fu_9962_p2   |     +    |      0|  0|   9|           2|           2|
    |tmp333_fu_10002_p2  |     +    |      0|  0|  11|           3|           3|
    |tmp334_fu_9982_p2   |     +    |      0|  0|   9|           2|           2|
    |tmp335_fu_9992_p2   |     +    |      0|  0|   9|           2|           2|
    |tmp336_fu_10082_p2  |     +    |      0|  0|  12|           4|           4|
    |tmp337_fu_10042_p2  |     +    |      0|  0|  11|           3|           3|
    |tmp338_fu_10022_p2  |     +    |      0|  0|   9|           2|           2|
    |tmp339_fu_10032_p2  |     +    |      0|  0|   9|           2|           2|
    |tmp33_fu_2046_p2    |     +    |      0|  0|   9|           2|           2|
    |tmp340_fu_10072_p2  |     +    |      0|  0|  11|           3|           3|
    |tmp341_fu_10052_p2  |     +    |      0|  0|   9|           2|           2|
    |tmp342_fu_10062_p2  |     +    |      0|  0|   9|           2|           2|
    |tmp343_fu_11741_p2  |     +    |      0|  0|  15|           6|           6|
    |tmp344_fu_10238_p2  |     +    |      0|  0|  15|           5|           5|
    |tmp345_fu_10158_p2  |     +    |      0|  0|  12|           4|           4|
    |tmp346_fu_10118_p2  |     +    |      0|  0|  11|           3|           3|
    |tmp347_fu_10098_p2  |     +    |      0|  0|   9|           2|           2|
    |tmp348_fu_10108_p2  |     +    |      0|  0|   9|           2|           2|
    |tmp349_fu_10148_p2  |     +    |      0|  0|  11|           3|           3|
    |tmp34_fu_2122_p2    |     +    |      0|  0|  12|           4|           4|
    |tmp350_fu_10128_p2  |     +    |      0|  0|   9|           2|           2|
    |tmp351_fu_10138_p2  |     +    |      0|  0|   9|           2|           2|
    |tmp352_fu_10228_p2  |     +    |      0|  0|  12|           4|           4|
    |tmp353_fu_10188_p2  |     +    |      0|  0|  11|           3|           3|
    |tmp354_fu_10168_p2  |     +    |      0|  0|   9|           2|           2|
    |tmp355_fu_10178_p2  |     +    |      0|  0|   9|           2|           2|
    |tmp356_fu_10218_p2  |     +    |      0|  0|  11|           3|           3|
    |tmp357_fu_10198_p2  |     +    |      0|  0|   9|           2|           2|
    |tmp358_fu_10208_p2  |     +    |      0|  0|   9|           2|           2|
    |tmp359_fu_10384_p2  |     +    |      0|  0|  15|           5|           5|
    |tmp35_fu_2082_p2    |     +    |      0|  0|  11|           3|           3|
    |tmp360_fu_10304_p2  |     +    |      0|  0|  12|           4|           4|
    |tmp361_fu_10264_p2  |     +    |      0|  0|  11|           3|           3|
    |tmp362_fu_10244_p2  |     +    |      0|  0|   9|           2|           2|
    |tmp363_fu_10254_p2  |     +    |      0|  0|   9|           2|           2|
    |tmp364_fu_10294_p2  |     +    |      0|  0|  11|           3|           3|
    |tmp365_fu_10274_p2  |     +    |      0|  0|   9|           2|           2|
    |tmp366_fu_10284_p2  |     +    |      0|  0|   9|           2|           2|
    |tmp367_fu_10374_p2  |     +    |      0|  0|  12|           4|           4|
    |tmp368_fu_10334_p2  |     +    |      0|  0|  11|           3|           3|
    |tmp369_fu_10314_p2  |     +    |      0|  0|   9|           2|           2|
    |tmp36_fu_2062_p2    |     +    |      0|  0|   9|           2|           2|
    |tmp370_fu_10324_p2  |     +    |      0|  0|   9|           2|           2|
    |tmp371_fu_10364_p2  |     +    |      0|  0|  11|           3|           3|
    |tmp372_fu_10344_p2  |     +    |      0|  0|   9|           2|           2|
    |tmp373_fu_10354_p2  |     +    |      0|  0|   9|           2|           2|
    |tmp374_fu_11841_p2  |     +    |      0|  0|  15|           8|           8|
    |tmp375_fu_11789_p2  |     +    |      0|  0|  15|           7|           7|
    |tmp376_fu_11763_p2  |     +    |      0|  0|  15|           6|           6|
    |tmp377_fu_10530_p2  |     +    |      0|  0|  15|           5|           5|
    |tmp378_fu_10450_p2  |     +    |      0|  0|  12|           4|           4|
    |tmp379_fu_10410_p2  |     +    |      0|  0|  11|           3|           3|
    |tmp37_fu_2072_p2    |     +    |      0|  0|   9|           2|           2|
    |tmp380_fu_10390_p2  |     +    |      0|  0|   9|           2|           2|
    |tmp381_fu_10400_p2  |     +    |      0|  0|   9|           2|           2|
    |tmp382_fu_10440_p2  |     +    |      0|  0|  11|           3|           3|
    |tmp383_fu_10420_p2  |     +    |      0|  0|   9|           2|           2|
    |tmp384_fu_10430_p2  |     +    |      0|  0|   9|           2|           2|
    |tmp385_fu_10520_p2  |     +    |      0|  0|  12|           4|           4|
    |tmp386_fu_10480_p2  |     +    |      0|  0|  11|           3|           3|
    |tmp387_fu_10460_p2  |     +    |      0|  0|   9|           2|           2|
    |tmp388_fu_10470_p2  |     +    |      0|  0|   9|           2|           2|
    |tmp389_fu_10510_p2  |     +    |      0|  0|  11|           3|           3|
    |tmp38_fu_2112_p2    |     +    |      0|  0|  11|           3|           3|
    |tmp390_fu_10490_p2  |     +    |      0|  0|   9|           2|           2|
    |tmp391_fu_10500_p2  |     +    |      0|  0|   9|           2|           2|
    |tmp392_fu_10676_p2  |     +    |      0|  0|  15|           5|           5|
    |tmp393_fu_10596_p2  |     +    |      0|  0|  12|           4|           4|
    |tmp394_fu_10556_p2  |     +    |      0|  0|  11|           3|           3|
    |tmp395_fu_10536_p2  |     +    |      0|  0|   9|           2|           2|
    |tmp396_fu_10546_p2  |     +    |      0|  0|   9|           2|           2|
    |tmp397_fu_10586_p2  |     +    |      0|  0|  11|           3|           3|
    |tmp398_fu_10566_p2  |     +    |      0|  0|   9|           2|           2|
    |tmp399_fu_10576_p2  |     +    |      0|  0|   9|           2|           2|
    |tmp39_fu_2092_p2    |     +    |      0|  0|   9|           2|           2|
    |tmp3_fu_1142_p2     |     +    |      0|  0|  23|           2|           2|
    |tmp400_fu_10666_p2  |     +    |      0|  0|  12|           4|           4|
    |tmp401_fu_10626_p2  |     +    |      0|  0|  11|           3|           3|
    |tmp402_fu_10606_p2  |     +    |      0|  0|   9|           2|           2|
    |tmp403_fu_10616_p2  |     +    |      0|  0|   9|           2|           2|
    |tmp404_fu_10656_p2  |     +    |      0|  0|  11|           3|           3|
    |tmp405_fu_10636_p2  |     +    |      0|  0|   9|           2|           2|
    |tmp406_fu_10646_p2  |     +    |      0|  0|   9|           2|           2|
    |tmp407_fu_11779_p2  |     +    |      0|  0|  15|           6|           6|
    |tmp408_fu_10822_p2  |     +    |      0|  0|  15|           5|           5|
    |tmp409_fu_10742_p2  |     +    |      0|  0|  12|           4|           4|
    |tmp40_fu_2102_p2    |     +    |      0|  0|   9|           2|           2|
    |tmp410_fu_10702_p2  |     +    |      0|  0|  11|           3|           3|
    |tmp411_fu_10682_p2  |     +    |      0|  0|   9|           2|           2|
    |tmp412_fu_10692_p2  |     +    |      0|  0|   9|           2|           2|
    |tmp413_fu_10732_p2  |     +    |      0|  0|  11|           3|           3|
    |tmp414_fu_10712_p2  |     +    |      0|  0|   9|           2|           2|
    |tmp415_fu_10722_p2  |     +    |      0|  0|   9|           2|           2|
    |tmp416_fu_10812_p2  |     +    |      0|  0|  12|           4|           4|
    |tmp417_fu_10772_p2  |     +    |      0|  0|  11|           3|           3|
    |tmp418_fu_10752_p2  |     +    |      0|  0|   9|           2|           2|
    |tmp419_fu_10762_p2  |     +    |      0|  0|   9|           2|           2|
    |tmp41_fu_2274_p2    |     +    |      0|  0|  15|           5|           5|
    |tmp420_fu_10802_p2  |     +    |      0|  0|  11|           3|           3|
    |tmp421_fu_10782_p2  |     +    |      0|  0|   9|           2|           2|
    |tmp422_fu_10792_p2  |     +    |      0|  0|   9|           2|           2|
    |tmp423_fu_10968_p2  |     +    |      0|  0|  15|           5|           5|
    |tmp424_fu_10888_p2  |     +    |      0|  0|  12|           4|           4|
    |tmp425_fu_10848_p2  |     +    |      0|  0|  11|           3|           3|
    |tmp426_fu_10828_p2  |     +    |      0|  0|   9|           2|           2|
    |tmp427_fu_10838_p2  |     +    |      0|  0|   9|           2|           2|
    |tmp428_fu_10878_p2  |     +    |      0|  0|  11|           3|           3|
    |tmp429_fu_10858_p2  |     +    |      0|  0|   9|           2|           2|
    |tmp42_fu_2188_p2    |     +    |      0|  0|  12|           4|           4|
    |tmp430_fu_10868_p2  |     +    |      0|  0|   9|           2|           2|
    |tmp431_fu_10958_p2  |     +    |      0|  0|  12|           4|           4|
    |tmp432_fu_10918_p2  |     +    |      0|  0|  11|           3|           3|
    |tmp433_fu_10898_p2  |     +    |      0|  0|   9|           2|           2|
    |tmp434_fu_10908_p2  |     +    |      0|  0|   9|           2|           2|
    |tmp435_fu_10948_p2  |     +    |      0|  0|  11|           3|           3|
    |tmp436_fu_10928_p2  |     +    |      0|  0|   9|           2|           2|
    |tmp437_fu_10938_p2  |     +    |      0|  0|   9|           2|           2|
    |tmp438_fu_11831_p2  |     +    |      0|  0|  15|           7|           7|
    |tmp439_fu_11805_p2  |     +    |      0|  0|  15|           6|           6|
    |tmp43_fu_2148_p2    |     +    |      0|  0|  11|           3|           3|
    |tmp440_fu_11114_p2  |     +    |      0|  0|  15|           5|           5|
    |tmp441_fu_11034_p2  |     +    |      0|  0|  12|           4|           4|
    |tmp442_fu_10994_p2  |     +    |      0|  0|  11|           3|           3|
    |tmp443_fu_10974_p2  |     +    |      0|  0|   9|           2|           2|
    |tmp444_fu_10984_p2  |     +    |      0|  0|   9|           2|           2|
    |tmp445_fu_11024_p2  |     +    |      0|  0|  11|           3|           3|
    |tmp446_fu_11004_p2  |     +    |      0|  0|   9|           2|           2|
    |tmp447_fu_11014_p2  |     +    |      0|  0|   9|           2|           2|
    |tmp448_fu_11104_p2  |     +    |      0|  0|  12|           4|           4|
    |tmp449_fu_11064_p2  |     +    |      0|  0|  11|           3|           3|
    |tmp44_fu_2128_p2    |     +    |      0|  0|   9|           2|           2|
    |tmp450_fu_11044_p2  |     +    |      0|  0|   9|           2|           2|
    |tmp451_fu_11054_p2  |     +    |      0|  0|   9|           2|           2|
    |tmp452_fu_11094_p2  |     +    |      0|  0|  11|           3|           3|
    |tmp453_fu_11074_p2  |     +    |      0|  0|   9|           2|           2|
    |tmp454_fu_11084_p2  |     +    |      0|  0|   9|           2|           2|
    |tmp455_fu_11260_p2  |     +    |      0|  0|  15|           5|           5|
    |tmp456_fu_11180_p2  |     +    |      0|  0|  12|           4|           4|
    |tmp457_fu_11140_p2  |     +    |      0|  0|  11|           3|           3|
    |tmp458_fu_11120_p2  |     +    |      0|  0|   9|           2|           2|
    |tmp459_fu_11130_p2  |     +    |      0|  0|   9|           2|           2|
    |tmp45_fu_2138_p2    |     +    |      0|  0|   9|           2|           2|
    |tmp460_fu_11170_p2  |     +    |      0|  0|  11|           3|           3|
    |tmp461_fu_11150_p2  |     +    |      0|  0|   9|           2|           2|
    |tmp462_fu_11160_p2  |     +    |      0|  0|   9|           2|           2|
    |tmp463_fu_11250_p2  |     +    |      0|  0|  12|           4|           4|
    |tmp464_fu_11210_p2  |     +    |      0|  0|  11|           3|           3|
    |tmp465_fu_11190_p2  |     +    |      0|  0|   9|           2|           2|
    |tmp466_fu_11200_p2  |     +    |      0|  0|   9|           2|           2|
    |tmp467_fu_11240_p2  |     +    |      0|  0|  11|           3|           3|
    |tmp468_fu_11220_p2  |     +    |      0|  0|   9|           2|           2|
    |tmp469_fu_11230_p2  |     +    |      0|  0|   9|           2|           2|
    |tmp46_fu_2178_p2    |     +    |      0|  0|  11|           3|           3|
    |tmp470_fu_11821_p2  |     +    |      0|  0|  15|           6|           6|
    |tmp471_fu_11406_p2  |     +    |      0|  0|  15|           5|           5|
    |tmp472_fu_11326_p2  |     +    |      0|  0|  12|           4|           4|
    |tmp473_fu_11286_p2  |     +    |      0|  0|  11|           3|           3|
    |tmp474_fu_11266_p2  |     +    |      0|  0|   9|           2|           2|
    |tmp475_fu_11276_p2  |     +    |      0|  0|   9|           2|           2|
    |tmp476_fu_11316_p2  |     +    |      0|  0|  11|           3|           3|
    |tmp477_fu_11296_p2  |     +    |      0|  0|   9|           2|           2|
    |tmp478_fu_11306_p2  |     +    |      0|  0|   9|           2|           2|
    |tmp479_fu_11396_p2  |     +    |      0|  0|  12|           4|           4|
    |tmp47_fu_2158_p2    |     +    |      0|  0|   9|           2|           2|
    |tmp480_fu_11356_p2  |     +    |      0|  0|  11|           3|           3|
    |tmp481_fu_11336_p2  |     +    |      0|  0|   9|           2|           2|
    |tmp482_fu_11346_p2  |     +    |      0|  0|   9|           2|           2|
    |tmp483_fu_11386_p2  |     +    |      0|  0|  11|           3|           3|
    |tmp484_fu_11366_p2  |     +    |      0|  0|   9|           2|           2|
    |tmp485_fu_11376_p2  |     +    |      0|  0|   9|           2|           2|
    |tmp486_fu_11558_p2  |     +    |      0|  0|  15|           5|           5|
    |tmp487_fu_11472_p2  |     +    |      0|  0|  12|           4|           4|
    |tmp488_fu_11432_p2  |     +    |      0|  0|  11|           3|           3|
    |tmp489_fu_11412_p2  |     +    |      0|  0|   9|           2|           2|
    |tmp48_fu_2168_p2    |     +    |      0|  0|   9|           2|           2|
    |tmp490_fu_11422_p2  |     +    |      0|  0|   9|           2|           2|
    |tmp491_fu_11462_p2  |     +    |      0|  0|  11|           3|           3|
    |tmp492_fu_11442_p2  |     +    |      0|  0|   9|           2|           2|
    |tmp493_fu_11452_p2  |     +    |      0|  0|   9|           2|           2|
    |tmp494_fu_11548_p2  |     +    |      0|  0|  12|           4|           4|
    |tmp495_fu_11502_p2  |     +    |      0|  0|  11|           3|           3|
    |tmp496_fu_11482_p2  |     +    |      0|  0|   9|           2|           2|
    |tmp497_fu_11492_p2  |     +    |      0|  0|   9|           2|           2|
    |tmp498_fu_11538_p2  |     +    |      0|  0|  11|           3|           3|
    |tmp499_fu_11512_p2  |     +    |      0|  0|   9|           2|           2|
    |tmp49_fu_2264_p2    |     +    |      0|  0|  12|           4|           4|
    |tmp4_fu_1280_p2     |     +    |      0|  0|  23|           4|           4|
    |tmp500_fu_11528_p2  |     +    |      0|  0|  23|           2|           2|
    |tmp501_fu_11522_p2  |     +    |      0|  0|  23|           2|           2|
    |tmp50_fu_2218_p2    |     +    |      0|  0|  11|           3|           3|
    |tmp51_fu_2198_p2    |     +    |      0|  0|   9|           2|           2|
    |tmp52_fu_2208_p2    |     +    |      0|  0|   9|           2|           2|
    |tmp53_fu_2254_p2    |     +    |      0|  0|  11|           3|           3|
    |tmp54_fu_2228_p2    |     +    |      0|  0|   9|           2|           2|
    |tmp55_fu_2244_p2    |     +    |      0|  0|  23|           2|           2|
    |tmp56_fu_2238_p2    |     +    |      0|  0|  23|           2|           2|
    |tmp57_fu_11889_p2   |     +    |      0|  0|  23|           7|           7|
    |tmp58_fu_11880_p2   |     +    |      0|  0|  23|           7|           7|
    |tmp59_fu_11871_p2   |     +    |      0|  0|  23|           7|           7|
    |tmp5_fu_1264_p2     |     +    |      0|  0|  12|           4|           4|
    |tmp60_fu_11862_p2   |     +    |      0|  0|  23|           7|           7|
    |tmp61_fu_11853_p2   |     +    |      0|  0|  23|           7|           7|
    |tmp62_fu_11639_p2   |     +    |      0|  0|   9|           2|           2|
    |tmp63_fu_3056_p2    |     +    |      0|  0|  11|           3|           3|
    |tmp64_fu_3036_p2    |     +    |      0|  0|   9|           2|           2|
    |tmp65_fu_3046_p2    |     +    |      0|  0|   9|           2|           2|
    |tmp66_fu_3122_p2    |     +    |      0|  0|  12|           4|           4|
    |tmp67_fu_3082_p2    |     +    |      0|  0|  11|           3|           3|
    |tmp68_fu_3062_p2    |     +    |      0|  0|   9|           2|           2|
    |tmp69_fu_3072_p2    |     +    |      0|  0|   9|           2|           2|
    |tmp6_fu_1270_p2     |     +    |      0|  0|   9|           2|           2|
    |tmp70_fu_3112_p2    |     +    |      0|  0|  11|           3|           3|
    |tmp71_fu_3092_p2    |     +    |      0|  0|   9|           2|           2|
    |tmp72_fu_3102_p2    |     +    |      0|  0|   9|           2|           2|
    |tmp73_fu_3268_p2    |     +    |      0|  0|  15|           5|           5|
    |tmp74_fu_3188_p2    |     +    |      0|  0|  12|           4|           4|
    |tmp75_fu_3148_p2    |     +    |      0|  0|  11|           3|           3|
    |tmp76_fu_3128_p2    |     +    |      0|  0|   9|           2|           2|
    |tmp77_fu_3138_p2    |     +    |      0|  0|   9|           2|           2|
    |tmp78_fu_3178_p2    |     +    |      0|  0|  11|           3|           3|
    |tmp79_fu_3158_p2    |     +    |      0|  0|   9|           2|           2|
    |tmp7_fu_1312_p2     |     +    |      0|  0|  11|           3|           3|
    |tmp80_fu_3168_p2    |     +    |      0|  0|   9|           2|           2|
    |tmp81_fu_3258_p2    |     +    |      0|  0|  12|           4|           4|
    |tmp82_fu_3218_p2    |     +    |      0|  0|  11|           3|           3|
    |tmp83_fu_3198_p2    |     +    |      0|  0|   9|           2|           2|
    |tmp84_fu_3208_p2    |     +    |      0|  0|   9|           2|           2|
    |tmp85_fu_3248_p2    |     +    |      0|  0|  11|           3|           3|
    |tmp86_fu_3228_p2    |     +    |      0|  0|   9|           2|           2|
    |tmp87_fu_3238_p2    |     +    |      0|  0|   9|           2|           2|
    |tmp88_fu_11651_p2   |     +    |      0|  0|  15|           6|           6|
    |tmp89_fu_3414_p2    |     +    |      0|  0|  15|           5|           5|
    |tmp8_fu_1286_p2     |     +    |      0|  0|   9|           2|           2|
    |tmp90_fu_3334_p2    |     +    |      0|  0|  12|           4|           4|
    |tmp91_fu_3294_p2    |     +    |      0|  0|  11|           3|           3|
    |tmp92_fu_3274_p2    |     +    |      0|  0|   9|           2|           2|
    |tmp93_fu_3284_p2    |     +    |      0|  0|   9|           2|           2|
    |tmp94_fu_3324_p2    |     +    |      0|  0|  11|           3|           3|
    |tmp95_fu_3304_p2    |     +    |      0|  0|   9|           2|           2|
    |tmp96_fu_3314_p2    |     +    |      0|  0|   9|           2|           2|
    |tmp97_fu_3404_p2    |     +    |      0|  0|  12|           4|           4|
    |tmp98_fu_3364_p2    |     +    |      0|  0|  11|           3|           3|
    |tmp99_fu_3344_p2    |     +    |      0|  0|   9|           2|           2|
    |tmp9_fu_1302_p2     |     +    |      0|  0|  23|           2|           2|
    |tmp_1_fu_1658_p2    |     +    |      0|  0|  23|           5|           5|
    |tmp_2_fu_1078_p2    |     +    |      0|  0|  23|           2|           2|
    |tmp_3_fu_11627_p2   |     +    |      0|  0|  23|           6|           6|
    |tmp_4_fu_11898_p2   |     +    |      0|  0|  23|           7|           7|
    |tmp_5_fu_11976_p2   |     +    |      0|  0|  23|           8|           8|
    |tmp_6_fu_1158_p2    |     +    |      0|  0|  23|           3|           3|
    |tmp_7_fu_12063_p2   |     +    |      0|  0|  23|           9|           9|
    |tmp_8_fu_12076_p2   |     +    |      0|  0|  17|          10|          10|
    |tmp_fu_1072_p2      |     +    |      0|  0|  23|           2|           2|
    |tmp_s_fu_1322_p2    |     +    |      0|  0|  23|           4|           4|
    +--------------------+----------+-------+---+----+------------+------------+
    |Total               |          |      0|  0|5957|        1580|        1580|
    +--------------------+----------+-------+---+----+------------+------------+

    * Multiplexer: 
    +-----------+----+-----------+-----+-----------+
    |    Name   | LUT| Input Size| Bits| Total Bits|
    +-----------+----+-----------+-----+-----------+
    |ap_return  |   9|          2|   10|         20|
    +-----------+----+-----------+-----+-----------+
    |Total      |   9|          2|   10|         20|
    +-----------+----+-----------+-----+-----------+

    * Register: 
    +-------------------------------------+-----+----+-----+-----------+
    |                 Name                |  FF | LUT| Bits| Const Bits|
    +-------------------------------------+-----+----+-----+-----------+
    |ap_ce_reg                            |    1|   0|    1|          0|
    |ap_return_int_reg                    |   10|   0|   10|          0|
    |p_Result_126_reg_12157               |    1|   0|    1|          0|
    |p_Result_127_reg_12162               |    1|   0|    1|          0|
    |p_Result_128_reg_12167               |    1|   0|    1|          0|
    |p_Result_254_reg_12217               |    1|   0|    1|          0|
    |p_Result_255_reg_12222               |    1|   0|    1|          0|
    |p_Result_256_reg_12227               |    1|   0|    1|          0|
    |p_Result_30_reg_12087                |    1|   0|    1|          0|
    |p_Result_31_reg_12092                |    1|   0|    1|          0|
    |p_Result_32_reg_12097                |    1|   0|    1|          0|
    |p_Result_510_reg_12317               |    1|   0|    1|          0|
    |p_Result_62_reg_12117                |    1|   0|    1|          0|
    |p_Result_62_reg_12117_pp0_iter1_reg  |    1|   0|    1|          0|
    |p_Result_63_reg_12122                |    1|   0|    1|          0|
    |p_Result_64_reg_12127                |    1|   0|    1|          0|
    |tmp104_reg_12152                     |    5|   0|    5|          0|
    |tmp121_reg_12367                     |    8|   0|    8|          0|
    |tmp127_reg_12172                     |    3|   0|    3|          0|
    |tmp130_reg_12177                     |    4|   0|    4|          0|
    |tmp137_reg_12182                     |    5|   0|    5|          0|
    |tmp152_reg_12337                     |    6|   0|    6|          0|
    |tmp153_reg_12187                     |    5|   0|    5|          0|
    |tmp168_reg_12192                     |    5|   0|    5|          0|
    |tmp183_reg_12342                     |    7|   0|    7|          0|
    |tmp185_reg_12197                     |    5|   0|    5|          0|
    |tmp200_reg_12202                     |    5|   0|    5|          0|
    |tmp216_reg_12207                     |    5|   0|    5|          0|
    |tmp231_reg_12212                     |    5|   0|    5|          0|
    |tmp248_reg_12377                     |    9|   0|    9|          0|
    |tmp252_reg_12372                     |    9|   0|    9|          0|
    |tmp255_reg_12232                     |    3|   0|    3|          0|
    |tmp258_reg_12237                     |    4|   0|    4|          0|
    |tmp265_reg_12242                     |    5|   0|    5|          0|
    |tmp280_reg_12347                     |    6|   0|    6|          0|
    |tmp281_reg_12247                     |    5|   0|    5|          0|
    |tmp296_reg_12252                     |    5|   0|    5|          0|
    |tmp311_reg_12352                     |    7|   0|    7|          0|
    |tmp313_reg_12257                     |    5|   0|    5|          0|
    |tmp31_reg_12102                      |    3|   0|    3|          0|
    |tmp328_reg_12262                     |    5|   0|    5|          0|
    |tmp344_reg_12267                     |    5|   0|    5|          0|
    |tmp34_reg_12107                      |    4|   0|    4|          0|
    |tmp359_reg_12272                     |    5|   0|    5|          0|
    |tmp374_reg_12357                     |    8|   0|    8|          0|
    |tmp377_reg_12277                     |    5|   0|    5|          0|
    |tmp392_reg_12282                     |    5|   0|    5|          0|
    |tmp408_reg_12287                     |    5|   0|    5|          0|
    |tmp41_reg_12112                      |    5|   0|    5|          0|
    |tmp423_reg_12292                     |    5|   0|    5|          0|
    |tmp440_reg_12297                     |    5|   0|    5|          0|
    |tmp455_reg_12302                     |    5|   0|    5|          0|
    |tmp471_reg_12307                     |    5|   0|    5|          0|
    |tmp486_reg_12312                     |    5|   0|    5|          0|
    |tmp62_reg_12327                      |    2|   0|    2|          0|
    |tmp63_reg_12132                      |    3|   0|    3|          0|
    |tmp63_reg_12132_pp0_iter1_reg        |    3|   0|    3|          0|
    |tmp66_reg_12137                      |    4|   0|    4|          0|
    |tmp66_reg_12137_pp0_iter1_reg        |    4|   0|    4|          0|
    |tmp73_reg_12142                      |    5|   0|    5|          0|
    |tmp73_reg_12142_pp0_iter1_reg        |    5|   0|    5|          0|
    |tmp88_reg_12332                      |    6|   0|    6|          0|
    |tmp89_reg_12147                      |    5|   0|    5|          0|
    |tmp_1_reg_12082                      |    5|   0|    5|          0|
    |tmp_3_reg_12322                      |    6|   0|    6|          0|
    |tmp_4_reg_12362                      |    7|   0|    7|          0|
    |x_V_int_reg                          |  512|   0|  512|          0|
    |p_Result_126_reg_12157               |   64|  32|    1|          0|
    |p_Result_127_reg_12162               |   64|  32|    1|          0|
    |p_Result_128_reg_12167               |   64|  32|    1|          0|
    |p_Result_254_reg_12217               |   64|  32|    1|          0|
    |p_Result_255_reg_12222               |   64|  32|    1|          0|
    |p_Result_256_reg_12227               |   64|  32|    1|          0|
    |p_Result_510_reg_12317               |   64|  32|    1|          0|
    |tmp127_reg_12172                     |   64|  32|    3|          0|
    |tmp130_reg_12177                     |   64|  32|    4|          0|
    |tmp137_reg_12182                     |   64|  32|    5|          0|
    |tmp152_reg_12337                     |   64|  32|    6|          0|
    |tmp183_reg_12342                     |   64|  32|    7|          0|
    |tmp255_reg_12232                     |   64|  32|    3|          0|
    |tmp258_reg_12237                     |   64|  32|    4|          0|
    |tmp265_reg_12242                     |   64|  32|    5|          0|
    |tmp280_reg_12347                     |   64|  32|    6|          0|
    |tmp311_reg_12352                     |   64|  32|    7|          0|
    |tmp374_reg_12357                     |   64|  32|    8|          0|
    +-------------------------------------+-----+----+-----+-----------+
    |Total                                | 1945| 576|  858|          0|
    +-------------------------------------+-----+----+-----+-----------+



================================================================
== Interface
================================================================
* Summary: 
+-----------+-----+-----+------------+--------------+--------------+
| RTL Ports | Dir | Bits|  Protocol  | Source Object|    C Type    |
+-----------+-----+-----+------------+--------------+--------------+
|ap_clk     |  in |    1| ap_ctrl_hs |    popcnt    | return value |
|ap_rst     |  in |    1| ap_ctrl_hs |    popcnt    | return value |
|ap_return  | out |   10| ap_ctrl_hs |    popcnt    | return value |
|ap_ce      |  in |    1| ap_ctrl_hs |    popcnt    | return value |
|x_V        |  in |  512|   ap_none  |      x_V     |    scalar    |
+-----------+-----+-----+------------+--------------+--------------+

