

================================================================
== Vivado HLS Report for 'popcntdata'
================================================================
* Date:           Mon Nov 18 16:03:55 2019

* Version:        2019.1 (Build 2552052 on Fri May 24 15:28:33 MDT 2019)
* Project:        tancoeff
* Solution:       tancoeff
* Product family: virtexuplus
* Target device:  xcvu9p-fsgd2104-2L-e


================================================================
== Performance Estimates
================================================================
+ Timing (ns): 
    * Summary: 
    +--------+-------+----------+------------+
    |  Clock | Target| Estimated| Uncertainty|
    +--------+-------+----------+------------+
    |ap_clk  |   3.33|     2.373|        0.90|
    +--------+-------+----------+------------+

+ Latency (clock cycles): 
    * Summary: 
    +-----+-----+-----+-----+----------+
    |  Latency  |  Interval | Pipeline |
    | min | max | min | max |   Type   |
    +-----+-----+-----+-----+----------+
    |    0|    0|    1|    1| function |
    +-----+-----+-----+-----+----------+

    + Detail: 
        * Instance: 
        N/A

        * Loop: 
        N/A



================================================================
== Utilization Estimates
================================================================
* Summary: 
+---------------------+---------+-------+---------+---------+-----+
|         Name        | BRAM_18K| DSP48E|    FF   |   LUT   | URAM|
+---------------------+---------+-------+---------+---------+-----+
|DSP                  |        -|      -|        -|        -|    -|
|Expression           |        -|      -|        0|      218|    -|
|FIFO                 |        -|      -|        -|        -|    -|
|Instance             |        -|      -|        -|        -|    -|
|Memory               |        -|      -|        -|        -|    -|
|Multiplexer          |        -|      -|        -|        -|    -|
|Register             |        -|      -|        -|        -|    -|
+---------------------+---------+-------+---------+---------+-----+
|Total                |        0|      0|        0|      218|    0|
+---------------------+---------+-------+---------+---------+-----+
|Available SLR        |     1440|   2280|   788160|   394080|  320|
+---------------------+---------+-------+---------+---------+-----+
|Utilization SLR (%)  |        0|      0|        0|    ~0   |    0|
+---------------------+---------+-------+---------+---------+-----+
|Available            |     4320|   6840|  2364480|  1182240|  960|
+---------------------+---------+-------+---------+---------+-----+
|Utilization (%)      |        0|      0|        0|    ~0   |    0|
+---------------------+---------+-------+---------+---------+-----+

+ Detail: 
    * Instance: 
    N/A

    * DSP48E: 
    N/A

    * Memory: 
    N/A

    * FIFO: 
    N/A

    * Expression: 
    +------------------------+----------+-------+---+----+------------+------------+
    |      Variable Name     | Operation| DSP48E| FF| LUT| Bitwidth P0| Bitwidth P1|
    +------------------------+----------+-------+---+----+------------+------------+
    |add_ln700_10_fu_336_p2  |     +    |      0|  0|  10|           2|           2|
    |add_ln700_11_fu_342_p2  |     +    |      0|  0|  10|           2|           2|
    |add_ln700_12_fu_352_p2  |     +    |      0|  0|   4|           3|           3|
    |add_ln700_13_fu_362_p2  |     +    |      0|  0|  10|           4|           4|
    |add_ln700_14_fu_564_p2  |     +    |      0|  0|  10|           5|           5|
    |add_ln700_15_fu_570_p2  |     +    |      0|  0|   3|           2|           2|
    |add_ln700_16_fu_580_p2  |     +    |      0|  0|  10|           5|           5|
    |add_ln700_17_fu_586_p2  |     +    |      0|  0|   3|           2|           2|
    |add_ln700_18_fu_596_p2  |     +    |      0|  0|   3|           2|           2|
    |add_ln700_19_fu_606_p2  |     +    |      0|  0|   4|           3|           3|
    |add_ln700_1_fu_112_p2   |     +    |      0|  0|  10|           2|           2|
    |add_ln700_20_fu_616_p2  |     +    |      0|  0|  10|           5|           5|
    |add_ln700_21_fu_622_p2  |     +    |      0|  0|   3|           2|           2|
    |add_ln700_22_fu_632_p2  |     +    |      0|  0|   3|           2|           2|
    |add_ln700_23_fu_642_p2  |     +    |      0|  0|   4|           3|           3|
    |add_ln700_24_fu_652_p2  |     +    |      0|  0|   3|           2|           2|
    |add_ln700_25_fu_662_p2  |     +    |      0|  0|  10|           2|           2|
    |add_ln700_26_fu_668_p2  |     +    |      0|  0|  10|           2|           2|
    |add_ln700_27_fu_678_p2  |     +    |      0|  0|   4|           3|           3|
    |add_ln700_28_fu_688_p2  |     +    |      0|  0|   6|           4|           4|
    |add_ln700_29_fu_698_p2  |     +    |      0|  0|  10|           5|           5|
    |add_ln700_2_fu_176_p2   |     +    |      0|  0|  10|           3|           3|
    |add_ln700_3_fu_182_p2   |     +    |      0|  0|  10|           2|           2|
    |add_ln700_4_fu_188_p2   |     +    |      0|  0|  10|           2|           2|
    |add_ln700_5_fu_198_p2   |     +    |      0|  0|  10|           3|           3|
    |add_ln700_6_fu_304_p2   |     +    |      0|  0|   6|           4|           4|
    |add_ln700_7_fu_310_p2   |     +    |      0|  0|   3|           2|           2|
    |add_ln700_8_fu_320_p2   |     +    |      0|  0|  10|           4|           4|
    |add_ln700_9_fu_326_p2   |     +    |      0|  0|   3|           2|           2|
    |add_ln700_fu_118_p2     |     +    |      0|  0|  10|           2|           2|
    |ap_return               |     +    |      0|  0|   6|           6|           6|
    +------------------------+----------+-------+---+----+------------+------------+
    |Total                   |          |      0|  0| 218|          92|          92|
    +------------------------+----------+-------+---+----+------------+------------+

    * Multiplexer: 
    N/A

    * Register: 
    N/A



================================================================
== Interface
================================================================
* Summary: 
+-----------+-----+-----+------------+--------------+--------------+
| RTL Ports | Dir | Bits|  Protocol  | Source Object|    C Type    |
+-----------+-----+-----+------------+--------------+--------------+
|ap_ready   | out |    1| ap_ctrl_hs |  popcntdata  | return value |
|ap_return  | out |    6| ap_ctrl_hs |  popcntdata  | return value |
|x_V        |  in |   32|   ap_none  |      x_V     |    scalar    |
+-----------+-----+-----+------------+--------------+--------------+

