

================================================================
== Vivado HLS Report for 'dataflow_parent_loop_proc'
================================================================
* Date:           Thu Nov  7 01:36:26 2019

* Version:        2019.1 (Build 2552052 on Fri May 24 15:28:33 MDT 2019)
* Project:        tancoeff
* Solution:       tancoeff
* Product family: virtexuplus
* Target device:  xcvu9p-fsgd2104-2L-e


================================================================
== Performance Estimates
================================================================
+ Timing (ns): 
    * Summary: 
    +--------+-------+----------+------------+
    |  Clock | Target| Estimated| Uncertainty|
    +--------+-------+----------+------------+
    |ap_clk  |   3.33|     2.433|        0.90|
    +--------+-------+----------+------------+

+ Latency (clock cycles): 
    * Summary: 
    +------+------+------+------+---------+
    |   Latency   |   Interval  | Pipeline|
    |  min |  max |  min |  max |   Type  |
    +------+------+------+------+---------+
    |  1748|  1748|  1748|  1748|   none  |
    +------+------+------+------+---------+

    + Detail: 
        * Instance: 
        +-------------------------------------+--------------------------+-----+-----+-----+-----+----------+
        |                                     |                          |  Latency  |  Interval | Pipeline |
        |               Instance              |          Module          | min | max | min | max |   Type   |
        +-------------------------------------+--------------------------+-----+-----+-----+-----+----------+
        |grp_dataflow_in_loop_subloop_fu_348  |dataflow_in_loop_subloop  |   45|   45|   27|   27| dataflow |
        +-------------------------------------+--------------------------+-----+-----+-----+-----+----------+

        * Loop: 
        +-----------+------+------+----------+-----------+-----------+------+----------+
        |           |   Latency   | Iteration|  Initiation Interval  | Trip |          |
        | Loop Name |  min |  max |  Latency |  achieved |   target  | Count| Pipelined|
        +-----------+------+------+----------+-----------+-----------+------+----------+
        |- subloop  |  1747|  1747|        47|          -|          -|    64|    no    |
        +-----------+------+------+----------+-----------+-----------+------+----------+

============================================================
+ Verbose Summary: Synthesis Manager
============================================================
InlineROM: 1
ExposeGlobal: 0
============================================================
+ Verbose Summary: CDFG Model
============================================================
IsTopModel: 0
ResetActiveHigh: 1
IsCombinational: 2
IsDatapathOnly: 0
HasWiredReturn: 1
HasMFsm: 0
HasVarLatency: 1
IsPipeline: 0
IsRtlPipelined: 0
IsInstanceOverlapped: 0
IsDontTouch: 0
HasImplIP: 0
IsGatedGlobalClock: 0


============================================================
+ Verbose Summary: Schedule
============================================================
* Number of FSM states : 3
* Pipeline : 0
* Dataflow Pipeline: 1
  DF-Pipeline-0: Size = 2, States = { 2 3 }

* FSM state transitions: 
1 --> 2 
2 --> 3 
3 --> 2 

* FSM state operations: 

State 1 <SV = 0> <Delay = 0.60>
ST_1 : Operation 4 [1/1] (0.00ns)   --->   "%cmpr_chunk_num_0_i_read = call i3 @_ssdm_op_Read.ap_auto.i3(i3 %cmpr_chunk_num_0_i)"   --->   Operation 4 'read' 'cmpr_chunk_num_0_i_read' <Predicate = true> <Delay = 0.00>
ST_1 : Operation 5 [1/1] (0.00ns)   --->   "%output_V_offset_read = call i58 @_ssdm_op_Read.ap_auto.i58(i58 %output_V_offset)"   --->   Operation 5 'read' 'output_V_offset_read' <Predicate = true> <Delay = 0.00>
ST_1 : Operation 6 [1/1] (0.00ns)   --->   "%p_read_1 = call i10 @_ssdm_op_Read.ap_auto.i10(i10 %p_read31)"   --->   Operation 6 'read' 'p_read_1' <Predicate = true> <Delay = 0.00>
ST_1 : Operation 7 [1/1] (0.00ns)   --->   "%p_read_2 = call i11 @_ssdm_op_Read.ap_auto.i11(i11 %p_read30)"   --->   Operation 7 'read' 'p_read_2' <Predicate = true> <Delay = 0.00>
ST_1 : Operation 8 [1/1] (0.00ns)   --->   "%p_read_3 = call i11 @_ssdm_op_Read.ap_auto.i11(i11 %p_read29)"   --->   Operation 8 'read' 'p_read_3' <Predicate = true> <Delay = 0.00>
ST_1 : Operation 9 [1/1] (0.00ns)   --->   "%p_read_4 = call i11 @_ssdm_op_Read.ap_auto.i11(i11 %p_read28)"   --->   Operation 9 'read' 'p_read_4' <Predicate = true> <Delay = 0.00>
ST_1 : Operation 10 [1/1] (0.00ns)   --->   "%p_read_5 = call i11 @_ssdm_op_Read.ap_auto.i11(i11 %p_read27)"   --->   Operation 10 'read' 'p_read_5' <Predicate = true> <Delay = 0.00>
ST_1 : Operation 11 [1/1] (0.00ns)   --->   "%p_read_6 = call i11 @_ssdm_op_Read.ap_auto.i11(i11 %p_read26)"   --->   Operation 11 'read' 'p_read_6' <Predicate = true> <Delay = 0.00>
ST_1 : Operation 12 [1/1] (0.00ns)   --->   "%p_read_7 = call i11 @_ssdm_op_Read.ap_auto.i11(i11 %p_read25)"   --->   Operation 12 'read' 'p_read_7' <Predicate = true> <Delay = 0.00>
ST_1 : Operation 13 [1/1] (0.00ns)   --->   "%p_read_8 = call i11 @_ssdm_op_Read.ap_auto.i11(i11 %p_read24)"   --->   Operation 13 'read' 'p_read_8' <Predicate = true> <Delay = 0.00>
ST_1 : Operation 14 [1/1] (0.00ns)   --->   "%p_read_9 = call i11 @_ssdm_op_Read.ap_auto.i11(i11 %p_read23)"   --->   Operation 14 'read' 'p_read_9' <Predicate = true> <Delay = 0.00>
ST_1 : Operation 15 [1/1] (0.00ns)   --->   "%p_read_10 = call i11 @_ssdm_op_Read.ap_auto.i11(i11 %p_read22)"   --->   Operation 15 'read' 'p_read_10' <Predicate = true> <Delay = 0.00>
ST_1 : Operation 16 [1/1] (0.00ns)   --->   "%p_read_11 = call i11 @_ssdm_op_Read.ap_auto.i11(i11 %p_read21)"   --->   Operation 16 'read' 'p_read_11' <Predicate = true> <Delay = 0.00>
ST_1 : Operation 17 [1/1] (0.00ns)   --->   "%p_read_12 = call i11 @_ssdm_op_Read.ap_auto.i11(i11 %p_read20)"   --->   Operation 17 'read' 'p_read_12' <Predicate = true> <Delay = 0.00>
ST_1 : Operation 18 [1/1] (0.00ns)   --->   "%p_read_13 = call i11 @_ssdm_op_Read.ap_auto.i11(i11 %p_read19)"   --->   Operation 18 'read' 'p_read_13' <Predicate = true> <Delay = 0.00>
ST_1 : Operation 19 [1/1] (0.00ns)   --->   "%p_read_14 = call i11 @_ssdm_op_Read.ap_auto.i11(i11 %p_read18)"   --->   Operation 19 'read' 'p_read_14' <Predicate = true> <Delay = 0.00>
ST_1 : Operation 20 [1/1] (0.00ns)   --->   "%p_read_15 = call i11 @_ssdm_op_Read.ap_auto.i11(i11 %p_read17)"   --->   Operation 20 'read' 'p_read_15' <Predicate = true> <Delay = 0.00>
ST_1 : Operation 21 [1/1] (0.00ns)   --->   "%p_read_16 = call i11 @_ssdm_op_Read.ap_auto.i11(i11 %p_read16)"   --->   Operation 21 'read' 'p_read_16' <Predicate = true> <Delay = 0.00>
ST_1 : Operation 22 [1/1] (0.00ns)   --->   "%p_read_17 = call i1024 @_ssdm_op_Read.ap_auto.i1024(i1024 %p_read15)"   --->   Operation 22 'read' 'p_read_17' <Predicate = true> <Delay = 0.00>
ST_1 : Operation 23 [1/1] (0.00ns)   --->   "%p_read_18 = call i1024 @_ssdm_op_Read.ap_auto.i1024(i1024 %p_read14)"   --->   Operation 23 'read' 'p_read_18' <Predicate = true> <Delay = 0.00>
ST_1 : Operation 24 [1/1] (0.00ns)   --->   "%p_read_19 = call i1024 @_ssdm_op_Read.ap_auto.i1024(i1024 %p_read13)"   --->   Operation 24 'read' 'p_read_19' <Predicate = true> <Delay = 0.00>
ST_1 : Operation 25 [1/1] (0.00ns)   --->   "%p_read_20 = call i1024 @_ssdm_op_Read.ap_auto.i1024(i1024 %p_read12)"   --->   Operation 25 'read' 'p_read_20' <Predicate = true> <Delay = 0.00>
ST_1 : Operation 26 [1/1] (0.00ns)   --->   "%p_read_21 = call i1024 @_ssdm_op_Read.ap_auto.i1024(i1024 %p_read11)"   --->   Operation 26 'read' 'p_read_21' <Predicate = true> <Delay = 0.00>
ST_1 : Operation 27 [1/1] (0.00ns)   --->   "%p_read_22 = call i1024 @_ssdm_op_Read.ap_auto.i1024(i1024 %p_read10)"   --->   Operation 27 'read' 'p_read_22' <Predicate = true> <Delay = 0.00>
ST_1 : Operation 28 [1/1] (0.00ns)   --->   "%p_read_23 = call i1024 @_ssdm_op_Read.ap_auto.i1024(i1024 %p_read9)"   --->   Operation 28 'read' 'p_read_23' <Predicate = true> <Delay = 0.00>
ST_1 : Operation 29 [1/1] (0.00ns)   --->   "%p_read_24 = call i1024 @_ssdm_op_Read.ap_auto.i1024(i1024 %p_read8)"   --->   Operation 29 'read' 'p_read_24' <Predicate = true> <Delay = 0.00>
ST_1 : Operation 30 [1/1] (0.00ns)   --->   "%p_read_25 = call i1024 @_ssdm_op_Read.ap_auto.i1024(i1024 %p_read7)"   --->   Operation 30 'read' 'p_read_25' <Predicate = true> <Delay = 0.00>
ST_1 : Operation 31 [1/1] (0.00ns)   --->   "%p_read_26 = call i1024 @_ssdm_op_Read.ap_auto.i1024(i1024 %p_read6)"   --->   Operation 31 'read' 'p_read_26' <Predicate = true> <Delay = 0.00>
ST_1 : Operation 32 [1/1] (0.00ns)   --->   "%p_read_27 = call i1024 @_ssdm_op_Read.ap_auto.i1024(i1024 %p_read5)"   --->   Operation 32 'read' 'p_read_27' <Predicate = true> <Delay = 0.00>
ST_1 : Operation 33 [1/1] (0.00ns)   --->   "%p_read_28 = call i1024 @_ssdm_op_Read.ap_auto.i1024(i1024 %p_read4)"   --->   Operation 33 'read' 'p_read_28' <Predicate = true> <Delay = 0.00>
ST_1 : Operation 34 [1/1] (0.00ns)   --->   "%p_read_29 = call i1024 @_ssdm_op_Read.ap_auto.i1024(i1024 %p_read3)"   --->   Operation 34 'read' 'p_read_29' <Predicate = true> <Delay = 0.00>
ST_1 : Operation 35 [1/1] (0.00ns)   --->   "%p_read_30 = call i1024 @_ssdm_op_Read.ap_auto.i1024(i1024 %p_read2)"   --->   Operation 35 'read' 'p_read_30' <Predicate = true> <Delay = 0.00>
ST_1 : Operation 36 [1/1] (0.00ns)   --->   "%p_read_31 = call i1024 @_ssdm_op_Read.ap_auto.i1024(i1024 %p_read1)"   --->   Operation 36 'read' 'p_read_31' <Predicate = true> <Delay = 0.00>
ST_1 : Operation 37 [1/1] (0.00ns)   --->   "%p_read32 = call i1024 @_ssdm_op_Read.ap_auto.i1024(i1024 %p_read)"   --->   Operation 37 'read' 'p_read32' <Predicate = true> <Delay = 0.00>
ST_1 : Operation 38 [1/1] (0.00ns)   --->   "%input_V_offset_read = call i58 @_ssdm_op_Read.ap_auto.i58(i58 %input_V_offset)"   --->   Operation 38 'read' 'input_V_offset_read' <Predicate = true> <Delay = 0.00>
ST_1 : Operation 39 [1/1] (0.00ns)   --->   "call void (...)* @_ssdm_op_SpecInterface(i512* %output_V, [6 x i8]* @p_str6, i32 0, i32 0, [1 x i8]* @p_str1, i32 0, i32 256, [6 x i8]* @p_str9, [6 x i8]* @p_str8, [1 x i8]* @p_str1, i32 16, i32 16, i32 16, i32 16, [1 x i8]* @p_str1, [1 x i8]* @p_str1)"   --->   Operation 39 'specinterface' <Predicate = true> <Delay = 0.00>
ST_1 : Operation 40 [1/1] (0.00ns)   --->   "call void (...)* @_ssdm_op_SpecInterface(i512* %input_V, [6 x i8]* @p_str6, i32 0, i32 0, [1 x i8]* @p_str1, i32 0, i32 8192, [6 x i8]* @p_str7, [6 x i8]* @p_str8, [1 x i8]* @p_str1, i32 16, i32 16, i32 16, i32 16, [1 x i8]* @p_str1, [1 x i8]* @p_str1)"   --->   Operation 40 'specinterface' <Predicate = true> <Delay = 0.00>
ST_1 : Operation 41 [1/1] (0.00ns)   --->   "%trunc_ln138 = trunc i3 %cmpr_chunk_num_0_i_read to i2" [tancoeff/tancoeff/tancalc.cpp:138]   --->   Operation 41 'trunc' 'trunc_ln138' <Predicate = true> <Delay = 0.00>
ST_1 : Operation 42 [1/1] (0.60ns)   --->   "br label %0"   --->   Operation 42 'br' <Predicate = true> <Delay = 0.60>

State 2 <SV = 1> <Delay = 1.21>
ST_2 : Operation 43 [1/1] (0.00ns)   --->   "%data_num_0_i = phi i7 [ 0, %newFuncRoot ], [ %data_num, %1 ]"   --->   Operation 43 'phi' 'data_num_0_i' <Predicate = true> <Delay = 0.00>
ST_2 : Operation 44 [1/1] (0.59ns)   --->   "%icmp_ln134 = icmp eq i7 %data_num_0_i, -64" [tancoeff/tancoeff/tancalc.cpp:134]   --->   Operation 44 'icmp' 'icmp_ln134' <Predicate = true> <Delay = 0.59> <Core = "Cmp">   --->   Core 25 'Cmp' <Latency = 0> <II = 1> <Delay = 0.59> <FuncUnit> <Opcode : 'icmp'> <InPorts = 2> <OutPorts = 1>
ST_2 : Operation 45 [1/1] (0.00ns)   --->   "%empty = call i32 (...)* @_ssdm_op_SpecLoopTripCount(i64 64, i64 64, i64 64)"   --->   Operation 45 'speclooptripcount' 'empty' <Predicate = true> <Delay = 0.00>
ST_2 : Operation 46 [1/1] (0.00ns)   --->   "call void (...)* @_ssdm_op_SpecDataflowPipeline(i32 -1, i32 0, [21 x i8]* @dataflow_parent_loop_str, i7 %data_num_0_i, i7 -64)" [tancoeff/tancoeff/tancalc.cpp:134]   --->   Operation 46 'specdataflowpipeline' <Predicate = true> <Delay = 0.00>
ST_2 : Operation 47 [1/1] (0.40ns)   --->   "%data_num = add i7 %data_num_0_i, 1" [tancoeff/tancoeff/tancalc.cpp:134]   --->   Operation 47 'add' 'data_num' <Predicate = true> <Delay = 0.40> <Core = "AddSub">   --->   Core 14 'AddSub' <Latency = 0> <II = 1> <Delay = 0.40> <FuncUnit> <Opcode : 'add' 'sub'> <InPorts = 2> <OutPorts = 1>
ST_2 : Operation 48 [1/1] (0.00ns)   --->   "br i1 %icmp_ln134, label %.exitStub, label %1" [tancoeff/tancoeff/tancalc.cpp:134]   --->   Operation 48 'br' <Predicate = true> <Delay = 0.00>
ST_2 : Operation 49 [2/2] (1.21ns)   --->   "call fastcc void @dataflow_in_loop_subloop(i512* %input_V, i58 %input_V_offset_read, i7 %data_num_0_i, i1024 %p_read32, i1024 %p_read_31, i1024 %p_read_30, i1024 %p_read_29, i1024 %p_read_28, i1024 %p_read_27, i1024 %p_read_26, i1024 %p_read_25, i1024 %p_read_24, i1024 %p_read_23, i1024 %p_read_22, i1024 %p_read_21, i1024 %p_read_20, i1024 %p_read_19, i1024 %p_read_18, i1024 %p_read_17, i11 %p_read_16, i11 %p_read_15, i11 %p_read_14, i11 %p_read_13, i11 %p_read_12, i11 %p_read_11, i11 %p_read_10, i11 %p_read_9, i11 %p_read_8, i11 %p_read_7, i11 %p_read_6, i11 %p_read_5, i11 %p_read_4, i11 %p_read_3, i11 %p_read_2, i10 %p_read_1, i512* %output_V, i58 %output_V_offset_read, i2 %trunc_ln138)" [tancoeff/tancoeff/tancalc.cpp:138]   --->   Operation 49 'call' <Predicate = (!icmp_ln134)> <Delay = 1.21> <CoreType = "Generic">   --->   Core 0 '' <Latency = 0> <II = 1> <Delay = 1.00> <Generic> <Opcode : >
ST_2 : Operation 50 [1/1] (0.00ns)   --->   "ret void"   --->   Operation 50 'ret' <Predicate = (icmp_ln134)> <Delay = 0.00>

State 3 <SV = 2> <Delay = 0.00>
ST_3 : Operation 51 [1/1] (0.00ns)   --->   "call void (...)* @_ssdm_op_SpecLoopName([8 x i8]* @p_str14) nounwind" [tancoeff/tancoeff/tancalc.cpp:134]   --->   Operation 51 'specloopname' <Predicate = (!icmp_ln134)> <Delay = 0.00>
ST_3 : Operation 52 [1/2] (0.00ns)   --->   "call fastcc void @dataflow_in_loop_subloop(i512* %input_V, i58 %input_V_offset_read, i7 %data_num_0_i, i1024 %p_read32, i1024 %p_read_31, i1024 %p_read_30, i1024 %p_read_29, i1024 %p_read_28, i1024 %p_read_27, i1024 %p_read_26, i1024 %p_read_25, i1024 %p_read_24, i1024 %p_read_23, i1024 %p_read_22, i1024 %p_read_21, i1024 %p_read_20, i1024 %p_read_19, i1024 %p_read_18, i1024 %p_read_17, i11 %p_read_16, i11 %p_read_15, i11 %p_read_14, i11 %p_read_13, i11 %p_read_12, i11 %p_read_11, i11 %p_read_10, i11 %p_read_9, i11 %p_read_8, i11 %p_read_7, i11 %p_read_6, i11 %p_read_5, i11 %p_read_4, i11 %p_read_3, i11 %p_read_2, i10 %p_read_1, i512* %output_V, i58 %output_V_offset_read, i2 %trunc_ln138)" [tancoeff/tancoeff/tancalc.cpp:138]   --->   Operation 52 'call' <Predicate = (!icmp_ln134)> <Delay = 0.00> <CoreType = "Generic">   --->   Core 0 '' <Latency = 0> <II = 1> <Delay = 1.00> <Generic> <Opcode : >
ST_3 : Operation 53 [1/1] (0.00ns)   --->   "br label %0" [tancoeff/tancoeff/tancalc.cpp:134]   --->   Operation 53 'br' <Predicate = (!icmp_ln134)> <Delay = 0.00>


============================================================
+ Verbose Summary: Binding
============================================================
STG Binding: 
---------------- STG Properties BEGIN ----------------
- Is combinational: 0
- Is one-state seq: 0
- Is datapath-only: 0
- Is pipelined: 0
- Is top level: 0
Port [ Return ] is wired: 1; IO mode=ap_ctrl_hs:ce=0
Port [ input_V]:  wired=1; compound=1; hidden=0; nouse=0; global=0; static=0; extern=0; dir=0; type=4; pingpong=0; private_global=0; IO mode=m_axi:ce=0
Port [ input_V_offset]:  wired=1; compound=0; hidden=0; nouse=0; global=0; static=0; extern=0; dir=0; type=0; pingpong=0; private_global=0; IO mode=ap_none:ce=0
Port [ p_read]:  wired=1; compound=0; hidden=0; nouse=0; global=0; static=0; extern=0; dir=0; type=0; pingpong=0; private_global=0; IO mode=ap_none:ce=0
Port [ p_read1]:  wired=1; compound=0; hidden=0; nouse=0; global=0; static=0; extern=0; dir=0; type=0; pingpong=0; private_global=0; IO mode=ap_none:ce=0
Port [ p_read2]:  wired=1; compound=0; hidden=0; nouse=0; global=0; static=0; extern=0; dir=0; type=0; pingpong=0; private_global=0; IO mode=ap_none:ce=0
Port [ p_read3]:  wired=1; compound=0; hidden=0; nouse=0; global=0; static=0; extern=0; dir=0; type=0; pingpong=0; private_global=0; IO mode=ap_none:ce=0
Port [ p_read4]:  wired=1; compound=0; hidden=0; nouse=0; global=0; static=0; extern=0; dir=0; type=0; pingpong=0; private_global=0; IO mode=ap_none:ce=0
Port [ p_read5]:  wired=1; compound=0; hidden=0; nouse=0; global=0; static=0; extern=0; dir=0; type=0; pingpong=0; private_global=0; IO mode=ap_none:ce=0
Port [ p_read6]:  wired=1; compound=0; hidden=0; nouse=0; global=0; static=0; extern=0; dir=0; type=0; pingpong=0; private_global=0; IO mode=ap_none:ce=0
Port [ p_read7]:  wired=1; compound=0; hidden=0; nouse=0; global=0; static=0; extern=0; dir=0; type=0; pingpong=0; private_global=0; IO mode=ap_none:ce=0
Port [ p_read8]:  wired=1; compound=0; hidden=0; nouse=0; global=0; static=0; extern=0; dir=0; type=0; pingpong=0; private_global=0; IO mode=ap_none:ce=0
Port [ p_read9]:  wired=1; compound=0; hidden=0; nouse=0; global=0; static=0; extern=0; dir=0; type=0; pingpong=0; private_global=0; IO mode=ap_none:ce=0
Port [ p_read10]:  wired=1; compound=0; hidden=0; nouse=0; global=0; static=0; extern=0; dir=0; type=0; pingpong=0; private_global=0; IO mode=ap_none:ce=0
Port [ p_read11]:  wired=1; compound=0; hidden=0; nouse=0; global=0; static=0; extern=0; dir=0; type=0; pingpong=0; private_global=0; IO mode=ap_none:ce=0
Port [ p_read12]:  wired=1; compound=0; hidden=0; nouse=0; global=0; static=0; extern=0; dir=0; type=0; pingpong=0; private_global=0; IO mode=ap_none:ce=0
Port [ p_read13]:  wired=1; compound=0; hidden=0; nouse=0; global=0; static=0; extern=0; dir=0; type=0; pingpong=0; private_global=0; IO mode=ap_none:ce=0
Port [ p_read14]:  wired=1; compound=0; hidden=0; nouse=0; global=0; static=0; extern=0; dir=0; type=0; pingpong=0; private_global=0; IO mode=ap_none:ce=0
Port [ p_read15]:  wired=1; compound=0; hidden=0; nouse=0; global=0; static=0; extern=0; dir=0; type=0; pingpong=0; private_global=0; IO mode=ap_none:ce=0
Port [ p_read16]:  wired=1; compound=0; hidden=0; nouse=0; global=0; static=0; extern=0; dir=0; type=0; pingpong=0; private_global=0; IO mode=ap_none:ce=0
Port [ p_read17]:  wired=1; compound=0; hidden=0; nouse=0; global=0; static=0; extern=0; dir=0; type=0; pingpong=0; private_global=0; IO mode=ap_none:ce=0
Port [ p_read18]:  wired=1; compound=0; hidden=0; nouse=0; global=0; static=0; extern=0; dir=0; type=0; pingpong=0; private_global=0; IO mode=ap_none:ce=0
Port [ p_read19]:  wired=1; compound=0; hidden=0; nouse=0; global=0; static=0; extern=0; dir=0; type=0; pingpong=0; private_global=0; IO mode=ap_none:ce=0
Port [ p_read20]:  wired=1; compound=0; hidden=0; nouse=0; global=0; static=0; extern=0; dir=0; type=0; pingpong=0; private_global=0; IO mode=ap_none:ce=0
Port [ p_read21]:  wired=1; compound=0; hidden=0; nouse=0; global=0; static=0; extern=0; dir=0; type=0; pingpong=0; private_global=0; IO mode=ap_none:ce=0
Port [ p_read22]:  wired=1; compound=0; hidden=0; nouse=0; global=0; static=0; extern=0; dir=0; type=0; pingpong=0; private_global=0; IO mode=ap_none:ce=0
Port [ p_read23]:  wired=1; compound=0; hidden=0; nouse=0; global=0; static=0; extern=0; dir=0; type=0; pingpong=0; private_global=0; IO mode=ap_none:ce=0
Port [ p_read24]:  wired=1; compound=0; hidden=0; nouse=0; global=0; static=0; extern=0; dir=0; type=0; pingpong=0; private_global=0; IO mode=ap_none:ce=0
Port [ p_read25]:  wired=1; compound=0; hidden=0; nouse=0; global=0; static=0; extern=0; dir=0; type=0; pingpong=0; private_global=0; IO mode=ap_none:ce=0
Port [ p_read26]:  wired=1; compound=0; hidden=0; nouse=0; global=0; static=0; extern=0; dir=0; type=0; pingpong=0; private_global=0; IO mode=ap_none:ce=0
Port [ p_read27]:  wired=1; compound=0; hidden=0; nouse=0; global=0; static=0; extern=0; dir=0; type=0; pingpong=0; private_global=0; IO mode=ap_none:ce=0
Port [ p_read28]:  wired=1; compound=0; hidden=0; nouse=0; global=0; static=0; extern=0; dir=0; type=0; pingpong=0; private_global=0; IO mode=ap_none:ce=0
Port [ p_read29]:  wired=1; compound=0; hidden=0; nouse=0; global=0; static=0; extern=0; dir=0; type=0; pingpong=0; private_global=0; IO mode=ap_none:ce=0
Port [ p_read30]:  wired=1; compound=0; hidden=0; nouse=0; global=0; static=0; extern=0; dir=0; type=0; pingpong=0; private_global=0; IO mode=ap_none:ce=0
Port [ p_read31]:  wired=1; compound=0; hidden=0; nouse=0; global=0; static=0; extern=0; dir=0; type=0; pingpong=0; private_global=0; IO mode=ap_none:ce=0
Port [ output_V]:  wired=1; compound=1; hidden=0; nouse=0; global=0; static=0; extern=0; dir=1; type=4; pingpong=0; private_global=0; IO mode=m_axi:ce=0
Port [ output_V_offset]:  wired=1; compound=0; hidden=0; nouse=0; global=0; static=0; extern=0; dir=0; type=0; pingpong=0; private_global=0; IO mode=ap_none:ce=0
Port [ cmpr_chunk_num_0_i]:  wired=1; compound=0; hidden=0; nouse=0; global=0; static=0; extern=0; dir=0; type=0; pingpong=0; private_global=0; IO mode=ap_none:ce=0
---------------- STG Properties END ------------------

---------------- Datapath Model BEGIN ----------------

<LifeTime>
<method=bitvector/>
cmpr_chunk_num_0_i_read    (read                ) [ 0000]
output_V_offset_read       (read                ) [ 0011]
p_read_1                   (read                ) [ 0011]
p_read_2                   (read                ) [ 0011]
p_read_3                   (read                ) [ 0011]
p_read_4                   (read                ) [ 0011]
p_read_5                   (read                ) [ 0011]
p_read_6                   (read                ) [ 0011]
p_read_7                   (read                ) [ 0011]
p_read_8                   (read                ) [ 0011]
p_read_9                   (read                ) [ 0011]
p_read_10                  (read                ) [ 0011]
p_read_11                  (read                ) [ 0011]
p_read_12                  (read                ) [ 0011]
p_read_13                  (read                ) [ 0011]
p_read_14                  (read                ) [ 0011]
p_read_15                  (read                ) [ 0011]
p_read_16                  (read                ) [ 0011]
p_read_17                  (read                ) [ 0011]
p_read_18                  (read                ) [ 0011]
p_read_19                  (read                ) [ 0011]
p_read_20                  (read                ) [ 0011]
p_read_21                  (read                ) [ 0011]
p_read_22                  (read                ) [ 0011]
p_read_23                  (read                ) [ 0011]
p_read_24                  (read                ) [ 0011]
p_read_25                  (read                ) [ 0011]
p_read_26                  (read                ) [ 0011]
p_read_27                  (read                ) [ 0011]
p_read_28                  (read                ) [ 0011]
p_read_29                  (read                ) [ 0011]
p_read_30                  (read                ) [ 0011]
p_read_31                  (read                ) [ 0011]
p_read32                   (read                ) [ 0011]
input_V_offset_read        (read                ) [ 0011]
specinterface_ln0          (specinterface       ) [ 0000]
specinterface_ln0          (specinterface       ) [ 0000]
trunc_ln138                (trunc               ) [ 0011]
br_ln0                     (br                  ) [ 0111]
data_num_0_i               (phi                 ) [ 0011]
icmp_ln134                 (icmp                ) [ 0011]
empty                      (speclooptripcount   ) [ 0000]
specdataflowpipeline_ln134 (specdataflowpipeline) [ 0000]
data_num                   (add                 ) [ 0111]
br_ln134                   (br                  ) [ 0000]
ret_ln0                    (ret                 ) [ 0000]
specloopname_ln134         (specloopname        ) [ 0000]
call_ln138                 (call                ) [ 0000]
br_ln134                   (br                  ) [ 0111]
</LifeTime>

<model>

<comp_list>
<comp id="0" class="1000" name="input_V">
<pin_list>
<pin id="1" dir="1" index="0" bw="1" slack="0"/>
</pin_list>
<bind>
<StgValue><ssdm name="input_V"/></StgValue>
</bind>
</comp>

<comp id="2" class="1000" name="input_V_offset">
<pin_list>
<pin id="3" dir="1" index="0" bw="1" slack="0"/>
</pin_list>
<bind>
<StgValue><ssdm name="input_V_offset"/></StgValue>
</bind>
</comp>

<comp id="4" class="1000" name="p_read">
<pin_list>
<pin id="5" dir="1" index="0" bw="1" slack="0"/>
</pin_list>
<bind>
<StgValue><ssdm name="p_read"/></StgValue>
</bind>
</comp>

<comp id="6" class="1000" name="p_read1">
<pin_list>
<pin id="7" dir="1" index="0" bw="1" slack="0"/>
</pin_list>
<bind>
<StgValue><ssdm name="p_read1"/></StgValue>
</bind>
</comp>

<comp id="8" class="1000" name="p_read2">
<pin_list>
<pin id="9" dir="1" index="0" bw="1" slack="0"/>
</pin_list>
<bind>
<StgValue><ssdm name="p_read2"/></StgValue>
</bind>
</comp>

<comp id="10" class="1000" name="p_read3">
<pin_list>
<pin id="11" dir="1" index="0" bw="1" slack="0"/>
</pin_list>
<bind>
<StgValue><ssdm name="p_read3"/></StgValue>
</bind>
</comp>

<comp id="12" class="1000" name="p_read4">
<pin_list>
<pin id="13" dir="1" index="0" bw="1" slack="0"/>
</pin_list>
<bind>
<StgValue><ssdm name="p_read4"/></StgValue>
</bind>
</comp>

<comp id="14" class="1000" name="p_read5">
<pin_list>
<pin id="15" dir="1" index="0" bw="1" slack="0"/>
</pin_list>
<bind>
<StgValue><ssdm name="p_read5"/></StgValue>
</bind>
</comp>

<comp id="16" class="1000" name="p_read6">
<pin_list>
<pin id="17" dir="1" index="0" bw="1" slack="0"/>
</pin_list>
<bind>
<StgValue><ssdm name="p_read6"/></StgValue>
</bind>
</comp>

<comp id="18" class="1000" name="p_read7">
<pin_list>
<pin id="19" dir="1" index="0" bw="1" slack="0"/>
</pin_list>
<bind>
<StgValue><ssdm name="p_read7"/></StgValue>
</bind>
</comp>

<comp id="20" class="1000" name="p_read8">
<pin_list>
<pin id="21" dir="1" index="0" bw="1" slack="0"/>
</pin_list>
<bind>
<StgValue><ssdm name="p_read8"/></StgValue>
</bind>
</comp>

<comp id="22" class="1000" name="p_read9">
<pin_list>
<pin id="23" dir="1" index="0" bw="1" slack="0"/>
</pin_list>
<bind>
<StgValue><ssdm name="p_read9"/></StgValue>
</bind>
</comp>

<comp id="24" class="1000" name="p_read10">
<pin_list>
<pin id="25" dir="1" index="0" bw="1" slack="0"/>
</pin_list>
<bind>
<StgValue><ssdm name="p_read10"/></StgValue>
</bind>
</comp>

<comp id="26" class="1000" name="p_read11">
<pin_list>
<pin id="27" dir="1" index="0" bw="1" slack="0"/>
</pin_list>
<bind>
<StgValue><ssdm name="p_read11"/></StgValue>
</bind>
</comp>

<comp id="28" class="1000" name="p_read12">
<pin_list>
<pin id="29" dir="1" index="0" bw="1" slack="0"/>
</pin_list>
<bind>
<StgValue><ssdm name="p_read12"/></StgValue>
</bind>
</comp>

<comp id="30" class="1000" name="p_read13">
<pin_list>
<pin id="31" dir="1" index="0" bw="1" slack="0"/>
</pin_list>
<bind>
<StgValue><ssdm name="p_read13"/></StgValue>
</bind>
</comp>

<comp id="32" class="1000" name="p_read14">
<pin_list>
<pin id="33" dir="1" index="0" bw="1" slack="0"/>
</pin_list>
<bind>
<StgValue><ssdm name="p_read14"/></StgValue>
</bind>
</comp>

<comp id="34" class="1000" name="p_read15">
<pin_list>
<pin id="35" dir="1" index="0" bw="1" slack="0"/>
</pin_list>
<bind>
<StgValue><ssdm name="p_read15"/></StgValue>
</bind>
</comp>

<comp id="36" class="1000" name="p_read16">
<pin_list>
<pin id="37" dir="1" index="0" bw="1" slack="0"/>
</pin_list>
<bind>
<StgValue><ssdm name="p_read16"/></StgValue>
</bind>
</comp>

<comp id="38" class="1000" name="p_read17">
<pin_list>
<pin id="39" dir="1" index="0" bw="1" slack="0"/>
</pin_list>
<bind>
<StgValue><ssdm name="p_read17"/></StgValue>
</bind>
</comp>

<comp id="40" class="1000" name="p_read18">
<pin_list>
<pin id="41" dir="1" index="0" bw="1" slack="0"/>
</pin_list>
<bind>
<StgValue><ssdm name="p_read18"/></StgValue>
</bind>
</comp>

<comp id="42" class="1000" name="p_read19">
<pin_list>
<pin id="43" dir="1" index="0" bw="1" slack="0"/>
</pin_list>
<bind>
<StgValue><ssdm name="p_read19"/></StgValue>
</bind>
</comp>

<comp id="44" class="1000" name="p_read20">
<pin_list>
<pin id="45" dir="1" index="0" bw="1" slack="0"/>
</pin_list>
<bind>
<StgValue><ssdm name="p_read20"/></StgValue>
</bind>
</comp>

<comp id="46" class="1000" name="p_read21">
<pin_list>
<pin id="47" dir="1" index="0" bw="1" slack="0"/>
</pin_list>
<bind>
<StgValue><ssdm name="p_read21"/></StgValue>
</bind>
</comp>

<comp id="48" class="1000" name="p_read22">
<pin_list>
<pin id="49" dir="1" index="0" bw="1" slack="0"/>
</pin_list>
<bind>
<StgValue><ssdm name="p_read22"/></StgValue>
</bind>
</comp>

<comp id="50" class="1000" name="p_read23">
<pin_list>
<pin id="51" dir="1" index="0" bw="1" slack="0"/>
</pin_list>
<bind>
<StgValue><ssdm name="p_read23"/></StgValue>
</bind>
</comp>

<comp id="52" class="1000" name="p_read24">
<pin_list>
<pin id="53" dir="1" index="0" bw="1" slack="0"/>
</pin_list>
<bind>
<StgValue><ssdm name="p_read24"/></StgValue>
</bind>
</comp>

<comp id="54" class="1000" name="p_read25">
<pin_list>
<pin id="55" dir="1" index="0" bw="1" slack="0"/>
</pin_list>
<bind>
<StgValue><ssdm name="p_read25"/></StgValue>
</bind>
</comp>

<comp id="56" class="1000" name="p_read26">
<pin_list>
<pin id="57" dir="1" index="0" bw="1" slack="0"/>
</pin_list>
<bind>
<StgValue><ssdm name="p_read26"/></StgValue>
</bind>
</comp>

<comp id="58" class="1000" name="p_read27">
<pin_list>
<pin id="59" dir="1" index="0" bw="1" slack="0"/>
</pin_list>
<bind>
<StgValue><ssdm name="p_read27"/></StgValue>
</bind>
</comp>

<comp id="60" class="1000" name="p_read28">
<pin_list>
<pin id="61" dir="1" index="0" bw="1" slack="0"/>
</pin_list>
<bind>
<StgValue><ssdm name="p_read28"/></StgValue>
</bind>
</comp>

<comp id="62" class="1000" name="p_read29">
<pin_list>
<pin id="63" dir="1" index="0" bw="1" slack="0"/>
</pin_list>
<bind>
<StgValue><ssdm name="p_read29"/></StgValue>
</bind>
</comp>

<comp id="64" class="1000" name="p_read30">
<pin_list>
<pin id="65" dir="1" index="0" bw="1" slack="0"/>
</pin_list>
<bind>
<StgValue><ssdm name="p_read30"/></StgValue>
</bind>
</comp>

<comp id="66" class="1000" name="p_read31">
<pin_list>
<pin id="67" dir="1" index="0" bw="1" slack="0"/>
</pin_list>
<bind>
<StgValue><ssdm name="p_read31"/></StgValue>
</bind>
</comp>

<comp id="68" class="1000" name="output_V">
<pin_list>
<pin id="69" dir="1" index="0" bw="1" slack="0"/>
</pin_list>
<bind>
<StgValue><ssdm name="output_V"/></StgValue>
</bind>
</comp>

<comp id="70" class="1000" name="output_V_offset">
<pin_list>
<pin id="71" dir="1" index="0" bw="1" slack="0"/>
</pin_list>
<bind>
<StgValue><ssdm name="output_V_offset"/></StgValue>
</bind>
</comp>

<comp id="72" class="1000" name="cmpr_chunk_num_0_i">
<pin_list>
<pin id="73" dir="1" index="0" bw="1" slack="0"/>
</pin_list>
<bind>
<StgValue><ssdm name="cmpr_chunk_num_0_i"/></StgValue>
</bind>
</comp>

<comp id="74" class="1001" name="const_74">
<pin_list>
<pin id="75" dir="1" index="0" bw="1" slack="0"/>
</pin_list>
<bind>
<StgValue><ssdm name="_ssdm_op_Read.ap_auto.i3"/></StgValue>
</bind>
</comp>

<comp id="76" class="1001" name="const_76">
<pin_list>
<pin id="77" dir="1" index="0" bw="1" slack="0"/>
</pin_list>
<bind>
<StgValue><ssdm name="_ssdm_op_Read.ap_auto.i58"/></StgValue>
</bind>
</comp>

<comp id="78" class="1001" name="const_78">
<pin_list>
<pin id="79" dir="1" index="0" bw="1" slack="0"/>
</pin_list>
<bind>
<StgValue><ssdm name="_ssdm_op_Read.ap_auto.i10"/></StgValue>
</bind>
</comp>

<comp id="80" class="1001" name="const_80">
<pin_list>
<pin id="81" dir="1" index="0" bw="1" slack="0"/>
</pin_list>
<bind>
<StgValue><ssdm name="_ssdm_op_Read.ap_auto.i11"/></StgValue>
</bind>
</comp>

<comp id="82" class="1001" name="const_82">
<pin_list>
<pin id="83" dir="1" index="0" bw="1" slack="0"/>
</pin_list>
<bind>
<StgValue><ssdm name="_ssdm_op_Read.ap_auto.i1024"/></StgValue>
</bind>
</comp>

<comp id="84" class="1001" name="const_84">
<pin_list>
<pin id="85" dir="1" index="0" bw="1" slack="2147483647"/>
</pin_list>
<bind>
<StgValue><ssdm name="_ssdm_op_SpecInterface"/></StgValue>
</bind>
</comp>

<comp id="86" class="1001" name="const_86">
<pin_list>
<pin id="87" dir="1" index="0" bw="1" slack="2147483647"/>
</pin_list>
<bind>
<StgValue><ssdm name="p_str6"/></StgValue>
</bind>
</comp>

<comp id="88" class="1001" name="const_88">
<pin_list>
<pin id="89" dir="1" index="0" bw="1" slack="2147483647"/>
</pin_list>
<bind>
<StgValue><ssdm name=""/></StgValue>
</bind>
</comp>

<comp id="90" class="1001" name="const_90">
<pin_list>
<pin id="91" dir="1" index="0" bw="1" slack="2147483647"/>
</pin_list>
<bind>
<StgValue><ssdm name="p_str1"/></StgValue>
</bind>
</comp>

<comp id="92" class="1001" name="const_92">
<pin_list>
<pin id="93" dir="1" index="0" bw="1" slack="2147483647"/>
</pin_list>
<bind>
<StgValue><ssdm name=""/></StgValue>
</bind>
</comp>

<comp id="94" class="1001" name="const_94">
<pin_list>
<pin id="95" dir="1" index="0" bw="1" slack="2147483647"/>
</pin_list>
<bind>
<StgValue><ssdm name="p_str9"/></StgValue>
</bind>
</comp>

<comp id="96" class="1001" name="const_96">
<pin_list>
<pin id="97" dir="1" index="0" bw="1" slack="2147483647"/>
</pin_list>
<bind>
<StgValue><ssdm name="p_str8"/></StgValue>
</bind>
</comp>

<comp id="98" class="1001" name="const_98">
<pin_list>
<pin id="99" dir="1" index="0" bw="1" slack="2147483647"/>
</pin_list>
<bind>
<StgValue><ssdm name=""/></StgValue>
</bind>
</comp>

<comp id="100" class="1001" name="const_100">
<pin_list>
<pin id="101" dir="1" index="0" bw="1" slack="2147483647"/>
</pin_list>
<bind>
<StgValue><ssdm name=""/></StgValue>
</bind>
</comp>

<comp id="102" class="1001" name="const_102">
<pin_list>
<pin id="103" dir="1" index="0" bw="1" slack="2147483647"/>
</pin_list>
<bind>
<StgValue><ssdm name="p_str7"/></StgValue>
</bind>
</comp>

<comp id="104" class="1001" name="const_104">
<pin_list>
<pin id="105" dir="1" index="0" bw="1" slack="1"/>
</pin_list>
<bind>
<StgValue><ssdm name=""/></StgValue>
</bind>
</comp>

<comp id="106" class="1001" name="const_106">
<pin_list>
<pin id="107" dir="1" index="0" bw="1" slack="0"/>
</pin_list>
<bind>
<StgValue><ssdm name=""/></StgValue>
</bind>
</comp>

<comp id="108" class="1001" name="const_108">
<pin_list>
<pin id="109" dir="1" index="0" bw="1" slack="2147483647"/>
</pin_list>
<bind>
<StgValue><ssdm name="_ssdm_op_SpecLoopTripCount"/></StgValue>
</bind>
</comp>

<comp id="110" class="1001" name="const_110">
<pin_list>
<pin id="111" dir="1" index="0" bw="1" slack="2147483647"/>
</pin_list>
<bind>
<StgValue><ssdm name=""/></StgValue>
</bind>
</comp>

<comp id="112" class="1001" name="const_112">
<pin_list>
<pin id="113" dir="1" index="0" bw="1" slack="2147483647"/>
</pin_list>
<bind>
<StgValue><ssdm name="_ssdm_op_SpecDataflowPipeline"/></StgValue>
</bind>
</comp>

<comp id="114" class="1001" name="const_114">
<pin_list>
<pin id="115" dir="1" index="0" bw="1" slack="2147483647"/>
</pin_list>
<bind>
<StgValue><ssdm name=""/></StgValue>
</bind>
</comp>

<comp id="116" class="1001" name="const_116">
<pin_list>
<pin id="117" dir="1" index="0" bw="1" slack="2147483647"/>
</pin_list>
<bind>
<StgValue><ssdm name="dataflow_parent_loop_str"/></StgValue>
</bind>
</comp>

<comp id="118" class="1001" name="const_118">
<pin_list>
<pin id="119" dir="1" index="0" bw="1" slack="0"/>
</pin_list>
<bind>
<StgValue><ssdm name=""/></StgValue>
</bind>
</comp>

<comp id="120" class="1001" name="const_120">
<pin_list>
<pin id="121" dir="1" index="0" bw="1" slack="0"/>
</pin_list>
<bind>
<StgValue><ssdm name="dataflow_in_loop_subloop"/></StgValue>
</bind>
</comp>

<comp id="122" class="1001" name="const_122">
<pin_list>
<pin id="123" dir="1" index="0" bw="1" slack="2147483647"/>
</pin_list>
<bind>
<StgValue><ssdm name="_ssdm_op_SpecLoopName"/></StgValue>
</bind>
</comp>

<comp id="124" class="1001" name="const_124">
<pin_list>
<pin id="125" dir="1" index="0" bw="1" slack="2147483647"/>
</pin_list>
<bind>
<StgValue><ssdm name="p_str14"/></StgValue>
</bind>
</comp>

<comp id="126" class="1004" name="cmpr_chunk_num_0_i_read_read_fu_126">
<pin_list>
<pin id="127" dir="0" index="0" bw="3" slack="0"/>
<pin id="128" dir="0" index="1" bw="3" slack="0"/>
<pin id="129" dir="1" index="2" bw="3" slack="0"/>
</pin_list>
<bind>
<opcode="read(1150) " fcode="read"/>
<opset="cmpr_chunk_num_0_i_read/1 "/>
</bind>
</comp>

<comp id="132" class="1004" name="output_V_offset_read_read_fu_132">
<pin_list>
<pin id="133" dir="0" index="0" bw="58" slack="0"/>
<pin id="134" dir="0" index="1" bw="58" slack="0"/>
<pin id="135" dir="1" index="2" bw="58" slack="1"/>
</pin_list>
<bind>
<opcode="read(1150) " fcode="read"/>
<opset="output_V_offset_read/1 "/>
</bind>
</comp>

<comp id="138" class="1004" name="p_read_1_read_fu_138">
<pin_list>
<pin id="139" dir="0" index="0" bw="10" slack="0"/>
<pin id="140" dir="0" index="1" bw="10" slack="0"/>
<pin id="141" dir="1" index="2" bw="10" slack="1"/>
</pin_list>
<bind>
<opcode="read(1150) " fcode="read"/>
<opset="p_read_1/1 "/>
</bind>
</comp>

<comp id="144" class="1004" name="p_read_2_read_fu_144">
<pin_list>
<pin id="145" dir="0" index="0" bw="11" slack="0"/>
<pin id="146" dir="0" index="1" bw="11" slack="0"/>
<pin id="147" dir="1" index="2" bw="11" slack="1"/>
</pin_list>
<bind>
<opcode="read(1150) " fcode="read"/>
<opset="p_read_2/1 "/>
</bind>
</comp>

<comp id="150" class="1004" name="p_read_3_read_fu_150">
<pin_list>
<pin id="151" dir="0" index="0" bw="11" slack="0"/>
<pin id="152" dir="0" index="1" bw="11" slack="0"/>
<pin id="153" dir="1" index="2" bw="11" slack="1"/>
</pin_list>
<bind>
<opcode="read(1150) " fcode="read"/>
<opset="p_read_3/1 "/>
</bind>
</comp>

<comp id="156" class="1004" name="p_read_4_read_fu_156">
<pin_list>
<pin id="157" dir="0" index="0" bw="11" slack="0"/>
<pin id="158" dir="0" index="1" bw="11" slack="0"/>
<pin id="159" dir="1" index="2" bw="11" slack="1"/>
</pin_list>
<bind>
<opcode="read(1150) " fcode="read"/>
<opset="p_read_4/1 "/>
</bind>
</comp>

<comp id="162" class="1004" name="p_read_5_read_fu_162">
<pin_list>
<pin id="163" dir="0" index="0" bw="11" slack="0"/>
<pin id="164" dir="0" index="1" bw="11" slack="0"/>
<pin id="165" dir="1" index="2" bw="11" slack="1"/>
</pin_list>
<bind>
<opcode="read(1150) " fcode="read"/>
<opset="p_read_5/1 "/>
</bind>
</comp>

<comp id="168" class="1004" name="p_read_6_read_fu_168">
<pin_list>
<pin id="169" dir="0" index="0" bw="11" slack="0"/>
<pin id="170" dir="0" index="1" bw="11" slack="0"/>
<pin id="171" dir="1" index="2" bw="11" slack="1"/>
</pin_list>
<bind>
<opcode="read(1150) " fcode="read"/>
<opset="p_read_6/1 "/>
</bind>
</comp>

<comp id="174" class="1004" name="p_read_7_read_fu_174">
<pin_list>
<pin id="175" dir="0" index="0" bw="11" slack="0"/>
<pin id="176" dir="0" index="1" bw="11" slack="0"/>
<pin id="177" dir="1" index="2" bw="11" slack="1"/>
</pin_list>
<bind>
<opcode="read(1150) " fcode="read"/>
<opset="p_read_7/1 "/>
</bind>
</comp>

<comp id="180" class="1004" name="p_read_8_read_fu_180">
<pin_list>
<pin id="181" dir="0" index="0" bw="11" slack="0"/>
<pin id="182" dir="0" index="1" bw="11" slack="0"/>
<pin id="183" dir="1" index="2" bw="11" slack="1"/>
</pin_list>
<bind>
<opcode="read(1150) " fcode="read"/>
<opset="p_read_8/1 "/>
</bind>
</comp>

<comp id="186" class="1004" name="p_read_9_read_fu_186">
<pin_list>
<pin id="187" dir="0" index="0" bw="11" slack="0"/>
<pin id="188" dir="0" index="1" bw="11" slack="0"/>
<pin id="189" dir="1" index="2" bw="11" slack="1"/>
</pin_list>
<bind>
<opcode="read(1150) " fcode="read"/>
<opset="p_read_9/1 "/>
</bind>
</comp>

<comp id="192" class="1004" name="p_read_10_read_fu_192">
<pin_list>
<pin id="193" dir="0" index="0" bw="11" slack="0"/>
<pin id="194" dir="0" index="1" bw="11" slack="0"/>
<pin id="195" dir="1" index="2" bw="11" slack="1"/>
</pin_list>
<bind>
<opcode="read(1150) " fcode="read"/>
<opset="p_read_10/1 "/>
</bind>
</comp>

<comp id="198" class="1004" name="p_read_11_read_fu_198">
<pin_list>
<pin id="199" dir="0" index="0" bw="11" slack="0"/>
<pin id="200" dir="0" index="1" bw="11" slack="0"/>
<pin id="201" dir="1" index="2" bw="11" slack="1"/>
</pin_list>
<bind>
<opcode="read(1150) " fcode="read"/>
<opset="p_read_11/1 "/>
</bind>
</comp>

<comp id="204" class="1004" name="p_read_12_read_fu_204">
<pin_list>
<pin id="205" dir="0" index="0" bw="11" slack="0"/>
<pin id="206" dir="0" index="1" bw="11" slack="0"/>
<pin id="207" dir="1" index="2" bw="11" slack="1"/>
</pin_list>
<bind>
<opcode="read(1150) " fcode="read"/>
<opset="p_read_12/1 "/>
</bind>
</comp>

<comp id="210" class="1004" name="p_read_13_read_fu_210">
<pin_list>
<pin id="211" dir="0" index="0" bw="11" slack="0"/>
<pin id="212" dir="0" index="1" bw="11" slack="0"/>
<pin id="213" dir="1" index="2" bw="11" slack="1"/>
</pin_list>
<bind>
<opcode="read(1150) " fcode="read"/>
<opset="p_read_13/1 "/>
</bind>
</comp>

<comp id="216" class="1004" name="p_read_14_read_fu_216">
<pin_list>
<pin id="217" dir="0" index="0" bw="11" slack="0"/>
<pin id="218" dir="0" index="1" bw="11" slack="0"/>
<pin id="219" dir="1" index="2" bw="11" slack="1"/>
</pin_list>
<bind>
<opcode="read(1150) " fcode="read"/>
<opset="p_read_14/1 "/>
</bind>
</comp>

<comp id="222" class="1004" name="p_read_15_read_fu_222">
<pin_list>
<pin id="223" dir="0" index="0" bw="11" slack="0"/>
<pin id="224" dir="0" index="1" bw="11" slack="0"/>
<pin id="225" dir="1" index="2" bw="11" slack="1"/>
</pin_list>
<bind>
<opcode="read(1150) " fcode="read"/>
<opset="p_read_15/1 "/>
</bind>
</comp>

<comp id="228" class="1004" name="p_read_16_read_fu_228">
<pin_list>
<pin id="229" dir="0" index="0" bw="11" slack="0"/>
<pin id="230" dir="0" index="1" bw="11" slack="0"/>
<pin id="231" dir="1" index="2" bw="11" slack="1"/>
</pin_list>
<bind>
<opcode="read(1150) " fcode="read"/>
<opset="p_read_16/1 "/>
</bind>
</comp>

<comp id="234" class="1004" name="p_read_17_read_fu_234">
<pin_list>
<pin id="235" dir="0" index="0" bw="1024" slack="0"/>
<pin id="236" dir="0" index="1" bw="1024" slack="0"/>
<pin id="237" dir="1" index="2" bw="1024" slack="1"/>
</pin_list>
<bind>
<opcode="read(1150) " fcode="read"/>
<opset="p_read_17/1 "/>
</bind>
</comp>

<comp id="240" class="1004" name="p_read_18_read_fu_240">
<pin_list>
<pin id="241" dir="0" index="0" bw="1024" slack="0"/>
<pin id="242" dir="0" index="1" bw="1024" slack="0"/>
<pin id="243" dir="1" index="2" bw="1024" slack="1"/>
</pin_list>
<bind>
<opcode="read(1150) " fcode="read"/>
<opset="p_read_18/1 "/>
</bind>
</comp>

<comp id="246" class="1004" name="p_read_19_read_fu_246">
<pin_list>
<pin id="247" dir="0" index="0" bw="1024" slack="0"/>
<pin id="248" dir="0" index="1" bw="1024" slack="0"/>
<pin id="249" dir="1" index="2" bw="1024" slack="1"/>
</pin_list>
<bind>
<opcode="read(1150) " fcode="read"/>
<opset="p_read_19/1 "/>
</bind>
</comp>

<comp id="252" class="1004" name="p_read_20_read_fu_252">
<pin_list>
<pin id="253" dir="0" index="0" bw="1024" slack="0"/>
<pin id="254" dir="0" index="1" bw="1024" slack="0"/>
<pin id="255" dir="1" index="2" bw="1024" slack="1"/>
</pin_list>
<bind>
<opcode="read(1150) " fcode="read"/>
<opset="p_read_20/1 "/>
</bind>
</comp>

<comp id="258" class="1004" name="p_read_21_read_fu_258">
<pin_list>
<pin id="259" dir="0" index="0" bw="1024" slack="0"/>
<pin id="260" dir="0" index="1" bw="1024" slack="0"/>
<pin id="261" dir="1" index="2" bw="1024" slack="1"/>
</pin_list>
<bind>
<opcode="read(1150) " fcode="read"/>
<opset="p_read_21/1 "/>
</bind>
</comp>

<comp id="264" class="1004" name="p_read_22_read_fu_264">
<pin_list>
<pin id="265" dir="0" index="0" bw="1024" slack="0"/>
<pin id="266" dir="0" index="1" bw="1024" slack="0"/>
<pin id="267" dir="1" index="2" bw="1024" slack="1"/>
</pin_list>
<bind>
<opcode="read(1150) " fcode="read"/>
<opset="p_read_22/1 "/>
</bind>
</comp>

<comp id="270" class="1004" name="p_read_23_read_fu_270">
<pin_list>
<pin id="271" dir="0" index="0" bw="1024" slack="0"/>
<pin id="272" dir="0" index="1" bw="1024" slack="0"/>
<pin id="273" dir="1" index="2" bw="1024" slack="1"/>
</pin_list>
<bind>
<opcode="read(1150) " fcode="read"/>
<opset="p_read_23/1 "/>
</bind>
</comp>

<comp id="276" class="1004" name="p_read_24_read_fu_276">
<pin_list>
<pin id="277" dir="0" index="0" bw="1024" slack="0"/>
<pin id="278" dir="0" index="1" bw="1024" slack="0"/>
<pin id="279" dir="1" index="2" bw="1024" slack="1"/>
</pin_list>
<bind>
<opcode="read(1150) " fcode="read"/>
<opset="p_read_24/1 "/>
</bind>
</comp>

<comp id="282" class="1004" name="p_read_25_read_fu_282">
<pin_list>
<pin id="283" dir="0" index="0" bw="1024" slack="0"/>
<pin id="284" dir="0" index="1" bw="1024" slack="0"/>
<pin id="285" dir="1" index="2" bw="1024" slack="1"/>
</pin_list>
<bind>
<opcode="read(1150) " fcode="read"/>
<opset="p_read_25/1 "/>
</bind>
</comp>

<comp id="288" class="1004" name="p_read_26_read_fu_288">
<pin_list>
<pin id="289" dir="0" index="0" bw="1024" slack="0"/>
<pin id="290" dir="0" index="1" bw="1024" slack="0"/>
<pin id="291" dir="1" index="2" bw="1024" slack="1"/>
</pin_list>
<bind>
<opcode="read(1150) " fcode="read"/>
<opset="p_read_26/1 "/>
</bind>
</comp>

<comp id="294" class="1004" name="p_read_27_read_fu_294">
<pin_list>
<pin id="295" dir="0" index="0" bw="1024" slack="0"/>
<pin id="296" dir="0" index="1" bw="1024" slack="0"/>
<pin id="297" dir="1" index="2" bw="1024" slack="1"/>
</pin_list>
<bind>
<opcode="read(1150) " fcode="read"/>
<opset="p_read_27/1 "/>
</bind>
</comp>

<comp id="300" class="1004" name="p_read_28_read_fu_300">
<pin_list>
<pin id="301" dir="0" index="0" bw="1024" slack="0"/>
<pin id="302" dir="0" index="1" bw="1024" slack="0"/>
<pin id="303" dir="1" index="2" bw="1024" slack="1"/>
</pin_list>
<bind>
<opcode="read(1150) " fcode="read"/>
<opset="p_read_28/1 "/>
</bind>
</comp>

<comp id="306" class="1004" name="p_read_29_read_fu_306">
<pin_list>
<pin id="307" dir="0" index="0" bw="1024" slack="0"/>
<pin id="308" dir="0" index="1" bw="1024" slack="0"/>
<pin id="309" dir="1" index="2" bw="1024" slack="1"/>
</pin_list>
<bind>
<opcode="read(1150) " fcode="read"/>
<opset="p_read_29/1 "/>
</bind>
</comp>

<comp id="312" class="1004" name="p_read_30_read_fu_312">
<pin_list>
<pin id="313" dir="0" index="0" bw="1024" slack="0"/>
<pin id="314" dir="0" index="1" bw="1024" slack="0"/>
<pin id="315" dir="1" index="2" bw="1024" slack="1"/>
</pin_list>
<bind>
<opcode="read(1150) " fcode="read"/>
<opset="p_read_30/1 "/>
</bind>
</comp>

<comp id="318" class="1004" name="p_read_31_read_fu_318">
<pin_list>
<pin id="319" dir="0" index="0" bw="1024" slack="0"/>
<pin id="320" dir="0" index="1" bw="1024" slack="0"/>
<pin id="321" dir="1" index="2" bw="1024" slack="1"/>
</pin_list>
<bind>
<opcode="read(1150) " fcode="read"/>
<opset="p_read_31/1 "/>
</bind>
</comp>

<comp id="324" class="1004" name="p_read32_read_fu_324">
<pin_list>
<pin id="325" dir="0" index="0" bw="1024" slack="0"/>
<pin id="326" dir="0" index="1" bw="1024" slack="0"/>
<pin id="327" dir="1" index="2" bw="1024" slack="1"/>
</pin_list>
<bind>
<opcode="read(1150) " fcode="read"/>
<opset="p_read32/1 "/>
</bind>
</comp>

<comp id="330" class="1004" name="input_V_offset_read_read_fu_330">
<pin_list>
<pin id="331" dir="0" index="0" bw="58" slack="0"/>
<pin id="332" dir="0" index="1" bw="58" slack="0"/>
<pin id="333" dir="1" index="2" bw="58" slack="1"/>
</pin_list>
<bind>
<opcode="read(1150) " fcode="read"/>
<opset="input_V_offset_read/1 "/>
</bind>
</comp>

<comp id="336" class="1005" name="data_num_0_i_reg_336">
<pin_list>
<pin id="337" dir="0" index="0" bw="7" slack="1"/>
<pin id="338" dir="1" index="1" bw="7" slack="1"/>
</pin_list>
<bind>
<opset="data_num_0_i (phireg) "/>
</bind>
</comp>

<comp id="340" class="1004" name="data_num_0_i_phi_fu_340">
<pin_list>
<pin id="341" dir="0" index="0" bw="1" slack="1"/>
<pin id="342" dir="0" index="1" bw="0" slack="2147483647"/>
<pin id="343" dir="0" index="2" bw="7" slack="0"/>
<pin id="344" dir="0" index="3" bw="0" slack="2147483647"/>
<pin id="345" dir="1" index="4" bw="7" slack="0"/>
</pin_list>
<bind>
<opcode="phi(47) " fcode="phi"/>
<opset="data_num_0_i/2 "/>
</bind>
</comp>

<comp id="348" class="1004" name="grp_dataflow_in_loop_subloop_fu_348">
<pin_list>
<pin id="349" dir="0" index="0" bw="0" slack="0"/>
<pin id="350" dir="0" index="1" bw="512" slack="0"/>
<pin id="351" dir="0" index="2" bw="58" slack="1"/>
<pin id="352" dir="0" index="3" bw="7" slack="0"/>
<pin id="353" dir="0" index="4" bw="1024" slack="1"/>
<pin id="354" dir="0" index="5" bw="1024" slack="1"/>
<pin id="355" dir="0" index="6" bw="1024" slack="1"/>
<pin id="356" dir="0" index="7" bw="1024" slack="1"/>
<pin id="357" dir="0" index="8" bw="1024" slack="1"/>
<pin id="358" dir="0" index="9" bw="1024" slack="1"/>
<pin id="359" dir="0" index="10" bw="1024" slack="1"/>
<pin id="360" dir="0" index="11" bw="1024" slack="1"/>
<pin id="361" dir="0" index="12" bw="1024" slack="1"/>
<pin id="362" dir="0" index="13" bw="1024" slack="1"/>
<pin id="363" dir="0" index="14" bw="1024" slack="1"/>
<pin id="364" dir="0" index="15" bw="1024" slack="1"/>
<pin id="365" dir="0" index="16" bw="1024" slack="1"/>
<pin id="366" dir="0" index="17" bw="1024" slack="1"/>
<pin id="367" dir="0" index="18" bw="1024" slack="1"/>
<pin id="368" dir="0" index="19" bw="1024" slack="1"/>
<pin id="369" dir="0" index="20" bw="11" slack="1"/>
<pin id="370" dir="0" index="21" bw="11" slack="1"/>
<pin id="371" dir="0" index="22" bw="11" slack="1"/>
<pin id="372" dir="0" index="23" bw="11" slack="1"/>
<pin id="373" dir="0" index="24" bw="11" slack="1"/>
<pin id="374" dir="0" index="25" bw="11" slack="1"/>
<pin id="375" dir="0" index="26" bw="11" slack="1"/>
<pin id="376" dir="0" index="27" bw="11" slack="1"/>
<pin id="377" dir="0" index="28" bw="11" slack="1"/>
<pin id="378" dir="0" index="29" bw="11" slack="1"/>
<pin id="379" dir="0" index="30" bw="11" slack="1"/>
<pin id="380" dir="0" index="31" bw="11" slack="1"/>
<pin id="381" dir="0" index="32" bw="11" slack="1"/>
<pin id="382" dir="0" index="33" bw="11" slack="1"/>
<pin id="383" dir="0" index="34" bw="11" slack="1"/>
<pin id="384" dir="0" index="35" bw="10" slack="1"/>
<pin id="385" dir="0" index="36" bw="512" slack="0"/>
<pin id="386" dir="0" index="37" bw="58" slack="1"/>
<pin id="387" dir="0" index="38" bw="2" slack="1"/>
<pin id="388" dir="1" index="39" bw="0" slack="2147483647"/>
</pin_list>
<bind>
<opcode="call(48) " fcode="call"/>
<opset="call_ln138/2 "/>
</bind>
</comp>

<comp id="393" class="1004" name="trunc_ln138_fu_393">
<pin_list>
<pin id="394" dir="0" index="0" bw="3" slack="0"/>
<pin id="395" dir="1" index="1" bw="2" slack="1"/>
</pin_list>
<bind>
<opcode="trunc(33) " fcode="trunc"/>
<opset="trunc_ln138/1 "/>
</bind>
</comp>

<comp id="397" class="1004" name="icmp_ln134_fu_397">
<pin_list>
<pin id="398" dir="0" index="0" bw="7" slack="0"/>
<pin id="399" dir="0" index="1" bw="7" slack="0"/>
<pin id="400" dir="1" index="2" bw="1" slack="1"/>
</pin_list>
<bind>
<opcode="icmp(45) " fcode="icmp"/>
<opset="icmp_ln134/2 "/>
</bind>
</comp>

<comp id="403" class="1004" name="data_num_fu_403">
<pin_list>
<pin id="404" dir="0" index="0" bw="7" slack="0"/>
<pin id="405" dir="0" index="1" bw="1" slack="0"/>
<pin id="406" dir="1" index="2" bw="7" slack="0"/>
</pin_list>
<bind>
<opcode="add(8) " fcode="add"/>
<opset="data_num/2 "/>
</bind>
</comp>

<comp id="409" class="1005" name="output_V_offset_read_reg_409">
<pin_list>
<pin id="410" dir="0" index="0" bw="58" slack="1"/>
<pin id="411" dir="1" index="1" bw="58" slack="1"/>
</pin_list>
<bind>
<opset="output_V_offset_read "/>
</bind>
</comp>

<comp id="414" class="1005" name="p_read_1_reg_414">
<pin_list>
<pin id="415" dir="0" index="0" bw="10" slack="1"/>
<pin id="416" dir="1" index="1" bw="10" slack="1"/>
</pin_list>
<bind>
<opset="p_read_1 "/>
</bind>
</comp>

<comp id="419" class="1005" name="p_read_2_reg_419">
<pin_list>
<pin id="420" dir="0" index="0" bw="11" slack="1"/>
<pin id="421" dir="1" index="1" bw="11" slack="1"/>
</pin_list>
<bind>
<opset="p_read_2 "/>
</bind>
</comp>

<comp id="424" class="1005" name="p_read_3_reg_424">
<pin_list>
<pin id="425" dir="0" index="0" bw="11" slack="1"/>
<pin id="426" dir="1" index="1" bw="11" slack="1"/>
</pin_list>
<bind>
<opset="p_read_3 "/>
</bind>
</comp>

<comp id="429" class="1005" name="p_read_4_reg_429">
<pin_list>
<pin id="430" dir="0" index="0" bw="11" slack="1"/>
<pin id="431" dir="1" index="1" bw="11" slack="1"/>
</pin_list>
<bind>
<opset="p_read_4 "/>
</bind>
</comp>

<comp id="434" class="1005" name="p_read_5_reg_434">
<pin_list>
<pin id="435" dir="0" index="0" bw="11" slack="1"/>
<pin id="436" dir="1" index="1" bw="11" slack="1"/>
</pin_list>
<bind>
<opset="p_read_5 "/>
</bind>
</comp>

<comp id="439" class="1005" name="p_read_6_reg_439">
<pin_list>
<pin id="440" dir="0" index="0" bw="11" slack="1"/>
<pin id="441" dir="1" index="1" bw="11" slack="1"/>
</pin_list>
<bind>
<opset="p_read_6 "/>
</bind>
</comp>

<comp id="444" class="1005" name="p_read_7_reg_444">
<pin_list>
<pin id="445" dir="0" index="0" bw="11" slack="1"/>
<pin id="446" dir="1" index="1" bw="11" slack="1"/>
</pin_list>
<bind>
<opset="p_read_7 "/>
</bind>
</comp>

<comp id="449" class="1005" name="p_read_8_reg_449">
<pin_list>
<pin id="450" dir="0" index="0" bw="11" slack="1"/>
<pin id="451" dir="1" index="1" bw="11" slack="1"/>
</pin_list>
<bind>
<opset="p_read_8 "/>
</bind>
</comp>

<comp id="454" class="1005" name="p_read_9_reg_454">
<pin_list>
<pin id="455" dir="0" index="0" bw="11" slack="1"/>
<pin id="456" dir="1" index="1" bw="11" slack="1"/>
</pin_list>
<bind>
<opset="p_read_9 "/>
</bind>
</comp>

<comp id="459" class="1005" name="p_read_10_reg_459">
<pin_list>
<pin id="460" dir="0" index="0" bw="11" slack="1"/>
<pin id="461" dir="1" index="1" bw="11" slack="1"/>
</pin_list>
<bind>
<opset="p_read_10 "/>
</bind>
</comp>

<comp id="464" class="1005" name="p_read_11_reg_464">
<pin_list>
<pin id="465" dir="0" index="0" bw="11" slack="1"/>
<pin id="466" dir="1" index="1" bw="11" slack="1"/>
</pin_list>
<bind>
<opset="p_read_11 "/>
</bind>
</comp>

<comp id="469" class="1005" name="p_read_12_reg_469">
<pin_list>
<pin id="470" dir="0" index="0" bw="11" slack="1"/>
<pin id="471" dir="1" index="1" bw="11" slack="1"/>
</pin_list>
<bind>
<opset="p_read_12 "/>
</bind>
</comp>

<comp id="474" class="1005" name="p_read_13_reg_474">
<pin_list>
<pin id="475" dir="0" index="0" bw="11" slack="1"/>
<pin id="476" dir="1" index="1" bw="11" slack="1"/>
</pin_list>
<bind>
<opset="p_read_13 "/>
</bind>
</comp>

<comp id="479" class="1005" name="p_read_14_reg_479">
<pin_list>
<pin id="480" dir="0" index="0" bw="11" slack="1"/>
<pin id="481" dir="1" index="1" bw="11" slack="1"/>
</pin_list>
<bind>
<opset="p_read_14 "/>
</bind>
</comp>

<comp id="484" class="1005" name="p_read_15_reg_484">
<pin_list>
<pin id="485" dir="0" index="0" bw="11" slack="1"/>
<pin id="486" dir="1" index="1" bw="11" slack="1"/>
</pin_list>
<bind>
<opset="p_read_15 "/>
</bind>
</comp>

<comp id="489" class="1005" name="p_read_16_reg_489">
<pin_list>
<pin id="490" dir="0" index="0" bw="11" slack="1"/>
<pin id="491" dir="1" index="1" bw="11" slack="1"/>
</pin_list>
<bind>
<opset="p_read_16 "/>
</bind>
</comp>

<comp id="494" class="1005" name="p_read_17_reg_494">
<pin_list>
<pin id="495" dir="0" index="0" bw="1024" slack="1"/>
<pin id="496" dir="1" index="1" bw="1024" slack="1"/>
</pin_list>
<bind>
<opset="p_read_17 "/>
</bind>
</comp>

<comp id="499" class="1005" name="p_read_18_reg_499">
<pin_list>
<pin id="500" dir="0" index="0" bw="1024" slack="1"/>
<pin id="501" dir="1" index="1" bw="1024" slack="1"/>
</pin_list>
<bind>
<opset="p_read_18 "/>
</bind>
</comp>

<comp id="504" class="1005" name="p_read_19_reg_504">
<pin_list>
<pin id="505" dir="0" index="0" bw="1024" slack="1"/>
<pin id="506" dir="1" index="1" bw="1024" slack="1"/>
</pin_list>
<bind>
<opset="p_read_19 "/>
</bind>
</comp>

<comp id="509" class="1005" name="p_read_20_reg_509">
<pin_list>
<pin id="510" dir="0" index="0" bw="1024" slack="1"/>
<pin id="511" dir="1" index="1" bw="1024" slack="1"/>
</pin_list>
<bind>
<opset="p_read_20 "/>
</bind>
</comp>

<comp id="514" class="1005" name="p_read_21_reg_514">
<pin_list>
<pin id="515" dir="0" index="0" bw="1024" slack="1"/>
<pin id="516" dir="1" index="1" bw="1024" slack="1"/>
</pin_list>
<bind>
<opset="p_read_21 "/>
</bind>
</comp>

<comp id="519" class="1005" name="p_read_22_reg_519">
<pin_list>
<pin id="520" dir="0" index="0" bw="1024" slack="1"/>
<pin id="521" dir="1" index="1" bw="1024" slack="1"/>
</pin_list>
<bind>
<opset="p_read_22 "/>
</bind>
</comp>

<comp id="524" class="1005" name="p_read_23_reg_524">
<pin_list>
<pin id="525" dir="0" index="0" bw="1024" slack="1"/>
<pin id="526" dir="1" index="1" bw="1024" slack="1"/>
</pin_list>
<bind>
<opset="p_read_23 "/>
</bind>
</comp>

<comp id="529" class="1005" name="p_read_24_reg_529">
<pin_list>
<pin id="530" dir="0" index="0" bw="1024" slack="1"/>
<pin id="531" dir="1" index="1" bw="1024" slack="1"/>
</pin_list>
<bind>
<opset="p_read_24 "/>
</bind>
</comp>

<comp id="534" class="1005" name="p_read_25_reg_534">
<pin_list>
<pin id="535" dir="0" index="0" bw="1024" slack="1"/>
<pin id="536" dir="1" index="1" bw="1024" slack="1"/>
</pin_list>
<bind>
<opset="p_read_25 "/>
</bind>
</comp>

<comp id="539" class="1005" name="p_read_26_reg_539">
<pin_list>
<pin id="540" dir="0" index="0" bw="1024" slack="1"/>
<pin id="541" dir="1" index="1" bw="1024" slack="1"/>
</pin_list>
<bind>
<opset="p_read_26 "/>
</bind>
</comp>

<comp id="544" class="1005" name="p_read_27_reg_544">
<pin_list>
<pin id="545" dir="0" index="0" bw="1024" slack="1"/>
<pin id="546" dir="1" index="1" bw="1024" slack="1"/>
</pin_list>
<bind>
<opset="p_read_27 "/>
</bind>
</comp>

<comp id="549" class="1005" name="p_read_28_reg_549">
<pin_list>
<pin id="550" dir="0" index="0" bw="1024" slack="1"/>
<pin id="551" dir="1" index="1" bw="1024" slack="1"/>
</pin_list>
<bind>
<opset="p_read_28 "/>
</bind>
</comp>

<comp id="554" class="1005" name="p_read_29_reg_554">
<pin_list>
<pin id="555" dir="0" index="0" bw="1024" slack="1"/>
<pin id="556" dir="1" index="1" bw="1024" slack="1"/>
</pin_list>
<bind>
<opset="p_read_29 "/>
</bind>
</comp>

<comp id="559" class="1005" name="p_read_30_reg_559">
<pin_list>
<pin id="560" dir="0" index="0" bw="1024" slack="1"/>
<pin id="561" dir="1" index="1" bw="1024" slack="1"/>
</pin_list>
<bind>
<opset="p_read_30 "/>
</bind>
</comp>

<comp id="564" class="1005" name="p_read_31_reg_564">
<pin_list>
<pin id="565" dir="0" index="0" bw="1024" slack="1"/>
<pin id="566" dir="1" index="1" bw="1024" slack="1"/>
</pin_list>
<bind>
<opset="p_read_31 "/>
</bind>
</comp>

<comp id="569" class="1005" name="p_read32_reg_569">
<pin_list>
<pin id="570" dir="0" index="0" bw="1024" slack="1"/>
<pin id="571" dir="1" index="1" bw="1024" slack="1"/>
</pin_list>
<bind>
<opset="p_read32 "/>
</bind>
</comp>

<comp id="574" class="1005" name="input_V_offset_read_reg_574">
<pin_list>
<pin id="575" dir="0" index="0" bw="58" slack="1"/>
<pin id="576" dir="1" index="1" bw="58" slack="1"/>
</pin_list>
<bind>
<opset="input_V_offset_read "/>
</bind>
</comp>

<comp id="579" class="1005" name="trunc_ln138_reg_579">
<pin_list>
<pin id="580" dir="0" index="0" bw="2" slack="1"/>
<pin id="581" dir="1" index="1" bw="2" slack="1"/>
</pin_list>
<bind>
<opset="trunc_ln138 "/>
</bind>
</comp>

<comp id="584" class="1005" name="icmp_ln134_reg_584">
<pin_list>
<pin id="585" dir="0" index="0" bw="1" slack="1"/>
<pin id="586" dir="1" index="1" bw="1" slack="2147483647"/>
</pin_list>
<bind>
<opset="icmp_ln134 "/>
</bind>
</comp>

<comp id="588" class="1005" name="data_num_reg_588">
<pin_list>
<pin id="589" dir="0" index="0" bw="7" slack="0"/>
<pin id="590" dir="1" index="1" bw="7" slack="0"/>
</pin_list>
<bind>
<opset="data_num "/>
</bind>
</comp>

</comp_list>

<net_list>
<net id="130"><net_src comp="74" pin="0"/><net_sink comp="126" pin=0"/></net>

<net id="131"><net_src comp="72" pin="0"/><net_sink comp="126" pin=1"/></net>

<net id="136"><net_src comp="76" pin="0"/><net_sink comp="132" pin=0"/></net>

<net id="137"><net_src comp="70" pin="0"/><net_sink comp="132" pin=1"/></net>

<net id="142"><net_src comp="78" pin="0"/><net_sink comp="138" pin=0"/></net>

<net id="143"><net_src comp="66" pin="0"/><net_sink comp="138" pin=1"/></net>

<net id="148"><net_src comp="80" pin="0"/><net_sink comp="144" pin=0"/></net>

<net id="149"><net_src comp="64" pin="0"/><net_sink comp="144" pin=1"/></net>

<net id="154"><net_src comp="80" pin="0"/><net_sink comp="150" pin=0"/></net>

<net id="155"><net_src comp="62" pin="0"/><net_sink comp="150" pin=1"/></net>

<net id="160"><net_src comp="80" pin="0"/><net_sink comp="156" pin=0"/></net>

<net id="161"><net_src comp="60" pin="0"/><net_sink comp="156" pin=1"/></net>

<net id="166"><net_src comp="80" pin="0"/><net_sink comp="162" pin=0"/></net>

<net id="167"><net_src comp="58" pin="0"/><net_sink comp="162" pin=1"/></net>

<net id="172"><net_src comp="80" pin="0"/><net_sink comp="168" pin=0"/></net>

<net id="173"><net_src comp="56" pin="0"/><net_sink comp="168" pin=1"/></net>

<net id="178"><net_src comp="80" pin="0"/><net_sink comp="174" pin=0"/></net>

<net id="179"><net_src comp="54" pin="0"/><net_sink comp="174" pin=1"/></net>

<net id="184"><net_src comp="80" pin="0"/><net_sink comp="180" pin=0"/></net>

<net id="185"><net_src comp="52" pin="0"/><net_sink comp="180" pin=1"/></net>

<net id="190"><net_src comp="80" pin="0"/><net_sink comp="186" pin=0"/></net>

<net id="191"><net_src comp="50" pin="0"/><net_sink comp="186" pin=1"/></net>

<net id="196"><net_src comp="80" pin="0"/><net_sink comp="192" pin=0"/></net>

<net id="197"><net_src comp="48" pin="0"/><net_sink comp="192" pin=1"/></net>

<net id="202"><net_src comp="80" pin="0"/><net_sink comp="198" pin=0"/></net>

<net id="203"><net_src comp="46" pin="0"/><net_sink comp="198" pin=1"/></net>

<net id="208"><net_src comp="80" pin="0"/><net_sink comp="204" pin=0"/></net>

<net id="209"><net_src comp="44" pin="0"/><net_sink comp="204" pin=1"/></net>

<net id="214"><net_src comp="80" pin="0"/><net_sink comp="210" pin=0"/></net>

<net id="215"><net_src comp="42" pin="0"/><net_sink comp="210" pin=1"/></net>

<net id="220"><net_src comp="80" pin="0"/><net_sink comp="216" pin=0"/></net>

<net id="221"><net_src comp="40" pin="0"/><net_sink comp="216" pin=1"/></net>

<net id="226"><net_src comp="80" pin="0"/><net_sink comp="222" pin=0"/></net>

<net id="227"><net_src comp="38" pin="0"/><net_sink comp="222" pin=1"/></net>

<net id="232"><net_src comp="80" pin="0"/><net_sink comp="228" pin=0"/></net>

<net id="233"><net_src comp="36" pin="0"/><net_sink comp="228" pin=1"/></net>

<net id="238"><net_src comp="82" pin="0"/><net_sink comp="234" pin=0"/></net>

<net id="239"><net_src comp="34" pin="0"/><net_sink comp="234" pin=1"/></net>

<net id="244"><net_src comp="82" pin="0"/><net_sink comp="240" pin=0"/></net>

<net id="245"><net_src comp="32" pin="0"/><net_sink comp="240" pin=1"/></net>

<net id="250"><net_src comp="82" pin="0"/><net_sink comp="246" pin=0"/></net>

<net id="251"><net_src comp="30" pin="0"/><net_sink comp="246" pin=1"/></net>

<net id="256"><net_src comp="82" pin="0"/><net_sink comp="252" pin=0"/></net>

<net id="257"><net_src comp="28" pin="0"/><net_sink comp="252" pin=1"/></net>

<net id="262"><net_src comp="82" pin="0"/><net_sink comp="258" pin=0"/></net>

<net id="263"><net_src comp="26" pin="0"/><net_sink comp="258" pin=1"/></net>

<net id="268"><net_src comp="82" pin="0"/><net_sink comp="264" pin=0"/></net>

<net id="269"><net_src comp="24" pin="0"/><net_sink comp="264" pin=1"/></net>

<net id="274"><net_src comp="82" pin="0"/><net_sink comp="270" pin=0"/></net>

<net id="275"><net_src comp="22" pin="0"/><net_sink comp="270" pin=1"/></net>

<net id="280"><net_src comp="82" pin="0"/><net_sink comp="276" pin=0"/></net>

<net id="281"><net_src comp="20" pin="0"/><net_sink comp="276" pin=1"/></net>

<net id="286"><net_src comp="82" pin="0"/><net_sink comp="282" pin=0"/></net>

<net id="287"><net_src comp="18" pin="0"/><net_sink comp="282" pin=1"/></net>

<net id="292"><net_src comp="82" pin="0"/><net_sink comp="288" pin=0"/></net>

<net id="293"><net_src comp="16" pin="0"/><net_sink comp="288" pin=1"/></net>

<net id="298"><net_src comp="82" pin="0"/><net_sink comp="294" pin=0"/></net>

<net id="299"><net_src comp="14" pin="0"/><net_sink comp="294" pin=1"/></net>

<net id="304"><net_src comp="82" pin="0"/><net_sink comp="300" pin=0"/></net>

<net id="305"><net_src comp="12" pin="0"/><net_sink comp="300" pin=1"/></net>

<net id="310"><net_src comp="82" pin="0"/><net_sink comp="306" pin=0"/></net>

<net id="311"><net_src comp="10" pin="0"/><net_sink comp="306" pin=1"/></net>

<net id="316"><net_src comp="82" pin="0"/><net_sink comp="312" pin=0"/></net>

<net id="317"><net_src comp="8" pin="0"/><net_sink comp="312" pin=1"/></net>

<net id="322"><net_src comp="82" pin="0"/><net_sink comp="318" pin=0"/></net>

<net id="323"><net_src comp="6" pin="0"/><net_sink comp="318" pin=1"/></net>

<net id="328"><net_src comp="82" pin="0"/><net_sink comp="324" pin=0"/></net>

<net id="329"><net_src comp="4" pin="0"/><net_sink comp="324" pin=1"/></net>

<net id="334"><net_src comp="76" pin="0"/><net_sink comp="330" pin=0"/></net>

<net id="335"><net_src comp="2" pin="0"/><net_sink comp="330" pin=1"/></net>

<net id="339"><net_src comp="104" pin="0"/><net_sink comp="336" pin=0"/></net>

<net id="346"><net_src comp="336" pin="1"/><net_sink comp="340" pin=0"/></net>

<net id="347"><net_src comp="340" pin="4"/><net_sink comp="336" pin=0"/></net>

<net id="389"><net_src comp="120" pin="0"/><net_sink comp="348" pin=0"/></net>

<net id="390"><net_src comp="0" pin="0"/><net_sink comp="348" pin=1"/></net>

<net id="391"><net_src comp="340" pin="4"/><net_sink comp="348" pin=3"/></net>

<net id="392"><net_src comp="68" pin="0"/><net_sink comp="348" pin=36"/></net>

<net id="396"><net_src comp="126" pin="2"/><net_sink comp="393" pin=0"/></net>

<net id="401"><net_src comp="340" pin="4"/><net_sink comp="397" pin=0"/></net>

<net id="402"><net_src comp="106" pin="0"/><net_sink comp="397" pin=1"/></net>

<net id="407"><net_src comp="340" pin="4"/><net_sink comp="403" pin=0"/></net>

<net id="408"><net_src comp="118" pin="0"/><net_sink comp="403" pin=1"/></net>

<net id="412"><net_src comp="132" pin="2"/><net_sink comp="409" pin=0"/></net>

<net id="413"><net_src comp="409" pin="1"/><net_sink comp="348" pin=37"/></net>

<net id="417"><net_src comp="138" pin="2"/><net_sink comp="414" pin=0"/></net>

<net id="418"><net_src comp="414" pin="1"/><net_sink comp="348" pin=35"/></net>

<net id="422"><net_src comp="144" pin="2"/><net_sink comp="419" pin=0"/></net>

<net id="423"><net_src comp="419" pin="1"/><net_sink comp="348" pin=34"/></net>

<net id="427"><net_src comp="150" pin="2"/><net_sink comp="424" pin=0"/></net>

<net id="428"><net_src comp="424" pin="1"/><net_sink comp="348" pin=33"/></net>

<net id="432"><net_src comp="156" pin="2"/><net_sink comp="429" pin=0"/></net>

<net id="433"><net_src comp="429" pin="1"/><net_sink comp="348" pin=32"/></net>

<net id="437"><net_src comp="162" pin="2"/><net_sink comp="434" pin=0"/></net>

<net id="438"><net_src comp="434" pin="1"/><net_sink comp="348" pin=31"/></net>

<net id="442"><net_src comp="168" pin="2"/><net_sink comp="439" pin=0"/></net>

<net id="443"><net_src comp="439" pin="1"/><net_sink comp="348" pin=30"/></net>

<net id="447"><net_src comp="174" pin="2"/><net_sink comp="444" pin=0"/></net>

<net id="448"><net_src comp="444" pin="1"/><net_sink comp="348" pin=29"/></net>

<net id="452"><net_src comp="180" pin="2"/><net_sink comp="449" pin=0"/></net>

<net id="453"><net_src comp="449" pin="1"/><net_sink comp="348" pin=28"/></net>

<net id="457"><net_src comp="186" pin="2"/><net_sink comp="454" pin=0"/></net>

<net id="458"><net_src comp="454" pin="1"/><net_sink comp="348" pin=27"/></net>

<net id="462"><net_src comp="192" pin="2"/><net_sink comp="459" pin=0"/></net>

<net id="463"><net_src comp="459" pin="1"/><net_sink comp="348" pin=26"/></net>

<net id="467"><net_src comp="198" pin="2"/><net_sink comp="464" pin=0"/></net>

<net id="468"><net_src comp="464" pin="1"/><net_sink comp="348" pin=25"/></net>

<net id="472"><net_src comp="204" pin="2"/><net_sink comp="469" pin=0"/></net>

<net id="473"><net_src comp="469" pin="1"/><net_sink comp="348" pin=24"/></net>

<net id="477"><net_src comp="210" pin="2"/><net_sink comp="474" pin=0"/></net>

<net id="478"><net_src comp="474" pin="1"/><net_sink comp="348" pin=23"/></net>

<net id="482"><net_src comp="216" pin="2"/><net_sink comp="479" pin=0"/></net>

<net id="483"><net_src comp="479" pin="1"/><net_sink comp="348" pin=22"/></net>

<net id="487"><net_src comp="222" pin="2"/><net_sink comp="484" pin=0"/></net>

<net id="488"><net_src comp="484" pin="1"/><net_sink comp="348" pin=21"/></net>

<net id="492"><net_src comp="228" pin="2"/><net_sink comp="489" pin=0"/></net>

<net id="493"><net_src comp="489" pin="1"/><net_sink comp="348" pin=20"/></net>

<net id="497"><net_src comp="234" pin="2"/><net_sink comp="494" pin=0"/></net>

<net id="498"><net_src comp="494" pin="1"/><net_sink comp="348" pin=19"/></net>

<net id="502"><net_src comp="240" pin="2"/><net_sink comp="499" pin=0"/></net>

<net id="503"><net_src comp="499" pin="1"/><net_sink comp="348" pin=18"/></net>

<net id="507"><net_src comp="246" pin="2"/><net_sink comp="504" pin=0"/></net>

<net id="508"><net_src comp="504" pin="1"/><net_sink comp="348" pin=17"/></net>

<net id="512"><net_src comp="252" pin="2"/><net_sink comp="509" pin=0"/></net>

<net id="513"><net_src comp="509" pin="1"/><net_sink comp="348" pin=16"/></net>

<net id="517"><net_src comp="258" pin="2"/><net_sink comp="514" pin=0"/></net>

<net id="518"><net_src comp="514" pin="1"/><net_sink comp="348" pin=15"/></net>

<net id="522"><net_src comp="264" pin="2"/><net_sink comp="519" pin=0"/></net>

<net id="523"><net_src comp="519" pin="1"/><net_sink comp="348" pin=14"/></net>

<net id="527"><net_src comp="270" pin="2"/><net_sink comp="524" pin=0"/></net>

<net id="528"><net_src comp="524" pin="1"/><net_sink comp="348" pin=13"/></net>

<net id="532"><net_src comp="276" pin="2"/><net_sink comp="529" pin=0"/></net>

<net id="533"><net_src comp="529" pin="1"/><net_sink comp="348" pin=12"/></net>

<net id="537"><net_src comp="282" pin="2"/><net_sink comp="534" pin=0"/></net>

<net id="538"><net_src comp="534" pin="1"/><net_sink comp="348" pin=11"/></net>

<net id="542"><net_src comp="288" pin="2"/><net_sink comp="539" pin=0"/></net>

<net id="543"><net_src comp="539" pin="1"/><net_sink comp="348" pin=10"/></net>

<net id="547"><net_src comp="294" pin="2"/><net_sink comp="544" pin=0"/></net>

<net id="548"><net_src comp="544" pin="1"/><net_sink comp="348" pin=9"/></net>

<net id="552"><net_src comp="300" pin="2"/><net_sink comp="549" pin=0"/></net>

<net id="553"><net_src comp="549" pin="1"/><net_sink comp="348" pin=8"/></net>

<net id="557"><net_src comp="306" pin="2"/><net_sink comp="554" pin=0"/></net>

<net id="558"><net_src comp="554" pin="1"/><net_sink comp="348" pin=7"/></net>

<net id="562"><net_src comp="312" pin="2"/><net_sink comp="559" pin=0"/></net>

<net id="563"><net_src comp="559" pin="1"/><net_sink comp="348" pin=6"/></net>

<net id="567"><net_src comp="318" pin="2"/><net_sink comp="564" pin=0"/></net>

<net id="568"><net_src comp="564" pin="1"/><net_sink comp="348" pin=5"/></net>

<net id="572"><net_src comp="324" pin="2"/><net_sink comp="569" pin=0"/></net>

<net id="573"><net_src comp="569" pin="1"/><net_sink comp="348" pin=4"/></net>

<net id="577"><net_src comp="330" pin="2"/><net_sink comp="574" pin=0"/></net>

<net id="578"><net_src comp="574" pin="1"/><net_sink comp="348" pin=2"/></net>

<net id="582"><net_src comp="393" pin="1"/><net_sink comp="579" pin=0"/></net>

<net id="583"><net_src comp="579" pin="1"/><net_sink comp="348" pin=38"/></net>

<net id="587"><net_src comp="397" pin="2"/><net_sink comp="584" pin=0"/></net>

<net id="591"><net_src comp="403" pin="2"/><net_sink comp="588" pin=0"/></net>

<net id="592"><net_src comp="588" pin="1"/><net_sink comp="340" pin=2"/></net>

</net_list>

</model> 
---------------- Datapath Model END ------------------

* FSMD analyzer results:
  - Output states:
	Port: output_V | {2 3 }
 - Input state : 
	Port: dataflow_parent_loop_proc : input_V | {2 3 }
	Port: dataflow_parent_loop_proc : input_V_offset | {1 }
	Port: dataflow_parent_loop_proc : p_read | {1 }
	Port: dataflow_parent_loop_proc : p_read1 | {1 }
	Port: dataflow_parent_loop_proc : p_read2 | {1 }
	Port: dataflow_parent_loop_proc : p_read3 | {1 }
	Port: dataflow_parent_loop_proc : p_read4 | {1 }
	Port: dataflow_parent_loop_proc : p_read5 | {1 }
	Port: dataflow_parent_loop_proc : p_read6 | {1 }
	Port: dataflow_parent_loop_proc : p_read7 | {1 }
	Port: dataflow_parent_loop_proc : p_read8 | {1 }
	Port: dataflow_parent_loop_proc : p_read9 | {1 }
	Port: dataflow_parent_loop_proc : p_read10 | {1 }
	Port: dataflow_parent_loop_proc : p_read11 | {1 }
	Port: dataflow_parent_loop_proc : p_read12 | {1 }
	Port: dataflow_parent_loop_proc : p_read13 | {1 }
	Port: dataflow_parent_loop_proc : p_read14 | {1 }
	Port: dataflow_parent_loop_proc : p_read15 | {1 }
	Port: dataflow_parent_loop_proc : p_read16 | {1 }
	Port: dataflow_parent_loop_proc : p_read17 | {1 }
	Port: dataflow_parent_loop_proc : p_read18 | {1 }
	Port: dataflow_parent_loop_proc : p_read19 | {1 }
	Port: dataflow_parent_loop_proc : p_read20 | {1 }
	Port: dataflow_parent_loop_proc : p_read21 | {1 }
	Port: dataflow_parent_loop_proc : p_read22 | {1 }
	Port: dataflow_parent_loop_proc : p_read23 | {1 }
	Port: dataflow_parent_loop_proc : p_read24 | {1 }
	Port: dataflow_parent_loop_proc : p_read25 | {1 }
	Port: dataflow_parent_loop_proc : p_read26 | {1 }
	Port: dataflow_parent_loop_proc : p_read27 | {1 }
	Port: dataflow_parent_loop_proc : p_read28 | {1 }
	Port: dataflow_parent_loop_proc : p_read29 | {1 }
	Port: dataflow_parent_loop_proc : p_read30 | {1 }
	Port: dataflow_parent_loop_proc : p_read31 | {1 }
	Port: dataflow_parent_loop_proc : output_V_offset | {1 }
	Port: dataflow_parent_loop_proc : cmpr_chunk_num_0_i | {1 }
  - Chain level:
	State 1
	State 2
		icmp_ln134 : 1
		specdataflowpipeline_ln134 : 1
		data_num : 1
		br_ln134 : 2
		call_ln138 : 1
	State 3


============================================================
+ Verbose Summary: Datapath Resource usage 
============================================================

* Functional unit list:
|----------|-------------------------------------|---------|---------|---------|
| Operation|           Functional Unit           |  Delay  |    FF   |   LUT   |
|----------|-------------------------------------|---------|---------|---------|
|   call   | grp_dataflow_in_loop_subloop_fu_348 |  28.944 |  68284  |  87264  |
|----------|-------------------------------------|---------|---------|---------|
|   icmp   |          icmp_ln134_fu_397          |    0    |    0    |    11   |
|----------|-------------------------------------|---------|---------|---------|
|    add   |           data_num_fu_403           |    0    |    0    |    7    |
|----------|-------------------------------------|---------|---------|---------|
|          | cmpr_chunk_num_0_i_read_read_fu_126 |    0    |    0    |    0    |
|          |   output_V_offset_read_read_fu_132  |    0    |    0    |    0    |
|          |         p_read_1_read_fu_138        |    0    |    0    |    0    |
|          |         p_read_2_read_fu_144        |    0    |    0    |    0    |
|          |         p_read_3_read_fu_150        |    0    |    0    |    0    |
|          |         p_read_4_read_fu_156        |    0    |    0    |    0    |
|          |         p_read_5_read_fu_162        |    0    |    0    |    0    |
|          |         p_read_6_read_fu_168        |    0    |    0    |    0    |
|          |         p_read_7_read_fu_174        |    0    |    0    |    0    |
|          |         p_read_8_read_fu_180        |    0    |    0    |    0    |
|          |         p_read_9_read_fu_186        |    0    |    0    |    0    |
|          |        p_read_10_read_fu_192        |    0    |    0    |    0    |
|          |        p_read_11_read_fu_198        |    0    |    0    |    0    |
|          |        p_read_12_read_fu_204        |    0    |    0    |    0    |
|          |        p_read_13_read_fu_210        |    0    |    0    |    0    |
|          |        p_read_14_read_fu_216        |    0    |    0    |    0    |
|          |        p_read_15_read_fu_222        |    0    |    0    |    0    |
|   read   |        p_read_16_read_fu_228        |    0    |    0    |    0    |
|          |        p_read_17_read_fu_234        |    0    |    0    |    0    |
|          |        p_read_18_read_fu_240        |    0    |    0    |    0    |
|          |        p_read_19_read_fu_246        |    0    |    0    |    0    |
|          |        p_read_20_read_fu_252        |    0    |    0    |    0    |
|          |        p_read_21_read_fu_258        |    0    |    0    |    0    |
|          |        p_read_22_read_fu_264        |    0    |    0    |    0    |
|          |        p_read_23_read_fu_270        |    0    |    0    |    0    |
|          |        p_read_24_read_fu_276        |    0    |    0    |    0    |
|          |        p_read_25_read_fu_282        |    0    |    0    |    0    |
|          |        p_read_26_read_fu_288        |    0    |    0    |    0    |
|          |        p_read_27_read_fu_294        |    0    |    0    |    0    |
|          |        p_read_28_read_fu_300        |    0    |    0    |    0    |
|          |        p_read_29_read_fu_306        |    0    |    0    |    0    |
|          |        p_read_30_read_fu_312        |    0    |    0    |    0    |
|          |        p_read_31_read_fu_318        |    0    |    0    |    0    |
|          |         p_read32_read_fu_324        |    0    |    0    |    0    |
|          |   input_V_offset_read_read_fu_330   |    0    |    0    |    0    |
|----------|-------------------------------------|---------|---------|---------|
|   trunc  |          trunc_ln138_fu_393         |    0    |    0    |    0    |
|----------|-------------------------------------|---------|---------|---------|
|   Total  |                                     |  28.944 |  68284  |  87282  |
|----------|-------------------------------------|---------|---------|---------|

Memories:
N/A

* Register list:
+----------------------------+--------+
|                            |   FF   |
+----------------------------+--------+
|    data_num_0_i_reg_336    |    7   |
|      data_num_reg_588      |    7   |
|     icmp_ln134_reg_584     |    1   |
| input_V_offset_read_reg_574|   58   |
|output_V_offset_read_reg_409|   58   |
|      p_read32_reg_569      |  1024  |
|      p_read_10_reg_459     |   11   |
|      p_read_11_reg_464     |   11   |
|      p_read_12_reg_469     |   11   |
|      p_read_13_reg_474     |   11   |
|      p_read_14_reg_479     |   11   |
|      p_read_15_reg_484     |   11   |
|      p_read_16_reg_489     |   11   |
|      p_read_17_reg_494     |  1024  |
|      p_read_18_reg_499     |  1024  |
|      p_read_19_reg_504     |  1024  |
|      p_read_1_reg_414      |   10   |
|      p_read_20_reg_509     |  1024  |
|      p_read_21_reg_514     |  1024  |
|      p_read_22_reg_519     |  1024  |
|      p_read_23_reg_524     |  1024  |
|      p_read_24_reg_529     |  1024  |
|      p_read_25_reg_534     |  1024  |
|      p_read_26_reg_539     |  1024  |
|      p_read_27_reg_544     |  1024  |
|      p_read_28_reg_549     |  1024  |
|      p_read_29_reg_554     |  1024  |
|      p_read_2_reg_419      |   11   |
|      p_read_30_reg_559     |  1024  |
|      p_read_31_reg_564     |  1024  |
|      p_read_3_reg_424      |   11   |
|      p_read_4_reg_429      |   11   |
|      p_read_5_reg_434      |   11   |
|      p_read_6_reg_439      |   11   |
|      p_read_7_reg_444      |   11   |
|      p_read_8_reg_449      |   11   |
|      p_read_9_reg_454      |   11   |
|     trunc_ln138_reg_579    |    2   |
+----------------------------+--------+
|            Total           |  16692 |
+----------------------------+--------+

* Multiplexer (MUX) list: 
|----------------------|------|------|------|--------||---------||---------|
|         Comp         |  Pin | Size |  BW  | S x BW ||  Delay  ||   LUT   |
|----------------------|------|------|------|--------||---------||---------|
| data_num_0_i_reg_336 |  p0  |   2  |   7  |   14   ||    9    |
|----------------------|------|------|------|--------||---------||---------|
|         Total        |      |      |      |   14   ||  0.603  ||    9    |
|----------------------|------|------|------|--------||---------||---------|



* Summary:
+-----------+--------+--------+--------+
|           |  Delay |   FF   |   LUT  |
+-----------+--------+--------+--------+
|  Function |   28   |  68284 |  87282 |
|   Memory  |    -   |    -   |    -   |
|Multiplexer|    0   |    -   |    9   |
|  Register |    -   |  16692 |    -   |
+-----------+--------+--------+--------+
|   Total   |   29   |  84976 |  87291 |
+-----------+--------+--------+--------+
