

================================================================
== Vivado HLS Report for 'dataflow_parent_loop_proc'
================================================================
* Date:           Thu Nov  7 01:36:17 2019

* Version:        2019.1 (Build 2552052 on Fri May 24 15:28:33 MDT 2019)
* Project:        tancoeff
* Solution:       tancoeff
* Product family: virtexuplus
* Target device:  xcvu9p-fsgd2104-2L-e


================================================================
== Performance Estimates
================================================================
+ Timing (ns): 
    * Summary: 
    +--------+-------+----------+------------+
    |  Clock | Target| Estimated| Uncertainty|
    +--------+-------+----------+------------+
    |ap_clk  |   3.33|     2.433|        0.90|
    +--------+-------+----------+------------+

+ Latency (clock cycles): 
    * Summary: 
    +------+------+------+------+---------+
    |   Latency   |   Interval  | Pipeline|
    |  min |  max |  min |  max |   Type  |
    +------+------+------+------+---------+
    |  1748|  1748|  1748|  1748|   none  |
    +------+------+------+------+---------+

    + Detail: 
        * Instance: 
        N/A

        * Loop: 
        +-----------+------+------+----------+-----------+-----------+------+----------+
        |           |   Latency   | Iteration|  Initiation Interval  | Trip |          |
        | Loop Name |  min |  max |  Latency |  achieved |   target  | Count| Pipelined|
        +-----------+------+------+----------+-----------+-----------+------+----------+
        |- subloop  |  1747|  1747|        47|          -|          -|    64|    no    |
        +-----------+------+------+----------+-----------+-----------+------+----------+

============================================================
+ Verbose Summary: Synthesis Manager
============================================================
InlineROM: 1
ExposeGlobal: 0
============================================================
+ Verbose Summary: CDFG Model
============================================================
IsTopModel: 0
ResetActiveHigh: 1
IsCombinational: 2
IsDatapathOnly: 0
HasWiredReturn: 1
HasMFsm: 0
HasVarLatency: 1
IsPipeline: 0
IsRtlPipelined: 0
IsInstanceOverlapped: 0
IsDontTouch: 0
HasImplIP: 0
IsGatedGlobalClock: 0


============================================================
+ Verbose Summary: Schedule
============================================================
* Number of FSM states : 3
* Pipeline : 0
* Dataflow Pipeline: 1
  DF-Pipeline-0: Size = 2, States = { 2 3 }

* FSM state transitions: 
1 --> 2 
2 --> 3 
3 --> 2 

* FSM state operations: 

State 1 <SV = 0> <Delay = 0.60>
ST_1 : Operation 4 [1/1] (0.00ns)   --->   "%cmpr_chunk_num_0_i_read = call i3 @_ssdm_op_Read.ap_auto.i3(i3 %cmpr_chunk_num_0_i)"   --->   Operation 4 'read' 'cmpr_chunk_num_0_i_read' <Predicate = true> <Delay = 0.00>
ST_1 : Operation 5 [1/1] (0.00ns)   --->   "%output_V_offset_read = call i58 @_ssdm_op_Read.ap_auto.i58(i58 %output_V_offset)"   --->   Operation 5 'read' 'output_V_offset_read' <Predicate = true> <Delay = 0.00>
ST_1 : Operation 6 [1/1] (0.00ns)   --->   "%p_read_1 = call i10 @_ssdm_op_Read.ap_auto.i10(i10 %p_read31)"   --->   Operation 6 'read' 'p_read_1' <Predicate = true> <Delay = 0.00>
ST_1 : Operation 7 [1/1] (0.00ns)   --->   "%p_read_2 = call i11 @_ssdm_op_Read.ap_auto.i11(i11 %p_read30)"   --->   Operation 7 'read' 'p_read_2' <Predicate = true> <Delay = 0.00>
ST_1 : Operation 8 [1/1] (0.00ns)   --->   "%p_read_3 = call i11 @_ssdm_op_Read.ap_auto.i11(i11 %p_read29)"   --->   Operation 8 'read' 'p_read_3' <Predicate = true> <Delay = 0.00>
ST_1 : Operation 9 [1/1] (0.00ns)   --->   "%p_read_4 = call i11 @_ssdm_op_Read.ap_auto.i11(i11 %p_read28)"   --->   Operation 9 'read' 'p_read_4' <Predicate = true> <Delay = 0.00>
ST_1 : Operation 10 [1/1] (0.00ns)   --->   "%p_read_5 = call i11 @_ssdm_op_Read.ap_auto.i11(i11 %p_read27)"   --->   Operation 10 'read' 'p_read_5' <Predicate = true> <Delay = 0.00>
ST_1 : Operation 11 [1/1] (0.00ns)   --->   "%p_read_6 = call i11 @_ssdm_op_Read.ap_auto.i11(i11 %p_read26)"   --->   Operation 11 'read' 'p_read_6' <Predicate = true> <Delay = 0.00>
ST_1 : Operation 12 [1/1] (0.00ns)   --->   "%p_read_7 = call i11 @_ssdm_op_Read.ap_auto.i11(i11 %p_read25)"   --->   Operation 12 'read' 'p_read_7' <Predicate = true> <Delay = 0.00>
ST_1 : Operation 13 [1/1] (0.00ns)   --->   "%p_read_8 = call i11 @_ssdm_op_Read.ap_auto.i11(i11 %p_read24)"   --->   Operation 13 'read' 'p_read_8' <Predicate = true> <Delay = 0.00>
ST_1 : Operation 14 [1/1] (0.00ns)   --->   "%p_read_9 = call i11 @_ssdm_op_Read.ap_auto.i11(i11 %p_read23)"   --->   Operation 14 'read' 'p_read_9' <Predicate = true> <Delay = 0.00>
ST_1 : Operation 15 [1/1] (0.00ns)   --->   "%p_read_10 = call i11 @_ssdm_op_Read.ap_auto.i11(i11 %p_read22)"   --->   Operation 15 'read' 'p_read_10' <Predicate = true> <Delay = 0.00>
ST_1 : Operation 16 [1/1] (0.00ns)   --->   "%p_read_11 = call i11 @_ssdm_op_Read.ap_auto.i11(i11 %p_read21)"   --->   Operation 16 'read' 'p_read_11' <Predicate = true> <Delay = 0.00>
ST_1 : Operation 17 [1/1] (0.00ns)   --->   "%p_read_12 = call i11 @_ssdm_op_Read.ap_auto.i11(i11 %p_read20)"   --->   Operation 17 'read' 'p_read_12' <Predicate = true> <Delay = 0.00>
ST_1 : Operation 18 [1/1] (0.00ns)   --->   "%p_read_13 = call i11 @_ssdm_op_Read.ap_auto.i11(i11 %p_read19)"   --->   Operation 18 'read' 'p_read_13' <Predicate = true> <Delay = 0.00>
ST_1 : Operation 19 [1/1] (0.00ns)   --->   "%p_read_14 = call i11 @_ssdm_op_Read.ap_auto.i11(i11 %p_read18)"   --->   Operation 19 'read' 'p_read_14' <Predicate = true> <Delay = 0.00>
ST_1 : Operation 20 [1/1] (0.00ns)   --->   "%p_read_15 = call i11 @_ssdm_op_Read.ap_auto.i11(i11 %p_read17)"   --->   Operation 20 'read' 'p_read_15' <Predicate = true> <Delay = 0.00>
ST_1 : Operation 21 [1/1] (0.00ns)   --->   "%p_read_16 = call i11 @_ssdm_op_Read.ap_auto.i11(i11 %p_read16)"   --->   Operation 21 'read' 'p_read_16' <Predicate = true> <Delay = 0.00>
ST_1 : Operation 22 [1/1] (0.00ns)   --->   "%p_read_17 = call i1024 @_ssdm_op_Read.ap_auto.i1024(i1024 %p_read15)"   --->   Operation 22 'read' 'p_read_17' <Predicate = true> <Delay = 0.00>
ST_1 : Operation 23 [1/1] (0.00ns)   --->   "%p_read_18 = call i1024 @_ssdm_op_Read.ap_auto.i1024(i1024 %p_read14)"   --->   Operation 23 'read' 'p_read_18' <Predicate = true> <Delay = 0.00>
ST_1 : Operation 24 [1/1] (0.00ns)   --->   "%p_read_19 = call i1024 @_ssdm_op_Read.ap_auto.i1024(i1024 %p_read13)"   --->   Operation 24 'read' 'p_read_19' <Predicate = true> <Delay = 0.00>
ST_1 : Operation 25 [1/1] (0.00ns)   --->   "%p_read_20 = call i1024 @_ssdm_op_Read.ap_auto.i1024(i1024 %p_read12)"   --->   Operation 25 'read' 'p_read_20' <Predicate = true> <Delay = 0.00>
ST_1 : Operation 26 [1/1] (0.00ns)   --->   "%p_read_21 = call i1024 @_ssdm_op_Read.ap_auto.i1024(i1024 %p_read11)"   --->   Operation 26 'read' 'p_read_21' <Predicate = true> <Delay = 0.00>
ST_1 : Operation 27 [1/1] (0.00ns)   --->   "%p_read_22 = call i1024 @_ssdm_op_Read.ap_auto.i1024(i1024 %p_read10)"   --->   Operation 27 'read' 'p_read_22' <Predicate = true> <Delay = 0.00>
ST_1 : Operation 28 [1/1] (0.00ns)   --->   "%p_read_23 = call i1024 @_ssdm_op_Read.ap_auto.i1024(i1024 %p_read9)"   --->   Operation 28 'read' 'p_read_23' <Predicate = true> <Delay = 0.00>
ST_1 : Operation 29 [1/1] (0.00ns)   --->   "%p_read_24 = call i1024 @_ssdm_op_Read.ap_auto.i1024(i1024 %p_read8)"   --->   Operation 29 'read' 'p_read_24' <Predicate = true> <Delay = 0.00>
ST_1 : Operation 30 [1/1] (0.00ns)   --->   "%p_read_25 = call i1024 @_ssdm_op_Read.ap_auto.i1024(i1024 %p_read7)"   --->   Operation 30 'read' 'p_read_25' <Predicate = true> <Delay = 0.00>
ST_1 : Operation 31 [1/1] (0.00ns)   --->   "%p_read_26 = call i1024 @_ssdm_op_Read.ap_auto.i1024(i1024 %p_read6)"   --->   Operation 31 'read' 'p_read_26' <Predicate = true> <Delay = 0.00>
ST_1 : Operation 32 [1/1] (0.00ns)   --->   "%p_read_27 = call i1024 @_ssdm_op_Read.ap_auto.i1024(i1024 %p_read5)"   --->   Operation 32 'read' 'p_read_27' <Predicate = true> <Delay = 0.00>
ST_1 : Operation 33 [1/1] (0.00ns)   --->   "%p_read_28 = call i1024 @_ssdm_op_Read.ap_auto.i1024(i1024 %p_read4)"   --->   Operation 33 'read' 'p_read_28' <Predicate = true> <Delay = 0.00>
ST_1 : Operation 34 [1/1] (0.00ns)   --->   "%p_read_29 = call i1024 @_ssdm_op_Read.ap_auto.i1024(i1024 %p_read3)"   --->   Operation 34 'read' 'p_read_29' <Predicate = true> <Delay = 0.00>
ST_1 : Operation 35 [1/1] (0.00ns)   --->   "%p_read_30 = call i1024 @_ssdm_op_Read.ap_auto.i1024(i1024 %p_read2)"   --->   Operation 35 'read' 'p_read_30' <Predicate = true> <Delay = 0.00>
ST_1 : Operation 36 [1/1] (0.00ns)   --->   "%p_read_31 = call i1024 @_ssdm_op_Read.ap_auto.i1024(i1024 %p_read1)"   --->   Operation 36 'read' 'p_read_31' <Predicate = true> <Delay = 0.00>
ST_1 : Operation 37 [1/1] (0.00ns)   --->   "%p_read32 = call i1024 @_ssdm_op_Read.ap_auto.i1024(i1024 %p_read)"   --->   Operation 37 'read' 'p_read32' <Predicate = true> <Delay = 0.00>
ST_1 : Operation 38 [1/1] (0.00ns)   --->   "%input_V_offset_read = call i58 @_ssdm_op_Read.ap_auto.i58(i58 %input_V_offset)"   --->   Operation 38 'read' 'input_V_offset_read' <Predicate = true> <Delay = 0.00>
ST_1 : Operation 39 [1/1] (0.00ns)   --->   "call void (...)* @_ssdm_op_SpecInterface(i512* %output_V, [6 x i8]* @p_str6, i32 0, i32 0, [1 x i8]* @p_str1, i32 0, i32 256, [6 x i8]* @p_str9, [6 x i8]* @p_str8, [1 x i8]* @p_str1, i32 16, i32 16, i32 16, i32 16, [1 x i8]* @p_str1, [1 x i8]* @p_str1)"   --->   Operation 39 'specinterface' <Predicate = true> <Delay = 0.00>
ST_1 : Operation 40 [1/1] (0.00ns)   --->   "call void (...)* @_ssdm_op_SpecInterface(i512* %input_V, [6 x i8]* @p_str6, i32 0, i32 0, [1 x i8]* @p_str1, i32 0, i32 8192, [6 x i8]* @p_str7, [6 x i8]* @p_str8, [1 x i8]* @p_str1, i32 16, i32 16, i32 16, i32 16, [1 x i8]* @p_str1, [1 x i8]* @p_str1)"   --->   Operation 40 'specinterface' <Predicate = true> <Delay = 0.00>
ST_1 : Operation 41 [1/1] (0.00ns)   --->   "%trunc_ln138 = trunc i3 %cmpr_chunk_num_0_i_read to i2" [tancoeff/tancoeff/tancalc.cpp:138]   --->   Operation 41 'trunc' 'trunc_ln138' <Predicate = true> <Delay = 0.00>
ST_1 : Operation 42 [1/1] (0.60ns)   --->   "br label %0"   --->   Operation 42 'br' <Predicate = true> <Delay = 0.60>

State 2 <SV = 1> <Delay = 1.21>
ST_2 : Operation 43 [1/1] (0.00ns)   --->   "%data_num_0_i = phi i7 [ 0, %newFuncRoot ], [ %data_num, %1 ]"   --->   Operation 43 'phi' 'data_num_0_i' <Predicate = true> <Delay = 0.00>
ST_2 : Operation 44 [1/1] (0.59ns)   --->   "%icmp_ln134 = icmp eq i7 %data_num_0_i, -64" [tancoeff/tancoeff/tancalc.cpp:134]   --->   Operation 44 'icmp' 'icmp_ln134' <Predicate = true> <Delay = 0.59> <Core = "Cmp">   --->   Core 25 'Cmp' <Latency = 0> <II = 1> <Delay = 0.59> <FuncUnit> <Opcode : 'icmp'> <InPorts = 2> <OutPorts = 1>
ST_2 : Operation 45 [1/1] (0.00ns)   --->   "%empty = call i32 (...)* @_ssdm_op_SpecLoopTripCount(i64 64, i64 64, i64 64)"   --->   Operation 45 'speclooptripcount' 'empty' <Predicate = true> <Delay = 0.00>
ST_2 : Operation 46 [1/1] (0.00ns)   --->   "call void (...)* @_ssdm_op_SpecDataflowPipeline(i32 -1, i32 0, [21 x i8]* @dataflow_parent_loop_str, i7 %data_num_0_i, i7 -64)" [tancoeff/tancoeff/tancalc.cpp:134]   --->   Operation 46 'specdataflowpipeline' <Predicate = true> <Delay = 0.00>
ST_2 : Operation 47 [1/1] (0.40ns)   --->   "%data_num = add i7 %data_num_0_i, 1" [tancoeff/tancoeff/tancalc.cpp:134]   --->   Operation 47 'add' 'data_num' <Predicate = true> <Delay = 0.40> <Core = "AddSub">   --->   Core 14 'AddSub' <Latency = 0> <II = 1> <Delay = 0.40> <FuncUnit> <Opcode : 'add' 'sub'> <InPorts = 2> <OutPorts = 1>
ST_2 : Operation 48 [1/1] (0.00ns)   --->   "br i1 %icmp_ln134, label %.exitStub, label %1" [tancoeff/tancoeff/tancalc.cpp:134]   --->   Operation 48 'br' <Predicate = true> <Delay = 0.00>
ST_2 : Operation 49 [2/2] (1.21ns)   --->   "call fastcc void @dataflow_in_loop_subloop(i512* %input_V, i58 %input_V_offset_read, i7 %data_num_0_i, i1024 %p_read32, i1024 %p_read_31, i1024 %p_read_30, i1024 %p_read_29, i1024 %p_read_28, i1024 %p_read_27, i1024 %p_read_26, i1024 %p_read_25, i1024 %p_read_24, i1024 %p_read_23, i1024 %p_read_22, i1024 %p_read_21, i1024 %p_read_20, i1024 %p_read_19, i1024 %p_read_18, i1024 %p_read_17, i11 %p_read_16, i11 %p_read_15, i11 %p_read_14, i11 %p_read_13, i11 %p_read_12, i11 %p_read_11, i11 %p_read_10, i11 %p_read_9, i11 %p_read_8, i11 %p_read_7, i11 %p_read_6, i11 %p_read_5, i11 %p_read_4, i11 %p_read_3, i11 %p_read_2, i10 %p_read_1, i512* %output_V, i58 %output_V_offset_read, i2 %trunc_ln138)" [tancoeff/tancoeff/tancalc.cpp:138]   --->   Operation 49 'call' <Predicate = (!icmp_ln134)> <Delay = 1.21> <CoreType = "Generic">   --->   Core 0 '' <Latency = 0> <II = 1> <Delay = 1.00> <Generic> <Opcode : >
ST_2 : Operation 50 [1/1] (0.00ns)   --->   "ret void"   --->   Operation 50 'ret' <Predicate = (icmp_ln134)> <Delay = 0.00>

State 3 <SV = 2> <Delay = 0.00>
ST_3 : Operation 51 [1/1] (0.00ns)   --->   "call void (...)* @_ssdm_op_SpecLoopName([8 x i8]* @p_str14) nounwind" [tancoeff/tancoeff/tancalc.cpp:134]   --->   Operation 51 'specloopname' <Predicate = (!icmp_ln134)> <Delay = 0.00>
ST_3 : Operation 52 [1/2] (0.00ns)   --->   "call fastcc void @dataflow_in_loop_subloop(i512* %input_V, i58 %input_V_offset_read, i7 %data_num_0_i, i1024 %p_read32, i1024 %p_read_31, i1024 %p_read_30, i1024 %p_read_29, i1024 %p_read_28, i1024 %p_read_27, i1024 %p_read_26, i1024 %p_read_25, i1024 %p_read_24, i1024 %p_read_23, i1024 %p_read_22, i1024 %p_read_21, i1024 %p_read_20, i1024 %p_read_19, i1024 %p_read_18, i1024 %p_read_17, i11 %p_read_16, i11 %p_read_15, i11 %p_read_14, i11 %p_read_13, i11 %p_read_12, i11 %p_read_11, i11 %p_read_10, i11 %p_read_9, i11 %p_read_8, i11 %p_read_7, i11 %p_read_6, i11 %p_read_5, i11 %p_read_4, i11 %p_read_3, i11 %p_read_2, i10 %p_read_1, i512* %output_V, i58 %output_V_offset_read, i2 %trunc_ln138)" [tancoeff/tancoeff/tancalc.cpp:138]   --->   Operation 52 'call' <Predicate = (!icmp_ln134)> <Delay = 0.00> <CoreType = "Generic">   --->   Core 0 '' <Latency = 0> <II = 1> <Delay = 1.00> <Generic> <Opcode : >
ST_3 : Operation 53 [1/1] (0.00ns)   --->   "br label %0" [tancoeff/tancoeff/tancalc.cpp:134]   --->   Operation 53 'br' <Predicate = (!icmp_ln134)> <Delay = 0.00>


============================================================
+ Verbose Summary: Timing violations
============================================================
Target clock period: 3.33ns, clock uncertainty: 0.9ns.

 <State 1>: 0.603ns
The critical path consists of the following:
	multiplexor before 'phi' operation ('data_num') with incoming values : ('data_num', tancoeff/tancoeff/tancalc.cpp:134) [78]  (0.603 ns)

 <State 2>: 1.22ns
The critical path consists of the following:
	'phi' operation ('data_num') with incoming values : ('data_num', tancoeff/tancoeff/tancalc.cpp:134) [78]  (0 ns)
	'call' operation ('call_ln138', tancoeff/tancoeff/tancalc.cpp:138) to 'dataflow_in_loop_subloop' [86]  (1.22 ns)

 <State 3>: 0ns
The critical path consists of the following:


============================================================
+ Verbose Summary: Binding
============================================================
N/A
* FSMD analyzer results:
  - Output states:
 - Input state : 
  - Chain level:
	State 1
	State 2
	State 3


============================================================
+ Verbose Summary: Datapath Resource usage 
============================================================
N/A
