

================================================================
== Vivado HLS Report for 'dataflow_in_loop_subloop'
================================================================
* Date:           Thu Nov  7 01:35:37 2019

* Version:        2019.1 (Build 2552052 on Fri May 24 15:28:33 MDT 2019)
* Project:        tancoeff
* Solution:       tancoeff
* Product family: virtexuplus
* Target device:  xcvu9p-fsgd2104-2L-e


================================================================
== Performance Estimates
================================================================
+ Timing (ns): 
    * Summary: 
    +--------+-------+----------+------------+
    |  Clock | Target| Estimated| Uncertainty|
    +--------+-------+----------+------------+
    |ap_clk  |   3.33|     2.433|        0.90|
    +--------+-------+----------+------------+

+ Latency (clock cycles): 
    * Summary: 
    +-----+-----+-----+-----+----------+
    |  Latency  |  Interval | Pipeline |
    | min | max | min | max |   Type   |
    +-----+-----+-----+-----+----------+
    |   45|   45|   27|   27| dataflow |
    +-----+-----+-----+-----+----------+

    + Detail: 
        * Instance: 
        N/A

        * Loop: 
        N/A

============================================================
+ Verbose Summary: Synthesis Manager
============================================================
InlineROM: 1
ExposeGlobal: 0
============================================================
+ Verbose Summary: CDFG Model
============================================================
IsTopModel: 0
ResetActiveHigh: 1
IsCombinational: 2
IsDatapathOnly: 0
HasWiredReturn: 1
HasMFsm: 0
HasVarLatency: 1
IsPipeline: 0
IsRtlPipelined: 0
IsInstanceOverlapped: 0
IsDontTouch: 0
HasImplIP: 0
IsGatedGlobalClock: 0


============================================================
+ Verbose Summary: Schedule
============================================================
* Number of FSM states : 6
* Pipeline : 0
* Dataflow Pipeline: 1
  DF-Pipeline-0: Size = 6, States = { 1 2 3 4 5 6 }

* FSM state transitions: 
1 --> 2 
2 --> 3 
3 --> 4 
4 --> 5 
5 --> 6 
6 --> 

* FSM state operations: 

State 1 <SV = 0> <Delay = 1.21>
ST_1 : Operation 7 [1/1] (0.00ns)   --->   "%cmpr_chunk_num_0_i_read = call i2 @_ssdm_op_Read.ap_auto.i2(i2 %cmpr_chunk_num_0_i)" [tancoeff/tancoeff/tancalc.cpp:138]   --->   Operation 7 'read' 'cmpr_chunk_num_0_i_read' <Predicate = true> <Delay = 0.00>
ST_1 : Operation 8 [1/1] (0.00ns)   --->   "%output_V_offset_read = call i58 @_ssdm_op_Read.ap_auto.i58(i58 %output_V_offset)" [tancoeff/tancoeff/tancalc.cpp:138]   --->   Operation 8 'read' 'output_V_offset_read' <Predicate = true> <Delay = 0.00>
ST_1 : Operation 9 [1/1] (0.00ns)   --->   "%p_read_32 = call i10 @_ssdm_op_Read.ap_auto.i10(i10 %p_read31)" [tancoeff/tancoeff/tancalc.cpp:138]   --->   Operation 9 'read' 'p_read_32' <Predicate = true> <Delay = 0.00>
ST_1 : Operation 10 [1/1] (0.00ns)   --->   "%p_read_33 = call i11 @_ssdm_op_Read.ap_auto.i11(i11 %p_read30)" [tancoeff/tancoeff/tancalc.cpp:138]   --->   Operation 10 'read' 'p_read_33' <Predicate = true> <Delay = 0.00>
ST_1 : Operation 11 [1/1] (0.00ns)   --->   "%p_read_34 = call i11 @_ssdm_op_Read.ap_auto.i11(i11 %p_read29)" [tancoeff/tancoeff/tancalc.cpp:138]   --->   Operation 11 'read' 'p_read_34' <Predicate = true> <Delay = 0.00>
ST_1 : Operation 12 [1/1] (0.00ns)   --->   "%p_read_35 = call i11 @_ssdm_op_Read.ap_auto.i11(i11 %p_read28)" [tancoeff/tancoeff/tancalc.cpp:138]   --->   Operation 12 'read' 'p_read_35' <Predicate = true> <Delay = 0.00>
ST_1 : Operation 13 [1/1] (0.00ns)   --->   "%p_read_36 = call i11 @_ssdm_op_Read.ap_auto.i11(i11 %p_read27)" [tancoeff/tancoeff/tancalc.cpp:138]   --->   Operation 13 'read' 'p_read_36' <Predicate = true> <Delay = 0.00>
ST_1 : Operation 14 [1/1] (0.00ns)   --->   "%p_read_37 = call i11 @_ssdm_op_Read.ap_auto.i11(i11 %p_read26)" [tancoeff/tancoeff/tancalc.cpp:138]   --->   Operation 14 'read' 'p_read_37' <Predicate = true> <Delay = 0.00>
ST_1 : Operation 15 [1/1] (0.00ns)   --->   "%p_read_38 = call i11 @_ssdm_op_Read.ap_auto.i11(i11 %p_read25)" [tancoeff/tancoeff/tancalc.cpp:138]   --->   Operation 15 'read' 'p_read_38' <Predicate = true> <Delay = 0.00>
ST_1 : Operation 16 [1/1] (0.00ns)   --->   "%p_read_39 = call i11 @_ssdm_op_Read.ap_auto.i11(i11 %p_read24)" [tancoeff/tancoeff/tancalc.cpp:138]   --->   Operation 16 'read' 'p_read_39' <Predicate = true> <Delay = 0.00>
ST_1 : Operation 17 [1/1] (0.00ns)   --->   "%p_read_40 = call i11 @_ssdm_op_Read.ap_auto.i11(i11 %p_read23)" [tancoeff/tancoeff/tancalc.cpp:138]   --->   Operation 17 'read' 'p_read_40' <Predicate = true> <Delay = 0.00>
ST_1 : Operation 18 [1/1] (0.00ns)   --->   "%p_read_41 = call i11 @_ssdm_op_Read.ap_auto.i11(i11 %p_read22)" [tancoeff/tancoeff/tancalc.cpp:138]   --->   Operation 18 'read' 'p_read_41' <Predicate = true> <Delay = 0.00>
ST_1 : Operation 19 [1/1] (0.00ns)   --->   "%p_read_42 = call i11 @_ssdm_op_Read.ap_auto.i11(i11 %p_read21)" [tancoeff/tancoeff/tancalc.cpp:138]   --->   Operation 19 'read' 'p_read_42' <Predicate = true> <Delay = 0.00>
ST_1 : Operation 20 [1/1] (0.00ns)   --->   "%p_read_43 = call i11 @_ssdm_op_Read.ap_auto.i11(i11 %p_read20)" [tancoeff/tancoeff/tancalc.cpp:138]   --->   Operation 20 'read' 'p_read_43' <Predicate = true> <Delay = 0.00>
ST_1 : Operation 21 [1/1] (0.00ns)   --->   "%p_read_44 = call i11 @_ssdm_op_Read.ap_auto.i11(i11 %p_read19)" [tancoeff/tancoeff/tancalc.cpp:138]   --->   Operation 21 'read' 'p_read_44' <Predicate = true> <Delay = 0.00>
ST_1 : Operation 22 [1/1] (0.00ns)   --->   "%p_read_45 = call i11 @_ssdm_op_Read.ap_auto.i11(i11 %p_read18)" [tancoeff/tancoeff/tancalc.cpp:138]   --->   Operation 22 'read' 'p_read_45' <Predicate = true> <Delay = 0.00>
ST_1 : Operation 23 [1/1] (0.00ns)   --->   "%p_read_46 = call i11 @_ssdm_op_Read.ap_auto.i11(i11 %p_read17)" [tancoeff/tancoeff/tancalc.cpp:138]   --->   Operation 23 'read' 'p_read_46' <Predicate = true> <Delay = 0.00>
ST_1 : Operation 24 [1/1] (0.00ns)   --->   "%p_read_47 = call i11 @_ssdm_op_Read.ap_auto.i11(i11 %p_read16)" [tancoeff/tancoeff/tancalc.cpp:138]   --->   Operation 24 'read' 'p_read_47' <Predicate = true> <Delay = 0.00>
ST_1 : Operation 25 [1/1] (0.00ns)   --->   "%p_read_48 = call i1024 @_ssdm_op_Read.ap_auto.i1024(i1024 %p_read15)" [tancoeff/tancoeff/tancalc.cpp:138]   --->   Operation 25 'read' 'p_read_48' <Predicate = true> <Delay = 0.00>
ST_1 : Operation 26 [1/1] (0.00ns)   --->   "%p_read_49 = call i1024 @_ssdm_op_Read.ap_auto.i1024(i1024 %p_read14)" [tancoeff/tancoeff/tancalc.cpp:138]   --->   Operation 26 'read' 'p_read_49' <Predicate = true> <Delay = 0.00>
ST_1 : Operation 27 [1/1] (0.00ns)   --->   "%p_read_50 = call i1024 @_ssdm_op_Read.ap_auto.i1024(i1024 %p_read13)" [tancoeff/tancoeff/tancalc.cpp:138]   --->   Operation 27 'read' 'p_read_50' <Predicate = true> <Delay = 0.00>
ST_1 : Operation 28 [1/1] (0.00ns)   --->   "%p_read_51 = call i1024 @_ssdm_op_Read.ap_auto.i1024(i1024 %p_read12)" [tancoeff/tancoeff/tancalc.cpp:138]   --->   Operation 28 'read' 'p_read_51' <Predicate = true> <Delay = 0.00>
ST_1 : Operation 29 [1/1] (0.00ns)   --->   "%p_read_52 = call i1024 @_ssdm_op_Read.ap_auto.i1024(i1024 %p_read11)" [tancoeff/tancoeff/tancalc.cpp:138]   --->   Operation 29 'read' 'p_read_52' <Predicate = true> <Delay = 0.00>
ST_1 : Operation 30 [1/1] (0.00ns)   --->   "%p_read1042 = call i1024 @_ssdm_op_Read.ap_auto.i1024(i1024 %p_read10)" [tancoeff/tancoeff/tancalc.cpp:138]   --->   Operation 30 'read' 'p_read1042' <Predicate = true> <Delay = 0.00>
ST_1 : Operation 31 [1/1] (0.00ns)   --->   "%p_read941 = call i1024 @_ssdm_op_Read.ap_auto.i1024(i1024 %p_read9)" [tancoeff/tancoeff/tancalc.cpp:138]   --->   Operation 31 'read' 'p_read941' <Predicate = true> <Delay = 0.00>
ST_1 : Operation 32 [1/1] (0.00ns)   --->   "%p_read840 = call i1024 @_ssdm_op_Read.ap_auto.i1024(i1024 %p_read8)" [tancoeff/tancoeff/tancalc.cpp:138]   --->   Operation 32 'read' 'p_read840' <Predicate = true> <Delay = 0.00>
ST_1 : Operation 33 [1/1] (0.00ns)   --->   "%p_read739 = call i1024 @_ssdm_op_Read.ap_auto.i1024(i1024 %p_read7)" [tancoeff/tancoeff/tancalc.cpp:138]   --->   Operation 33 'read' 'p_read739' <Predicate = true> <Delay = 0.00>
ST_1 : Operation 34 [1/1] (0.00ns)   --->   "%p_read638 = call i1024 @_ssdm_op_Read.ap_auto.i1024(i1024 %p_read6)" [tancoeff/tancoeff/tancalc.cpp:138]   --->   Operation 34 'read' 'p_read638' <Predicate = true> <Delay = 0.00>
ST_1 : Operation 35 [1/1] (0.00ns)   --->   "%p_read537 = call i1024 @_ssdm_op_Read.ap_auto.i1024(i1024 %p_read5)" [tancoeff/tancoeff/tancalc.cpp:138]   --->   Operation 35 'read' 'p_read537' <Predicate = true> <Delay = 0.00>
ST_1 : Operation 36 [1/1] (0.00ns)   --->   "%p_read436 = call i1024 @_ssdm_op_Read.ap_auto.i1024(i1024 %p_read4)" [tancoeff/tancoeff/tancalc.cpp:138]   --->   Operation 36 'read' 'p_read436' <Predicate = true> <Delay = 0.00>
ST_1 : Operation 37 [1/1] (0.00ns)   --->   "%p_read335 = call i1024 @_ssdm_op_Read.ap_auto.i1024(i1024 %p_read3)" [tancoeff/tancoeff/tancalc.cpp:138]   --->   Operation 37 'read' 'p_read335' <Predicate = true> <Delay = 0.00>
ST_1 : Operation 38 [1/1] (0.00ns)   --->   "%p_read234 = call i1024 @_ssdm_op_Read.ap_auto.i1024(i1024 %p_read2)" [tancoeff/tancoeff/tancalc.cpp:138]   --->   Operation 38 'read' 'p_read234' <Predicate = true> <Delay = 0.00>
ST_1 : Operation 39 [1/1] (0.00ns)   --->   "%p_read133 = call i1024 @_ssdm_op_Read.ap_auto.i1024(i1024 %p_read1)" [tancoeff/tancoeff/tancalc.cpp:138]   --->   Operation 39 'read' 'p_read133' <Predicate = true> <Delay = 0.00>
ST_1 : Operation 40 [1/1] (0.00ns)   --->   "%p_read32 = call i1024 @_ssdm_op_Read.ap_auto.i1024(i1024 %p_read)" [tancoeff/tancoeff/tancalc.cpp:138]   --->   Operation 40 'read' 'p_read32' <Predicate = true> <Delay = 0.00>
ST_1 : Operation 41 [1/1] (0.00ns)   --->   "%data_num_0_i_read = call i7 @_ssdm_op_Read.ap_auto.i7(i7 %data_num_0_i)" [tancoeff/tancoeff/tancalc.cpp:138]   --->   Operation 41 'read' 'data_num_0_i_read' <Predicate = true> <Delay = 0.00>
ST_1 : Operation 42 [1/1] (0.00ns)   --->   "%input_V_offset_read = call i58 @_ssdm_op_Read.ap_auto.i58(i58 %input_V_offset)" [tancoeff/tancoeff/tancalc.cpp:138]   --->   Operation 42 'read' 'input_V_offset_read' <Predicate = true> <Delay = 0.00>
ST_1 : Operation 43 [1/1] (0.00ns)   --->   "%output_V_offset_c = alloca i58, align 8" [tancoeff/tancoeff/tancalc.cpp:138]   --->   Operation 43 'alloca' 'output_V_offset_c' <Predicate = true> <Delay = 0.00> <Core = "FIFO">   --->   Core 32 'FIFO' <Latency = 0> <II = 1> <Delay = 1.45> <Storage> <Opcode : 'read' 'write' 'nbread' 'nbwrite'> <Ports = 0> <Width = 6> <Depth = 2> <FIFO>
ST_1 : Operation 44 [1/1] (0.00ns)   --->   "%data_num_0_i_c1 = alloca i6, align 1"   --->   Operation 44 'alloca' 'data_num_0_i_c1' <Predicate = true> <Delay = 0.00> <Core = "FIFO">   --->   Core 32 'FIFO' <Latency = 0> <II = 1> <Delay = 1.45> <Storage> <Opcode : 'read' 'write' 'nbread' 'nbwrite'> <Ports = 0> <Width = 6> <Depth = 2> <FIFO>
ST_1 : Operation 45 [1/1] (0.00ns)   --->   "%cmpr_chunk_num_0_i_c = alloca i2, align 1"   --->   Operation 45 'alloca' 'cmpr_chunk_num_0_i_c' <Predicate = true> <Delay = 0.00> <Core = "FIFO">   --->   Core 32 'FIFO' <Latency = 0> <II = 1> <Delay = 1.45> <Storage> <Opcode : 'read' 'write' 'nbread' 'nbwrite'> <Ports = 0> <Width = 6> <Depth = 2> <FIFO>
ST_1 : Operation 46 [1/1] (0.00ns)   --->   "%cmprpop_local_15_V_c = alloca i10, align 2" [tancoeff/tancoeff/tancalc.cpp:138]   --->   Operation 46 'alloca' 'cmprpop_local_15_V_c' <Predicate = true> <Delay = 0.00> <Core = "FIFO">   --->   Core 32 'FIFO' <Latency = 0> <II = 1> <Delay = 1.45> <Storage> <Opcode : 'read' 'write' 'nbread' 'nbwrite'> <Ports = 0> <Width = 6> <Depth = 2> <FIFO>
ST_1 : Operation 47 [1/1] (0.00ns)   --->   "%cmprpop_local_14_V_c = alloca i11, align 2" [tancoeff/tancoeff/tancalc.cpp:138]   --->   Operation 47 'alloca' 'cmprpop_local_14_V_c' <Predicate = true> <Delay = 0.00> <Core = "FIFO">   --->   Core 32 'FIFO' <Latency = 0> <II = 1> <Delay = 1.45> <Storage> <Opcode : 'read' 'write' 'nbread' 'nbwrite'> <Ports = 0> <Width = 6> <Depth = 2> <FIFO>
ST_1 : Operation 48 [1/1] (0.00ns)   --->   "%cmprpop_local_13_V_c = alloca i11, align 2" [tancoeff/tancoeff/tancalc.cpp:138]   --->   Operation 48 'alloca' 'cmprpop_local_13_V_c' <Predicate = true> <Delay = 0.00> <Core = "FIFO">   --->   Core 32 'FIFO' <Latency = 0> <II = 1> <Delay = 1.45> <Storage> <Opcode : 'read' 'write' 'nbread' 'nbwrite'> <Ports = 0> <Width = 6> <Depth = 2> <FIFO>
ST_1 : Operation 49 [1/1] (0.00ns)   --->   "%cmprpop_local_12_V_c = alloca i11, align 2" [tancoeff/tancoeff/tancalc.cpp:138]   --->   Operation 49 'alloca' 'cmprpop_local_12_V_c' <Predicate = true> <Delay = 0.00> <Core = "FIFO">   --->   Core 32 'FIFO' <Latency = 0> <II = 1> <Delay = 1.45> <Storage> <Opcode : 'read' 'write' 'nbread' 'nbwrite'> <Ports = 0> <Width = 6> <Depth = 2> <FIFO>
ST_1 : Operation 50 [1/1] (0.00ns)   --->   "%cmprpop_local_11_V_c = alloca i11, align 2" [tancoeff/tancoeff/tancalc.cpp:138]   --->   Operation 50 'alloca' 'cmprpop_local_11_V_c' <Predicate = true> <Delay = 0.00> <Core = "FIFO">   --->   Core 32 'FIFO' <Latency = 0> <II = 1> <Delay = 1.45> <Storage> <Opcode : 'read' 'write' 'nbread' 'nbwrite'> <Ports = 0> <Width = 6> <Depth = 2> <FIFO>
ST_1 : Operation 51 [1/1] (0.00ns)   --->   "%cmprpop_local_10_V_c = alloca i11, align 2" [tancoeff/tancoeff/tancalc.cpp:138]   --->   Operation 51 'alloca' 'cmprpop_local_10_V_c' <Predicate = true> <Delay = 0.00> <Core = "FIFO">   --->   Core 32 'FIFO' <Latency = 0> <II = 1> <Delay = 1.45> <Storage> <Opcode : 'read' 'write' 'nbread' 'nbwrite'> <Ports = 0> <Width = 6> <Depth = 2> <FIFO>
ST_1 : Operation 52 [1/1] (0.00ns)   --->   "%cmprpop_local_9_V_c = alloca i11, align 2" [tancoeff/tancoeff/tancalc.cpp:138]   --->   Operation 52 'alloca' 'cmprpop_local_9_V_c' <Predicate = true> <Delay = 0.00> <Core = "FIFO">   --->   Core 32 'FIFO' <Latency = 0> <II = 1> <Delay = 1.45> <Storage> <Opcode : 'read' 'write' 'nbread' 'nbwrite'> <Ports = 0> <Width = 6> <Depth = 2> <FIFO>
ST_1 : Operation 53 [1/1] (0.00ns)   --->   "%cmprpop_local_8_V_c = alloca i11, align 2" [tancoeff/tancoeff/tancalc.cpp:138]   --->   Operation 53 'alloca' 'cmprpop_local_8_V_c' <Predicate = true> <Delay = 0.00> <Core = "FIFO">   --->   Core 32 'FIFO' <Latency = 0> <II = 1> <Delay = 1.45> <Storage> <Opcode : 'read' 'write' 'nbread' 'nbwrite'> <Ports = 0> <Width = 6> <Depth = 2> <FIFO>
ST_1 : Operation 54 [1/1] (0.00ns)   --->   "%cmprpop_local_7_V_c = alloca i11, align 2" [tancoeff/tancoeff/tancalc.cpp:138]   --->   Operation 54 'alloca' 'cmprpop_local_7_V_c' <Predicate = true> <Delay = 0.00> <Core = "FIFO">   --->   Core 32 'FIFO' <Latency = 0> <II = 1> <Delay = 1.45> <Storage> <Opcode : 'read' 'write' 'nbread' 'nbwrite'> <Ports = 0> <Width = 6> <Depth = 2> <FIFO>
ST_1 : Operation 55 [1/1] (0.00ns)   --->   "%cmprpop_local_6_V_c = alloca i11, align 2" [tancoeff/tancoeff/tancalc.cpp:138]   --->   Operation 55 'alloca' 'cmprpop_local_6_V_c' <Predicate = true> <Delay = 0.00> <Core = "FIFO">   --->   Core 32 'FIFO' <Latency = 0> <II = 1> <Delay = 1.45> <Storage> <Opcode : 'read' 'write' 'nbread' 'nbwrite'> <Ports = 0> <Width = 6> <Depth = 2> <FIFO>
ST_1 : Operation 56 [1/1] (0.00ns)   --->   "%cmprpop_local_5_V_c = alloca i11, align 2" [tancoeff/tancoeff/tancalc.cpp:138]   --->   Operation 56 'alloca' 'cmprpop_local_5_V_c' <Predicate = true> <Delay = 0.00> <Core = "FIFO">   --->   Core 32 'FIFO' <Latency = 0> <II = 1> <Delay = 1.45> <Storage> <Opcode : 'read' 'write' 'nbread' 'nbwrite'> <Ports = 0> <Width = 6> <Depth = 2> <FIFO>
ST_1 : Operation 57 [1/1] (0.00ns)   --->   "%cmprpop_local_4_V_c = alloca i11, align 2" [tancoeff/tancoeff/tancalc.cpp:138]   --->   Operation 57 'alloca' 'cmprpop_local_4_V_c' <Predicate = true> <Delay = 0.00> <Core = "FIFO">   --->   Core 32 'FIFO' <Latency = 0> <II = 1> <Delay = 1.45> <Storage> <Opcode : 'read' 'write' 'nbread' 'nbwrite'> <Ports = 0> <Width = 6> <Depth = 2> <FIFO>
ST_1 : Operation 58 [1/1] (0.00ns)   --->   "%cmprpop_local_3_V_c = alloca i11, align 2" [tancoeff/tancoeff/tancalc.cpp:138]   --->   Operation 58 'alloca' 'cmprpop_local_3_V_c' <Predicate = true> <Delay = 0.00> <Core = "FIFO">   --->   Core 32 'FIFO' <Latency = 0> <II = 1> <Delay = 1.45> <Storage> <Opcode : 'read' 'write' 'nbread' 'nbwrite'> <Ports = 0> <Width = 6> <Depth = 2> <FIFO>
ST_1 : Operation 59 [1/1] (0.00ns)   --->   "%cmprpop_local_2_V_c = alloca i11, align 2" [tancoeff/tancoeff/tancalc.cpp:138]   --->   Operation 59 'alloca' 'cmprpop_local_2_V_c' <Predicate = true> <Delay = 0.00> <Core = "FIFO">   --->   Core 32 'FIFO' <Latency = 0> <II = 1> <Delay = 1.45> <Storage> <Opcode : 'read' 'write' 'nbread' 'nbwrite'> <Ports = 0> <Width = 6> <Depth = 2> <FIFO>
ST_1 : Operation 60 [1/1] (0.00ns)   --->   "%cmprpop_local_1_V_c = alloca i11, align 2" [tancoeff/tancoeff/tancalc.cpp:138]   --->   Operation 60 'alloca' 'cmprpop_local_1_V_c' <Predicate = true> <Delay = 0.00> <Core = "FIFO">   --->   Core 32 'FIFO' <Latency = 0> <II = 1> <Delay = 1.45> <Storage> <Opcode : 'read' 'write' 'nbread' 'nbwrite'> <Ports = 0> <Width = 6> <Depth = 2> <FIFO>
ST_1 : Operation 61 [1/1] (0.00ns)   --->   "%cmprpop_local_0_V_c = alloca i11, align 2" [tancoeff/tancoeff/tancalc.cpp:138]   --->   Operation 61 'alloca' 'cmprpop_local_0_V_c' <Predicate = true> <Delay = 0.00> <Core = "FIFO">   --->   Core 32 'FIFO' <Latency = 0> <II = 1> <Delay = 1.45> <Storage> <Opcode : 'read' 'write' 'nbread' 'nbwrite'> <Ports = 0> <Width = 6> <Depth = 2> <FIFO>
ST_1 : Operation 62 [1/1] (0.00ns)   --->   "%cmpr_local_15_V_c = alloca i1024, align 8" [tancoeff/tancoeff/tancalc.cpp:138]   --->   Operation 62 'alloca' 'cmpr_local_15_V_c' <Predicate = true> <Delay = 0.00> <Core = "FIFO">   --->   Core 32 'FIFO' <Latency = 0> <II = 1> <Delay = 1.45> <Storage> <Opcode : 'read' 'write' 'nbread' 'nbwrite'> <Ports = 0> <Width = 6> <Depth = 2> <FIFO>
ST_1 : Operation 63 [1/1] (0.00ns)   --->   "%cmpr_local_14_V_c = alloca i1024, align 8" [tancoeff/tancoeff/tancalc.cpp:138]   --->   Operation 63 'alloca' 'cmpr_local_14_V_c' <Predicate = true> <Delay = 0.00> <Core = "FIFO">   --->   Core 32 'FIFO' <Latency = 0> <II = 1> <Delay = 1.45> <Storage> <Opcode : 'read' 'write' 'nbread' 'nbwrite'> <Ports = 0> <Width = 6> <Depth = 2> <FIFO>
ST_1 : Operation 64 [1/1] (0.00ns)   --->   "%cmpr_local_13_V_c = alloca i1024, align 8" [tancoeff/tancoeff/tancalc.cpp:138]   --->   Operation 64 'alloca' 'cmpr_local_13_V_c' <Predicate = true> <Delay = 0.00> <Core = "FIFO">   --->   Core 32 'FIFO' <Latency = 0> <II = 1> <Delay = 1.45> <Storage> <Opcode : 'read' 'write' 'nbread' 'nbwrite'> <Ports = 0> <Width = 6> <Depth = 2> <FIFO>
ST_1 : Operation 65 [1/1] (0.00ns)   --->   "%cmpr_local_12_V_c = alloca i1024, align 8" [tancoeff/tancoeff/tancalc.cpp:138]   --->   Operation 65 'alloca' 'cmpr_local_12_V_c' <Predicate = true> <Delay = 0.00> <Core = "FIFO">   --->   Core 32 'FIFO' <Latency = 0> <II = 1> <Delay = 1.45> <Storage> <Opcode : 'read' 'write' 'nbread' 'nbwrite'> <Ports = 0> <Width = 6> <Depth = 2> <FIFO>
ST_1 : Operation 66 [1/1] (0.00ns)   --->   "%cmpr_local_11_V_c = alloca i1024, align 8" [tancoeff/tancoeff/tancalc.cpp:138]   --->   Operation 66 'alloca' 'cmpr_local_11_V_c' <Predicate = true> <Delay = 0.00> <Core = "FIFO">   --->   Core 32 'FIFO' <Latency = 0> <II = 1> <Delay = 1.45> <Storage> <Opcode : 'read' 'write' 'nbread' 'nbwrite'> <Ports = 0> <Width = 6> <Depth = 2> <FIFO>
ST_1 : Operation 67 [1/1] (0.00ns)   --->   "%cmpr_local_10_V_c = alloca i1024, align 8" [tancoeff/tancoeff/tancalc.cpp:138]   --->   Operation 67 'alloca' 'cmpr_local_10_V_c' <Predicate = true> <Delay = 0.00> <Core = "FIFO">   --->   Core 32 'FIFO' <Latency = 0> <II = 1> <Delay = 1.45> <Storage> <Opcode : 'read' 'write' 'nbread' 'nbwrite'> <Ports = 0> <Width = 6> <Depth = 2> <FIFO>
ST_1 : Operation 68 [1/1] (0.00ns)   --->   "%cmpr_local_9_V_c = alloca i1024, align 8" [tancoeff/tancoeff/tancalc.cpp:138]   --->   Operation 68 'alloca' 'cmpr_local_9_V_c' <Predicate = true> <Delay = 0.00> <Core = "FIFO">   --->   Core 32 'FIFO' <Latency = 0> <II = 1> <Delay = 1.45> <Storage> <Opcode : 'read' 'write' 'nbread' 'nbwrite'> <Ports = 0> <Width = 6> <Depth = 2> <FIFO>
ST_1 : Operation 69 [1/1] (0.00ns)   --->   "%cmpr_local_8_V_c = alloca i1024, align 8" [tancoeff/tancoeff/tancalc.cpp:138]   --->   Operation 69 'alloca' 'cmpr_local_8_V_c' <Predicate = true> <Delay = 0.00> <Core = "FIFO">   --->   Core 32 'FIFO' <Latency = 0> <II = 1> <Delay = 1.45> <Storage> <Opcode : 'read' 'write' 'nbread' 'nbwrite'> <Ports = 0> <Width = 6> <Depth = 2> <FIFO>
ST_1 : Operation 70 [1/1] (0.00ns)   --->   "%cmpr_local_7_V_c = alloca i1024, align 8" [tancoeff/tancoeff/tancalc.cpp:138]   --->   Operation 70 'alloca' 'cmpr_local_7_V_c' <Predicate = true> <Delay = 0.00> <Core = "FIFO">   --->   Core 32 'FIFO' <Latency = 0> <II = 1> <Delay = 1.45> <Storage> <Opcode : 'read' 'write' 'nbread' 'nbwrite'> <Ports = 0> <Width = 6> <Depth = 2> <FIFO>
ST_1 : Operation 71 [1/1] (0.00ns)   --->   "%cmpr_local_6_V_c = alloca i1024, align 8" [tancoeff/tancoeff/tancalc.cpp:138]   --->   Operation 71 'alloca' 'cmpr_local_6_V_c' <Predicate = true> <Delay = 0.00> <Core = "FIFO">   --->   Core 32 'FIFO' <Latency = 0> <II = 1> <Delay = 1.45> <Storage> <Opcode : 'read' 'write' 'nbread' 'nbwrite'> <Ports = 0> <Width = 6> <Depth = 2> <FIFO>
ST_1 : Operation 72 [1/1] (0.00ns)   --->   "%cmpr_local_5_V_c = alloca i1024, align 8" [tancoeff/tancoeff/tancalc.cpp:138]   --->   Operation 72 'alloca' 'cmpr_local_5_V_c' <Predicate = true> <Delay = 0.00> <Core = "FIFO">   --->   Core 32 'FIFO' <Latency = 0> <II = 1> <Delay = 1.45> <Storage> <Opcode : 'read' 'write' 'nbread' 'nbwrite'> <Ports = 0> <Width = 6> <Depth = 2> <FIFO>
ST_1 : Operation 73 [1/1] (0.00ns)   --->   "%cmpr_local_4_V_c = alloca i1024, align 8" [tancoeff/tancoeff/tancalc.cpp:138]   --->   Operation 73 'alloca' 'cmpr_local_4_V_c' <Predicate = true> <Delay = 0.00> <Core = "FIFO">   --->   Core 32 'FIFO' <Latency = 0> <II = 1> <Delay = 1.45> <Storage> <Opcode : 'read' 'write' 'nbread' 'nbwrite'> <Ports = 0> <Width = 6> <Depth = 2> <FIFO>
ST_1 : Operation 74 [1/1] (0.00ns)   --->   "%cmpr_local_3_V_c = alloca i1024, align 8" [tancoeff/tancoeff/tancalc.cpp:138]   --->   Operation 74 'alloca' 'cmpr_local_3_V_c' <Predicate = true> <Delay = 0.00> <Core = "FIFO">   --->   Core 32 'FIFO' <Latency = 0> <II = 1> <Delay = 1.45> <Storage> <Opcode : 'read' 'write' 'nbread' 'nbwrite'> <Ports = 0> <Width = 6> <Depth = 2> <FIFO>
ST_1 : Operation 75 [1/1] (0.00ns)   --->   "%cmpr_local_2_V_c = alloca i1024, align 8" [tancoeff/tancoeff/tancalc.cpp:138]   --->   Operation 75 'alloca' 'cmpr_local_2_V_c' <Predicate = true> <Delay = 0.00> <Core = "FIFO">   --->   Core 32 'FIFO' <Latency = 0> <II = 1> <Delay = 1.45> <Storage> <Opcode : 'read' 'write' 'nbread' 'nbwrite'> <Ports = 0> <Width = 6> <Depth = 2> <FIFO>
ST_1 : Operation 76 [1/1] (0.00ns)   --->   "%cmpr_local_1_V_c = alloca i1024, align 8" [tancoeff/tancoeff/tancalc.cpp:138]   --->   Operation 76 'alloca' 'cmpr_local_1_V_c' <Predicate = true> <Delay = 0.00> <Core = "FIFO">   --->   Core 32 'FIFO' <Latency = 0> <II = 1> <Delay = 1.45> <Storage> <Opcode : 'read' 'write' 'nbread' 'nbwrite'> <Ports = 0> <Width = 6> <Depth = 2> <FIFO>
ST_1 : Operation 77 [1/1] (0.00ns)   --->   "%cmpr_local_0_V_c = alloca i1024, align 8" [tancoeff/tancoeff/tancalc.cpp:138]   --->   Operation 77 'alloca' 'cmpr_local_0_V_c' <Predicate = true> <Delay = 0.00> <Core = "FIFO">   --->   Core 32 'FIFO' <Latency = 0> <II = 1> <Delay = 1.45> <Storage> <Opcode : 'read' 'write' 'nbread' 'nbwrite'> <Ports = 0> <Width = 6> <Depth = 2> <FIFO>
ST_1 : Operation 78 [1/1] (0.00ns)   --->   "%data_num_0_i_c = alloca i6, align 1"   --->   Operation 78 'alloca' 'data_num_0_i_c' <Predicate = true> <Delay = 0.00> <Core = "FIFO">   --->   Core 32 'FIFO' <Latency = 0> <II = 1> <Delay = 1.45> <Storage> <Opcode : 'read' 'write' 'nbread' 'nbwrite'> <Ports = 0> <Width = 6> <Depth = 2> <FIFO>
ST_1 : Operation 79 [2/2] (1.21ns)   --->   "%tmp = call { i1024, i1024, i1024, i1024, i11, i11, i11, i11 } @data_read3710(i512* %input_V, i58 %input_V_offset_read, i7 %data_num_0_i_read, i1024 %p_read32, i1024 %p_read133, i1024 %p_read234, i1024 %p_read335, i1024 %p_read436, i1024 %p_read537, i1024 %p_read638, i1024 %p_read739, i1024 %p_read840, i1024 %p_read941, i1024 %p_read1042, i1024 %p_read_52, i1024 %p_read_51, i1024 %p_read_50, i1024 %p_read_49, i1024 %p_read_48, i11 %p_read_47, i11 %p_read_46, i11 %p_read_45, i11 %p_read_44, i11 %p_read_43, i11 %p_read_42, i11 %p_read_41, i11 %p_read_40, i11 %p_read_39, i11 %p_read_38, i11 %p_read_37, i11 %p_read_36, i11 %p_read_35, i11 %p_read_34, i11 %p_read_33, i10 %p_read_32, i2 %cmpr_chunk_num_0_i_read, i6* %data_num_0_i_c, i1024* %cmpr_local_0_V_c, i1024* %cmpr_local_1_V_c, i1024* %cmpr_local_2_V_c, i1024* %cmpr_local_3_V_c, i1024* %cmpr_local_4_V_c, i1024* %cmpr_local_5_V_c, i1024* %cmpr_local_6_V_c, i1024* %cmpr_local_7_V_c, i1024* %cmpr_local_8_V_c, i1024* %cmpr_local_9_V_c, i1024* %cmpr_local_10_V_c, i1024* %cmpr_local_11_V_c, i1024* %cmpr_local_12_V_c, i1024* %cmpr_local_13_V_c, i1024* %cmpr_local_14_V_c, i1024* %cmpr_local_15_V_c, i11* %cmprpop_local_0_V_c, i11* %cmprpop_local_1_V_c, i11* %cmprpop_local_2_V_c, i11* %cmprpop_local_3_V_c, i11* %cmprpop_local_4_V_c, i11* %cmprpop_local_5_V_c, i11* %cmprpop_local_6_V_c, i11* %cmprpop_local_7_V_c, i11* %cmprpop_local_8_V_c, i11* %cmprpop_local_9_V_c, i11* %cmprpop_local_10_V_c, i11* %cmprpop_local_11_V_c, i11* %cmprpop_local_12_V_c, i11* %cmprpop_local_13_V_c, i11* %cmprpop_local_14_V_c, i10* %cmprpop_local_15_V_c, i2* %cmpr_chunk_num_0_i_c, i58 %output_V_offset_read, i58* %output_V_offset_c)" [tancoeff/tancoeff/tancalc.cpp:138]   --->   Operation 79 'call' 'tmp' <Predicate = true> <Delay = 1.21> <CoreType = "Generic">   --->   Core 0 '' <Latency = 0> <II = 1> <Delay = 1.00> <Generic> <Opcode : >

State 2 <SV = 1> <Delay = 0.00>
ST_2 : Operation 80 [1/2] (0.00ns)   --->   "%tmp = call { i1024, i1024, i1024, i1024, i11, i11, i11, i11 } @data_read3710(i512* %input_V, i58 %input_V_offset_read, i7 %data_num_0_i_read, i1024 %p_read32, i1024 %p_read133, i1024 %p_read234, i1024 %p_read335, i1024 %p_read436, i1024 %p_read537, i1024 %p_read638, i1024 %p_read739, i1024 %p_read840, i1024 %p_read941, i1024 %p_read1042, i1024 %p_read_52, i1024 %p_read_51, i1024 %p_read_50, i1024 %p_read_49, i1024 %p_read_48, i11 %p_read_47, i11 %p_read_46, i11 %p_read_45, i11 %p_read_44, i11 %p_read_43, i11 %p_read_42, i11 %p_read_41, i11 %p_read_40, i11 %p_read_39, i11 %p_read_38, i11 %p_read_37, i11 %p_read_36, i11 %p_read_35, i11 %p_read_34, i11 %p_read_33, i10 %p_read_32, i2 %cmpr_chunk_num_0_i_read, i6* %data_num_0_i_c, i1024* %cmpr_local_0_V_c, i1024* %cmpr_local_1_V_c, i1024* %cmpr_local_2_V_c, i1024* %cmpr_local_3_V_c, i1024* %cmpr_local_4_V_c, i1024* %cmpr_local_5_V_c, i1024* %cmpr_local_6_V_c, i1024* %cmpr_local_7_V_c, i1024* %cmpr_local_8_V_c, i1024* %cmpr_local_9_V_c, i1024* %cmpr_local_10_V_c, i1024* %cmpr_local_11_V_c, i1024* %cmpr_local_12_V_c, i1024* %cmpr_local_13_V_c, i1024* %cmpr_local_14_V_c, i1024* %cmpr_local_15_V_c, i11* %cmprpop_local_0_V_c, i11* %cmprpop_local_1_V_c, i11* %cmprpop_local_2_V_c, i11* %cmprpop_local_3_V_c, i11* %cmprpop_local_4_V_c, i11* %cmprpop_local_5_V_c, i11* %cmprpop_local_6_V_c, i11* %cmprpop_local_7_V_c, i11* %cmprpop_local_8_V_c, i11* %cmprpop_local_9_V_c, i11* %cmprpop_local_10_V_c, i11* %cmprpop_local_11_V_c, i11* %cmprpop_local_12_V_c, i11* %cmprpop_local_13_V_c, i11* %cmprpop_local_14_V_c, i10* %cmprpop_local_15_V_c, i2* %cmpr_chunk_num_0_i_c, i58 %output_V_offset_read, i58* %output_V_offset_c)" [tancoeff/tancoeff/tancalc.cpp:138]   --->   Operation 80 'call' 'tmp' <Predicate = true> <Delay = 0.00> <CoreType = "Generic">   --->   Core 0 '' <Latency = 0> <II = 1> <Delay = 1.00> <Generic> <Opcode : >
ST_2 : Operation 81 [1/1] (0.00ns)   --->   "%ref_local_0_V = extractvalue { i1024, i1024, i1024, i1024, i11, i11, i11, i11 } %tmp, 0" [tancoeff/tancoeff/tancalc.cpp:138]   --->   Operation 81 'extractvalue' 'ref_local_0_V' <Predicate = true> <Delay = 0.00> <Core = "FIFO">   --->   Core 32 'FIFO' <Latency = 0> <II = 1> <Delay = 1.45> <Storage> <Opcode : 'read' 'write' 'nbread' 'nbwrite'> <Ports = 0> <Width = 6> <Depth = 2> <FIFO>
ST_2 : Operation 82 [1/1] (0.00ns)   --->   "%ref_local_1_V = extractvalue { i1024, i1024, i1024, i1024, i11, i11, i11, i11 } %tmp, 1" [tancoeff/tancoeff/tancalc.cpp:138]   --->   Operation 82 'extractvalue' 'ref_local_1_V' <Predicate = true> <Delay = 0.00> <Core = "FIFO">   --->   Core 32 'FIFO' <Latency = 0> <II = 1> <Delay = 1.45> <Storage> <Opcode : 'read' 'write' 'nbread' 'nbwrite'> <Ports = 0> <Width = 6> <Depth = 2> <FIFO>
ST_2 : Operation 83 [1/1] (0.00ns)   --->   "%ref_local_2_V = extractvalue { i1024, i1024, i1024, i1024, i11, i11, i11, i11 } %tmp, 2" [tancoeff/tancoeff/tancalc.cpp:138]   --->   Operation 83 'extractvalue' 'ref_local_2_V' <Predicate = true> <Delay = 0.00> <Core = "FIFO">   --->   Core 32 'FIFO' <Latency = 0> <II = 1> <Delay = 1.45> <Storage> <Opcode : 'read' 'write' 'nbread' 'nbwrite'> <Ports = 0> <Width = 6> <Depth = 2> <FIFO>
ST_2 : Operation 84 [1/1] (0.00ns)   --->   "%ref_local_3_V = extractvalue { i1024, i1024, i1024, i1024, i11, i11, i11, i11 } %tmp, 3" [tancoeff/tancoeff/tancalc.cpp:138]   --->   Operation 84 'extractvalue' 'ref_local_3_V' <Predicate = true> <Delay = 0.00> <Core = "FIFO">   --->   Core 32 'FIFO' <Latency = 0> <II = 1> <Delay = 1.45> <Storage> <Opcode : 'read' 'write' 'nbread' 'nbwrite'> <Ports = 0> <Width = 6> <Depth = 2> <FIFO>
ST_2 : Operation 85 [1/1] (0.00ns)   --->   "%refpop_local_0_V = extractvalue { i1024, i1024, i1024, i1024, i11, i11, i11, i11 } %tmp, 4" [tancoeff/tancoeff/tancalc.cpp:138]   --->   Operation 85 'extractvalue' 'refpop_local_0_V' <Predicate = true> <Delay = 0.00> <Core = "FIFO">   --->   Core 32 'FIFO' <Latency = 0> <II = 1> <Delay = 1.45> <Storage> <Opcode : 'read' 'write' 'nbread' 'nbwrite'> <Ports = 0> <Width = 6> <Depth = 2> <FIFO>
ST_2 : Operation 86 [1/1] (0.00ns)   --->   "%refpop_local_1_V = extractvalue { i1024, i1024, i1024, i1024, i11, i11, i11, i11 } %tmp, 5" [tancoeff/tancoeff/tancalc.cpp:138]   --->   Operation 86 'extractvalue' 'refpop_local_1_V' <Predicate = true> <Delay = 0.00> <Core = "FIFO">   --->   Core 32 'FIFO' <Latency = 0> <II = 1> <Delay = 1.45> <Storage> <Opcode : 'read' 'write' 'nbread' 'nbwrite'> <Ports = 0> <Width = 6> <Depth = 2> <FIFO>
ST_2 : Operation 87 [1/1] (0.00ns)   --->   "%refpop_local_2_V = extractvalue { i1024, i1024, i1024, i1024, i11, i11, i11, i11 } %tmp, 6" [tancoeff/tancoeff/tancalc.cpp:138]   --->   Operation 87 'extractvalue' 'refpop_local_2_V' <Predicate = true> <Delay = 0.00> <Core = "FIFO">   --->   Core 32 'FIFO' <Latency = 0> <II = 1> <Delay = 1.45> <Storage> <Opcode : 'read' 'write' 'nbread' 'nbwrite'> <Ports = 0> <Width = 6> <Depth = 2> <FIFO>
ST_2 : Operation 88 [1/1] (0.00ns)   --->   "%refpop_local_3_V = extractvalue { i1024, i1024, i1024, i1024, i11, i11, i11, i11 } %tmp, 7" [tancoeff/tancoeff/tancalc.cpp:138]   --->   Operation 88 'extractvalue' 'refpop_local_3_V' <Predicate = true> <Delay = 0.00> <Core = "FIFO">   --->   Core 32 'FIFO' <Latency = 0> <II = 1> <Delay = 1.45> <Storage> <Opcode : 'read' 'write' 'nbread' 'nbwrite'> <Ports = 0> <Width = 6> <Depth = 2> <FIFO>

State 3 <SV = 2> <Delay = 2.21>
ST_3 : Operation 89 [2/2] (2.21ns)   --->   "%call_ret1 = call fastcc { i1, i1, i1, i1, i1, i1, i1, i1, i1, i1, i1, i1, i1, i1, i1, i1 } @calculation(i1024 %ref_local_0_V, i1024 %ref_local_1_V, i1024 %ref_local_2_V, i1024 %ref_local_3_V, i1024* %cmpr_local_0_V_c, i1024* %cmpr_local_1_V_c, i1024* %cmpr_local_2_V_c, i1024* %cmpr_local_3_V_c, i1024* %cmpr_local_4_V_c, i1024* %cmpr_local_5_V_c, i1024* %cmpr_local_6_V_c, i1024* %cmpr_local_7_V_c, i1024* %cmpr_local_8_V_c, i1024* %cmpr_local_9_V_c, i1024* %cmpr_local_10_V_c, i1024* %cmpr_local_11_V_c, i1024* %cmpr_local_12_V_c, i1024* %cmpr_local_13_V_c, i1024* %cmpr_local_14_V_c, i1024* %cmpr_local_15_V_c, i11 %refpop_local_0_V, i11 %refpop_local_1_V, i11 %refpop_local_2_V, i11 %refpop_local_3_V, i11* %cmprpop_local_0_V_c, i11* %cmprpop_local_1_V_c, i11* %cmprpop_local_2_V_c, i11* %cmprpop_local_3_V_c, i11* %cmprpop_local_4_V_c, i11* %cmprpop_local_5_V_c, i11* %cmprpop_local_6_V_c, i11* %cmprpop_local_7_V_c, i11* %cmprpop_local_8_V_c, i11* %cmprpop_local_9_V_c, i11* %cmprpop_local_10_V_c, i11* %cmprpop_local_11_V_c, i11* %cmprpop_local_12_V_c, i11* %cmprpop_local_13_V_c, i11* %cmprpop_local_14_V_c, i10* %cmprpop_local_15_V_c, i6* %data_num_0_i_c, i6* %data_num_0_i_c1)" [tancoeff/tancoeff/tancalc.cpp:138]   --->   Operation 89 'call' 'call_ret1' <Predicate = true> <Delay = 2.21> <CoreType = "Generic">   --->   Core 0 '' <Latency = 0> <II = 1> <Delay = 1.00> <Generic> <Opcode : >

State 4 <SV = 3> <Delay = 2.21>
ST_4 : Operation 90 [1/2] (2.21ns)   --->   "%call_ret1 = call fastcc { i1, i1, i1, i1, i1, i1, i1, i1, i1, i1, i1, i1, i1, i1, i1, i1 } @calculation(i1024 %ref_local_0_V, i1024 %ref_local_1_V, i1024 %ref_local_2_V, i1024 %ref_local_3_V, i1024* %cmpr_local_0_V_c, i1024* %cmpr_local_1_V_c, i1024* %cmpr_local_2_V_c, i1024* %cmpr_local_3_V_c, i1024* %cmpr_local_4_V_c, i1024* %cmpr_local_5_V_c, i1024* %cmpr_local_6_V_c, i1024* %cmpr_local_7_V_c, i1024* %cmpr_local_8_V_c, i1024* %cmpr_local_9_V_c, i1024* %cmpr_local_10_V_c, i1024* %cmpr_local_11_V_c, i1024* %cmpr_local_12_V_c, i1024* %cmpr_local_13_V_c, i1024* %cmpr_local_14_V_c, i1024* %cmpr_local_15_V_c, i11 %refpop_local_0_V, i11 %refpop_local_1_V, i11 %refpop_local_2_V, i11 %refpop_local_3_V, i11* %cmprpop_local_0_V_c, i11* %cmprpop_local_1_V_c, i11* %cmprpop_local_2_V_c, i11* %cmprpop_local_3_V_c, i11* %cmprpop_local_4_V_c, i11* %cmprpop_local_5_V_c, i11* %cmprpop_local_6_V_c, i11* %cmprpop_local_7_V_c, i11* %cmprpop_local_8_V_c, i11* %cmprpop_local_9_V_c, i11* %cmprpop_local_10_V_c, i11* %cmprpop_local_11_V_c, i11* %cmprpop_local_12_V_c, i11* %cmprpop_local_13_V_c, i11* %cmprpop_local_14_V_c, i10* %cmprpop_local_15_V_c, i6* %data_num_0_i_c, i6* %data_num_0_i_c1)" [tancoeff/tancoeff/tancalc.cpp:138]   --->   Operation 90 'call' 'call_ret1' <Predicate = true> <Delay = 2.21> <CoreType = "Generic">   --->   Core 0 '' <Latency = 0> <II = 1> <Delay = 1.00> <Generic> <Opcode : >
ST_4 : Operation 91 [1/1] (0.00ns)   --->   "%result_local_0_V = extractvalue { i1, i1, i1, i1, i1, i1, i1, i1, i1, i1, i1, i1, i1, i1, i1, i1 } %call_ret1, 0" [tancoeff/tancoeff/tancalc.cpp:138]   --->   Operation 91 'extractvalue' 'result_local_0_V' <Predicate = true> <Delay = 0.00> <Core = "FIFO">   --->   Core 32 'FIFO' <Latency = 0> <II = 1> <Delay = 1.45> <Storage> <Opcode : 'read' 'write' 'nbread' 'nbwrite'> <Ports = 0> <Width = 6> <Depth = 2> <FIFO>
ST_4 : Operation 92 [1/1] (0.00ns)   --->   "%result_local_1_V = extractvalue { i1, i1, i1, i1, i1, i1, i1, i1, i1, i1, i1, i1, i1, i1, i1, i1 } %call_ret1, 1" [tancoeff/tancoeff/tancalc.cpp:138]   --->   Operation 92 'extractvalue' 'result_local_1_V' <Predicate = true> <Delay = 0.00> <Core = "FIFO">   --->   Core 32 'FIFO' <Latency = 0> <II = 1> <Delay = 1.45> <Storage> <Opcode : 'read' 'write' 'nbread' 'nbwrite'> <Ports = 0> <Width = 6> <Depth = 2> <FIFO>
ST_4 : Operation 93 [1/1] (0.00ns)   --->   "%result_local_2_V = extractvalue { i1, i1, i1, i1, i1, i1, i1, i1, i1, i1, i1, i1, i1, i1, i1, i1 } %call_ret1, 2" [tancoeff/tancoeff/tancalc.cpp:138]   --->   Operation 93 'extractvalue' 'result_local_2_V' <Predicate = true> <Delay = 0.00> <Core = "FIFO">   --->   Core 32 'FIFO' <Latency = 0> <II = 1> <Delay = 1.45> <Storage> <Opcode : 'read' 'write' 'nbread' 'nbwrite'> <Ports = 0> <Width = 6> <Depth = 2> <FIFO>
ST_4 : Operation 94 [1/1] (0.00ns)   --->   "%result_local_3_V = extractvalue { i1, i1, i1, i1, i1, i1, i1, i1, i1, i1, i1, i1, i1, i1, i1, i1 } %call_ret1, 3" [tancoeff/tancoeff/tancalc.cpp:138]   --->   Operation 94 'extractvalue' 'result_local_3_V' <Predicate = true> <Delay = 0.00> <Core = "FIFO">   --->   Core 32 'FIFO' <Latency = 0> <II = 1> <Delay = 1.45> <Storage> <Opcode : 'read' 'write' 'nbread' 'nbwrite'> <Ports = 0> <Width = 6> <Depth = 2> <FIFO>
ST_4 : Operation 95 [1/1] (0.00ns)   --->   "%result_local_4_V = extractvalue { i1, i1, i1, i1, i1, i1, i1, i1, i1, i1, i1, i1, i1, i1, i1, i1 } %call_ret1, 4" [tancoeff/tancoeff/tancalc.cpp:138]   --->   Operation 95 'extractvalue' 'result_local_4_V' <Predicate = true> <Delay = 0.00> <Core = "FIFO">   --->   Core 32 'FIFO' <Latency = 0> <II = 1> <Delay = 1.45> <Storage> <Opcode : 'read' 'write' 'nbread' 'nbwrite'> <Ports = 0> <Width = 6> <Depth = 2> <FIFO>
ST_4 : Operation 96 [1/1] (0.00ns)   --->   "%result_local_5_V = extractvalue { i1, i1, i1, i1, i1, i1, i1, i1, i1, i1, i1, i1, i1, i1, i1, i1 } %call_ret1, 5" [tancoeff/tancoeff/tancalc.cpp:138]   --->   Operation 96 'extractvalue' 'result_local_5_V' <Predicate = true> <Delay = 0.00> <Core = "FIFO">   --->   Core 32 'FIFO' <Latency = 0> <II = 1> <Delay = 1.45> <Storage> <Opcode : 'read' 'write' 'nbread' 'nbwrite'> <Ports = 0> <Width = 6> <Depth = 2> <FIFO>
ST_4 : Operation 97 [1/1] (0.00ns)   --->   "%result_local_6_V = extractvalue { i1, i1, i1, i1, i1, i1, i1, i1, i1, i1, i1, i1, i1, i1, i1, i1 } %call_ret1, 6" [tancoeff/tancoeff/tancalc.cpp:138]   --->   Operation 97 'extractvalue' 'result_local_6_V' <Predicate = true> <Delay = 0.00> <Core = "FIFO">   --->   Core 32 'FIFO' <Latency = 0> <II = 1> <Delay = 1.45> <Storage> <Opcode : 'read' 'write' 'nbread' 'nbwrite'> <Ports = 0> <Width = 6> <Depth = 2> <FIFO>
ST_4 : Operation 98 [1/1] (0.00ns)   --->   "%result_local_7_V = extractvalue { i1, i1, i1, i1, i1, i1, i1, i1, i1, i1, i1, i1, i1, i1, i1, i1 } %call_ret1, 7" [tancoeff/tancoeff/tancalc.cpp:138]   --->   Operation 98 'extractvalue' 'result_local_7_V' <Predicate = true> <Delay = 0.00> <Core = "FIFO">   --->   Core 32 'FIFO' <Latency = 0> <II = 1> <Delay = 1.45> <Storage> <Opcode : 'read' 'write' 'nbread' 'nbwrite'> <Ports = 0> <Width = 6> <Depth = 2> <FIFO>
ST_4 : Operation 99 [1/1] (0.00ns)   --->   "%result_local_8_V = extractvalue { i1, i1, i1, i1, i1, i1, i1, i1, i1, i1, i1, i1, i1, i1, i1, i1 } %call_ret1, 8" [tancoeff/tancoeff/tancalc.cpp:138]   --->   Operation 99 'extractvalue' 'result_local_8_V' <Predicate = true> <Delay = 0.00> <Core = "FIFO">   --->   Core 32 'FIFO' <Latency = 0> <II = 1> <Delay = 1.45> <Storage> <Opcode : 'read' 'write' 'nbread' 'nbwrite'> <Ports = 0> <Width = 6> <Depth = 2> <FIFO>
ST_4 : Operation 100 [1/1] (0.00ns)   --->   "%result_local_9_V = extractvalue { i1, i1, i1, i1, i1, i1, i1, i1, i1, i1, i1, i1, i1, i1, i1, i1 } %call_ret1, 9" [tancoeff/tancoeff/tancalc.cpp:138]   --->   Operation 100 'extractvalue' 'result_local_9_V' <Predicate = true> <Delay = 0.00> <Core = "FIFO">   --->   Core 32 'FIFO' <Latency = 0> <II = 1> <Delay = 1.45> <Storage> <Opcode : 'read' 'write' 'nbread' 'nbwrite'> <Ports = 0> <Width = 6> <Depth = 2> <FIFO>
ST_4 : Operation 101 [1/1] (0.00ns)   --->   "%result_local_10_V = extractvalue { i1, i1, i1, i1, i1, i1, i1, i1, i1, i1, i1, i1, i1, i1, i1, i1 } %call_ret1, 10" [tancoeff/tancoeff/tancalc.cpp:138]   --->   Operation 101 'extractvalue' 'result_local_10_V' <Predicate = true> <Delay = 0.00> <Core = "FIFO">   --->   Core 32 'FIFO' <Latency = 0> <II = 1> <Delay = 1.45> <Storage> <Opcode : 'read' 'write' 'nbread' 'nbwrite'> <Ports = 0> <Width = 6> <Depth = 2> <FIFO>
ST_4 : Operation 102 [1/1] (0.00ns)   --->   "%result_local_11_V = extractvalue { i1, i1, i1, i1, i1, i1, i1, i1, i1, i1, i1, i1, i1, i1, i1, i1 } %call_ret1, 11" [tancoeff/tancoeff/tancalc.cpp:138]   --->   Operation 102 'extractvalue' 'result_local_11_V' <Predicate = true> <Delay = 0.00> <Core = "FIFO">   --->   Core 32 'FIFO' <Latency = 0> <II = 1> <Delay = 1.45> <Storage> <Opcode : 'read' 'write' 'nbread' 'nbwrite'> <Ports = 0> <Width = 6> <Depth = 2> <FIFO>
ST_4 : Operation 103 [1/1] (0.00ns)   --->   "%result_local_12_V = extractvalue { i1, i1, i1, i1, i1, i1, i1, i1, i1, i1, i1, i1, i1, i1, i1, i1 } %call_ret1, 12" [tancoeff/tancoeff/tancalc.cpp:138]   --->   Operation 103 'extractvalue' 'result_local_12_V' <Predicate = true> <Delay = 0.00> <Core = "FIFO">   --->   Core 32 'FIFO' <Latency = 0> <II = 1> <Delay = 1.45> <Storage> <Opcode : 'read' 'write' 'nbread' 'nbwrite'> <Ports = 0> <Width = 6> <Depth = 2> <FIFO>
ST_4 : Operation 104 [1/1] (0.00ns)   --->   "%result_local_13_V = extractvalue { i1, i1, i1, i1, i1, i1, i1, i1, i1, i1, i1, i1, i1, i1, i1, i1 } %call_ret1, 13" [tancoeff/tancoeff/tancalc.cpp:138]   --->   Operation 104 'extractvalue' 'result_local_13_V' <Predicate = true> <Delay = 0.00> <Core = "FIFO">   --->   Core 32 'FIFO' <Latency = 0> <II = 1> <Delay = 1.45> <Storage> <Opcode : 'read' 'write' 'nbread' 'nbwrite'> <Ports = 0> <Width = 6> <Depth = 2> <FIFO>
ST_4 : Operation 105 [1/1] (0.00ns)   --->   "%result_local_14_V = extractvalue { i1, i1, i1, i1, i1, i1, i1, i1, i1, i1, i1, i1, i1, i1, i1, i1 } %call_ret1, 14" [tancoeff/tancoeff/tancalc.cpp:138]   --->   Operation 105 'extractvalue' 'result_local_14_V' <Predicate = true> <Delay = 0.00> <Core = "FIFO">   --->   Core 32 'FIFO' <Latency = 0> <II = 1> <Delay = 1.45> <Storage> <Opcode : 'read' 'write' 'nbread' 'nbwrite'> <Ports = 0> <Width = 6> <Depth = 2> <FIFO>
ST_4 : Operation 106 [1/1] (0.00ns)   --->   "%result_local_15_V = extractvalue { i1, i1, i1, i1, i1, i1, i1, i1, i1, i1, i1, i1, i1, i1, i1, i1 } %call_ret1, 15" [tancoeff/tancoeff/tancalc.cpp:138]   --->   Operation 106 'extractvalue' 'result_local_15_V' <Predicate = true> <Delay = 0.00> <Core = "FIFO">   --->   Core 32 'FIFO' <Latency = 0> <II = 1> <Delay = 1.45> <Storage> <Opcode : 'read' 'write' 'nbread' 'nbwrite'> <Ports = 0> <Width = 6> <Depth = 2> <FIFO>

State 5 <SV = 4> <Delay = 0.36>
ST_5 : Operation 107 [2/2] (0.36ns)   --->   "call void @result_write(i512* %output_V, i58* nocapture %output_V_offset_c, i1 %result_local_0_V, i1 %result_local_1_V, i1 %result_local_2_V, i1 %result_local_3_V, i1 %result_local_4_V, i1 %result_local_5_V, i1 %result_local_6_V, i1 %result_local_7_V, i1 %result_local_8_V, i1 %result_local_9_V, i1 %result_local_10_V, i1 %result_local_11_V, i1 %result_local_12_V, i1 %result_local_13_V, i1 %result_local_14_V, i1 %result_local_15_V, i2* %cmpr_chunk_num_0_i_c, i6* %data_num_0_i_c1)" [tancoeff/tancoeff/tancalc.cpp:138]   --->   Operation 107 'call' <Predicate = true> <Delay = 0.36> <CoreType = "Generic">   --->   Core 0 '' <Latency = 0> <II = 1> <Delay = 1.00> <Generic> <Opcode : >

State 6 <SV = 5> <Delay = 0.00>
ST_6 : Operation 108 [1/1] (0.00ns)   --->   "call void (...)* @_ssdm_op_SpecInterface(i512* %input_V, [6 x i8]* @p_str6, i32 0, i32 0, [1 x i8]* @p_str1, i32 0, i32 8192, [6 x i8]* @p_str7, [6 x i8]* @p_str8, [1 x i8]* @p_str1, i32 16, i32 16, i32 16, i32 16, [1 x i8]* @p_str1, [1 x i8]* @p_str1)"   --->   Operation 108 'specinterface' <Predicate = true> <Delay = 0.00>
ST_6 : Operation 109 [1/1] (0.00ns)   --->   "call void (...)* @_ssdm_op_SpecInterface(i512* %output_V, [6 x i8]* @p_str6, i32 0, i32 0, [1 x i8]* @p_str1, i32 0, i32 256, [6 x i8]* @p_str9, [6 x i8]* @p_str8, [1 x i8]* @p_str1, i32 16, i32 16, i32 16, i32 16, [1 x i8]* @p_str1, [1 x i8]* @p_str1)"   --->   Operation 109 'specinterface' <Predicate = true> <Delay = 0.00>
ST_6 : Operation 110 [1/1] (0.00ns)   --->   "call void (...)* @_ssdm_op_SpecDataflowPipeline(i32 -1, i32 0, [1 x i8]* @p_str1) nounwind" [tancoeff/tancoeff/tancalc.cpp:135]   --->   Operation 110 'specdataflowpipeline' <Predicate = true> <Delay = 0.00>
ST_6 : Operation 111 [1/1] (0.00ns)   --->   "%empty = call i32 (...)* @_ssdm_op_SpecChannel([15 x i8]* @data_num_OC_0_OC_i_c_str, i32 1, [1 x i8]* @p_str, [1 x i8]* @p_str, i32 2, i32 0, i6* %data_num_0_i_c, i6* %data_num_0_i_c)"   --->   Operation 111 'specchannel' 'empty' <Predicate = true> <Delay = 0.00>
ST_6 : Operation 112 [1/1] (0.00ns)   --->   "call void (...)* @_ssdm_op_SpecInterface(i6* %data_num_0_i_c, [8 x i8]* @ap_fifo_str, i32 0, i32 0, [1 x i8]* @p_str, i32 0, i32 0, [1 x i8]* @p_str, [1 x i8]* @p_str, [1 x i8]* @p_str, i32 2, i32 2, i32 16, i32 16, [1 x i8]* @p_str, [1 x i8]* @p_str)"   --->   Operation 112 'specinterface' <Predicate = true> <Delay = 0.00>
ST_6 : Operation 113 [1/1] (0.00ns)   --->   "%empty_16 = call i32 (...)* @_ssdm_op_SpecChannel([18 x i8]* @cmpr_local_LF_0_NF_OC_V_c_str, i32 1, [1 x i8]* @p_str, [1 x i8]* @p_str, i32 2, i32 0, i1024* %cmpr_local_0_V_c, i1024* %cmpr_local_0_V_c)" [tancoeff/tancoeff/tancalc.cpp:138]   --->   Operation 113 'specchannel' 'empty_16' <Predicate = true> <Delay = 0.00>
ST_6 : Operation 114 [1/1] (0.00ns)   --->   "call void (...)* @_ssdm_op_SpecInterface(i1024* %cmpr_local_0_V_c, [8 x i8]* @ap_fifo_str, i32 0, i32 0, [1 x i8]* @p_str, i32 0, i32 0, [1 x i8]* @p_str, [1 x i8]* @p_str, [1 x i8]* @p_str, i32 2, i32 2, i32 16, i32 16, [1 x i8]* @p_str, [1 x i8]* @p_str)" [tancoeff/tancoeff/tancalc.cpp:138]   --->   Operation 114 'specinterface' <Predicate = true> <Delay = 0.00>
ST_6 : Operation 115 [1/1] (0.00ns)   --->   "%empty_17 = call i32 (...)* @_ssdm_op_SpecChannel([18 x i8]* @cmpr_local_LF_1_NF_OC_V_c_str, i32 1, [1 x i8]* @p_str, [1 x i8]* @p_str, i32 2, i32 0, i1024* %cmpr_local_1_V_c, i1024* %cmpr_local_1_V_c)" [tancoeff/tancoeff/tancalc.cpp:138]   --->   Operation 115 'specchannel' 'empty_17' <Predicate = true> <Delay = 0.00>
ST_6 : Operation 116 [1/1] (0.00ns)   --->   "call void (...)* @_ssdm_op_SpecInterface(i1024* %cmpr_local_1_V_c, [8 x i8]* @ap_fifo_str, i32 0, i32 0, [1 x i8]* @p_str, i32 0, i32 0, [1 x i8]* @p_str, [1 x i8]* @p_str, [1 x i8]* @p_str, i32 2, i32 2, i32 16, i32 16, [1 x i8]* @p_str, [1 x i8]* @p_str)" [tancoeff/tancoeff/tancalc.cpp:138]   --->   Operation 116 'specinterface' <Predicate = true> <Delay = 0.00>
ST_6 : Operation 117 [1/1] (0.00ns)   --->   "%empty_18 = call i32 (...)* @_ssdm_op_SpecChannel([18 x i8]* @cmpr_local_LF_2_NF_OC_V_c_str, i32 1, [1 x i8]* @p_str, [1 x i8]* @p_str, i32 2, i32 0, i1024* %cmpr_local_2_V_c, i1024* %cmpr_local_2_V_c)" [tancoeff/tancoeff/tancalc.cpp:138]   --->   Operation 117 'specchannel' 'empty_18' <Predicate = true> <Delay = 0.00>
ST_6 : Operation 118 [1/1] (0.00ns)   --->   "call void (...)* @_ssdm_op_SpecInterface(i1024* %cmpr_local_2_V_c, [8 x i8]* @ap_fifo_str, i32 0, i32 0, [1 x i8]* @p_str, i32 0, i32 0, [1 x i8]* @p_str, [1 x i8]* @p_str, [1 x i8]* @p_str, i32 2, i32 2, i32 16, i32 16, [1 x i8]* @p_str, [1 x i8]* @p_str)" [tancoeff/tancoeff/tancalc.cpp:138]   --->   Operation 118 'specinterface' <Predicate = true> <Delay = 0.00>
ST_6 : Operation 119 [1/1] (0.00ns)   --->   "%empty_19 = call i32 (...)* @_ssdm_op_SpecChannel([18 x i8]* @cmpr_local_LF_3_NF_OC_V_c_str, i32 1, [1 x i8]* @p_str, [1 x i8]* @p_str, i32 2, i32 0, i1024* %cmpr_local_3_V_c, i1024* %cmpr_local_3_V_c)" [tancoeff/tancoeff/tancalc.cpp:138]   --->   Operation 119 'specchannel' 'empty_19' <Predicate = true> <Delay = 0.00>
ST_6 : Operation 120 [1/1] (0.00ns)   --->   "call void (...)* @_ssdm_op_SpecInterface(i1024* %cmpr_local_3_V_c, [8 x i8]* @ap_fifo_str, i32 0, i32 0, [1 x i8]* @p_str, i32 0, i32 0, [1 x i8]* @p_str, [1 x i8]* @p_str, [1 x i8]* @p_str, i32 2, i32 2, i32 16, i32 16, [1 x i8]* @p_str, [1 x i8]* @p_str)" [tancoeff/tancoeff/tancalc.cpp:138]   --->   Operation 120 'specinterface' <Predicate = true> <Delay = 0.00>
ST_6 : Operation 121 [1/1] (0.00ns)   --->   "%empty_20 = call i32 (...)* @_ssdm_op_SpecChannel([18 x i8]* @cmpr_local_LF_4_NF_OC_V_c_str, i32 1, [1 x i8]* @p_str, [1 x i8]* @p_str, i32 2, i32 0, i1024* %cmpr_local_4_V_c, i1024* %cmpr_local_4_V_c)" [tancoeff/tancoeff/tancalc.cpp:138]   --->   Operation 121 'specchannel' 'empty_20' <Predicate = true> <Delay = 0.00>
ST_6 : Operation 122 [1/1] (0.00ns)   --->   "call void (...)* @_ssdm_op_SpecInterface(i1024* %cmpr_local_4_V_c, [8 x i8]* @ap_fifo_str, i32 0, i32 0, [1 x i8]* @p_str, i32 0, i32 0, [1 x i8]* @p_str, [1 x i8]* @p_str, [1 x i8]* @p_str, i32 2, i32 2, i32 16, i32 16, [1 x i8]* @p_str, [1 x i8]* @p_str)" [tancoeff/tancoeff/tancalc.cpp:138]   --->   Operation 122 'specinterface' <Predicate = true> <Delay = 0.00>
ST_6 : Operation 123 [1/1] (0.00ns)   --->   "%empty_21 = call i32 (...)* @_ssdm_op_SpecChannel([18 x i8]* @cmpr_local_LF_5_NF_OC_V_c_str, i32 1, [1 x i8]* @p_str, [1 x i8]* @p_str, i32 2, i32 0, i1024* %cmpr_local_5_V_c, i1024* %cmpr_local_5_V_c)" [tancoeff/tancoeff/tancalc.cpp:138]   --->   Operation 123 'specchannel' 'empty_21' <Predicate = true> <Delay = 0.00>
ST_6 : Operation 124 [1/1] (0.00ns)   --->   "call void (...)* @_ssdm_op_SpecInterface(i1024* %cmpr_local_5_V_c, [8 x i8]* @ap_fifo_str, i32 0, i32 0, [1 x i8]* @p_str, i32 0, i32 0, [1 x i8]* @p_str, [1 x i8]* @p_str, [1 x i8]* @p_str, i32 2, i32 2, i32 16, i32 16, [1 x i8]* @p_str, [1 x i8]* @p_str)" [tancoeff/tancoeff/tancalc.cpp:138]   --->   Operation 124 'specinterface' <Predicate = true> <Delay = 0.00>
ST_6 : Operation 125 [1/1] (0.00ns)   --->   "%empty_22 = call i32 (...)* @_ssdm_op_SpecChannel([18 x i8]* @cmpr_local_LF_6_NF_OC_V_c_str, i32 1, [1 x i8]* @p_str, [1 x i8]* @p_str, i32 2, i32 0, i1024* %cmpr_local_6_V_c, i1024* %cmpr_local_6_V_c)" [tancoeff/tancoeff/tancalc.cpp:138]   --->   Operation 125 'specchannel' 'empty_22' <Predicate = true> <Delay = 0.00>
ST_6 : Operation 126 [1/1] (0.00ns)   --->   "call void (...)* @_ssdm_op_SpecInterface(i1024* %cmpr_local_6_V_c, [8 x i8]* @ap_fifo_str, i32 0, i32 0, [1 x i8]* @p_str, i32 0, i32 0, [1 x i8]* @p_str, [1 x i8]* @p_str, [1 x i8]* @p_str, i32 2, i32 2, i32 16, i32 16, [1 x i8]* @p_str, [1 x i8]* @p_str)" [tancoeff/tancoeff/tancalc.cpp:138]   --->   Operation 126 'specinterface' <Predicate = true> <Delay = 0.00>
ST_6 : Operation 127 [1/1] (0.00ns)   --->   "%empty_23 = call i32 (...)* @_ssdm_op_SpecChannel([18 x i8]* @cmpr_local_LF_7_NF_OC_V_c_str, i32 1, [1 x i8]* @p_str, [1 x i8]* @p_str, i32 2, i32 0, i1024* %cmpr_local_7_V_c, i1024* %cmpr_local_7_V_c)" [tancoeff/tancoeff/tancalc.cpp:138]   --->   Operation 127 'specchannel' 'empty_23' <Predicate = true> <Delay = 0.00>
ST_6 : Operation 128 [1/1] (0.00ns)   --->   "call void (...)* @_ssdm_op_SpecInterface(i1024* %cmpr_local_7_V_c, [8 x i8]* @ap_fifo_str, i32 0, i32 0, [1 x i8]* @p_str, i32 0, i32 0, [1 x i8]* @p_str, [1 x i8]* @p_str, [1 x i8]* @p_str, i32 2, i32 2, i32 16, i32 16, [1 x i8]* @p_str, [1 x i8]* @p_str)" [tancoeff/tancoeff/tancalc.cpp:138]   --->   Operation 128 'specinterface' <Predicate = true> <Delay = 0.00>
ST_6 : Operation 129 [1/1] (0.00ns)   --->   "%empty_24 = call i32 (...)* @_ssdm_op_SpecChannel([18 x i8]* @cmpr_local_LF_8_NF_OC_V_c_str, i32 1, [1 x i8]* @p_str, [1 x i8]* @p_str, i32 2, i32 0, i1024* %cmpr_local_8_V_c, i1024* %cmpr_local_8_V_c)" [tancoeff/tancoeff/tancalc.cpp:138]   --->   Operation 129 'specchannel' 'empty_24' <Predicate = true> <Delay = 0.00>
ST_6 : Operation 130 [1/1] (0.00ns)   --->   "call void (...)* @_ssdm_op_SpecInterface(i1024* %cmpr_local_8_V_c, [8 x i8]* @ap_fifo_str, i32 0, i32 0, [1 x i8]* @p_str, i32 0, i32 0, [1 x i8]* @p_str, [1 x i8]* @p_str, [1 x i8]* @p_str, i32 2, i32 2, i32 16, i32 16, [1 x i8]* @p_str, [1 x i8]* @p_str)" [tancoeff/tancoeff/tancalc.cpp:138]   --->   Operation 130 'specinterface' <Predicate = true> <Delay = 0.00>
ST_6 : Operation 131 [1/1] (0.00ns)   --->   "%empty_25 = call i32 (...)* @_ssdm_op_SpecChannel([18 x i8]* @cmpr_local_LF_9_NF_OC_V_c_str, i32 1, [1 x i8]* @p_str, [1 x i8]* @p_str, i32 2, i32 0, i1024* %cmpr_local_9_V_c, i1024* %cmpr_local_9_V_c)" [tancoeff/tancoeff/tancalc.cpp:138]   --->   Operation 131 'specchannel' 'empty_25' <Predicate = true> <Delay = 0.00>
ST_6 : Operation 132 [1/1] (0.00ns)   --->   "call void (...)* @_ssdm_op_SpecInterface(i1024* %cmpr_local_9_V_c, [8 x i8]* @ap_fifo_str, i32 0, i32 0, [1 x i8]* @p_str, i32 0, i32 0, [1 x i8]* @p_str, [1 x i8]* @p_str, [1 x i8]* @p_str, i32 2, i32 2, i32 16, i32 16, [1 x i8]* @p_str, [1 x i8]* @p_str)" [tancoeff/tancoeff/tancalc.cpp:138]   --->   Operation 132 'specinterface' <Predicate = true> <Delay = 0.00>
ST_6 : Operation 133 [1/1] (0.00ns)   --->   "%empty_26 = call i32 (...)* @_ssdm_op_SpecChannel([19 x i8]* @cmpr_local_LF_10_NF_OC_V_c_str, i32 1, [1 x i8]* @p_str, [1 x i8]* @p_str, i32 2, i32 0, i1024* %cmpr_local_10_V_c, i1024* %cmpr_local_10_V_c)" [tancoeff/tancoeff/tancalc.cpp:138]   --->   Operation 133 'specchannel' 'empty_26' <Predicate = true> <Delay = 0.00>
ST_6 : Operation 134 [1/1] (0.00ns)   --->   "call void (...)* @_ssdm_op_SpecInterface(i1024* %cmpr_local_10_V_c, [8 x i8]* @ap_fifo_str, i32 0, i32 0, [1 x i8]* @p_str, i32 0, i32 0, [1 x i8]* @p_str, [1 x i8]* @p_str, [1 x i8]* @p_str, i32 2, i32 2, i32 16, i32 16, [1 x i8]* @p_str, [1 x i8]* @p_str)" [tancoeff/tancoeff/tancalc.cpp:138]   --->   Operation 134 'specinterface' <Predicate = true> <Delay = 0.00>
ST_6 : Operation 135 [1/1] (0.00ns)   --->   "%empty_27 = call i32 (...)* @_ssdm_op_SpecChannel([19 x i8]* @cmpr_local_LF_11_NF_OC_V_c_str, i32 1, [1 x i8]* @p_str, [1 x i8]* @p_str, i32 2, i32 0, i1024* %cmpr_local_11_V_c, i1024* %cmpr_local_11_V_c)" [tancoeff/tancoeff/tancalc.cpp:138]   --->   Operation 135 'specchannel' 'empty_27' <Predicate = true> <Delay = 0.00>
ST_6 : Operation 136 [1/1] (0.00ns)   --->   "call void (...)* @_ssdm_op_SpecInterface(i1024* %cmpr_local_11_V_c, [8 x i8]* @ap_fifo_str, i32 0, i32 0, [1 x i8]* @p_str, i32 0, i32 0, [1 x i8]* @p_str, [1 x i8]* @p_str, [1 x i8]* @p_str, i32 2, i32 2, i32 16, i32 16, [1 x i8]* @p_str, [1 x i8]* @p_str)" [tancoeff/tancoeff/tancalc.cpp:138]   --->   Operation 136 'specinterface' <Predicate = true> <Delay = 0.00>
ST_6 : Operation 137 [1/1] (0.00ns)   --->   "%empty_28 = call i32 (...)* @_ssdm_op_SpecChannel([19 x i8]* @cmpr_local_LF_12_NF_OC_V_c_str, i32 1, [1 x i8]* @p_str, [1 x i8]* @p_str, i32 2, i32 0, i1024* %cmpr_local_12_V_c, i1024* %cmpr_local_12_V_c)" [tancoeff/tancoeff/tancalc.cpp:138]   --->   Operation 137 'specchannel' 'empty_28' <Predicate = true> <Delay = 0.00>
ST_6 : Operation 138 [1/1] (0.00ns)   --->   "call void (...)* @_ssdm_op_SpecInterface(i1024* %cmpr_local_12_V_c, [8 x i8]* @ap_fifo_str, i32 0, i32 0, [1 x i8]* @p_str, i32 0, i32 0, [1 x i8]* @p_str, [1 x i8]* @p_str, [1 x i8]* @p_str, i32 2, i32 2, i32 16, i32 16, [1 x i8]* @p_str, [1 x i8]* @p_str)" [tancoeff/tancoeff/tancalc.cpp:138]   --->   Operation 138 'specinterface' <Predicate = true> <Delay = 0.00>
ST_6 : Operation 139 [1/1] (0.00ns)   --->   "%empty_29 = call i32 (...)* @_ssdm_op_SpecChannel([19 x i8]* @cmpr_local_LF_13_NF_OC_V_c_str, i32 1, [1 x i8]* @p_str, [1 x i8]* @p_str, i32 2, i32 0, i1024* %cmpr_local_13_V_c, i1024* %cmpr_local_13_V_c)" [tancoeff/tancoeff/tancalc.cpp:138]   --->   Operation 139 'specchannel' 'empty_29' <Predicate = true> <Delay = 0.00>
ST_6 : Operation 140 [1/1] (0.00ns)   --->   "call void (...)* @_ssdm_op_SpecInterface(i1024* %cmpr_local_13_V_c, [8 x i8]* @ap_fifo_str, i32 0, i32 0, [1 x i8]* @p_str, i32 0, i32 0, [1 x i8]* @p_str, [1 x i8]* @p_str, [1 x i8]* @p_str, i32 2, i32 2, i32 16, i32 16, [1 x i8]* @p_str, [1 x i8]* @p_str)" [tancoeff/tancoeff/tancalc.cpp:138]   --->   Operation 140 'specinterface' <Predicate = true> <Delay = 0.00>
ST_6 : Operation 141 [1/1] (0.00ns)   --->   "%empty_30 = call i32 (...)* @_ssdm_op_SpecChannel([19 x i8]* @cmpr_local_LF_14_NF_OC_V_c_str, i32 1, [1 x i8]* @p_str, [1 x i8]* @p_str, i32 2, i32 0, i1024* %cmpr_local_14_V_c, i1024* %cmpr_local_14_V_c)" [tancoeff/tancoeff/tancalc.cpp:138]   --->   Operation 141 'specchannel' 'empty_30' <Predicate = true> <Delay = 0.00>
ST_6 : Operation 142 [1/1] (0.00ns)   --->   "call void (...)* @_ssdm_op_SpecInterface(i1024* %cmpr_local_14_V_c, [8 x i8]* @ap_fifo_str, i32 0, i32 0, [1 x i8]* @p_str, i32 0, i32 0, [1 x i8]* @p_str, [1 x i8]* @p_str, [1 x i8]* @p_str, i32 2, i32 2, i32 16, i32 16, [1 x i8]* @p_str, [1 x i8]* @p_str)" [tancoeff/tancoeff/tancalc.cpp:138]   --->   Operation 142 'specinterface' <Predicate = true> <Delay = 0.00>
ST_6 : Operation 143 [1/1] (0.00ns)   --->   "%empty_31 = call i32 (...)* @_ssdm_op_SpecChannel([19 x i8]* @cmpr_local_LF_15_NF_OC_V_c_str, i32 1, [1 x i8]* @p_str, [1 x i8]* @p_str, i32 2, i32 0, i1024* %cmpr_local_15_V_c, i1024* %cmpr_local_15_V_c)" [tancoeff/tancoeff/tancalc.cpp:138]   --->   Operation 143 'specchannel' 'empty_31' <Predicate = true> <Delay = 0.00>
ST_6 : Operation 144 [1/1] (0.00ns)   --->   "call void (...)* @_ssdm_op_SpecInterface(i1024* %cmpr_local_15_V_c, [8 x i8]* @ap_fifo_str, i32 0, i32 0, [1 x i8]* @p_str, i32 0, i32 0, [1 x i8]* @p_str, [1 x i8]* @p_str, [1 x i8]* @p_str, i32 2, i32 2, i32 16, i32 16, [1 x i8]* @p_str, [1 x i8]* @p_str)" [tancoeff/tancoeff/tancalc.cpp:138]   --->   Operation 144 'specinterface' <Predicate = true> <Delay = 0.00>
ST_6 : Operation 145 [1/1] (0.00ns)   --->   "%empty_32 = call i32 (...)* @_ssdm_op_SpecChannel([21 x i8]* @cmprpop_local_LF_0_NF_OC_V_c_str, i32 1, [1 x i8]* @p_str, [1 x i8]* @p_str, i32 2, i32 0, i11* %cmprpop_local_0_V_c, i11* %cmprpop_local_0_V_c)" [tancoeff/tancoeff/tancalc.cpp:138]   --->   Operation 145 'specchannel' 'empty_32' <Predicate = true> <Delay = 0.00>
ST_6 : Operation 146 [1/1] (0.00ns)   --->   "call void (...)* @_ssdm_op_SpecInterface(i11* %cmprpop_local_0_V_c, [8 x i8]* @ap_fifo_str, i32 0, i32 0, [1 x i8]* @p_str, i32 0, i32 0, [1 x i8]* @p_str, [1 x i8]* @p_str, [1 x i8]* @p_str, i32 2, i32 2, i32 16, i32 16, [1 x i8]* @p_str, [1 x i8]* @p_str)" [tancoeff/tancoeff/tancalc.cpp:138]   --->   Operation 146 'specinterface' <Predicate = true> <Delay = 0.00>
ST_6 : Operation 147 [1/1] (0.00ns)   --->   "%empty_33 = call i32 (...)* @_ssdm_op_SpecChannel([21 x i8]* @cmprpop_local_LF_1_NF_OC_V_c_str, i32 1, [1 x i8]* @p_str, [1 x i8]* @p_str, i32 2, i32 0, i11* %cmprpop_local_1_V_c, i11* %cmprpop_local_1_V_c)" [tancoeff/tancoeff/tancalc.cpp:138]   --->   Operation 147 'specchannel' 'empty_33' <Predicate = true> <Delay = 0.00>
ST_6 : Operation 148 [1/1] (0.00ns)   --->   "call void (...)* @_ssdm_op_SpecInterface(i11* %cmprpop_local_1_V_c, [8 x i8]* @ap_fifo_str, i32 0, i32 0, [1 x i8]* @p_str, i32 0, i32 0, [1 x i8]* @p_str, [1 x i8]* @p_str, [1 x i8]* @p_str, i32 2, i32 2, i32 16, i32 16, [1 x i8]* @p_str, [1 x i8]* @p_str)" [tancoeff/tancoeff/tancalc.cpp:138]   --->   Operation 148 'specinterface' <Predicate = true> <Delay = 0.00>
ST_6 : Operation 149 [1/1] (0.00ns)   --->   "%empty_34 = call i32 (...)* @_ssdm_op_SpecChannel([21 x i8]* @cmprpop_local_LF_2_NF_OC_V_c_str, i32 1, [1 x i8]* @p_str, [1 x i8]* @p_str, i32 2, i32 0, i11* %cmprpop_local_2_V_c, i11* %cmprpop_local_2_V_c)" [tancoeff/tancoeff/tancalc.cpp:138]   --->   Operation 149 'specchannel' 'empty_34' <Predicate = true> <Delay = 0.00>
ST_6 : Operation 150 [1/1] (0.00ns)   --->   "call void (...)* @_ssdm_op_SpecInterface(i11* %cmprpop_local_2_V_c, [8 x i8]* @ap_fifo_str, i32 0, i32 0, [1 x i8]* @p_str, i32 0, i32 0, [1 x i8]* @p_str, [1 x i8]* @p_str, [1 x i8]* @p_str, i32 2, i32 2, i32 16, i32 16, [1 x i8]* @p_str, [1 x i8]* @p_str)" [tancoeff/tancoeff/tancalc.cpp:138]   --->   Operation 150 'specinterface' <Predicate = true> <Delay = 0.00>
ST_6 : Operation 151 [1/1] (0.00ns)   --->   "%empty_35 = call i32 (...)* @_ssdm_op_SpecChannel([21 x i8]* @cmprpop_local_LF_3_NF_OC_V_c_str, i32 1, [1 x i8]* @p_str, [1 x i8]* @p_str, i32 2, i32 0, i11* %cmprpop_local_3_V_c, i11* %cmprpop_local_3_V_c)" [tancoeff/tancoeff/tancalc.cpp:138]   --->   Operation 151 'specchannel' 'empty_35' <Predicate = true> <Delay = 0.00>
ST_6 : Operation 152 [1/1] (0.00ns)   --->   "call void (...)* @_ssdm_op_SpecInterface(i11* %cmprpop_local_3_V_c, [8 x i8]* @ap_fifo_str, i32 0, i32 0, [1 x i8]* @p_str, i32 0, i32 0, [1 x i8]* @p_str, [1 x i8]* @p_str, [1 x i8]* @p_str, i32 2, i32 2, i32 16, i32 16, [1 x i8]* @p_str, [1 x i8]* @p_str)" [tancoeff/tancoeff/tancalc.cpp:138]   --->   Operation 152 'specinterface' <Predicate = true> <Delay = 0.00>
ST_6 : Operation 153 [1/1] (0.00ns)   --->   "%empty_36 = call i32 (...)* @_ssdm_op_SpecChannel([21 x i8]* @cmprpop_local_LF_4_NF_OC_V_c_str, i32 1, [1 x i8]* @p_str, [1 x i8]* @p_str, i32 2, i32 0, i11* %cmprpop_local_4_V_c, i11* %cmprpop_local_4_V_c)" [tancoeff/tancoeff/tancalc.cpp:138]   --->   Operation 153 'specchannel' 'empty_36' <Predicate = true> <Delay = 0.00>
ST_6 : Operation 154 [1/1] (0.00ns)   --->   "call void (...)* @_ssdm_op_SpecInterface(i11* %cmprpop_local_4_V_c, [8 x i8]* @ap_fifo_str, i32 0, i32 0, [1 x i8]* @p_str, i32 0, i32 0, [1 x i8]* @p_str, [1 x i8]* @p_str, [1 x i8]* @p_str, i32 2, i32 2, i32 16, i32 16, [1 x i8]* @p_str, [1 x i8]* @p_str)" [tancoeff/tancoeff/tancalc.cpp:138]   --->   Operation 154 'specinterface' <Predicate = true> <Delay = 0.00>
ST_6 : Operation 155 [1/1] (0.00ns)   --->   "%empty_37 = call i32 (...)* @_ssdm_op_SpecChannel([21 x i8]* @cmprpop_local_LF_5_NF_OC_V_c_str, i32 1, [1 x i8]* @p_str, [1 x i8]* @p_str, i32 2, i32 0, i11* %cmprpop_local_5_V_c, i11* %cmprpop_local_5_V_c)" [tancoeff/tancoeff/tancalc.cpp:138]   --->   Operation 155 'specchannel' 'empty_37' <Predicate = true> <Delay = 0.00>
ST_6 : Operation 156 [1/1] (0.00ns)   --->   "call void (...)* @_ssdm_op_SpecInterface(i11* %cmprpop_local_5_V_c, [8 x i8]* @ap_fifo_str, i32 0, i32 0, [1 x i8]* @p_str, i32 0, i32 0, [1 x i8]* @p_str, [1 x i8]* @p_str, [1 x i8]* @p_str, i32 2, i32 2, i32 16, i32 16, [1 x i8]* @p_str, [1 x i8]* @p_str)" [tancoeff/tancoeff/tancalc.cpp:138]   --->   Operation 156 'specinterface' <Predicate = true> <Delay = 0.00>
ST_6 : Operation 157 [1/1] (0.00ns)   --->   "%empty_38 = call i32 (...)* @_ssdm_op_SpecChannel([21 x i8]* @cmprpop_local_LF_6_NF_OC_V_c_str, i32 1, [1 x i8]* @p_str, [1 x i8]* @p_str, i32 2, i32 0, i11* %cmprpop_local_6_V_c, i11* %cmprpop_local_6_V_c)" [tancoeff/tancoeff/tancalc.cpp:138]   --->   Operation 157 'specchannel' 'empty_38' <Predicate = true> <Delay = 0.00>
ST_6 : Operation 158 [1/1] (0.00ns)   --->   "call void (...)* @_ssdm_op_SpecInterface(i11* %cmprpop_local_6_V_c, [8 x i8]* @ap_fifo_str, i32 0, i32 0, [1 x i8]* @p_str, i32 0, i32 0, [1 x i8]* @p_str, [1 x i8]* @p_str, [1 x i8]* @p_str, i32 2, i32 2, i32 16, i32 16, [1 x i8]* @p_str, [1 x i8]* @p_str)" [tancoeff/tancoeff/tancalc.cpp:138]   --->   Operation 158 'specinterface' <Predicate = true> <Delay = 0.00>
ST_6 : Operation 159 [1/1] (0.00ns)   --->   "%empty_39 = call i32 (...)* @_ssdm_op_SpecChannel([21 x i8]* @cmprpop_local_LF_7_NF_OC_V_c_str, i32 1, [1 x i8]* @p_str, [1 x i8]* @p_str, i32 2, i32 0, i11* %cmprpop_local_7_V_c, i11* %cmprpop_local_7_V_c)" [tancoeff/tancoeff/tancalc.cpp:138]   --->   Operation 159 'specchannel' 'empty_39' <Predicate = true> <Delay = 0.00>
ST_6 : Operation 160 [1/1] (0.00ns)   --->   "call void (...)* @_ssdm_op_SpecInterface(i11* %cmprpop_local_7_V_c, [8 x i8]* @ap_fifo_str, i32 0, i32 0, [1 x i8]* @p_str, i32 0, i32 0, [1 x i8]* @p_str, [1 x i8]* @p_str, [1 x i8]* @p_str, i32 2, i32 2, i32 16, i32 16, [1 x i8]* @p_str, [1 x i8]* @p_str)" [tancoeff/tancoeff/tancalc.cpp:138]   --->   Operation 160 'specinterface' <Predicate = true> <Delay = 0.00>
ST_6 : Operation 161 [1/1] (0.00ns)   --->   "%empty_40 = call i32 (...)* @_ssdm_op_SpecChannel([21 x i8]* @cmprpop_local_LF_8_NF_OC_V_c_str, i32 1, [1 x i8]* @p_str, [1 x i8]* @p_str, i32 2, i32 0, i11* %cmprpop_local_8_V_c, i11* %cmprpop_local_8_V_c)" [tancoeff/tancoeff/tancalc.cpp:138]   --->   Operation 161 'specchannel' 'empty_40' <Predicate = true> <Delay = 0.00>
ST_6 : Operation 162 [1/1] (0.00ns)   --->   "call void (...)* @_ssdm_op_SpecInterface(i11* %cmprpop_local_8_V_c, [8 x i8]* @ap_fifo_str, i32 0, i32 0, [1 x i8]* @p_str, i32 0, i32 0, [1 x i8]* @p_str, [1 x i8]* @p_str, [1 x i8]* @p_str, i32 2, i32 2, i32 16, i32 16, [1 x i8]* @p_str, [1 x i8]* @p_str)" [tancoeff/tancoeff/tancalc.cpp:138]   --->   Operation 162 'specinterface' <Predicate = true> <Delay = 0.00>
ST_6 : Operation 163 [1/1] (0.00ns)   --->   "%empty_41 = call i32 (...)* @_ssdm_op_SpecChannel([21 x i8]* @cmprpop_local_LF_9_NF_OC_V_c_str, i32 1, [1 x i8]* @p_str, [1 x i8]* @p_str, i32 2, i32 0, i11* %cmprpop_local_9_V_c, i11* %cmprpop_local_9_V_c)" [tancoeff/tancoeff/tancalc.cpp:138]   --->   Operation 163 'specchannel' 'empty_41' <Predicate = true> <Delay = 0.00>
ST_6 : Operation 164 [1/1] (0.00ns)   --->   "call void (...)* @_ssdm_op_SpecInterface(i11* %cmprpop_local_9_V_c, [8 x i8]* @ap_fifo_str, i32 0, i32 0, [1 x i8]* @p_str, i32 0, i32 0, [1 x i8]* @p_str, [1 x i8]* @p_str, [1 x i8]* @p_str, i32 2, i32 2, i32 16, i32 16, [1 x i8]* @p_str, [1 x i8]* @p_str)" [tancoeff/tancoeff/tancalc.cpp:138]   --->   Operation 164 'specinterface' <Predicate = true> <Delay = 0.00>
ST_6 : Operation 165 [1/1] (0.00ns)   --->   "%empty_42 = call i32 (...)* @_ssdm_op_SpecChannel([22 x i8]* @cmprpop_local_LF_10_NF_OC_V_c_str, i32 1, [1 x i8]* @p_str, [1 x i8]* @p_str, i32 2, i32 0, i11* %cmprpop_local_10_V_c, i11* %cmprpop_local_10_V_c)" [tancoeff/tancoeff/tancalc.cpp:138]   --->   Operation 165 'specchannel' 'empty_42' <Predicate = true> <Delay = 0.00>
ST_6 : Operation 166 [1/1] (0.00ns)   --->   "call void (...)* @_ssdm_op_SpecInterface(i11* %cmprpop_local_10_V_c, [8 x i8]* @ap_fifo_str, i32 0, i32 0, [1 x i8]* @p_str, i32 0, i32 0, [1 x i8]* @p_str, [1 x i8]* @p_str, [1 x i8]* @p_str, i32 2, i32 2, i32 16, i32 16, [1 x i8]* @p_str, [1 x i8]* @p_str)" [tancoeff/tancoeff/tancalc.cpp:138]   --->   Operation 166 'specinterface' <Predicate = true> <Delay = 0.00>
ST_6 : Operation 167 [1/1] (0.00ns)   --->   "%empty_43 = call i32 (...)* @_ssdm_op_SpecChannel([22 x i8]* @cmprpop_local_LF_11_NF_OC_V_c_str, i32 1, [1 x i8]* @p_str, [1 x i8]* @p_str, i32 2, i32 0, i11* %cmprpop_local_11_V_c, i11* %cmprpop_local_11_V_c)" [tancoeff/tancoeff/tancalc.cpp:138]   --->   Operation 167 'specchannel' 'empty_43' <Predicate = true> <Delay = 0.00>
ST_6 : Operation 168 [1/1] (0.00ns)   --->   "call void (...)* @_ssdm_op_SpecInterface(i11* %cmprpop_local_11_V_c, [8 x i8]* @ap_fifo_str, i32 0, i32 0, [1 x i8]* @p_str, i32 0, i32 0, [1 x i8]* @p_str, [1 x i8]* @p_str, [1 x i8]* @p_str, i32 2, i32 2, i32 16, i32 16, [1 x i8]* @p_str, [1 x i8]* @p_str)" [tancoeff/tancoeff/tancalc.cpp:138]   --->   Operation 168 'specinterface' <Predicate = true> <Delay = 0.00>
ST_6 : Operation 169 [1/1] (0.00ns)   --->   "%empty_44 = call i32 (...)* @_ssdm_op_SpecChannel([22 x i8]* @cmprpop_local_LF_12_NF_OC_V_c_str, i32 1, [1 x i8]* @p_str, [1 x i8]* @p_str, i32 2, i32 0, i11* %cmprpop_local_12_V_c, i11* %cmprpop_local_12_V_c)" [tancoeff/tancoeff/tancalc.cpp:138]   --->   Operation 169 'specchannel' 'empty_44' <Predicate = true> <Delay = 0.00>
ST_6 : Operation 170 [1/1] (0.00ns)   --->   "call void (...)* @_ssdm_op_SpecInterface(i11* %cmprpop_local_12_V_c, [8 x i8]* @ap_fifo_str, i32 0, i32 0, [1 x i8]* @p_str, i32 0, i32 0, [1 x i8]* @p_str, [1 x i8]* @p_str, [1 x i8]* @p_str, i32 2, i32 2, i32 16, i32 16, [1 x i8]* @p_str, [1 x i8]* @p_str)" [tancoeff/tancoeff/tancalc.cpp:138]   --->   Operation 170 'specinterface' <Predicate = true> <Delay = 0.00>
ST_6 : Operation 171 [1/1] (0.00ns)   --->   "%empty_45 = call i32 (...)* @_ssdm_op_SpecChannel([22 x i8]* @cmprpop_local_LF_13_NF_OC_V_c_str, i32 1, [1 x i8]* @p_str, [1 x i8]* @p_str, i32 2, i32 0, i11* %cmprpop_local_13_V_c, i11* %cmprpop_local_13_V_c)" [tancoeff/tancoeff/tancalc.cpp:138]   --->   Operation 171 'specchannel' 'empty_45' <Predicate = true> <Delay = 0.00>
ST_6 : Operation 172 [1/1] (0.00ns)   --->   "call void (...)* @_ssdm_op_SpecInterface(i11* %cmprpop_local_13_V_c, [8 x i8]* @ap_fifo_str, i32 0, i32 0, [1 x i8]* @p_str, i32 0, i32 0, [1 x i8]* @p_str, [1 x i8]* @p_str, [1 x i8]* @p_str, i32 2, i32 2, i32 16, i32 16, [1 x i8]* @p_str, [1 x i8]* @p_str)" [tancoeff/tancoeff/tancalc.cpp:138]   --->   Operation 172 'specinterface' <Predicate = true> <Delay = 0.00>
ST_6 : Operation 173 [1/1] (0.00ns)   --->   "%empty_46 = call i32 (...)* @_ssdm_op_SpecChannel([22 x i8]* @cmprpop_local_LF_14_NF_OC_V_c_str, i32 1, [1 x i8]* @p_str, [1 x i8]* @p_str, i32 2, i32 0, i11* %cmprpop_local_14_V_c, i11* %cmprpop_local_14_V_c)" [tancoeff/tancoeff/tancalc.cpp:138]   --->   Operation 173 'specchannel' 'empty_46' <Predicate = true> <Delay = 0.00>
ST_6 : Operation 174 [1/1] (0.00ns)   --->   "call void (...)* @_ssdm_op_SpecInterface(i11* %cmprpop_local_14_V_c, [8 x i8]* @ap_fifo_str, i32 0, i32 0, [1 x i8]* @p_str, i32 0, i32 0, [1 x i8]* @p_str, [1 x i8]* @p_str, [1 x i8]* @p_str, i32 2, i32 2, i32 16, i32 16, [1 x i8]* @p_str, [1 x i8]* @p_str)" [tancoeff/tancoeff/tancalc.cpp:138]   --->   Operation 174 'specinterface' <Predicate = true> <Delay = 0.00>
ST_6 : Operation 175 [1/1] (0.00ns)   --->   "%empty_47 = call i32 (...)* @_ssdm_op_SpecChannel([22 x i8]* @cmprpop_local_LF_15_NF_OC_V_c_str, i32 1, [1 x i8]* @p_str, [1 x i8]* @p_str, i32 2, i32 0, i10* %cmprpop_local_15_V_c, i10* %cmprpop_local_15_V_c)" [tancoeff/tancoeff/tancalc.cpp:138]   --->   Operation 175 'specchannel' 'empty_47' <Predicate = true> <Delay = 0.00>
ST_6 : Operation 176 [1/1] (0.00ns)   --->   "call void (...)* @_ssdm_op_SpecInterface(i10* %cmprpop_local_15_V_c, [8 x i8]* @ap_fifo_str, i32 0, i32 0, [1 x i8]* @p_str, i32 0, i32 0, [1 x i8]* @p_str, [1 x i8]* @p_str, [1 x i8]* @p_str, i32 2, i32 2, i32 16, i32 16, [1 x i8]* @p_str, [1 x i8]* @p_str)" [tancoeff/tancoeff/tancalc.cpp:138]   --->   Operation 176 'specinterface' <Predicate = true> <Delay = 0.00>
ST_6 : Operation 177 [1/1] (0.00ns)   --->   "%empty_48 = call i32 (...)* @_ssdm_op_SpecChannel([21 x i8]* @cmpr_chunk_num_OC_0_OC_i_c_str, i32 1, [1 x i8]* @p_str, [1 x i8]* @p_str, i32 3, i32 0, i2* %cmpr_chunk_num_0_i_c, i2* %cmpr_chunk_num_0_i_c)"   --->   Operation 177 'specchannel' 'empty_48' <Predicate = true> <Delay = 0.00>
ST_6 : Operation 178 [1/1] (0.00ns)   --->   "call void (...)* @_ssdm_op_SpecInterface(i2* %cmpr_chunk_num_0_i_c, [8 x i8]* @ap_fifo_str, i32 0, i32 0, [1 x i8]* @p_str, i32 0, i32 0, [1 x i8]* @p_str, [1 x i8]* @p_str, [1 x i8]* @p_str, i32 2, i32 2, i32 16, i32 16, [1 x i8]* @p_str, [1 x i8]* @p_str)"   --->   Operation 178 'specinterface' <Predicate = true> <Delay = 0.00>
ST_6 : Operation 179 [1/1] (0.00ns)   --->   "%empty_49 = call i32 (...)* @_ssdm_op_SpecChannel([18 x i8]* @output_OC_V_OC_offset_c_str, i32 1, [1 x i8]* @p_str, [1 x i8]* @p_str, i32 3, i32 0, i58* %output_V_offset_c, i58* %output_V_offset_c)" [tancoeff/tancoeff/tancalc.cpp:138]   --->   Operation 179 'specchannel' 'empty_49' <Predicate = true> <Delay = 0.00>
ST_6 : Operation 180 [1/1] (0.00ns)   --->   "call void (...)* @_ssdm_op_SpecInterface(i58* %output_V_offset_c, [8 x i8]* @ap_fifo_str, i32 0, i32 0, [1 x i8]* @p_str, i32 0, i32 0, [1 x i8]* @p_str, [1 x i8]* @p_str, [1 x i8]* @p_str, i32 2, i32 2, i32 16, i32 16, [1 x i8]* @p_str, [1 x i8]* @p_str)" [tancoeff/tancoeff/tancalc.cpp:138]   --->   Operation 180 'specinterface' <Predicate = true> <Delay = 0.00>
ST_6 : Operation 181 [1/1] (0.00ns)   --->   "%empty_50 = call i32 (...)* @_ssdm_op_SpecChannel([16 x i8]* @data_num_OC_0_OC_i_c1_str, i32 1, [1 x i8]* @p_str, [1 x i8]* @p_str, i32 2, i32 0, i6* %data_num_0_i_c1, i6* %data_num_0_i_c1)"   --->   Operation 181 'specchannel' 'empty_50' <Predicate = true> <Delay = 0.00>
ST_6 : Operation 182 [1/1] (0.00ns)   --->   "call void (...)* @_ssdm_op_SpecInterface(i6* %data_num_0_i_c1, [8 x i8]* @ap_fifo_str, i32 0, i32 0, [1 x i8]* @p_str, i32 0, i32 0, [1 x i8]* @p_str, [1 x i8]* @p_str, [1 x i8]* @p_str, i32 2, i32 2, i32 16, i32 16, [1 x i8]* @p_str, [1 x i8]* @p_str)"   --->   Operation 182 'specinterface' <Predicate = true> <Delay = 0.00>
ST_6 : Operation 183 [1/2] (0.00ns)   --->   "call void @result_write(i512* %output_V, i58* nocapture %output_V_offset_c, i1 %result_local_0_V, i1 %result_local_1_V, i1 %result_local_2_V, i1 %result_local_3_V, i1 %result_local_4_V, i1 %result_local_5_V, i1 %result_local_6_V, i1 %result_local_7_V, i1 %result_local_8_V, i1 %result_local_9_V, i1 %result_local_10_V, i1 %result_local_11_V, i1 %result_local_12_V, i1 %result_local_13_V, i1 %result_local_14_V, i1 %result_local_15_V, i2* %cmpr_chunk_num_0_i_c, i6* %data_num_0_i_c1)" [tancoeff/tancoeff/tancalc.cpp:138]   --->   Operation 183 'call' <Predicate = true> <Delay = 0.00> <CoreType = "Generic">   --->   Core 0 '' <Latency = 0> <II = 1> <Delay = 1.00> <Generic> <Opcode : >
ST_6 : Operation 184 [1/1] (0.00ns)   --->   "ret void" [tancoeff/tancoeff/tancalc.cpp:138]   --->   Operation 184 'ret' <Predicate = true> <Delay = 0.00>


============================================================
+ Verbose Summary: Timing violations
============================================================
Target clock period: 3.33ns, clock uncertainty: 0.9ns.

 <State 1>: 1.22ns
The critical path consists of the following:
	wire read on port 'cmpr_chunk_num_0_i' (tancoeff/tancoeff/tancalc.cpp:138) [39]  (0 ns)
	'call' operation ('tmp', tancoeff/tancoeff/tancalc.cpp:138) to 'data_read3710' [184]  (1.22 ns)

 <State 2>: 0ns
The critical path consists of the following:

 <State 3>: 2.22ns
The critical path consists of the following:
	'call' operation ('call_ret1', tancoeff/tancoeff/tancalc.cpp:138) to 'calculation' [195]  (2.22 ns)

 <State 4>: 2.22ns
The critical path consists of the following:
	'call' operation ('call_ret1', tancoeff/tancoeff/tancalc.cpp:138) to 'calculation' [195]  (2.22 ns)

 <State 5>: 0.366ns
The critical path consists of the following:
	'call' operation ('call_ln138', tancoeff/tancoeff/tancalc.cpp:138) to 'result_write' [212]  (0.366 ns)

 <State 6>: 0ns
The critical path consists of the following:


============================================================
+ Verbose Summary: Binding
============================================================
N/A
* FSMD analyzer results:
  - Output states:
 - Input state : 
  - Chain level:
	State 1
	State 2
	State 3
	State 4
	State 5
	State 6


============================================================
+ Verbose Summary: Datapath Resource usage 
============================================================
N/A
