

================================================================
== Vivado HLS Report for 'popcnt'
================================================================
* Date:           Mon Nov 18 16:03:50 2019

* Version:        2019.1 (Build 2552052 on Fri May 24 15:28:33 MDT 2019)
* Project:        tancoeff
* Solution:       tancoeff
* Product family: virtexuplus
* Target device:  xcvu9p-fsgd2104-2L-e


================================================================
== Performance Estimates
================================================================
+ Timing (ns): 
    * Summary: 
    +--------+-------+----------+------------+
    |  Clock | Target| Estimated| Uncertainty|
    +--------+-------+----------+------------+
    |ap_clk  |   3.33|     1.382|        0.90|
    +--------+-------+----------+------------+

+ Latency (clock cycles): 
    * Summary: 
    +-----+-----+-----+-----+----------+
    |  Latency  |  Interval | Pipeline |
    | min | max | min | max |   Type   |
    +-----+-----+-----+-----+----------+
    |    0|    0|    1|    1| function |
    +-----+-----+-----+-----+----------+

    + Detail: 
        * Instance: 
        N/A

        * Loop: 
        N/A

============================================================
+ Verbose Summary: Synthesis Manager
============================================================
InlineROM: 1
ExposeGlobal: 0
============================================================
+ Verbose Summary: CDFG Model
============================================================
IsTopModel: 0
ResetActiveHigh: 1
IsCombinational: 0
IsDatapathOnly: 0
HasWiredReturn: 1
HasMFsm: 2
HasVarLatency: 0
IsPipeline: 1
IsRtlPipelined: 0
IsInstanceOverlapped: 0
IsDontTouch: 0
HasImplIP: 0
IsGatedGlobalClock: 0

+ Individual pipeline summary: 
  * Pipeline-0: initiation interval (II) = 1, depth = 1


============================================================
+ Verbose Summary: Schedule
============================================================
* Number of FSM states : 1
* Pipeline : 1
  Pipeline-0 : II = 1, D = 1, States = { 1 }
* Dataflow Pipeline: 0

* FSM state transitions: 
1 --> 

* FSM state operations: 

State 1 <SV = 0> <Delay = 1.38>
ST_1 : Operation 2 [1/1] (0.00ns)   --->   "%x_V_read = call i16 @_ssdm_op_Read.ap_auto.i16(i16 %x_V)" [tancoeff/tancoeff/tancalc.cpp:8]   --->   Operation 2 'read' 'x_V_read' <Predicate = true> <Delay = 0.00>
ST_1 : Operation 3 [1/1] (0.00ns)   --->   "%p_Result_s = call i1 @_ssdm_op_BitSelect.i1.i16.i16(i16 %x_V_read, i16 0)" [tancoeff/tancoeff/tancalc.cpp:8]   --->   Operation 3 'bitselect' 'p_Result_s' <Predicate = true> <Delay = 0.00>
ST_1 : Operation 4 [1/1] (0.00ns)   --->   "%zext_ln791 = zext i1 %p_Result_s to i2" [tancoeff/tancoeff/tancalc.cpp:8]   --->   Operation 4 'zext' 'zext_ln791' <Predicate = true> <Delay = 0.00>
ST_1 : Operation 5 [1/1] (0.00ns)   --->   "%p_Result_1 = call i1 @_ssdm_op_BitSelect.i1.i16.i16(i16 %x_V_read, i16 1)" [tancoeff/tancoeff/tancalc.cpp:8]   --->   Operation 5 'bitselect' 'p_Result_1' <Predicate = true> <Delay = 0.00>
ST_1 : Operation 6 [1/1] (0.00ns)   --->   "%zext_ln700 = zext i1 %p_Result_1 to i2" [tancoeff/tancoeff/tancalc.cpp:8]   --->   Operation 6 'zext' 'zext_ln700' <Predicate = true> <Delay = 0.00>
ST_1 : Operation 7 [1/1] (0.00ns)   --->   "%p_Result_2 = call i1 @_ssdm_op_BitSelect.i1.i16.i16(i16 %x_V_read, i16 2)" [tancoeff/tancoeff/tancalc.cpp:8]   --->   Operation 7 'bitselect' 'p_Result_2' <Predicate = true> <Delay = 0.00>
ST_1 : Operation 8 [1/1] (0.00ns)   --->   "%zext_ln700_31 = zext i1 %p_Result_2 to i2" [tancoeff/tancoeff/tancalc.cpp:8]   --->   Operation 8 'zext' 'zext_ln700_31' <Predicate = true> <Delay = 0.00>
ST_1 : Operation 9 [1/1] (0.00ns) (grouped into TernaryAdder)   --->   "%add_ln700 = add i2 %zext_ln700, %zext_ln700_31" [tancoeff/tancoeff/tancalc.cpp:8]   --->   Operation 9 'add' 'add_ln700' <Predicate = true> <Delay = 0.00> <Core = "TAddSub">   --->   Core 83 'TAddSub' <Latency = 0> <II = 1> <Delay = 0.18> <IPBlock> <Opcode : 'add' 'sub'> <InPorts = 3> <OutPorts = 1> <Sync> <CReg>
ST_1 : Operation 10 [1/1] (0.14ns) (root node of TernaryAdder)   --->   "%add_ln700_2 = add i2 %add_ln700, %zext_ln791" [tancoeff/tancoeff/tancalc.cpp:8]   --->   Operation 10 'add' 'add_ln700_2' <Predicate = true> <Delay = 0.14> <Core = "TAddSub">   --->   Core 83 'TAddSub' <Latency = 0> <II = 1> <Delay = 0.18> <IPBlock> <Opcode : 'add' 'sub'> <InPorts = 3> <OutPorts = 1> <Sync> <CReg>
ST_1 : Operation 11 [1/1] (0.00ns)   --->   "%zext_ln700_32 = zext i2 %add_ln700_2 to i3" [tancoeff/tancoeff/tancalc.cpp:8]   --->   Operation 11 'zext' 'zext_ln700_32' <Predicate = true> <Delay = 0.00>
ST_1 : Operation 12 [1/1] (0.00ns)   --->   "%p_Result_3 = call i1 @_ssdm_op_BitSelect.i1.i16.i16(i16 %x_V_read, i16 3)" [tancoeff/tancoeff/tancalc.cpp:8]   --->   Operation 12 'bitselect' 'p_Result_3' <Predicate = true> <Delay = 0.00>
ST_1 : Operation 13 [1/1] (0.00ns)   --->   "%zext_ln700_33 = zext i1 %p_Result_3 to i3" [tancoeff/tancoeff/tancalc.cpp:8]   --->   Operation 13 'zext' 'zext_ln700_33' <Predicate = true> <Delay = 0.00>
ST_1 : Operation 14 [1/1] (0.00ns)   --->   "%p_Result_4 = call i1 @_ssdm_op_BitSelect.i1.i16.i16(i16 %x_V_read, i16 4)" [tancoeff/tancoeff/tancalc.cpp:8]   --->   Operation 14 'bitselect' 'p_Result_4' <Predicate = true> <Delay = 0.00>
ST_1 : Operation 15 [1/1] (0.00ns)   --->   "%zext_ln791_23 = zext i1 %p_Result_4 to i2" [tancoeff/tancoeff/tancalc.cpp:8]   --->   Operation 15 'zext' 'zext_ln791_23' <Predicate = true> <Delay = 0.00>
ST_1 : Operation 16 [1/1] (0.00ns)   --->   "%p_Result_5 = call i1 @_ssdm_op_BitSelect.i1.i16.i16(i16 %x_V_read, i16 5)" [tancoeff/tancoeff/tancalc.cpp:8]   --->   Operation 16 'bitselect' 'p_Result_5' <Predicate = true> <Delay = 0.00>
ST_1 : Operation 17 [1/1] (0.00ns)   --->   "%zext_ln791_24 = zext i1 %p_Result_5 to i2" [tancoeff/tancoeff/tancalc.cpp:8]   --->   Operation 17 'zext' 'zext_ln791_24' <Predicate = true> <Delay = 0.00>
ST_1 : Operation 18 [1/1] (0.00ns)   --->   "%p_Result_6 = call i1 @_ssdm_op_BitSelect.i1.i16.i16(i16 %x_V_read, i16 6)" [tancoeff/tancoeff/tancalc.cpp:8]   --->   Operation 18 'bitselect' 'p_Result_6' <Predicate = true> <Delay = 0.00>
ST_1 : Operation 19 [1/1] (0.00ns)   --->   "%zext_ln700_34 = zext i1 %p_Result_6 to i2" [tancoeff/tancoeff/tancalc.cpp:8]   --->   Operation 19 'zext' 'zext_ln700_34' <Predicate = true> <Delay = 0.00>
ST_1 : Operation 20 [1/1] (0.00ns) (grouped into TernaryAdder)   --->   "%add_ln700_31 = add i3 %zext_ln700_32, %zext_ln700_33" [tancoeff/tancoeff/tancalc.cpp:8]   --->   Operation 20 'add' 'add_ln700_31' <Predicate = true> <Delay = 0.00> <Core = "TAddSub">   --->   Core 83 'TAddSub' <Latency = 0> <II = 1> <Delay = 0.18> <IPBlock> <Opcode : 'add' 'sub'> <InPorts = 3> <OutPorts = 1> <Sync> <CReg>
ST_1 : Operation 21 [1/1] (0.00ns) (grouped into TernaryAdder)   --->   "%add_ln700_32 = add i2 %zext_ln791_24, %zext_ln700_34" [tancoeff/tancoeff/tancalc.cpp:8]   --->   Operation 21 'add' 'add_ln700_32' <Predicate = true> <Delay = 0.00> <Core = "TAddSub">   --->   Core 83 'TAddSub' <Latency = 0> <II = 1> <Delay = 0.18> <IPBlock> <Opcode : 'add' 'sub'> <InPorts = 3> <OutPorts = 1> <Sync> <CReg>
ST_1 : Operation 22 [1/1] (0.14ns) (root node of TernaryAdder)   --->   "%add_ln700_33 = add i2 %add_ln700_32, %zext_ln791_23" [tancoeff/tancoeff/tancalc.cpp:8]   --->   Operation 22 'add' 'add_ln700_33' <Predicate = true> <Delay = 0.14> <Core = "TAddSub">   --->   Core 83 'TAddSub' <Latency = 0> <II = 1> <Delay = 0.18> <IPBlock> <Opcode : 'add' 'sub'> <InPorts = 3> <OutPorts = 1> <Sync> <CReg>
ST_1 : Operation 23 [1/1] (0.00ns)   --->   "%zext_ln700_35 = zext i2 %add_ln700_33 to i3" [tancoeff/tancoeff/tancalc.cpp:8]   --->   Operation 23 'zext' 'zext_ln700_35' <Predicate = true> <Delay = 0.00>
ST_1 : Operation 24 [1/1] (0.26ns) (root node of TernaryAdder)   --->   "%add_ln700_6 = add i3 %zext_ln700_35, %add_ln700_31" [tancoeff/tancoeff/tancalc.cpp:8]   --->   Operation 24 'add' 'add_ln700_6' <Predicate = true> <Delay = 0.26> <Core = "TAddSub">   --->   Core 83 'TAddSub' <Latency = 0> <II = 1> <Delay = 0.18> <IPBlock> <Opcode : 'add' 'sub'> <InPorts = 3> <OutPorts = 1> <Sync> <CReg>
ST_1 : Operation 25 [1/1] (0.00ns)   --->   "%zext_ln700_36 = zext i3 %add_ln700_6 to i4" [tancoeff/tancoeff/tancalc.cpp:8]   --->   Operation 25 'zext' 'zext_ln700_36' <Predicate = true> <Delay = 0.00>
ST_1 : Operation 26 [1/1] (0.00ns)   --->   "%p_Result_7 = call i1 @_ssdm_op_BitSelect.i1.i16.i16(i16 %x_V_read, i16 7)" [tancoeff/tancoeff/tancalc.cpp:8]   --->   Operation 26 'bitselect' 'p_Result_7' <Predicate = true> <Delay = 0.00>
ST_1 : Operation 27 [1/1] (0.00ns)   --->   "%zext_ln700_37 = zext i1 %p_Result_7 to i4" [tancoeff/tancoeff/tancalc.cpp:8]   --->   Operation 27 'zext' 'zext_ln700_37' <Predicate = true> <Delay = 0.00>
ST_1 : Operation 28 [1/1] (0.00ns)   --->   "%p_Result_8 = call i1 @_ssdm_op_BitSelect.i1.i16.i16(i16 %x_V_read, i16 8)" [tancoeff/tancoeff/tancalc.cpp:8]   --->   Operation 28 'bitselect' 'p_Result_8' <Predicate = true> <Delay = 0.00>
ST_1 : Operation 29 [1/1] (0.00ns)   --->   "%zext_ln791_25 = zext i1 %p_Result_8 to i2" [tancoeff/tancoeff/tancalc.cpp:8]   --->   Operation 29 'zext' 'zext_ln791_25' <Predicate = true> <Delay = 0.00>
ST_1 : Operation 30 [1/1] (0.00ns)   --->   "%p_Result_9 = call i1 @_ssdm_op_BitSelect.i1.i16.i16(i16 %x_V_read, i16 9)" [tancoeff/tancoeff/tancalc.cpp:8]   --->   Operation 30 'bitselect' 'p_Result_9' <Predicate = true> <Delay = 0.00>
ST_1 : Operation 31 [1/1] (0.00ns)   --->   "%zext_ln791_26 = zext i1 %p_Result_9 to i2" [tancoeff/tancoeff/tancalc.cpp:8]   --->   Operation 31 'zext' 'zext_ln791_26' <Predicate = true> <Delay = 0.00>
ST_1 : Operation 32 [1/1] (0.00ns)   --->   "%p_Result_10 = call i1 @_ssdm_op_BitSelect.i1.i16.i16(i16 %x_V_read, i16 10)" [tancoeff/tancoeff/tancalc.cpp:8]   --->   Operation 32 'bitselect' 'p_Result_10' <Predicate = true> <Delay = 0.00>
ST_1 : Operation 33 [1/1] (0.00ns)   --->   "%zext_ln791_27 = zext i1 %p_Result_10 to i2" [tancoeff/tancoeff/tancalc.cpp:8]   --->   Operation 33 'zext' 'zext_ln791_27' <Predicate = true> <Delay = 0.00>
ST_1 : Operation 34 [1/1] (0.00ns)   --->   "%p_Result_11 = call i1 @_ssdm_op_BitSelect.i1.i16.i16(i16 %x_V_read, i16 11)" [tancoeff/tancoeff/tancalc.cpp:8]   --->   Operation 34 'bitselect' 'p_Result_11' <Predicate = true> <Delay = 0.00>
ST_1 : Operation 35 [1/1] (0.00ns)   --->   "%zext_ln791_28 = zext i1 %p_Result_11 to i2" [tancoeff/tancoeff/tancalc.cpp:8]   --->   Operation 35 'zext' 'zext_ln791_28' <Predicate = true> <Delay = 0.00>
ST_1 : Operation 36 [1/1] (0.00ns)   --->   "%p_Result_12 = call i1 @_ssdm_op_BitSelect.i1.i16.i16(i16 %x_V_read, i16 12)" [tancoeff/tancoeff/tancalc.cpp:8]   --->   Operation 36 'bitselect' 'p_Result_12' <Predicate = true> <Delay = 0.00>
ST_1 : Operation 37 [1/1] (0.00ns)   --->   "%zext_ln791_29 = zext i1 %p_Result_12 to i2" [tancoeff/tancoeff/tancalc.cpp:8]   --->   Operation 37 'zext' 'zext_ln791_29' <Predicate = true> <Delay = 0.00>
ST_1 : Operation 38 [1/1] (0.00ns)   --->   "%p_Result_13 = call i1 @_ssdm_op_BitSelect.i1.i16.i16(i16 %x_V_read, i16 13)" [tancoeff/tancoeff/tancalc.cpp:8]   --->   Operation 38 'bitselect' 'p_Result_13' <Predicate = true> <Delay = 0.00>
ST_1 : Operation 39 [1/1] (0.00ns)   --->   "%zext_ln791_30 = zext i1 %p_Result_13 to i2" [tancoeff/tancoeff/tancalc.cpp:8]   --->   Operation 39 'zext' 'zext_ln791_30' <Predicate = true> <Delay = 0.00>
ST_1 : Operation 40 [1/1] (0.00ns)   --->   "%p_Result_14 = call i1 @_ssdm_op_BitSelect.i1.i16.i16(i16 %x_V_read, i16 14)" [tancoeff/tancoeff/tancalc.cpp:8]   --->   Operation 40 'bitselect' 'p_Result_14' <Predicate = true> <Delay = 0.00>
ST_1 : Operation 41 [1/1] (0.00ns)   --->   "%zext_ln700_38 = zext i1 %p_Result_14 to i2" [tancoeff/tancoeff/tancalc.cpp:8]   --->   Operation 41 'zext' 'zext_ln700_38' <Predicate = true> <Delay = 0.00>
ST_1 : Operation 42 [1/1] (0.26ns)   --->   "%add_ln700_34 = add i4 %zext_ln700_36, %zext_ln700_37" [tancoeff/tancoeff/tancalc.cpp:8]   --->   Operation 42 'add' 'add_ln700_34' <Predicate = true> <Delay = 0.26> <Core = "AddSub">   --->   Core 14 'AddSub' <Latency = 0> <II = 1> <Delay = 0.33> <FuncUnit> <Opcode : 'add' 'sub'> <InPorts = 2> <OutPorts = 1>
ST_1 : Operation 43 [1/1] (0.13ns)   --->   "%add_ln700_35 = add i2 %zext_ln791_25, %zext_ln791_26" [tancoeff/tancoeff/tancalc.cpp:8]   --->   Operation 43 'add' 'add_ln700_35' <Predicate = true> <Delay = 0.13> <Core = "AddSub">   --->   Core 14 'AddSub' <Latency = 0> <II = 1> <Delay = 0.33> <FuncUnit> <Opcode : 'add' 'sub'> <InPorts = 2> <OutPorts = 1>
ST_1 : Operation 44 [1/1] (0.00ns)   --->   "%zext_ln700_39 = zext i2 %add_ln700_35 to i4" [tancoeff/tancoeff/tancalc.cpp:8]   --->   Operation 44 'zext' 'zext_ln700_39' <Predicate = true> <Delay = 0.00>
ST_1 : Operation 45 [1/1] (0.00ns) (grouped into TernaryAdder)   --->   "%add_ln700_36 = add i4 %zext_ln700_39, %add_ln700_34" [tancoeff/tancoeff/tancalc.cpp:8]   --->   Operation 45 'add' 'add_ln700_36' <Predicate = true> <Delay = 0.00> <Core = "TAddSub">   --->   Core 83 'TAddSub' <Latency = 0> <II = 1> <Delay = 0.18> <IPBlock> <Opcode : 'add' 'sub'> <InPorts = 3> <OutPorts = 1> <Sync> <CReg>
ST_1 : Operation 46 [1/1] (0.13ns)   --->   "%add_ln700_37 = add i2 %zext_ln791_27, %zext_ln791_28" [tancoeff/tancoeff/tancalc.cpp:8]   --->   Operation 46 'add' 'add_ln700_37' <Predicate = true> <Delay = 0.13> <Core = "AddSub">   --->   Core 14 'AddSub' <Latency = 0> <II = 1> <Delay = 0.33> <FuncUnit> <Opcode : 'add' 'sub'> <InPorts = 2> <OutPorts = 1>
ST_1 : Operation 47 [1/1] (0.00ns)   --->   "%zext_ln700_40 = zext i2 %add_ln700_37 to i3" [tancoeff/tancoeff/tancalc.cpp:8]   --->   Operation 47 'zext' 'zext_ln700_40' <Predicate = true> <Delay = 0.00>
ST_1 : Operation 48 [1/1] (0.00ns) (grouped into TernaryAdder)   --->   "%add_ln700_38 = add i2 %zext_ln791_30, %zext_ln700_38" [tancoeff/tancoeff/tancalc.cpp:8]   --->   Operation 48 'add' 'add_ln700_38' <Predicate = true> <Delay = 0.00> <Core = "TAddSub">   --->   Core 83 'TAddSub' <Latency = 0> <II = 1> <Delay = 0.18> <IPBlock> <Opcode : 'add' 'sub'> <InPorts = 3> <OutPorts = 1> <Sync> <CReg>
ST_1 : Operation 49 [1/1] (0.14ns) (root node of TernaryAdder)   --->   "%add_ln700_39 = add i2 %add_ln700_38, %zext_ln791_29" [tancoeff/tancoeff/tancalc.cpp:8]   --->   Operation 49 'add' 'add_ln700_39' <Predicate = true> <Delay = 0.14> <Core = "TAddSub">   --->   Core 83 'TAddSub' <Latency = 0> <II = 1> <Delay = 0.18> <IPBlock> <Opcode : 'add' 'sub'> <InPorts = 3> <OutPorts = 1> <Sync> <CReg>
ST_1 : Operation 50 [1/1] (0.00ns)   --->   "%zext_ln700_41 = zext i2 %add_ln700_39 to i3" [tancoeff/tancoeff/tancalc.cpp:8]   --->   Operation 50 'zext' 'zext_ln700_41' <Predicate = true> <Delay = 0.00>
ST_1 : Operation 51 [1/1] (0.23ns)   --->   "%add_ln700_40 = add i3 %zext_ln700_41, %zext_ln700_40" [tancoeff/tancoeff/tancalc.cpp:8]   --->   Operation 51 'add' 'add_ln700_40' <Predicate = true> <Delay = 0.23> <Core = "AddSub">   --->   Core 14 'AddSub' <Latency = 0> <II = 1> <Delay = 0.33> <FuncUnit> <Opcode : 'add' 'sub'> <InPorts = 2> <OutPorts = 1>
ST_1 : Operation 52 [1/1] (0.00ns)   --->   "%zext_ln700_42 = zext i3 %add_ln700_40 to i4" [tancoeff/tancoeff/tancalc.cpp:8]   --->   Operation 52 'zext' 'zext_ln700_42' <Predicate = true> <Delay = 0.00>
ST_1 : Operation 53 [1/1] (0.37ns) (root node of TernaryAdder)   --->   "%add_ln700_14 = add i4 %zext_ln700_42, %add_ln700_36" [tancoeff/tancoeff/tancalc.cpp:8]   --->   Operation 53 'add' 'add_ln700_14' <Predicate = true> <Delay = 0.37> <Core = "TAddSub">   --->   Core 83 'TAddSub' <Latency = 0> <II = 1> <Delay = 0.18> <IPBlock> <Opcode : 'add' 'sub'> <InPorts = 3> <OutPorts = 1> <Sync> <CReg>
ST_1 : Operation 54 [1/1] (0.00ns)   --->   "%zext_ln700_43 = zext i4 %add_ln700_14 to i5" [tancoeff/tancoeff/tancalc.cpp:8]   --->   Operation 54 'zext' 'zext_ln700_43' <Predicate = true> <Delay = 0.00>
ST_1 : Operation 55 [1/1] (0.00ns)   --->   "%p_Result_15 = call i1 @_ssdm_op_BitSelect.i1.i16.i16(i16 %x_V_read, i16 15)" [tancoeff/tancoeff/tancalc.cpp:8]   --->   Operation 55 'bitselect' 'p_Result_15' <Predicate = true> <Delay = 0.00>
ST_1 : Operation 56 [1/1] (0.00ns)   --->   "%zext_ln700_44 = zext i1 %p_Result_15 to i5" [tancoeff/tancoeff/tancalc.cpp:8]   --->   Operation 56 'zext' 'zext_ln700_44' <Predicate = true> <Delay = 0.00>
ST_1 : Operation 57 [1/1] (0.33ns)   --->   "%add_ln700_15 = add i5 %zext_ln700_43, %zext_ln700_44" [tancoeff/tancoeff/tancalc.cpp:8]   --->   Operation 57 'add' 'add_ln700_15' <Predicate = true> <Delay = 0.33> <Core = "AddSub">   --->   Core 14 'AddSub' <Latency = 0> <II = 1> <Delay = 0.33> <FuncUnit> <Opcode : 'add' 'sub'> <InPorts = 2> <OutPorts = 1>
ST_1 : Operation 58 [1/1] (0.00ns)   --->   "ret i5 %add_ln700_15" [tancoeff/tancoeff/tancalc.cpp:10]   --->   Operation 58 'ret' <Predicate = true> <Delay = 0.00>


============================================================
+ Verbose Summary: Binding
============================================================
STG Binding: 
---------------- STG Properties BEGIN ----------------
- Is combinational: 1
- Is one-state seq: 0
- Is datapath-only: 0
- Is pipelined: 1
- Is top level: 0
Port [ Return ] is wired: 1; IO mode=ap_ctrl_hs:ce=0
Port [ x_V]:  wired=1; compound=0; hidden=0; nouse=0; global=0; static=0; extern=0; dir=0; type=0; pingpong=0; private_global=0; IO mode=ap_none:ce=0
---------------- STG Properties END ------------------

---------------- Datapath Model BEGIN ----------------

<LifeTime>
<method=bitvector/>
x_V_read      (read     ) [ 00]
p_Result_s    (bitselect) [ 00]
zext_ln791    (zext     ) [ 00]
p_Result_1    (bitselect) [ 00]
zext_ln700    (zext     ) [ 00]
p_Result_2    (bitselect) [ 00]
zext_ln700_31 (zext     ) [ 00]
add_ln700     (add      ) [ 00]
add_ln700_2   (add      ) [ 00]
zext_ln700_32 (zext     ) [ 00]
p_Result_3    (bitselect) [ 00]
zext_ln700_33 (zext     ) [ 00]
p_Result_4    (bitselect) [ 00]
zext_ln791_23 (zext     ) [ 00]
p_Result_5    (bitselect) [ 00]
zext_ln791_24 (zext     ) [ 00]
p_Result_6    (bitselect) [ 00]
zext_ln700_34 (zext     ) [ 00]
add_ln700_31  (add      ) [ 00]
add_ln700_32  (add      ) [ 00]
add_ln700_33  (add      ) [ 00]
zext_ln700_35 (zext     ) [ 00]
add_ln700_6   (add      ) [ 00]
zext_ln700_36 (zext     ) [ 00]
p_Result_7    (bitselect) [ 00]
zext_ln700_37 (zext     ) [ 00]
p_Result_8    (bitselect) [ 00]
zext_ln791_25 (zext     ) [ 00]
p_Result_9    (bitselect) [ 00]
zext_ln791_26 (zext     ) [ 00]
p_Result_10   (bitselect) [ 00]
zext_ln791_27 (zext     ) [ 00]
p_Result_11   (bitselect) [ 00]
zext_ln791_28 (zext     ) [ 00]
p_Result_12   (bitselect) [ 00]
zext_ln791_29 (zext     ) [ 00]
p_Result_13   (bitselect) [ 00]
zext_ln791_30 (zext     ) [ 00]
p_Result_14   (bitselect) [ 00]
zext_ln700_38 (zext     ) [ 00]
add_ln700_34  (add      ) [ 00]
add_ln700_35  (add      ) [ 00]
zext_ln700_39 (zext     ) [ 00]
add_ln700_36  (add      ) [ 00]
add_ln700_37  (add      ) [ 00]
zext_ln700_40 (zext     ) [ 00]
add_ln700_38  (add      ) [ 00]
add_ln700_39  (add      ) [ 00]
zext_ln700_41 (zext     ) [ 00]
add_ln700_40  (add      ) [ 00]
zext_ln700_42 (zext     ) [ 00]
add_ln700_14  (add      ) [ 00]
zext_ln700_43 (zext     ) [ 00]
p_Result_15   (bitselect) [ 00]
zext_ln700_44 (zext     ) [ 00]
add_ln700_15  (add      ) [ 00]
ret_ln10      (ret      ) [ 00]
</LifeTime>

<model>

<comp_list>
<comp id="0" class="1000" name="x_V">
<pin_list>
<pin id="1" dir="1" index="0" bw="1" slack="0"/>
</pin_list>
<bind>
<StgValue><ssdm name="x_V"/></StgValue>
</bind>
</comp>

<comp id="2" class="1001" name="const_2">
<pin_list>
<pin id="3" dir="1" index="0" bw="1" slack="0"/>
</pin_list>
<bind>
<StgValue><ssdm name="_ssdm_op_Read.ap_auto.i16"/></StgValue>
</bind>
</comp>

<comp id="4" class="1001" name="const_4">
<pin_list>
<pin id="5" dir="1" index="0" bw="1" slack="0"/>
</pin_list>
<bind>
<StgValue><ssdm name="_ssdm_op_BitSelect.i1.i16.i16"/></StgValue>
</bind>
</comp>

<comp id="6" class="1001" name="const_6">
<pin_list>
<pin id="7" dir="1" index="0" bw="1" slack="0"/>
</pin_list>
<bind>
<StgValue><ssdm name=""/></StgValue>
</bind>
</comp>

<comp id="8" class="1001" name="const_8">
<pin_list>
<pin id="9" dir="1" index="0" bw="1" slack="0"/>
</pin_list>
<bind>
<StgValue><ssdm name=""/></StgValue>
</bind>
</comp>

<comp id="10" class="1001" name="const_10">
<pin_list>
<pin id="11" dir="1" index="0" bw="1" slack="0"/>
</pin_list>
<bind>
<StgValue><ssdm name=""/></StgValue>
</bind>
</comp>

<comp id="12" class="1001" name="const_12">
<pin_list>
<pin id="13" dir="1" index="0" bw="1" slack="0"/>
</pin_list>
<bind>
<StgValue><ssdm name=""/></StgValue>
</bind>
</comp>

<comp id="14" class="1001" name="const_14">
<pin_list>
<pin id="15" dir="1" index="0" bw="1" slack="0"/>
</pin_list>
<bind>
<StgValue><ssdm name=""/></StgValue>
</bind>
</comp>

<comp id="16" class="1001" name="const_16">
<pin_list>
<pin id="17" dir="1" index="0" bw="1" slack="0"/>
</pin_list>
<bind>
<StgValue><ssdm name=""/></StgValue>
</bind>
</comp>

<comp id="18" class="1001" name="const_18">
<pin_list>
<pin id="19" dir="1" index="0" bw="1" slack="0"/>
</pin_list>
<bind>
<StgValue><ssdm name=""/></StgValue>
</bind>
</comp>

<comp id="20" class="1001" name="const_20">
<pin_list>
<pin id="21" dir="1" index="0" bw="1" slack="0"/>
</pin_list>
<bind>
<StgValue><ssdm name=""/></StgValue>
</bind>
</comp>

<comp id="22" class="1001" name="const_22">
<pin_list>
<pin id="23" dir="1" index="0" bw="1" slack="0"/>
</pin_list>
<bind>
<StgValue><ssdm name=""/></StgValue>
</bind>
</comp>

<comp id="24" class="1001" name="const_24">
<pin_list>
<pin id="25" dir="1" index="0" bw="1" slack="0"/>
</pin_list>
<bind>
<StgValue><ssdm name=""/></StgValue>
</bind>
</comp>

<comp id="26" class="1001" name="const_26">
<pin_list>
<pin id="27" dir="1" index="0" bw="1" slack="0"/>
</pin_list>
<bind>
<StgValue><ssdm name=""/></StgValue>
</bind>
</comp>

<comp id="28" class="1001" name="const_28">
<pin_list>
<pin id="29" dir="1" index="0" bw="1" slack="0"/>
</pin_list>
<bind>
<StgValue><ssdm name=""/></StgValue>
</bind>
</comp>

<comp id="30" class="1001" name="const_30">
<pin_list>
<pin id="31" dir="1" index="0" bw="1" slack="0"/>
</pin_list>
<bind>
<StgValue><ssdm name=""/></StgValue>
</bind>
</comp>

<comp id="32" class="1001" name="const_32">
<pin_list>
<pin id="33" dir="1" index="0" bw="1" slack="0"/>
</pin_list>
<bind>
<StgValue><ssdm name=""/></StgValue>
</bind>
</comp>

<comp id="34" class="1001" name="const_34">
<pin_list>
<pin id="35" dir="1" index="0" bw="1" slack="0"/>
</pin_list>
<bind>
<StgValue><ssdm name=""/></StgValue>
</bind>
</comp>

<comp id="36" class="1001" name="const_36">
<pin_list>
<pin id="37" dir="1" index="0" bw="1" slack="0"/>
</pin_list>
<bind>
<StgValue><ssdm name=""/></StgValue>
</bind>
</comp>

<comp id="38" class="1004" name="x_V_read_read_fu_38">
<pin_list>
<pin id="39" dir="0" index="0" bw="16" slack="0"/>
<pin id="40" dir="0" index="1" bw="16" slack="0"/>
<pin id="41" dir="1" index="2" bw="16" slack="0"/>
</pin_list>
<bind>
<opcode="read(1150) " fcode="read"/>
<opset="x_V_read/1 "/>
</bind>
</comp>

<comp id="44" class="1004" name="p_Result_s_fu_44">
<pin_list>
<pin id="45" dir="0" index="0" bw="1" slack="0"/>
<pin id="46" dir="0" index="1" bw="16" slack="0"/>
<pin id="47" dir="0" index="2" bw="1" slack="0"/>
<pin id="48" dir="1" index="3" bw="1" slack="0"/>
</pin_list>
<bind>
<opcode="bitselect(1000) " fcode="bitselect"/>
<opset="p_Result_s/1 "/>
</bind>
</comp>

<comp id="52" class="1004" name="zext_ln791_fu_52">
<pin_list>
<pin id="53" dir="0" index="0" bw="1" slack="0"/>
<pin id="54" dir="1" index="1" bw="2" slack="0"/>
</pin_list>
<bind>
<opcode="zext(34) " fcode="zext"/>
<opset="zext_ln791/1 "/>
</bind>
</comp>

<comp id="56" class="1004" name="p_Result_1_fu_56">
<pin_list>
<pin id="57" dir="0" index="0" bw="1" slack="0"/>
<pin id="58" dir="0" index="1" bw="16" slack="0"/>
<pin id="59" dir="0" index="2" bw="1" slack="0"/>
<pin id="60" dir="1" index="3" bw="1" slack="0"/>
</pin_list>
<bind>
<opcode="bitselect(1000) " fcode="bitselect"/>
<opset="p_Result_1/1 "/>
</bind>
</comp>

<comp id="64" class="1004" name="zext_ln700_fu_64">
<pin_list>
<pin id="65" dir="0" index="0" bw="1" slack="0"/>
<pin id="66" dir="1" index="1" bw="2" slack="0"/>
</pin_list>
<bind>
<opcode="zext(34) " fcode="zext"/>
<opset="zext_ln700/1 "/>
</bind>
</comp>

<comp id="68" class="1004" name="p_Result_2_fu_68">
<pin_list>
<pin id="69" dir="0" index="0" bw="1" slack="0"/>
<pin id="70" dir="0" index="1" bw="16" slack="0"/>
<pin id="71" dir="0" index="2" bw="3" slack="0"/>
<pin id="72" dir="1" index="3" bw="1" slack="0"/>
</pin_list>
<bind>
<opcode="bitselect(1000) " fcode="bitselect"/>
<opset="p_Result_2/1 "/>
</bind>
</comp>

<comp id="76" class="1004" name="zext_ln700_31_fu_76">
<pin_list>
<pin id="77" dir="0" index="0" bw="1" slack="0"/>
<pin id="78" dir="1" index="1" bw="2" slack="0"/>
</pin_list>
<bind>
<opcode="zext(34) " fcode="zext"/>
<opset="zext_ln700_31/1 "/>
</bind>
</comp>

<comp id="80" class="1004" name="add_ln700_fu_80">
<pin_list>
<pin id="81" dir="0" index="0" bw="1" slack="0"/>
<pin id="82" dir="0" index="1" bw="1" slack="0"/>
<pin id="83" dir="1" index="2" bw="2" slack="0"/>
</pin_list>
<bind>
<opcode="add(8) " fcode="add"/>
<opset="add_ln700/1 "/>
</bind>
</comp>

<comp id="86" class="1004" name="add_ln700_2_fu_86">
<pin_list>
<pin id="87" dir="0" index="0" bw="2" slack="0"/>
<pin id="88" dir="0" index="1" bw="1" slack="0"/>
<pin id="89" dir="1" index="2" bw="2" slack="0"/>
</pin_list>
<bind>
<opcode="add(8) " fcode="add"/>
<opset="add_ln700_2/1 "/>
</bind>
</comp>

<comp id="92" class="1004" name="zext_ln700_32_fu_92">
<pin_list>
<pin id="93" dir="0" index="0" bw="2" slack="0"/>
<pin id="94" dir="1" index="1" bw="3" slack="0"/>
</pin_list>
<bind>
<opcode="zext(34) " fcode="zext"/>
<opset="zext_ln700_32/1 "/>
</bind>
</comp>

<comp id="96" class="1004" name="p_Result_3_fu_96">
<pin_list>
<pin id="97" dir="0" index="0" bw="1" slack="0"/>
<pin id="98" dir="0" index="1" bw="16" slack="0"/>
<pin id="99" dir="0" index="2" bw="3" slack="0"/>
<pin id="100" dir="1" index="3" bw="1" slack="0"/>
</pin_list>
<bind>
<opcode="bitselect(1000) " fcode="bitselect"/>
<opset="p_Result_3/1 "/>
</bind>
</comp>

<comp id="104" class="1004" name="zext_ln700_33_fu_104">
<pin_list>
<pin id="105" dir="0" index="0" bw="1" slack="0"/>
<pin id="106" dir="1" index="1" bw="3" slack="0"/>
</pin_list>
<bind>
<opcode="zext(34) " fcode="zext"/>
<opset="zext_ln700_33/1 "/>
</bind>
</comp>

<comp id="108" class="1004" name="p_Result_4_fu_108">
<pin_list>
<pin id="109" dir="0" index="0" bw="1" slack="0"/>
<pin id="110" dir="0" index="1" bw="16" slack="0"/>
<pin id="111" dir="0" index="2" bw="4" slack="0"/>
<pin id="112" dir="1" index="3" bw="1" slack="0"/>
</pin_list>
<bind>
<opcode="bitselect(1000) " fcode="bitselect"/>
<opset="p_Result_4/1 "/>
</bind>
</comp>

<comp id="116" class="1004" name="zext_ln791_23_fu_116">
<pin_list>
<pin id="117" dir="0" index="0" bw="1" slack="0"/>
<pin id="118" dir="1" index="1" bw="2" slack="0"/>
</pin_list>
<bind>
<opcode="zext(34) " fcode="zext"/>
<opset="zext_ln791_23/1 "/>
</bind>
</comp>

<comp id="120" class="1004" name="p_Result_5_fu_120">
<pin_list>
<pin id="121" dir="0" index="0" bw="1" slack="0"/>
<pin id="122" dir="0" index="1" bw="16" slack="0"/>
<pin id="123" dir="0" index="2" bw="4" slack="0"/>
<pin id="124" dir="1" index="3" bw="1" slack="0"/>
</pin_list>
<bind>
<opcode="bitselect(1000) " fcode="bitselect"/>
<opset="p_Result_5/1 "/>
</bind>
</comp>

<comp id="128" class="1004" name="zext_ln791_24_fu_128">
<pin_list>
<pin id="129" dir="0" index="0" bw="1" slack="0"/>
<pin id="130" dir="1" index="1" bw="2" slack="0"/>
</pin_list>
<bind>
<opcode="zext(34) " fcode="zext"/>
<opset="zext_ln791_24/1 "/>
</bind>
</comp>

<comp id="132" class="1004" name="p_Result_6_fu_132">
<pin_list>
<pin id="133" dir="0" index="0" bw="1" slack="0"/>
<pin id="134" dir="0" index="1" bw="16" slack="0"/>
<pin id="135" dir="0" index="2" bw="4" slack="0"/>
<pin id="136" dir="1" index="3" bw="1" slack="0"/>
</pin_list>
<bind>
<opcode="bitselect(1000) " fcode="bitselect"/>
<opset="p_Result_6/1 "/>
</bind>
</comp>

<comp id="140" class="1004" name="zext_ln700_34_fu_140">
<pin_list>
<pin id="141" dir="0" index="0" bw="1" slack="0"/>
<pin id="142" dir="1" index="1" bw="2" slack="0"/>
</pin_list>
<bind>
<opcode="zext(34) " fcode="zext"/>
<opset="zext_ln700_34/1 "/>
</bind>
</comp>

<comp id="144" class="1004" name="add_ln700_31_fu_144">
<pin_list>
<pin id="145" dir="0" index="0" bw="2" slack="0"/>
<pin id="146" dir="0" index="1" bw="1" slack="0"/>
<pin id="147" dir="1" index="2" bw="3" slack="0"/>
</pin_list>
<bind>
<opcode="add(8) " fcode="add"/>
<opset="add_ln700_31/1 "/>
</bind>
</comp>

<comp id="150" class="1004" name="add_ln700_32_fu_150">
<pin_list>
<pin id="151" dir="0" index="0" bw="1" slack="0"/>
<pin id="152" dir="0" index="1" bw="1" slack="0"/>
<pin id="153" dir="1" index="2" bw="2" slack="0"/>
</pin_list>
<bind>
<opcode="add(8) " fcode="add"/>
<opset="add_ln700_32/1 "/>
</bind>
</comp>

<comp id="156" class="1004" name="add_ln700_33_fu_156">
<pin_list>
<pin id="157" dir="0" index="0" bw="2" slack="0"/>
<pin id="158" dir="0" index="1" bw="1" slack="0"/>
<pin id="159" dir="1" index="2" bw="2" slack="0"/>
</pin_list>
<bind>
<opcode="add(8) " fcode="add"/>
<opset="add_ln700_33/1 "/>
</bind>
</comp>

<comp id="162" class="1004" name="zext_ln700_35_fu_162">
<pin_list>
<pin id="163" dir="0" index="0" bw="2" slack="0"/>
<pin id="164" dir="1" index="1" bw="3" slack="0"/>
</pin_list>
<bind>
<opcode="zext(34) " fcode="zext"/>
<opset="zext_ln700_35/1 "/>
</bind>
</comp>

<comp id="166" class="1004" name="add_ln700_6_fu_166">
<pin_list>
<pin id="167" dir="0" index="0" bw="2" slack="0"/>
<pin id="168" dir="0" index="1" bw="3" slack="0"/>
<pin id="169" dir="1" index="2" bw="3" slack="0"/>
</pin_list>
<bind>
<opcode="add(8) " fcode="add"/>
<opset="add_ln700_6/1 "/>
</bind>
</comp>

<comp id="172" class="1004" name="zext_ln700_36_fu_172">
<pin_list>
<pin id="173" dir="0" index="0" bw="3" slack="0"/>
<pin id="174" dir="1" index="1" bw="4" slack="0"/>
</pin_list>
<bind>
<opcode="zext(34) " fcode="zext"/>
<opset="zext_ln700_36/1 "/>
</bind>
</comp>

<comp id="176" class="1004" name="p_Result_7_fu_176">
<pin_list>
<pin id="177" dir="0" index="0" bw="1" slack="0"/>
<pin id="178" dir="0" index="1" bw="16" slack="0"/>
<pin id="179" dir="0" index="2" bw="4" slack="0"/>
<pin id="180" dir="1" index="3" bw="1" slack="0"/>
</pin_list>
<bind>
<opcode="bitselect(1000) " fcode="bitselect"/>
<opset="p_Result_7/1 "/>
</bind>
</comp>

<comp id="184" class="1004" name="zext_ln700_37_fu_184">
<pin_list>
<pin id="185" dir="0" index="0" bw="1" slack="0"/>
<pin id="186" dir="1" index="1" bw="4" slack="0"/>
</pin_list>
<bind>
<opcode="zext(34) " fcode="zext"/>
<opset="zext_ln700_37/1 "/>
</bind>
</comp>

<comp id="188" class="1004" name="p_Result_8_fu_188">
<pin_list>
<pin id="189" dir="0" index="0" bw="1" slack="0"/>
<pin id="190" dir="0" index="1" bw="16" slack="0"/>
<pin id="191" dir="0" index="2" bw="5" slack="0"/>
<pin id="192" dir="1" index="3" bw="1" slack="0"/>
</pin_list>
<bind>
<opcode="bitselect(1000) " fcode="bitselect"/>
<opset="p_Result_8/1 "/>
</bind>
</comp>

<comp id="196" class="1004" name="zext_ln791_25_fu_196">
<pin_list>
<pin id="197" dir="0" index="0" bw="1" slack="0"/>
<pin id="198" dir="1" index="1" bw="2" slack="0"/>
</pin_list>
<bind>
<opcode="zext(34) " fcode="zext"/>
<opset="zext_ln791_25/1 "/>
</bind>
</comp>

<comp id="200" class="1004" name="p_Result_9_fu_200">
<pin_list>
<pin id="201" dir="0" index="0" bw="1" slack="0"/>
<pin id="202" dir="0" index="1" bw="16" slack="0"/>
<pin id="203" dir="0" index="2" bw="5" slack="0"/>
<pin id="204" dir="1" index="3" bw="1" slack="0"/>
</pin_list>
<bind>
<opcode="bitselect(1000) " fcode="bitselect"/>
<opset="p_Result_9/1 "/>
</bind>
</comp>

<comp id="208" class="1004" name="zext_ln791_26_fu_208">
<pin_list>
<pin id="209" dir="0" index="0" bw="1" slack="0"/>
<pin id="210" dir="1" index="1" bw="2" slack="0"/>
</pin_list>
<bind>
<opcode="zext(34) " fcode="zext"/>
<opset="zext_ln791_26/1 "/>
</bind>
</comp>

<comp id="212" class="1004" name="p_Result_10_fu_212">
<pin_list>
<pin id="213" dir="0" index="0" bw="1" slack="0"/>
<pin id="214" dir="0" index="1" bw="16" slack="0"/>
<pin id="215" dir="0" index="2" bw="5" slack="0"/>
<pin id="216" dir="1" index="3" bw="1" slack="0"/>
</pin_list>
<bind>
<opcode="bitselect(1000) " fcode="bitselect"/>
<opset="p_Result_10/1 "/>
</bind>
</comp>

<comp id="220" class="1004" name="zext_ln791_27_fu_220">
<pin_list>
<pin id="221" dir="0" index="0" bw="1" slack="0"/>
<pin id="222" dir="1" index="1" bw="2" slack="0"/>
</pin_list>
<bind>
<opcode="zext(34) " fcode="zext"/>
<opset="zext_ln791_27/1 "/>
</bind>
</comp>

<comp id="224" class="1004" name="p_Result_11_fu_224">
<pin_list>
<pin id="225" dir="0" index="0" bw="1" slack="0"/>
<pin id="226" dir="0" index="1" bw="16" slack="0"/>
<pin id="227" dir="0" index="2" bw="5" slack="0"/>
<pin id="228" dir="1" index="3" bw="1" slack="0"/>
</pin_list>
<bind>
<opcode="bitselect(1000) " fcode="bitselect"/>
<opset="p_Result_11/1 "/>
</bind>
</comp>

<comp id="232" class="1004" name="zext_ln791_28_fu_232">
<pin_list>
<pin id="233" dir="0" index="0" bw="1" slack="0"/>
<pin id="234" dir="1" index="1" bw="2" slack="0"/>
</pin_list>
<bind>
<opcode="zext(34) " fcode="zext"/>
<opset="zext_ln791_28/1 "/>
</bind>
</comp>

<comp id="236" class="1004" name="p_Result_12_fu_236">
<pin_list>
<pin id="237" dir="0" index="0" bw="1" slack="0"/>
<pin id="238" dir="0" index="1" bw="16" slack="0"/>
<pin id="239" dir="0" index="2" bw="5" slack="0"/>
<pin id="240" dir="1" index="3" bw="1" slack="0"/>
</pin_list>
<bind>
<opcode="bitselect(1000) " fcode="bitselect"/>
<opset="p_Result_12/1 "/>
</bind>
</comp>

<comp id="244" class="1004" name="zext_ln791_29_fu_244">
<pin_list>
<pin id="245" dir="0" index="0" bw="1" slack="0"/>
<pin id="246" dir="1" index="1" bw="2" slack="0"/>
</pin_list>
<bind>
<opcode="zext(34) " fcode="zext"/>
<opset="zext_ln791_29/1 "/>
</bind>
</comp>

<comp id="248" class="1004" name="p_Result_13_fu_248">
<pin_list>
<pin id="249" dir="0" index="0" bw="1" slack="0"/>
<pin id="250" dir="0" index="1" bw="16" slack="0"/>
<pin id="251" dir="0" index="2" bw="5" slack="0"/>
<pin id="252" dir="1" index="3" bw="1" slack="0"/>
</pin_list>
<bind>
<opcode="bitselect(1000) " fcode="bitselect"/>
<opset="p_Result_13/1 "/>
</bind>
</comp>

<comp id="256" class="1004" name="zext_ln791_30_fu_256">
<pin_list>
<pin id="257" dir="0" index="0" bw="1" slack="0"/>
<pin id="258" dir="1" index="1" bw="2" slack="0"/>
</pin_list>
<bind>
<opcode="zext(34) " fcode="zext"/>
<opset="zext_ln791_30/1 "/>
</bind>
</comp>

<comp id="260" class="1004" name="p_Result_14_fu_260">
<pin_list>
<pin id="261" dir="0" index="0" bw="1" slack="0"/>
<pin id="262" dir="0" index="1" bw="16" slack="0"/>
<pin id="263" dir="0" index="2" bw="5" slack="0"/>
<pin id="264" dir="1" index="3" bw="1" slack="0"/>
</pin_list>
<bind>
<opcode="bitselect(1000) " fcode="bitselect"/>
<opset="p_Result_14/1 "/>
</bind>
</comp>

<comp id="268" class="1004" name="zext_ln700_38_fu_268">
<pin_list>
<pin id="269" dir="0" index="0" bw="1" slack="0"/>
<pin id="270" dir="1" index="1" bw="2" slack="0"/>
</pin_list>
<bind>
<opcode="zext(34) " fcode="zext"/>
<opset="zext_ln700_38/1 "/>
</bind>
</comp>

<comp id="272" class="1004" name="add_ln700_34_fu_272">
<pin_list>
<pin id="273" dir="0" index="0" bw="3" slack="0"/>
<pin id="274" dir="0" index="1" bw="1" slack="0"/>
<pin id="275" dir="1" index="2" bw="4" slack="0"/>
</pin_list>
<bind>
<opcode="add(8) " fcode="add"/>
<opset="add_ln700_34/1 "/>
</bind>
</comp>

<comp id="278" class="1004" name="add_ln700_35_fu_278">
<pin_list>
<pin id="279" dir="0" index="0" bw="1" slack="0"/>
<pin id="280" dir="0" index="1" bw="1" slack="0"/>
<pin id="281" dir="1" index="2" bw="2" slack="0"/>
</pin_list>
<bind>
<opcode="add(8) " fcode="add"/>
<opset="add_ln700_35/1 "/>
</bind>
</comp>

<comp id="284" class="1004" name="zext_ln700_39_fu_284">
<pin_list>
<pin id="285" dir="0" index="0" bw="2" slack="0"/>
<pin id="286" dir="1" index="1" bw="4" slack="0"/>
</pin_list>
<bind>
<opcode="zext(34) " fcode="zext"/>
<opset="zext_ln700_39/1 "/>
</bind>
</comp>

<comp id="288" class="1004" name="add_ln700_36_fu_288">
<pin_list>
<pin id="289" dir="0" index="0" bw="2" slack="0"/>
<pin id="290" dir="0" index="1" bw="4" slack="0"/>
<pin id="291" dir="1" index="2" bw="4" slack="0"/>
</pin_list>
<bind>
<opcode="add(8) " fcode="add"/>
<opset="add_ln700_36/1 "/>
</bind>
</comp>

<comp id="294" class="1004" name="add_ln700_37_fu_294">
<pin_list>
<pin id="295" dir="0" index="0" bw="1" slack="0"/>
<pin id="296" dir="0" index="1" bw="1" slack="0"/>
<pin id="297" dir="1" index="2" bw="2" slack="0"/>
</pin_list>
<bind>
<opcode="add(8) " fcode="add"/>
<opset="add_ln700_37/1 "/>
</bind>
</comp>

<comp id="300" class="1004" name="zext_ln700_40_fu_300">
<pin_list>
<pin id="301" dir="0" index="0" bw="2" slack="0"/>
<pin id="302" dir="1" index="1" bw="3" slack="0"/>
</pin_list>
<bind>
<opcode="zext(34) " fcode="zext"/>
<opset="zext_ln700_40/1 "/>
</bind>
</comp>

<comp id="304" class="1004" name="add_ln700_38_fu_304">
<pin_list>
<pin id="305" dir="0" index="0" bw="1" slack="0"/>
<pin id="306" dir="0" index="1" bw="1" slack="0"/>
<pin id="307" dir="1" index="2" bw="2" slack="0"/>
</pin_list>
<bind>
<opcode="add(8) " fcode="add"/>
<opset="add_ln700_38/1 "/>
</bind>
</comp>

<comp id="310" class="1004" name="add_ln700_39_fu_310">
<pin_list>
<pin id="311" dir="0" index="0" bw="2" slack="0"/>
<pin id="312" dir="0" index="1" bw="1" slack="0"/>
<pin id="313" dir="1" index="2" bw="2" slack="0"/>
</pin_list>
<bind>
<opcode="add(8) " fcode="add"/>
<opset="add_ln700_39/1 "/>
</bind>
</comp>

<comp id="316" class="1004" name="zext_ln700_41_fu_316">
<pin_list>
<pin id="317" dir="0" index="0" bw="2" slack="0"/>
<pin id="318" dir="1" index="1" bw="3" slack="0"/>
</pin_list>
<bind>
<opcode="zext(34) " fcode="zext"/>
<opset="zext_ln700_41/1 "/>
</bind>
</comp>

<comp id="320" class="1004" name="add_ln700_40_fu_320">
<pin_list>
<pin id="321" dir="0" index="0" bw="2" slack="0"/>
<pin id="322" dir="0" index="1" bw="2" slack="0"/>
<pin id="323" dir="1" index="2" bw="3" slack="0"/>
</pin_list>
<bind>
<opcode="add(8) " fcode="add"/>
<opset="add_ln700_40/1 "/>
</bind>
</comp>

<comp id="326" class="1004" name="zext_ln700_42_fu_326">
<pin_list>
<pin id="327" dir="0" index="0" bw="3" slack="0"/>
<pin id="328" dir="1" index="1" bw="4" slack="0"/>
</pin_list>
<bind>
<opcode="zext(34) " fcode="zext"/>
<opset="zext_ln700_42/1 "/>
</bind>
</comp>

<comp id="330" class="1004" name="add_ln700_14_fu_330">
<pin_list>
<pin id="331" dir="0" index="0" bw="3" slack="0"/>
<pin id="332" dir="0" index="1" bw="4" slack="0"/>
<pin id="333" dir="1" index="2" bw="4" slack="0"/>
</pin_list>
<bind>
<opcode="add(8) " fcode="add"/>
<opset="add_ln700_14/1 "/>
</bind>
</comp>

<comp id="336" class="1004" name="zext_ln700_43_fu_336">
<pin_list>
<pin id="337" dir="0" index="0" bw="4" slack="0"/>
<pin id="338" dir="1" index="1" bw="5" slack="0"/>
</pin_list>
<bind>
<opcode="zext(34) " fcode="zext"/>
<opset="zext_ln700_43/1 "/>
</bind>
</comp>

<comp id="340" class="1004" name="p_Result_15_fu_340">
<pin_list>
<pin id="341" dir="0" index="0" bw="1" slack="0"/>
<pin id="342" dir="0" index="1" bw="16" slack="0"/>
<pin id="343" dir="0" index="2" bw="5" slack="0"/>
<pin id="344" dir="1" index="3" bw="1" slack="0"/>
</pin_list>
<bind>
<opcode="bitselect(1000) " fcode="bitselect"/>
<opset="p_Result_15/1 "/>
</bind>
</comp>

<comp id="348" class="1004" name="zext_ln700_44_fu_348">
<pin_list>
<pin id="349" dir="0" index="0" bw="1" slack="0"/>
<pin id="350" dir="1" index="1" bw="5" slack="0"/>
</pin_list>
<bind>
<opcode="zext(34) " fcode="zext"/>
<opset="zext_ln700_44/1 "/>
</bind>
</comp>

<comp id="352" class="1004" name="add_ln700_15_fu_352">
<pin_list>
<pin id="353" dir="0" index="0" bw="4" slack="0"/>
<pin id="354" dir="0" index="1" bw="1" slack="0"/>
<pin id="355" dir="1" index="2" bw="5" slack="2147483647"/>
</pin_list>
<bind>
<opcode="add(8) " fcode="add"/>
<opset="add_ln700_15/1 "/>
</bind>
</comp>

</comp_list>

<net_list>
<net id="42"><net_src comp="2" pin="0"/><net_sink comp="38" pin=0"/></net>

<net id="43"><net_src comp="0" pin="0"/><net_sink comp="38" pin=1"/></net>

<net id="49"><net_src comp="4" pin="0"/><net_sink comp="44" pin=0"/></net>

<net id="50"><net_src comp="38" pin="2"/><net_sink comp="44" pin=1"/></net>

<net id="51"><net_src comp="6" pin="0"/><net_sink comp="44" pin=2"/></net>

<net id="55"><net_src comp="44" pin="3"/><net_sink comp="52" pin=0"/></net>

<net id="61"><net_src comp="4" pin="0"/><net_sink comp="56" pin=0"/></net>

<net id="62"><net_src comp="38" pin="2"/><net_sink comp="56" pin=1"/></net>

<net id="63"><net_src comp="8" pin="0"/><net_sink comp="56" pin=2"/></net>

<net id="67"><net_src comp="56" pin="3"/><net_sink comp="64" pin=0"/></net>

<net id="73"><net_src comp="4" pin="0"/><net_sink comp="68" pin=0"/></net>

<net id="74"><net_src comp="38" pin="2"/><net_sink comp="68" pin=1"/></net>

<net id="75"><net_src comp="10" pin="0"/><net_sink comp="68" pin=2"/></net>

<net id="79"><net_src comp="68" pin="3"/><net_sink comp="76" pin=0"/></net>

<net id="84"><net_src comp="64" pin="1"/><net_sink comp="80" pin=0"/></net>

<net id="85"><net_src comp="76" pin="1"/><net_sink comp="80" pin=1"/></net>

<net id="90"><net_src comp="80" pin="2"/><net_sink comp="86" pin=0"/></net>

<net id="91"><net_src comp="52" pin="1"/><net_sink comp="86" pin=1"/></net>

<net id="95"><net_src comp="86" pin="2"/><net_sink comp="92" pin=0"/></net>

<net id="101"><net_src comp="4" pin="0"/><net_sink comp="96" pin=0"/></net>

<net id="102"><net_src comp="38" pin="2"/><net_sink comp="96" pin=1"/></net>

<net id="103"><net_src comp="12" pin="0"/><net_sink comp="96" pin=2"/></net>

<net id="107"><net_src comp="96" pin="3"/><net_sink comp="104" pin=0"/></net>

<net id="113"><net_src comp="4" pin="0"/><net_sink comp="108" pin=0"/></net>

<net id="114"><net_src comp="38" pin="2"/><net_sink comp="108" pin=1"/></net>

<net id="115"><net_src comp="14" pin="0"/><net_sink comp="108" pin=2"/></net>

<net id="119"><net_src comp="108" pin="3"/><net_sink comp="116" pin=0"/></net>

<net id="125"><net_src comp="4" pin="0"/><net_sink comp="120" pin=0"/></net>

<net id="126"><net_src comp="38" pin="2"/><net_sink comp="120" pin=1"/></net>

<net id="127"><net_src comp="16" pin="0"/><net_sink comp="120" pin=2"/></net>

<net id="131"><net_src comp="120" pin="3"/><net_sink comp="128" pin=0"/></net>

<net id="137"><net_src comp="4" pin="0"/><net_sink comp="132" pin=0"/></net>

<net id="138"><net_src comp="38" pin="2"/><net_sink comp="132" pin=1"/></net>

<net id="139"><net_src comp="18" pin="0"/><net_sink comp="132" pin=2"/></net>

<net id="143"><net_src comp="132" pin="3"/><net_sink comp="140" pin=0"/></net>

<net id="148"><net_src comp="92" pin="1"/><net_sink comp="144" pin=0"/></net>

<net id="149"><net_src comp="104" pin="1"/><net_sink comp="144" pin=1"/></net>

<net id="154"><net_src comp="128" pin="1"/><net_sink comp="150" pin=0"/></net>

<net id="155"><net_src comp="140" pin="1"/><net_sink comp="150" pin=1"/></net>

<net id="160"><net_src comp="150" pin="2"/><net_sink comp="156" pin=0"/></net>

<net id="161"><net_src comp="116" pin="1"/><net_sink comp="156" pin=1"/></net>

<net id="165"><net_src comp="156" pin="2"/><net_sink comp="162" pin=0"/></net>

<net id="170"><net_src comp="162" pin="1"/><net_sink comp="166" pin=0"/></net>

<net id="171"><net_src comp="144" pin="2"/><net_sink comp="166" pin=1"/></net>

<net id="175"><net_src comp="166" pin="2"/><net_sink comp="172" pin=0"/></net>

<net id="181"><net_src comp="4" pin="0"/><net_sink comp="176" pin=0"/></net>

<net id="182"><net_src comp="38" pin="2"/><net_sink comp="176" pin=1"/></net>

<net id="183"><net_src comp="20" pin="0"/><net_sink comp="176" pin=2"/></net>

<net id="187"><net_src comp="176" pin="3"/><net_sink comp="184" pin=0"/></net>

<net id="193"><net_src comp="4" pin="0"/><net_sink comp="188" pin=0"/></net>

<net id="194"><net_src comp="38" pin="2"/><net_sink comp="188" pin=1"/></net>

<net id="195"><net_src comp="22" pin="0"/><net_sink comp="188" pin=2"/></net>

<net id="199"><net_src comp="188" pin="3"/><net_sink comp="196" pin=0"/></net>

<net id="205"><net_src comp="4" pin="0"/><net_sink comp="200" pin=0"/></net>

<net id="206"><net_src comp="38" pin="2"/><net_sink comp="200" pin=1"/></net>

<net id="207"><net_src comp="24" pin="0"/><net_sink comp="200" pin=2"/></net>

<net id="211"><net_src comp="200" pin="3"/><net_sink comp="208" pin=0"/></net>

<net id="217"><net_src comp="4" pin="0"/><net_sink comp="212" pin=0"/></net>

<net id="218"><net_src comp="38" pin="2"/><net_sink comp="212" pin=1"/></net>

<net id="219"><net_src comp="26" pin="0"/><net_sink comp="212" pin=2"/></net>

<net id="223"><net_src comp="212" pin="3"/><net_sink comp="220" pin=0"/></net>

<net id="229"><net_src comp="4" pin="0"/><net_sink comp="224" pin=0"/></net>

<net id="230"><net_src comp="38" pin="2"/><net_sink comp="224" pin=1"/></net>

<net id="231"><net_src comp="28" pin="0"/><net_sink comp="224" pin=2"/></net>

<net id="235"><net_src comp="224" pin="3"/><net_sink comp="232" pin=0"/></net>

<net id="241"><net_src comp="4" pin="0"/><net_sink comp="236" pin=0"/></net>

<net id="242"><net_src comp="38" pin="2"/><net_sink comp="236" pin=1"/></net>

<net id="243"><net_src comp="30" pin="0"/><net_sink comp="236" pin=2"/></net>

<net id="247"><net_src comp="236" pin="3"/><net_sink comp="244" pin=0"/></net>

<net id="253"><net_src comp="4" pin="0"/><net_sink comp="248" pin=0"/></net>

<net id="254"><net_src comp="38" pin="2"/><net_sink comp="248" pin=1"/></net>

<net id="255"><net_src comp="32" pin="0"/><net_sink comp="248" pin=2"/></net>

<net id="259"><net_src comp="248" pin="3"/><net_sink comp="256" pin=0"/></net>

<net id="265"><net_src comp="4" pin="0"/><net_sink comp="260" pin=0"/></net>

<net id="266"><net_src comp="38" pin="2"/><net_sink comp="260" pin=1"/></net>

<net id="267"><net_src comp="34" pin="0"/><net_sink comp="260" pin=2"/></net>

<net id="271"><net_src comp="260" pin="3"/><net_sink comp="268" pin=0"/></net>

<net id="276"><net_src comp="172" pin="1"/><net_sink comp="272" pin=0"/></net>

<net id="277"><net_src comp="184" pin="1"/><net_sink comp="272" pin=1"/></net>

<net id="282"><net_src comp="196" pin="1"/><net_sink comp="278" pin=0"/></net>

<net id="283"><net_src comp="208" pin="1"/><net_sink comp="278" pin=1"/></net>

<net id="287"><net_src comp="278" pin="2"/><net_sink comp="284" pin=0"/></net>

<net id="292"><net_src comp="284" pin="1"/><net_sink comp="288" pin=0"/></net>

<net id="293"><net_src comp="272" pin="2"/><net_sink comp="288" pin=1"/></net>

<net id="298"><net_src comp="220" pin="1"/><net_sink comp="294" pin=0"/></net>

<net id="299"><net_src comp="232" pin="1"/><net_sink comp="294" pin=1"/></net>

<net id="303"><net_src comp="294" pin="2"/><net_sink comp="300" pin=0"/></net>

<net id="308"><net_src comp="256" pin="1"/><net_sink comp="304" pin=0"/></net>

<net id="309"><net_src comp="268" pin="1"/><net_sink comp="304" pin=1"/></net>

<net id="314"><net_src comp="304" pin="2"/><net_sink comp="310" pin=0"/></net>

<net id="315"><net_src comp="244" pin="1"/><net_sink comp="310" pin=1"/></net>

<net id="319"><net_src comp="310" pin="2"/><net_sink comp="316" pin=0"/></net>

<net id="324"><net_src comp="316" pin="1"/><net_sink comp="320" pin=0"/></net>

<net id="325"><net_src comp="300" pin="1"/><net_sink comp="320" pin=1"/></net>

<net id="329"><net_src comp="320" pin="2"/><net_sink comp="326" pin=0"/></net>

<net id="334"><net_src comp="326" pin="1"/><net_sink comp="330" pin=0"/></net>

<net id="335"><net_src comp="288" pin="2"/><net_sink comp="330" pin=1"/></net>

<net id="339"><net_src comp="330" pin="2"/><net_sink comp="336" pin=0"/></net>

<net id="345"><net_src comp="4" pin="0"/><net_sink comp="340" pin=0"/></net>

<net id="346"><net_src comp="38" pin="2"/><net_sink comp="340" pin=1"/></net>

<net id="347"><net_src comp="36" pin="0"/><net_sink comp="340" pin=2"/></net>

<net id="351"><net_src comp="340" pin="3"/><net_sink comp="348" pin=0"/></net>

<net id="356"><net_src comp="336" pin="1"/><net_sink comp="352" pin=0"/></net>

<net id="357"><net_src comp="348" pin="1"/><net_sink comp="352" pin=1"/></net>

</net_list>

</model> 
---------------- Datapath Model END ------------------

* FSMD analyzer results:
  - Output states:
 - Input state : 
	Port: popcnt : x_V | {1 }
  - Chain level:
	State 1
		zext_ln791 : 1
		zext_ln700 : 1
		zext_ln700_31 : 1
		add_ln700 : 2
		add_ln700_2 : 3
		zext_ln700_32 : 4
		zext_ln700_33 : 1
		zext_ln791_23 : 1
		zext_ln791_24 : 1
		zext_ln700_34 : 1
		add_ln700_31 : 5
		add_ln700_32 : 2
		add_ln700_33 : 3
		zext_ln700_35 : 4
		add_ln700_6 : 6
		zext_ln700_36 : 7
		zext_ln700_37 : 1
		zext_ln791_25 : 1
		zext_ln791_26 : 1
		zext_ln791_27 : 1
		zext_ln791_28 : 1
		zext_ln791_29 : 1
		zext_ln791_30 : 1
		zext_ln700_38 : 1
		add_ln700_34 : 8
		add_ln700_35 : 2
		zext_ln700_39 : 3
		add_ln700_36 : 9
		add_ln700_37 : 2
		zext_ln700_40 : 3
		add_ln700_38 : 2
		add_ln700_39 : 3
		zext_ln700_41 : 4
		add_ln700_40 : 5
		zext_ln700_42 : 6
		add_ln700_14 : 10
		zext_ln700_43 : 11
		zext_ln700_44 : 1
		add_ln700_15 : 12
		ret_ln10 : 13


============================================================
+ Verbose Summary: Datapath Resource usage 
============================================================

* Functional unit list:
|----------|----------------------|---------|---------|
| Operation|    Functional Unit   |    FF   |   LUT   |
|----------|----------------------|---------|---------|
|          |    add_ln700_fu_80   |    0    |    7    |
|          |   add_ln700_2_fu_86  |    0    |    7    |
|          |  add_ln700_31_fu_144 |    0    |    7    |
|          |  add_ln700_32_fu_150 |    0    |    7    |
|          |  add_ln700_33_fu_156 |    0    |    7    |
|          |  add_ln700_6_fu_166  |    0    |    7    |
|          |  add_ln700_34_fu_272 |    0    |    4    |
|    add   |  add_ln700_35_fu_278 |    0    |    2    |
|          |  add_ln700_36_fu_288 |    0    |    7    |
|          |  add_ln700_37_fu_294 |    0    |    2    |
|          |  add_ln700_38_fu_304 |    0    |    7    |
|          |  add_ln700_39_fu_310 |    0    |    7    |
|          |  add_ln700_40_fu_320 |    0    |    3    |
|          |  add_ln700_14_fu_330 |    0    |    7    |
|          |  add_ln700_15_fu_352 |    0    |    6    |
|----------|----------------------|---------|---------|
|   read   |  x_V_read_read_fu_38 |    0    |    0    |
|----------|----------------------|---------|---------|
|          |   p_Result_s_fu_44   |    0    |    0    |
|          |   p_Result_1_fu_56   |    0    |    0    |
|          |   p_Result_2_fu_68   |    0    |    0    |
|          |   p_Result_3_fu_96   |    0    |    0    |
|          |   p_Result_4_fu_108  |    0    |    0    |
|          |   p_Result_5_fu_120  |    0    |    0    |
|          |   p_Result_6_fu_132  |    0    |    0    |
| bitselect|   p_Result_7_fu_176  |    0    |    0    |
|          |   p_Result_8_fu_188  |    0    |    0    |
|          |   p_Result_9_fu_200  |    0    |    0    |
|          |  p_Result_10_fu_212  |    0    |    0    |
|          |  p_Result_11_fu_224  |    0    |    0    |
|          |  p_Result_12_fu_236  |    0    |    0    |
|          |  p_Result_13_fu_248  |    0    |    0    |
|          |  p_Result_14_fu_260  |    0    |    0    |
|          |  p_Result_15_fu_340  |    0    |    0    |
|----------|----------------------|---------|---------|
|          |   zext_ln791_fu_52   |    0    |    0    |
|          |   zext_ln700_fu_64   |    0    |    0    |
|          |  zext_ln700_31_fu_76 |    0    |    0    |
|          |  zext_ln700_32_fu_92 |    0    |    0    |
|          | zext_ln700_33_fu_104 |    0    |    0    |
|          | zext_ln791_23_fu_116 |    0    |    0    |
|          | zext_ln791_24_fu_128 |    0    |    0    |
|          | zext_ln700_34_fu_140 |    0    |    0    |
|          | zext_ln700_35_fu_162 |    0    |    0    |
|          | zext_ln700_36_fu_172 |    0    |    0    |
|          | zext_ln700_37_fu_184 |    0    |    0    |
|   zext   | zext_ln791_25_fu_196 |    0    |    0    |
|          | zext_ln791_26_fu_208 |    0    |    0    |
|          | zext_ln791_27_fu_220 |    0    |    0    |
|          | zext_ln791_28_fu_232 |    0    |    0    |
|          | zext_ln791_29_fu_244 |    0    |    0    |
|          | zext_ln791_30_fu_256 |    0    |    0    |
|          | zext_ln700_38_fu_268 |    0    |    0    |
|          | zext_ln700_39_fu_284 |    0    |    0    |
|          | zext_ln700_40_fu_300 |    0    |    0    |
|          | zext_ln700_41_fu_316 |    0    |    0    |
|          | zext_ln700_42_fu_326 |    0    |    0    |
|          | zext_ln700_43_fu_336 |    0    |    0    |
|          | zext_ln700_44_fu_348 |    0    |    0    |
|----------|----------------------|---------|---------|
|   Total  |                      |    0    |    87   |
|----------|----------------------|---------|---------|

Memories:
N/A

* Register list:
N/A

* Multiplexer (MUX) list: 
|--------|------|------|------|--------|
|  Comp  |  Pin | Size |  BW  | S x BW |
|--------|------|------|------|--------|
|  Total |      |      |      |    0   |
|--------|------|------|------|--------|



* Summary:
+-----------+--------+--------+
|           |   FF   |   LUT  |
+-----------+--------+--------+
|  Function |    0   |   87   |
|   Memory  |    -   |    -   |
|Multiplexer|    -   |    -   |
|  Register |    -   |    -   |
+-----------+--------+--------+
|   Total   |    0   |   87   |
+-----------+--------+--------+
