

================================================================
== Vivado HLS Report for 'result_write'
================================================================
* Date:           Wed Oct 16 15:54:47 2019

* Version:        2019.1 (Build 2552052 on Fri May 24 15:28:33 MDT 2019)
* Project:        tancoeff
* Solution:       tancoeff
* Product family: virtexuplus
* Target device:  xcvu9p-fsgd2104-2L-e


================================================================
== Performance Estimates
================================================================
+ Timing (ns): 
    * Summary: 
    +--------+-------+----------+------------+
    |  Clock | Target| Estimated| Uncertainty|
    +--------+-------+----------+------------+
    |ap_clk  |   3.33|     2.331|        0.90|
    +--------+-------+----------+------------+

+ Latency (clock cycles): 
    * Summary: 
    +-----+-----+-----+-----+---------+
    |  Latency  |  Interval | Pipeline|
    | min | max | min | max |   Type  |
    +-----+-----+-----+-----+---------+
    |    0|    0|    0|    0|   none  |
    +-----+-----+-----+-----+---------+

    + Detail: 
        * Instance: 
        N/A

        * Loop: 
        N/A

============================================================
+ Verbose Summary: Synthesis Manager
============================================================
InlineROM: 1
ExposeGlobal: 0
============================================================
+ Verbose Summary: CDFG Model
============================================================
IsTopModel: 0
ResetActiveHigh: 1
IsCombinational: 2
IsDatapathOnly: 0
HasWiredReturn: 1
HasMFsm: 0
HasVarLatency: 0
IsPipeline: 0
IsRtlPipelined: 0
IsInstanceOverlapped: 0
IsDontTouch: 0
HasImplIP: 0
IsGatedGlobalClock: 0


============================================================
+ Verbose Summary: Schedule
============================================================
* Number of FSM states : 1
* Pipeline : 0
* Dataflow Pipeline: 0

* FSM state transitions: 
1 --> 

* FSM state operations: 

State 1 <SV = 0> <Delay = 2.33>
ST_1 : Operation 2 [1/1] (0.00ns)   --->   "%result_local_63_read = call i1 @_ssdm_op_Read.ap_auto.i1(i1 %result_local_63_read_2)" [tancoeff/tancoeff/tancalc.cpp:103]   --->   Operation 2 'read' 'result_local_63_read' <Predicate = true> <Delay = 0.00>
ST_1 : Operation 3 [1/1] (0.00ns)   --->   "%result_local_62_read = call i1 @_ssdm_op_Read.ap_auto.i1(i1 %result_local_62_read_2)" [tancoeff/tancoeff/tancalc.cpp:103]   --->   Operation 3 'read' 'result_local_62_read' <Predicate = true> <Delay = 0.00>
ST_1 : Operation 4 [1/1] (0.00ns)   --->   "%result_local_61_read = call i1 @_ssdm_op_Read.ap_auto.i1(i1 %result_local_61_read_2)" [tancoeff/tancoeff/tancalc.cpp:103]   --->   Operation 4 'read' 'result_local_61_read' <Predicate = true> <Delay = 0.00>
ST_1 : Operation 5 [1/1] (0.00ns)   --->   "%result_local_60_read = call i1 @_ssdm_op_Read.ap_auto.i1(i1 %result_local_60_read_2)" [tancoeff/tancoeff/tancalc.cpp:103]   --->   Operation 5 'read' 'result_local_60_read' <Predicate = true> <Delay = 0.00>
ST_1 : Operation 6 [1/1] (0.00ns)   --->   "%result_local_59_read = call i1 @_ssdm_op_Read.ap_auto.i1(i1 %result_local_59_read_2)" [tancoeff/tancoeff/tancalc.cpp:103]   --->   Operation 6 'read' 'result_local_59_read' <Predicate = true> <Delay = 0.00>
ST_1 : Operation 7 [1/1] (0.00ns)   --->   "%result_local_58_read = call i1 @_ssdm_op_Read.ap_auto.i1(i1 %result_local_58_read_2)" [tancoeff/tancoeff/tancalc.cpp:103]   --->   Operation 7 'read' 'result_local_58_read' <Predicate = true> <Delay = 0.00>
ST_1 : Operation 8 [1/1] (0.00ns)   --->   "%result_local_57_read = call i1 @_ssdm_op_Read.ap_auto.i1(i1 %result_local_57_read_2)" [tancoeff/tancoeff/tancalc.cpp:103]   --->   Operation 8 'read' 'result_local_57_read' <Predicate = true> <Delay = 0.00>
ST_1 : Operation 9 [1/1] (0.00ns)   --->   "%result_local_56_read = call i1 @_ssdm_op_Read.ap_auto.i1(i1 %result_local_56_read_2)" [tancoeff/tancoeff/tancalc.cpp:103]   --->   Operation 9 'read' 'result_local_56_read' <Predicate = true> <Delay = 0.00>
ST_1 : Operation 10 [1/1] (0.00ns)   --->   "%result_local_55_read = call i1 @_ssdm_op_Read.ap_auto.i1(i1 %result_local_55_read_2)" [tancoeff/tancoeff/tancalc.cpp:103]   --->   Operation 10 'read' 'result_local_55_read' <Predicate = true> <Delay = 0.00>
ST_1 : Operation 11 [1/1] (0.00ns)   --->   "%result_local_54_read = call i1 @_ssdm_op_Read.ap_auto.i1(i1 %result_local_54_read_2)" [tancoeff/tancoeff/tancalc.cpp:103]   --->   Operation 11 'read' 'result_local_54_read' <Predicate = true> <Delay = 0.00>
ST_1 : Operation 12 [1/1] (0.00ns)   --->   "%result_local_53_read = call i1 @_ssdm_op_Read.ap_auto.i1(i1 %result_local_53_read_2)" [tancoeff/tancoeff/tancalc.cpp:103]   --->   Operation 12 'read' 'result_local_53_read' <Predicate = true> <Delay = 0.00>
ST_1 : Operation 13 [1/1] (0.00ns)   --->   "%result_local_52_read = call i1 @_ssdm_op_Read.ap_auto.i1(i1 %result_local_52_read_2)" [tancoeff/tancoeff/tancalc.cpp:103]   --->   Operation 13 'read' 'result_local_52_read' <Predicate = true> <Delay = 0.00>
ST_1 : Operation 14 [1/1] (0.00ns)   --->   "%result_local_51_read = call i1 @_ssdm_op_Read.ap_auto.i1(i1 %result_local_51_read_2)" [tancoeff/tancoeff/tancalc.cpp:103]   --->   Operation 14 'read' 'result_local_51_read' <Predicate = true> <Delay = 0.00>
ST_1 : Operation 15 [1/1] (0.00ns)   --->   "%result_local_50_read = call i1 @_ssdm_op_Read.ap_auto.i1(i1 %result_local_50_read_2)" [tancoeff/tancoeff/tancalc.cpp:103]   --->   Operation 15 'read' 'result_local_50_read' <Predicate = true> <Delay = 0.00>
ST_1 : Operation 16 [1/1] (0.00ns)   --->   "%result_local_49_read = call i1 @_ssdm_op_Read.ap_auto.i1(i1 %result_local_49_read_2)" [tancoeff/tancoeff/tancalc.cpp:103]   --->   Operation 16 'read' 'result_local_49_read' <Predicate = true> <Delay = 0.00>
ST_1 : Operation 17 [1/1] (0.00ns)   --->   "%result_local_48_read = call i1 @_ssdm_op_Read.ap_auto.i1(i1 %result_local_48_read_2)" [tancoeff/tancoeff/tancalc.cpp:103]   --->   Operation 17 'read' 'result_local_48_read' <Predicate = true> <Delay = 0.00>
ST_1 : Operation 18 [1/1] (0.00ns)   --->   "%result_local_47_read = call i1 @_ssdm_op_Read.ap_auto.i1(i1 %result_local_47_read_2)" [tancoeff/tancoeff/tancalc.cpp:103]   --->   Operation 18 'read' 'result_local_47_read' <Predicate = true> <Delay = 0.00>
ST_1 : Operation 19 [1/1] (0.00ns)   --->   "%result_local_46_read = call i1 @_ssdm_op_Read.ap_auto.i1(i1 %result_local_46_read_2)" [tancoeff/tancoeff/tancalc.cpp:103]   --->   Operation 19 'read' 'result_local_46_read' <Predicate = true> <Delay = 0.00>
ST_1 : Operation 20 [1/1] (0.00ns)   --->   "%result_local_45_read = call i1 @_ssdm_op_Read.ap_auto.i1(i1 %result_local_45_read_2)" [tancoeff/tancoeff/tancalc.cpp:103]   --->   Operation 20 'read' 'result_local_45_read' <Predicate = true> <Delay = 0.00>
ST_1 : Operation 21 [1/1] (0.00ns)   --->   "%result_local_44_read = call i1 @_ssdm_op_Read.ap_auto.i1(i1 %result_local_44_read_2)" [tancoeff/tancoeff/tancalc.cpp:103]   --->   Operation 21 'read' 'result_local_44_read' <Predicate = true> <Delay = 0.00>
ST_1 : Operation 22 [1/1] (0.00ns)   --->   "%result_local_43_read = call i1 @_ssdm_op_Read.ap_auto.i1(i1 %result_local_43_read_2)" [tancoeff/tancoeff/tancalc.cpp:103]   --->   Operation 22 'read' 'result_local_43_read' <Predicate = true> <Delay = 0.00>
ST_1 : Operation 23 [1/1] (0.00ns)   --->   "%result_local_42_read = call i1 @_ssdm_op_Read.ap_auto.i1(i1 %result_local_42_read_2)" [tancoeff/tancoeff/tancalc.cpp:103]   --->   Operation 23 'read' 'result_local_42_read' <Predicate = true> <Delay = 0.00>
ST_1 : Operation 24 [1/1] (0.00ns)   --->   "%result_local_41_read = call i1 @_ssdm_op_Read.ap_auto.i1(i1 %result_local_41_read_2)" [tancoeff/tancoeff/tancalc.cpp:103]   --->   Operation 24 'read' 'result_local_41_read' <Predicate = true> <Delay = 0.00>
ST_1 : Operation 25 [1/1] (0.00ns)   --->   "%result_local_40_read = call i1 @_ssdm_op_Read.ap_auto.i1(i1 %result_local_40_read_2)" [tancoeff/tancoeff/tancalc.cpp:103]   --->   Operation 25 'read' 'result_local_40_read' <Predicate = true> <Delay = 0.00>
ST_1 : Operation 26 [1/1] (0.00ns)   --->   "%result_local_39_read = call i1 @_ssdm_op_Read.ap_auto.i1(i1 %result_local_39_read_2)" [tancoeff/tancoeff/tancalc.cpp:103]   --->   Operation 26 'read' 'result_local_39_read' <Predicate = true> <Delay = 0.00>
ST_1 : Operation 27 [1/1] (0.00ns)   --->   "%result_local_38_read = call i1 @_ssdm_op_Read.ap_auto.i1(i1 %result_local_38_read_2)" [tancoeff/tancoeff/tancalc.cpp:103]   --->   Operation 27 'read' 'result_local_38_read' <Predicate = true> <Delay = 0.00>
ST_1 : Operation 28 [1/1] (0.00ns)   --->   "%result_local_37_read = call i1 @_ssdm_op_Read.ap_auto.i1(i1 %result_local_37_read_2)" [tancoeff/tancoeff/tancalc.cpp:103]   --->   Operation 28 'read' 'result_local_37_read' <Predicate = true> <Delay = 0.00>
ST_1 : Operation 29 [1/1] (0.00ns)   --->   "%result_local_36_read = call i1 @_ssdm_op_Read.ap_auto.i1(i1 %result_local_36_read_2)" [tancoeff/tancoeff/tancalc.cpp:103]   --->   Operation 29 'read' 'result_local_36_read' <Predicate = true> <Delay = 0.00>
ST_1 : Operation 30 [1/1] (0.00ns)   --->   "%result_local_35_read = call i1 @_ssdm_op_Read.ap_auto.i1(i1 %result_local_35_read_2)" [tancoeff/tancoeff/tancalc.cpp:103]   --->   Operation 30 'read' 'result_local_35_read' <Predicate = true> <Delay = 0.00>
ST_1 : Operation 31 [1/1] (0.00ns)   --->   "%result_local_34_read = call i1 @_ssdm_op_Read.ap_auto.i1(i1 %result_local_34_read_2)" [tancoeff/tancoeff/tancalc.cpp:103]   --->   Operation 31 'read' 'result_local_34_read' <Predicate = true> <Delay = 0.00>
ST_1 : Operation 32 [1/1] (0.00ns)   --->   "%result_local_33_read = call i1 @_ssdm_op_Read.ap_auto.i1(i1 %result_local_33_read_2)" [tancoeff/tancoeff/tancalc.cpp:103]   --->   Operation 32 'read' 'result_local_33_read' <Predicate = true> <Delay = 0.00>
ST_1 : Operation 33 [1/1] (0.00ns)   --->   "%result_local_32_read = call i1 @_ssdm_op_Read.ap_auto.i1(i1 %result_local_32_read_2)" [tancoeff/tancoeff/tancalc.cpp:103]   --->   Operation 33 'read' 'result_local_32_read' <Predicate = true> <Delay = 0.00>
ST_1 : Operation 34 [1/1] (0.00ns)   --->   "%result_local_31_read = call i1 @_ssdm_op_Read.ap_auto.i1(i1 %result_local_31_read_2)" [tancoeff/tancoeff/tancalc.cpp:103]   --->   Operation 34 'read' 'result_local_31_read' <Predicate = true> <Delay = 0.00>
ST_1 : Operation 35 [1/1] (0.00ns)   --->   "%result_local_30_read = call i1 @_ssdm_op_Read.ap_auto.i1(i1 %result_local_30_read_2)" [tancoeff/tancoeff/tancalc.cpp:103]   --->   Operation 35 'read' 'result_local_30_read' <Predicate = true> <Delay = 0.00>
ST_1 : Operation 36 [1/1] (0.00ns)   --->   "%result_local_29_read = call i1 @_ssdm_op_Read.ap_auto.i1(i1 %result_local_29_read_2)" [tancoeff/tancoeff/tancalc.cpp:103]   --->   Operation 36 'read' 'result_local_29_read' <Predicate = true> <Delay = 0.00>
ST_1 : Operation 37 [1/1] (0.00ns)   --->   "%result_local_28_read = call i1 @_ssdm_op_Read.ap_auto.i1(i1 %result_local_28_read_2)" [tancoeff/tancoeff/tancalc.cpp:103]   --->   Operation 37 'read' 'result_local_28_read' <Predicate = true> <Delay = 0.00>
ST_1 : Operation 38 [1/1] (0.00ns)   --->   "%result_local_27_read = call i1 @_ssdm_op_Read.ap_auto.i1(i1 %result_local_27_read_2)" [tancoeff/tancoeff/tancalc.cpp:103]   --->   Operation 38 'read' 'result_local_27_read' <Predicate = true> <Delay = 0.00>
ST_1 : Operation 39 [1/1] (0.00ns)   --->   "%result_local_26_read = call i1 @_ssdm_op_Read.ap_auto.i1(i1 %result_local_26_read_2)" [tancoeff/tancoeff/tancalc.cpp:103]   --->   Operation 39 'read' 'result_local_26_read' <Predicate = true> <Delay = 0.00>
ST_1 : Operation 40 [1/1] (0.00ns)   --->   "%result_local_25_read = call i1 @_ssdm_op_Read.ap_auto.i1(i1 %result_local_25_read_2)" [tancoeff/tancoeff/tancalc.cpp:103]   --->   Operation 40 'read' 'result_local_25_read' <Predicate = true> <Delay = 0.00>
ST_1 : Operation 41 [1/1] (0.00ns)   --->   "%result_local_24_read = call i1 @_ssdm_op_Read.ap_auto.i1(i1 %result_local_24_read_2)" [tancoeff/tancoeff/tancalc.cpp:103]   --->   Operation 41 'read' 'result_local_24_read' <Predicate = true> <Delay = 0.00>
ST_1 : Operation 42 [1/1] (0.00ns)   --->   "%result_local_23_read = call i1 @_ssdm_op_Read.ap_auto.i1(i1 %result_local_23_read_2)" [tancoeff/tancoeff/tancalc.cpp:103]   --->   Operation 42 'read' 'result_local_23_read' <Predicate = true> <Delay = 0.00>
ST_1 : Operation 43 [1/1] (0.00ns)   --->   "%result_local_22_read = call i1 @_ssdm_op_Read.ap_auto.i1(i1 %result_local_22_read_2)" [tancoeff/tancoeff/tancalc.cpp:103]   --->   Operation 43 'read' 'result_local_22_read' <Predicate = true> <Delay = 0.00>
ST_1 : Operation 44 [1/1] (0.00ns)   --->   "%result_local_21_read = call i1 @_ssdm_op_Read.ap_auto.i1(i1 %result_local_21_read_2)" [tancoeff/tancoeff/tancalc.cpp:103]   --->   Operation 44 'read' 'result_local_21_read' <Predicate = true> <Delay = 0.00>
ST_1 : Operation 45 [1/1] (0.00ns)   --->   "%result_local_20_read = call i1 @_ssdm_op_Read.ap_auto.i1(i1 %result_local_20_read_2)" [tancoeff/tancoeff/tancalc.cpp:103]   --->   Operation 45 'read' 'result_local_20_read' <Predicate = true> <Delay = 0.00>
ST_1 : Operation 46 [1/1] (0.00ns)   --->   "%result_local_19_read = call i1 @_ssdm_op_Read.ap_auto.i1(i1 %result_local_19_read_2)" [tancoeff/tancoeff/tancalc.cpp:103]   --->   Operation 46 'read' 'result_local_19_read' <Predicate = true> <Delay = 0.00>
ST_1 : Operation 47 [1/1] (0.00ns)   --->   "%result_local_18_read = call i1 @_ssdm_op_Read.ap_auto.i1(i1 %result_local_18_read_2)" [tancoeff/tancoeff/tancalc.cpp:103]   --->   Operation 47 'read' 'result_local_18_read' <Predicate = true> <Delay = 0.00>
ST_1 : Operation 48 [1/1] (0.00ns)   --->   "%result_local_17_read = call i1 @_ssdm_op_Read.ap_auto.i1(i1 %result_local_17_read_2)" [tancoeff/tancoeff/tancalc.cpp:103]   --->   Operation 48 'read' 'result_local_17_read' <Predicate = true> <Delay = 0.00>
ST_1 : Operation 49 [1/1] (0.00ns)   --->   "%result_local_16_read = call i1 @_ssdm_op_Read.ap_auto.i1(i1 %result_local_16_read_2)" [tancoeff/tancoeff/tancalc.cpp:103]   --->   Operation 49 'read' 'result_local_16_read' <Predicate = true> <Delay = 0.00>
ST_1 : Operation 50 [1/1] (0.00ns)   --->   "%result_local_15_read = call i1 @_ssdm_op_Read.ap_auto.i1(i1 %result_local_15_read_2)" [tancoeff/tancoeff/tancalc.cpp:103]   --->   Operation 50 'read' 'result_local_15_read' <Predicate = true> <Delay = 0.00>
ST_1 : Operation 51 [1/1] (0.00ns)   --->   "%result_local_14_read = call i1 @_ssdm_op_Read.ap_auto.i1(i1 %result_local_14_read_2)" [tancoeff/tancoeff/tancalc.cpp:103]   --->   Operation 51 'read' 'result_local_14_read' <Predicate = true> <Delay = 0.00>
ST_1 : Operation 52 [1/1] (0.00ns)   --->   "%result_local_13_read = call i1 @_ssdm_op_Read.ap_auto.i1(i1 %result_local_13_read_2)" [tancoeff/tancoeff/tancalc.cpp:103]   --->   Operation 52 'read' 'result_local_13_read' <Predicate = true> <Delay = 0.00>
ST_1 : Operation 53 [1/1] (0.00ns)   --->   "%result_local_12_read = call i1 @_ssdm_op_Read.ap_auto.i1(i1 %result_local_12_read_2)" [tancoeff/tancoeff/tancalc.cpp:103]   --->   Operation 53 'read' 'result_local_12_read' <Predicate = true> <Delay = 0.00>
ST_1 : Operation 54 [1/1] (0.00ns)   --->   "%result_local_11_read = call i1 @_ssdm_op_Read.ap_auto.i1(i1 %result_local_11_read_2)" [tancoeff/tancoeff/tancalc.cpp:103]   --->   Operation 54 'read' 'result_local_11_read' <Predicate = true> <Delay = 0.00>
ST_1 : Operation 55 [1/1] (0.00ns)   --->   "%result_local_10_read = call i1 @_ssdm_op_Read.ap_auto.i1(i1 %result_local_10_read_2)" [tancoeff/tancoeff/tancalc.cpp:103]   --->   Operation 55 'read' 'result_local_10_read' <Predicate = true> <Delay = 0.00>
ST_1 : Operation 56 [1/1] (0.00ns)   --->   "%result_local_9_read = call i1 @_ssdm_op_Read.ap_auto.i1(i1 %result_local_9_read_2)" [tancoeff/tancoeff/tancalc.cpp:103]   --->   Operation 56 'read' 'result_local_9_read' <Predicate = true> <Delay = 0.00>
ST_1 : Operation 57 [1/1] (0.00ns)   --->   "%result_local_8_read = call i1 @_ssdm_op_Read.ap_auto.i1(i1 %result_local_8_read_2)" [tancoeff/tancoeff/tancalc.cpp:103]   --->   Operation 57 'read' 'result_local_8_read' <Predicate = true> <Delay = 0.00>
ST_1 : Operation 58 [1/1] (0.00ns)   --->   "%result_local_7_read = call i1 @_ssdm_op_Read.ap_auto.i1(i1 %result_local_7_read_2)" [tancoeff/tancoeff/tancalc.cpp:103]   --->   Operation 58 'read' 'result_local_7_read' <Predicate = true> <Delay = 0.00>
ST_1 : Operation 59 [1/1] (0.00ns)   --->   "%result_local_6_read = call i1 @_ssdm_op_Read.ap_auto.i1(i1 %result_local_6_read_2)" [tancoeff/tancoeff/tancalc.cpp:103]   --->   Operation 59 'read' 'result_local_6_read' <Predicate = true> <Delay = 0.00>
ST_1 : Operation 60 [1/1] (0.00ns)   --->   "%result_local_5_read = call i1 @_ssdm_op_Read.ap_auto.i1(i1 %result_local_5_read_2)" [tancoeff/tancoeff/tancalc.cpp:103]   --->   Operation 60 'read' 'result_local_5_read' <Predicate = true> <Delay = 0.00>
ST_1 : Operation 61 [1/1] (0.00ns)   --->   "%result_local_4_read = call i1 @_ssdm_op_Read.ap_auto.i1(i1 %result_local_4_read_2)" [tancoeff/tancoeff/tancalc.cpp:103]   --->   Operation 61 'read' 'result_local_4_read' <Predicate = true> <Delay = 0.00>
ST_1 : Operation 62 [1/1] (0.00ns)   --->   "%result_local_3_read = call i1 @_ssdm_op_Read.ap_auto.i1(i1 %result_local_3_read_2)" [tancoeff/tancoeff/tancalc.cpp:103]   --->   Operation 62 'read' 'result_local_3_read' <Predicate = true> <Delay = 0.00>
ST_1 : Operation 63 [1/1] (0.00ns)   --->   "%result_local_2_read = call i1 @_ssdm_op_Read.ap_auto.i1(i1 %result_local_2_read_2)" [tancoeff/tancoeff/tancalc.cpp:103]   --->   Operation 63 'read' 'result_local_2_read' <Predicate = true> <Delay = 0.00>
ST_1 : Operation 64 [1/1] (0.00ns)   --->   "%result_local_1_read = call i1 @_ssdm_op_Read.ap_auto.i1(i1 %result_local_1_read_2)" [tancoeff/tancoeff/tancalc.cpp:103]   --->   Operation 64 'read' 'result_local_1_read' <Predicate = true> <Delay = 0.00>
ST_1 : Operation 65 [1/1] (0.00ns)   --->   "%result_local_0_read = call i1 @_ssdm_op_Read.ap_auto.i1(i1 %result_local_0_read_2)" [tancoeff/tancoeff/tancalc.cpp:103]   --->   Operation 65 'read' 'result_local_0_read' <Predicate = true> <Delay = 0.00>
ST_1 : Operation 66 [1/1] (0.00ns)   --->   "%result_read = call i32 @_ssdm_op_Read.ap_auto.i32P(i32* %result)" [tancoeff/tancoeff/tancalc.cpp:103]   --->   Operation 66 'read' 'result_read' <Predicate = true> <Delay = 0.00>
ST_1 : Operation 67 [1/1] (0.00ns)   --->   "%zext_ln68 = zext i1 %result_local_0_read to i32" [tancoeff/tancoeff/tancalc.cpp:68->tancoeff/tancoeff/tancalc.cpp:103]   --->   Operation 67 'zext' 'zext_ln68' <Predicate = true> <Delay = 0.00>
ST_1 : Operation 68 [1/1] (0.00ns)   --->   "%zext_ln68_1 = zext i1 %result_local_1_read to i2" [tancoeff/tancoeff/tancalc.cpp:68->tancoeff/tancoeff/tancalc.cpp:103]   --->   Operation 68 'zext' 'zext_ln68_1' <Predicate = true> <Delay = 0.00>
ST_1 : Operation 69 [1/1] (0.00ns)   --->   "%zext_ln68_2 = zext i1 %result_local_2_read to i2" [tancoeff/tancoeff/tancalc.cpp:68->tancoeff/tancoeff/tancalc.cpp:103]   --->   Operation 69 'zext' 'zext_ln68_2' <Predicate = true> <Delay = 0.00>
ST_1 : Operation 70 [1/1] (0.00ns)   --->   "%zext_ln68_3 = zext i1 %result_local_3_read to i2" [tancoeff/tancoeff/tancalc.cpp:68->tancoeff/tancoeff/tancalc.cpp:103]   --->   Operation 70 'zext' 'zext_ln68_3' <Predicate = true> <Delay = 0.00>
ST_1 : Operation 71 [1/1] (0.00ns)   --->   "%zext_ln68_4 = zext i1 %result_local_4_read to i2" [tancoeff/tancoeff/tancalc.cpp:68->tancoeff/tancoeff/tancalc.cpp:103]   --->   Operation 71 'zext' 'zext_ln68_4' <Predicate = true> <Delay = 0.00>
ST_1 : Operation 72 [1/1] (0.00ns)   --->   "%zext_ln68_5 = zext i1 %result_local_5_read to i2" [tancoeff/tancoeff/tancalc.cpp:68->tancoeff/tancoeff/tancalc.cpp:103]   --->   Operation 72 'zext' 'zext_ln68_5' <Predicate = true> <Delay = 0.00>
ST_1 : Operation 73 [1/1] (0.00ns)   --->   "%zext_ln68_6 = zext i1 %result_local_6_read to i2" [tancoeff/tancoeff/tancalc.cpp:68->tancoeff/tancoeff/tancalc.cpp:103]   --->   Operation 73 'zext' 'zext_ln68_6' <Predicate = true> <Delay = 0.00>
ST_1 : Operation 74 [1/1] (0.00ns)   --->   "%zext_ln68_7 = zext i1 %result_local_7_read to i2" [tancoeff/tancoeff/tancalc.cpp:68->tancoeff/tancoeff/tancalc.cpp:103]   --->   Operation 74 'zext' 'zext_ln68_7' <Predicate = true> <Delay = 0.00>
ST_1 : Operation 75 [1/1] (0.00ns)   --->   "%zext_ln68_8 = zext i1 %result_local_8_read to i2" [tancoeff/tancoeff/tancalc.cpp:68->tancoeff/tancoeff/tancalc.cpp:103]   --->   Operation 75 'zext' 'zext_ln68_8' <Predicate = true> <Delay = 0.00>
ST_1 : Operation 76 [1/1] (0.00ns)   --->   "%zext_ln68_9 = zext i1 %result_local_9_read to i2" [tancoeff/tancoeff/tancalc.cpp:68->tancoeff/tancoeff/tancalc.cpp:103]   --->   Operation 76 'zext' 'zext_ln68_9' <Predicate = true> <Delay = 0.00>
ST_1 : Operation 77 [1/1] (0.00ns)   --->   "%zext_ln68_10 = zext i1 %result_local_10_read to i2" [tancoeff/tancoeff/tancalc.cpp:68->tancoeff/tancoeff/tancalc.cpp:103]   --->   Operation 77 'zext' 'zext_ln68_10' <Predicate = true> <Delay = 0.00>
ST_1 : Operation 78 [1/1] (0.00ns)   --->   "%zext_ln68_11 = zext i1 %result_local_11_read to i2" [tancoeff/tancoeff/tancalc.cpp:68->tancoeff/tancoeff/tancalc.cpp:103]   --->   Operation 78 'zext' 'zext_ln68_11' <Predicate = true> <Delay = 0.00>
ST_1 : Operation 79 [1/1] (0.00ns)   --->   "%zext_ln68_12 = zext i1 %result_local_12_read to i2" [tancoeff/tancoeff/tancalc.cpp:68->tancoeff/tancoeff/tancalc.cpp:103]   --->   Operation 79 'zext' 'zext_ln68_12' <Predicate = true> <Delay = 0.00>
ST_1 : Operation 80 [1/1] (0.00ns)   --->   "%zext_ln68_13 = zext i1 %result_local_13_read to i2" [tancoeff/tancoeff/tancalc.cpp:68->tancoeff/tancoeff/tancalc.cpp:103]   --->   Operation 80 'zext' 'zext_ln68_13' <Predicate = true> <Delay = 0.00>
ST_1 : Operation 81 [1/1] (0.00ns)   --->   "%zext_ln68_14 = zext i1 %result_local_14_read to i2" [tancoeff/tancoeff/tancalc.cpp:68->tancoeff/tancoeff/tancalc.cpp:103]   --->   Operation 81 'zext' 'zext_ln68_14' <Predicate = true> <Delay = 0.00>
ST_1 : Operation 82 [1/1] (0.00ns)   --->   "%zext_ln68_15 = zext i1 %result_local_15_read to i2" [tancoeff/tancoeff/tancalc.cpp:68->tancoeff/tancoeff/tancalc.cpp:103]   --->   Operation 82 'zext' 'zext_ln68_15' <Predicate = true> <Delay = 0.00>
ST_1 : Operation 83 [1/1] (0.00ns)   --->   "%zext_ln68_16 = zext i1 %result_local_16_read to i2" [tancoeff/tancoeff/tancalc.cpp:68->tancoeff/tancoeff/tancalc.cpp:103]   --->   Operation 83 'zext' 'zext_ln68_16' <Predicate = true> <Delay = 0.00>
ST_1 : Operation 84 [1/1] (0.00ns)   --->   "%zext_ln68_17 = zext i1 %result_local_17_read to i2" [tancoeff/tancoeff/tancalc.cpp:68->tancoeff/tancoeff/tancalc.cpp:103]   --->   Operation 84 'zext' 'zext_ln68_17' <Predicate = true> <Delay = 0.00>
ST_1 : Operation 85 [1/1] (0.00ns)   --->   "%zext_ln68_18 = zext i1 %result_local_18_read to i2" [tancoeff/tancoeff/tancalc.cpp:68->tancoeff/tancoeff/tancalc.cpp:103]   --->   Operation 85 'zext' 'zext_ln68_18' <Predicate = true> <Delay = 0.00>
ST_1 : Operation 86 [1/1] (0.00ns)   --->   "%zext_ln68_19 = zext i1 %result_local_19_read to i2" [tancoeff/tancoeff/tancalc.cpp:68->tancoeff/tancoeff/tancalc.cpp:103]   --->   Operation 86 'zext' 'zext_ln68_19' <Predicate = true> <Delay = 0.00>
ST_1 : Operation 87 [1/1] (0.00ns)   --->   "%zext_ln68_20 = zext i1 %result_local_20_read to i2" [tancoeff/tancoeff/tancalc.cpp:68->tancoeff/tancoeff/tancalc.cpp:103]   --->   Operation 87 'zext' 'zext_ln68_20' <Predicate = true> <Delay = 0.00>
ST_1 : Operation 88 [1/1] (0.00ns)   --->   "%zext_ln68_21 = zext i1 %result_local_21_read to i2" [tancoeff/tancoeff/tancalc.cpp:68->tancoeff/tancoeff/tancalc.cpp:103]   --->   Operation 88 'zext' 'zext_ln68_21' <Predicate = true> <Delay = 0.00>
ST_1 : Operation 89 [1/1] (0.00ns)   --->   "%zext_ln68_22 = zext i1 %result_local_22_read to i2" [tancoeff/tancoeff/tancalc.cpp:68->tancoeff/tancoeff/tancalc.cpp:103]   --->   Operation 89 'zext' 'zext_ln68_22' <Predicate = true> <Delay = 0.00>
ST_1 : Operation 90 [1/1] (0.00ns)   --->   "%zext_ln68_23 = zext i1 %result_local_23_read to i2" [tancoeff/tancoeff/tancalc.cpp:68->tancoeff/tancoeff/tancalc.cpp:103]   --->   Operation 90 'zext' 'zext_ln68_23' <Predicate = true> <Delay = 0.00>
ST_1 : Operation 91 [1/1] (0.00ns)   --->   "%zext_ln68_24 = zext i1 %result_local_24_read to i2" [tancoeff/tancoeff/tancalc.cpp:68->tancoeff/tancoeff/tancalc.cpp:103]   --->   Operation 91 'zext' 'zext_ln68_24' <Predicate = true> <Delay = 0.00>
ST_1 : Operation 92 [1/1] (0.00ns)   --->   "%zext_ln68_25 = zext i1 %result_local_25_read to i2" [tancoeff/tancoeff/tancalc.cpp:68->tancoeff/tancoeff/tancalc.cpp:103]   --->   Operation 92 'zext' 'zext_ln68_25' <Predicate = true> <Delay = 0.00>
ST_1 : Operation 93 [1/1] (0.00ns)   --->   "%zext_ln68_26 = zext i1 %result_local_26_read to i2" [tancoeff/tancoeff/tancalc.cpp:68->tancoeff/tancoeff/tancalc.cpp:103]   --->   Operation 93 'zext' 'zext_ln68_26' <Predicate = true> <Delay = 0.00>
ST_1 : Operation 94 [1/1] (0.00ns)   --->   "%zext_ln68_27 = zext i1 %result_local_27_read to i2" [tancoeff/tancoeff/tancalc.cpp:68->tancoeff/tancoeff/tancalc.cpp:103]   --->   Operation 94 'zext' 'zext_ln68_27' <Predicate = true> <Delay = 0.00>
ST_1 : Operation 95 [1/1] (0.00ns)   --->   "%zext_ln68_28 = zext i1 %result_local_28_read to i2" [tancoeff/tancoeff/tancalc.cpp:68->tancoeff/tancoeff/tancalc.cpp:103]   --->   Operation 95 'zext' 'zext_ln68_28' <Predicate = true> <Delay = 0.00>
ST_1 : Operation 96 [1/1] (0.00ns)   --->   "%zext_ln68_29 = zext i1 %result_local_29_read to i2" [tancoeff/tancoeff/tancalc.cpp:68->tancoeff/tancoeff/tancalc.cpp:103]   --->   Operation 96 'zext' 'zext_ln68_29' <Predicate = true> <Delay = 0.00>
ST_1 : Operation 97 [1/1] (0.00ns)   --->   "%zext_ln68_30 = zext i1 %result_local_30_read to i2" [tancoeff/tancoeff/tancalc.cpp:68->tancoeff/tancoeff/tancalc.cpp:103]   --->   Operation 97 'zext' 'zext_ln68_30' <Predicate = true> <Delay = 0.00>
ST_1 : Operation 98 [1/1] (0.00ns)   --->   "%zext_ln68_31 = zext i1 %result_local_31_read to i2" [tancoeff/tancoeff/tancalc.cpp:68->tancoeff/tancoeff/tancalc.cpp:103]   --->   Operation 98 'zext' 'zext_ln68_31' <Predicate = true> <Delay = 0.00>
ST_1 : Operation 99 [1/1] (0.00ns)   --->   "%zext_ln68_32 = zext i1 %result_local_32_read to i2" [tancoeff/tancoeff/tancalc.cpp:68->tancoeff/tancoeff/tancalc.cpp:103]   --->   Operation 99 'zext' 'zext_ln68_32' <Predicate = true> <Delay = 0.00>
ST_1 : Operation 100 [1/1] (0.00ns)   --->   "%zext_ln68_33 = zext i1 %result_local_33_read to i2" [tancoeff/tancoeff/tancalc.cpp:68->tancoeff/tancoeff/tancalc.cpp:103]   --->   Operation 100 'zext' 'zext_ln68_33' <Predicate = true> <Delay = 0.00>
ST_1 : Operation 101 [1/1] (0.00ns)   --->   "%zext_ln68_34 = zext i1 %result_local_34_read to i2" [tancoeff/tancoeff/tancalc.cpp:68->tancoeff/tancoeff/tancalc.cpp:103]   --->   Operation 101 'zext' 'zext_ln68_34' <Predicate = true> <Delay = 0.00>
ST_1 : Operation 102 [1/1] (0.00ns)   --->   "%zext_ln68_35 = zext i1 %result_local_35_read to i2" [tancoeff/tancoeff/tancalc.cpp:68->tancoeff/tancoeff/tancalc.cpp:103]   --->   Operation 102 'zext' 'zext_ln68_35' <Predicate = true> <Delay = 0.00>
ST_1 : Operation 103 [1/1] (0.00ns)   --->   "%zext_ln68_36 = zext i1 %result_local_36_read to i2" [tancoeff/tancoeff/tancalc.cpp:68->tancoeff/tancoeff/tancalc.cpp:103]   --->   Operation 103 'zext' 'zext_ln68_36' <Predicate = true> <Delay = 0.00>
ST_1 : Operation 104 [1/1] (0.00ns)   --->   "%zext_ln68_37 = zext i1 %result_local_37_read to i2" [tancoeff/tancoeff/tancalc.cpp:68->tancoeff/tancoeff/tancalc.cpp:103]   --->   Operation 104 'zext' 'zext_ln68_37' <Predicate = true> <Delay = 0.00>
ST_1 : Operation 105 [1/1] (0.00ns)   --->   "%zext_ln68_38 = zext i1 %result_local_38_read to i2" [tancoeff/tancoeff/tancalc.cpp:68->tancoeff/tancoeff/tancalc.cpp:103]   --->   Operation 105 'zext' 'zext_ln68_38' <Predicate = true> <Delay = 0.00>
ST_1 : Operation 106 [1/1] (0.00ns)   --->   "%zext_ln68_39 = zext i1 %result_local_39_read to i2" [tancoeff/tancoeff/tancalc.cpp:68->tancoeff/tancoeff/tancalc.cpp:103]   --->   Operation 106 'zext' 'zext_ln68_39' <Predicate = true> <Delay = 0.00>
ST_1 : Operation 107 [1/1] (0.00ns)   --->   "%zext_ln68_40 = zext i1 %result_local_40_read to i2" [tancoeff/tancoeff/tancalc.cpp:68->tancoeff/tancoeff/tancalc.cpp:103]   --->   Operation 107 'zext' 'zext_ln68_40' <Predicate = true> <Delay = 0.00>
ST_1 : Operation 108 [1/1] (0.00ns)   --->   "%zext_ln68_41 = zext i1 %result_local_41_read to i2" [tancoeff/tancoeff/tancalc.cpp:68->tancoeff/tancoeff/tancalc.cpp:103]   --->   Operation 108 'zext' 'zext_ln68_41' <Predicate = true> <Delay = 0.00>
ST_1 : Operation 109 [1/1] (0.00ns)   --->   "%zext_ln68_42 = zext i1 %result_local_42_read to i2" [tancoeff/tancoeff/tancalc.cpp:68->tancoeff/tancoeff/tancalc.cpp:103]   --->   Operation 109 'zext' 'zext_ln68_42' <Predicate = true> <Delay = 0.00>
ST_1 : Operation 110 [1/1] (0.00ns)   --->   "%zext_ln68_43 = zext i1 %result_local_43_read to i2" [tancoeff/tancoeff/tancalc.cpp:68->tancoeff/tancoeff/tancalc.cpp:103]   --->   Operation 110 'zext' 'zext_ln68_43' <Predicate = true> <Delay = 0.00>
ST_1 : Operation 111 [1/1] (0.00ns)   --->   "%zext_ln68_44 = zext i1 %result_local_44_read to i2" [tancoeff/tancoeff/tancalc.cpp:68->tancoeff/tancoeff/tancalc.cpp:103]   --->   Operation 111 'zext' 'zext_ln68_44' <Predicate = true> <Delay = 0.00>
ST_1 : Operation 112 [1/1] (0.00ns)   --->   "%zext_ln68_45 = zext i1 %result_local_45_read to i2" [tancoeff/tancoeff/tancalc.cpp:68->tancoeff/tancoeff/tancalc.cpp:103]   --->   Operation 112 'zext' 'zext_ln68_45' <Predicate = true> <Delay = 0.00>
ST_1 : Operation 113 [1/1] (0.00ns)   --->   "%zext_ln68_46 = zext i1 %result_local_46_read to i2" [tancoeff/tancoeff/tancalc.cpp:68->tancoeff/tancoeff/tancalc.cpp:103]   --->   Operation 113 'zext' 'zext_ln68_46' <Predicate = true> <Delay = 0.00>
ST_1 : Operation 114 [1/1] (0.00ns)   --->   "%zext_ln68_47 = zext i1 %result_local_47_read to i2" [tancoeff/tancoeff/tancalc.cpp:68->tancoeff/tancoeff/tancalc.cpp:103]   --->   Operation 114 'zext' 'zext_ln68_47' <Predicate = true> <Delay = 0.00>
ST_1 : Operation 115 [1/1] (0.00ns)   --->   "%zext_ln68_48 = zext i1 %result_local_48_read to i2" [tancoeff/tancoeff/tancalc.cpp:68->tancoeff/tancoeff/tancalc.cpp:103]   --->   Operation 115 'zext' 'zext_ln68_48' <Predicate = true> <Delay = 0.00>
ST_1 : Operation 116 [1/1] (0.00ns)   --->   "%zext_ln68_49 = zext i1 %result_local_49_read to i2" [tancoeff/tancoeff/tancalc.cpp:68->tancoeff/tancoeff/tancalc.cpp:103]   --->   Operation 116 'zext' 'zext_ln68_49' <Predicate = true> <Delay = 0.00>
ST_1 : Operation 117 [1/1] (0.00ns)   --->   "%zext_ln68_50 = zext i1 %result_local_50_read to i2" [tancoeff/tancoeff/tancalc.cpp:68->tancoeff/tancoeff/tancalc.cpp:103]   --->   Operation 117 'zext' 'zext_ln68_50' <Predicate = true> <Delay = 0.00>
ST_1 : Operation 118 [1/1] (0.00ns)   --->   "%zext_ln68_51 = zext i1 %result_local_51_read to i2" [tancoeff/tancoeff/tancalc.cpp:68->tancoeff/tancoeff/tancalc.cpp:103]   --->   Operation 118 'zext' 'zext_ln68_51' <Predicate = true> <Delay = 0.00>
ST_1 : Operation 119 [1/1] (0.00ns)   --->   "%zext_ln68_52 = zext i1 %result_local_52_read to i2" [tancoeff/tancoeff/tancalc.cpp:68->tancoeff/tancoeff/tancalc.cpp:103]   --->   Operation 119 'zext' 'zext_ln68_52' <Predicate = true> <Delay = 0.00>
ST_1 : Operation 120 [1/1] (0.00ns)   --->   "%zext_ln68_53 = zext i1 %result_local_53_read to i2" [tancoeff/tancoeff/tancalc.cpp:68->tancoeff/tancoeff/tancalc.cpp:103]   --->   Operation 120 'zext' 'zext_ln68_53' <Predicate = true> <Delay = 0.00>
ST_1 : Operation 121 [1/1] (0.00ns)   --->   "%zext_ln68_54 = zext i1 %result_local_54_read to i2" [tancoeff/tancoeff/tancalc.cpp:68->tancoeff/tancoeff/tancalc.cpp:103]   --->   Operation 121 'zext' 'zext_ln68_54' <Predicate = true> <Delay = 0.00>
ST_1 : Operation 122 [1/1] (0.00ns)   --->   "%zext_ln68_55 = zext i1 %result_local_55_read to i2" [tancoeff/tancoeff/tancalc.cpp:68->tancoeff/tancoeff/tancalc.cpp:103]   --->   Operation 122 'zext' 'zext_ln68_55' <Predicate = true> <Delay = 0.00>
ST_1 : Operation 123 [1/1] (0.00ns)   --->   "%zext_ln68_56 = zext i1 %result_local_56_read to i2" [tancoeff/tancoeff/tancalc.cpp:68->tancoeff/tancoeff/tancalc.cpp:103]   --->   Operation 123 'zext' 'zext_ln68_56' <Predicate = true> <Delay = 0.00>
ST_1 : Operation 124 [1/1] (0.00ns)   --->   "%zext_ln68_57 = zext i1 %result_local_57_read to i2" [tancoeff/tancoeff/tancalc.cpp:68->tancoeff/tancoeff/tancalc.cpp:103]   --->   Operation 124 'zext' 'zext_ln68_57' <Predicate = true> <Delay = 0.00>
ST_1 : Operation 125 [1/1] (0.00ns)   --->   "%zext_ln68_58 = zext i1 %result_local_58_read to i2" [tancoeff/tancoeff/tancalc.cpp:68->tancoeff/tancoeff/tancalc.cpp:103]   --->   Operation 125 'zext' 'zext_ln68_58' <Predicate = true> <Delay = 0.00>
ST_1 : Operation 126 [1/1] (0.00ns)   --->   "%zext_ln68_59 = zext i1 %result_local_59_read to i2" [tancoeff/tancoeff/tancalc.cpp:68->tancoeff/tancoeff/tancalc.cpp:103]   --->   Operation 126 'zext' 'zext_ln68_59' <Predicate = true> <Delay = 0.00>
ST_1 : Operation 127 [1/1] (0.00ns)   --->   "%zext_ln68_60 = zext i1 %result_local_60_read to i2" [tancoeff/tancoeff/tancalc.cpp:68->tancoeff/tancoeff/tancalc.cpp:103]   --->   Operation 127 'zext' 'zext_ln68_60' <Predicate = true> <Delay = 0.00>
ST_1 : Operation 128 [1/1] (0.00ns)   --->   "%zext_ln68_61 = zext i1 %result_local_61_read to i2" [tancoeff/tancoeff/tancalc.cpp:68->tancoeff/tancoeff/tancalc.cpp:103]   --->   Operation 128 'zext' 'zext_ln68_61' <Predicate = true> <Delay = 0.00>
ST_1 : Operation 129 [1/1] (0.00ns)   --->   "%zext_ln68_62 = zext i1 %result_local_62_read to i2" [tancoeff/tancoeff/tancalc.cpp:68->tancoeff/tancoeff/tancalc.cpp:103]   --->   Operation 129 'zext' 'zext_ln68_62' <Predicate = true> <Delay = 0.00>
ST_1 : Operation 130 [1/1] (0.00ns)   --->   "%zext_ln68_63 = zext i1 %result_local_63_read to i2" [tancoeff/tancoeff/tancalc.cpp:68->tancoeff/tancoeff/tancalc.cpp:103]   --->   Operation 130 'zext' 'zext_ln68_63' <Predicate = true> <Delay = 0.00>
ST_1 : Operation 131 [1/1] (0.00ns) (grouped into TernaryAdder)   --->   "%add_ln68 = add i32 %zext_ln68, %result_read" [tancoeff/tancoeff/tancalc.cpp:68->tancoeff/tancoeff/tancalc.cpp:103]   --->   Operation 131 'add' 'add_ln68' <Predicate = true> <Delay = 0.00> <Core = "TAddSub">   --->   Core 83 'TAddSub' <Latency = 0> <II = 1> <Delay = 0.36> <IPBlock> <Opcode : 'add' 'sub'> <InPorts = 3> <OutPorts = 1> <Sync> <CReg>
ST_1 : Operation 132 [1/1] (0.13ns)   --->   "%add_ln68_1 = add i2 %zext_ln68_1, %zext_ln68_2" [tancoeff/tancoeff/tancalc.cpp:68->tancoeff/tancoeff/tancalc.cpp:103]   --->   Operation 132 'add' 'add_ln68_1' <Predicate = true> <Delay = 0.13> <Core = "AddSub">   --->   Core 14 'AddSub' <Latency = 0> <II = 1> <Delay = 0.34> <FuncUnit> <Opcode : 'add' 'sub'> <InPorts = 2> <OutPorts = 1>
ST_1 : Operation 133 [1/1] (0.00ns)   --->   "%zext_ln68_64 = zext i2 %add_ln68_1 to i32" [tancoeff/tancoeff/tancalc.cpp:68->tancoeff/tancoeff/tancalc.cpp:103]   --->   Operation 133 'zext' 'zext_ln68_64' <Predicate = true> <Delay = 0.00>
ST_1 : Operation 134 [1/1] (0.73ns) (root node of TernaryAdder)   --->   "%add_ln68_2 = add i32 %zext_ln68_64, %add_ln68" [tancoeff/tancoeff/tancalc.cpp:68->tancoeff/tancoeff/tancalc.cpp:103]   --->   Operation 134 'add' 'add_ln68_2' <Predicate = true> <Delay = 0.73> <Core = "TAddSub">   --->   Core 83 'TAddSub' <Latency = 0> <II = 1> <Delay = 0.36> <IPBlock> <Opcode : 'add' 'sub'> <InPorts = 3> <OutPorts = 1> <Sync> <CReg>
ST_1 : Operation 135 [1/1] (0.13ns)   --->   "%add_ln68_3 = add i2 %zext_ln68_3, %zext_ln68_4" [tancoeff/tancoeff/tancalc.cpp:68->tancoeff/tancoeff/tancalc.cpp:103]   --->   Operation 135 'add' 'add_ln68_3' <Predicate = true> <Delay = 0.13> <Core = "AddSub">   --->   Core 14 'AddSub' <Latency = 0> <II = 1> <Delay = 0.34> <FuncUnit> <Opcode : 'add' 'sub'> <InPorts = 2> <OutPorts = 1>
ST_1 : Operation 136 [1/1] (0.00ns)   --->   "%zext_ln68_65 = zext i2 %add_ln68_3 to i3" [tancoeff/tancoeff/tancalc.cpp:68->tancoeff/tancoeff/tancalc.cpp:103]   --->   Operation 136 'zext' 'zext_ln68_65' <Predicate = true> <Delay = 0.00>
ST_1 : Operation 137 [1/1] (0.13ns)   --->   "%add_ln68_4 = add i2 %zext_ln68_5, %zext_ln68_6" [tancoeff/tancoeff/tancalc.cpp:68->tancoeff/tancoeff/tancalc.cpp:103]   --->   Operation 137 'add' 'add_ln68_4' <Predicate = true> <Delay = 0.13> <Core = "AddSub">   --->   Core 14 'AddSub' <Latency = 0> <II = 1> <Delay = 0.34> <FuncUnit> <Opcode : 'add' 'sub'> <InPorts = 2> <OutPorts = 1>
ST_1 : Operation 138 [1/1] (0.00ns)   --->   "%zext_ln68_66 = zext i2 %add_ln68_4 to i3" [tancoeff/tancoeff/tancalc.cpp:68->tancoeff/tancoeff/tancalc.cpp:103]   --->   Operation 138 'zext' 'zext_ln68_66' <Predicate = true> <Delay = 0.00>
ST_1 : Operation 139 [1/1] (0.23ns)   --->   "%add_ln68_5 = add i3 %zext_ln68_66, %zext_ln68_65" [tancoeff/tancoeff/tancalc.cpp:68->tancoeff/tancoeff/tancalc.cpp:103]   --->   Operation 139 'add' 'add_ln68_5' <Predicate = true> <Delay = 0.23> <Core = "AddSub">   --->   Core 14 'AddSub' <Latency = 0> <II = 1> <Delay = 0.34> <FuncUnit> <Opcode : 'add' 'sub'> <InPorts = 2> <OutPorts = 1>
ST_1 : Operation 140 [1/1] (0.00ns)   --->   "%zext_ln68_67 = zext i3 %add_ln68_5 to i32" [tancoeff/tancoeff/tancalc.cpp:68->tancoeff/tancoeff/tancalc.cpp:103]   --->   Operation 140 'zext' 'zext_ln68_67' <Predicate = true> <Delay = 0.00>
ST_1 : Operation 141 [1/1] (0.00ns) (grouped into TernaryAdder)   --->   "%add_ln68_6 = add i32 %zext_ln68_67, %add_ln68_2" [tancoeff/tancoeff/tancalc.cpp:68->tancoeff/tancoeff/tancalc.cpp:103]   --->   Operation 141 'add' 'add_ln68_6' <Predicate = true> <Delay = 0.00> <Core = "TAddSub">   --->   Core 83 'TAddSub' <Latency = 0> <II = 1> <Delay = 0.36> <IPBlock> <Opcode : 'add' 'sub'> <InPorts = 3> <OutPorts = 1> <Sync> <CReg>
ST_1 : Operation 142 [1/1] (0.13ns)   --->   "%add_ln68_7 = add i2 %zext_ln68_7, %zext_ln68_8" [tancoeff/tancoeff/tancalc.cpp:68->tancoeff/tancoeff/tancalc.cpp:103]   --->   Operation 142 'add' 'add_ln68_7' <Predicate = true> <Delay = 0.13> <Core = "AddSub">   --->   Core 14 'AddSub' <Latency = 0> <II = 1> <Delay = 0.34> <FuncUnit> <Opcode : 'add' 'sub'> <InPorts = 2> <OutPorts = 1>
ST_1 : Operation 143 [1/1] (0.00ns)   --->   "%zext_ln68_68 = zext i2 %add_ln68_7 to i3" [tancoeff/tancoeff/tancalc.cpp:68->tancoeff/tancoeff/tancalc.cpp:103]   --->   Operation 143 'zext' 'zext_ln68_68' <Predicate = true> <Delay = 0.00>
ST_1 : Operation 144 [1/1] (0.13ns)   --->   "%add_ln68_8 = add i2 %zext_ln68_9, %zext_ln68_10" [tancoeff/tancoeff/tancalc.cpp:68->tancoeff/tancoeff/tancalc.cpp:103]   --->   Operation 144 'add' 'add_ln68_8' <Predicate = true> <Delay = 0.13> <Core = "AddSub">   --->   Core 14 'AddSub' <Latency = 0> <II = 1> <Delay = 0.34> <FuncUnit> <Opcode : 'add' 'sub'> <InPorts = 2> <OutPorts = 1>
ST_1 : Operation 145 [1/1] (0.00ns)   --->   "%zext_ln68_69 = zext i2 %add_ln68_8 to i3" [tancoeff/tancoeff/tancalc.cpp:68->tancoeff/tancoeff/tancalc.cpp:103]   --->   Operation 145 'zext' 'zext_ln68_69' <Predicate = true> <Delay = 0.00>
ST_1 : Operation 146 [1/1] (0.23ns)   --->   "%add_ln68_9 = add i3 %zext_ln68_69, %zext_ln68_68" [tancoeff/tancoeff/tancalc.cpp:68->tancoeff/tancoeff/tancalc.cpp:103]   --->   Operation 146 'add' 'add_ln68_9' <Predicate = true> <Delay = 0.23> <Core = "AddSub">   --->   Core 14 'AddSub' <Latency = 0> <II = 1> <Delay = 0.34> <FuncUnit> <Opcode : 'add' 'sub'> <InPorts = 2> <OutPorts = 1>
ST_1 : Operation 147 [1/1] (0.00ns)   --->   "%zext_ln68_70 = zext i3 %add_ln68_9 to i4" [tancoeff/tancoeff/tancalc.cpp:68->tancoeff/tancoeff/tancalc.cpp:103]   --->   Operation 147 'zext' 'zext_ln68_70' <Predicate = true> <Delay = 0.00>
ST_1 : Operation 148 [1/1] (0.13ns)   --->   "%add_ln68_10 = add i2 %zext_ln68_11, %zext_ln68_12" [tancoeff/tancoeff/tancalc.cpp:68->tancoeff/tancoeff/tancalc.cpp:103]   --->   Operation 148 'add' 'add_ln68_10' <Predicate = true> <Delay = 0.13> <Core = "AddSub">   --->   Core 14 'AddSub' <Latency = 0> <II = 1> <Delay = 0.34> <FuncUnit> <Opcode : 'add' 'sub'> <InPorts = 2> <OutPorts = 1>
ST_1 : Operation 149 [1/1] (0.00ns)   --->   "%zext_ln68_71 = zext i2 %add_ln68_10 to i3" [tancoeff/tancoeff/tancalc.cpp:68->tancoeff/tancoeff/tancalc.cpp:103]   --->   Operation 149 'zext' 'zext_ln68_71' <Predicate = true> <Delay = 0.00>
ST_1 : Operation 150 [1/1] (0.13ns)   --->   "%add_ln68_11 = add i2 %zext_ln68_13, %zext_ln68_14" [tancoeff/tancoeff/tancalc.cpp:68->tancoeff/tancoeff/tancalc.cpp:103]   --->   Operation 150 'add' 'add_ln68_11' <Predicate = true> <Delay = 0.13> <Core = "AddSub">   --->   Core 14 'AddSub' <Latency = 0> <II = 1> <Delay = 0.34> <FuncUnit> <Opcode : 'add' 'sub'> <InPorts = 2> <OutPorts = 1>
ST_1 : Operation 151 [1/1] (0.00ns)   --->   "%zext_ln68_72 = zext i2 %add_ln68_11 to i3" [tancoeff/tancoeff/tancalc.cpp:68->tancoeff/tancoeff/tancalc.cpp:103]   --->   Operation 151 'zext' 'zext_ln68_72' <Predicate = true> <Delay = 0.00>
ST_1 : Operation 152 [1/1] (0.23ns)   --->   "%add_ln68_12 = add i3 %zext_ln68_72, %zext_ln68_71" [tancoeff/tancoeff/tancalc.cpp:68->tancoeff/tancoeff/tancalc.cpp:103]   --->   Operation 152 'add' 'add_ln68_12' <Predicate = true> <Delay = 0.23> <Core = "AddSub">   --->   Core 14 'AddSub' <Latency = 0> <II = 1> <Delay = 0.34> <FuncUnit> <Opcode : 'add' 'sub'> <InPorts = 2> <OutPorts = 1>
ST_1 : Operation 153 [1/1] (0.00ns)   --->   "%zext_ln68_73 = zext i3 %add_ln68_12 to i4" [tancoeff/tancoeff/tancalc.cpp:68->tancoeff/tancoeff/tancalc.cpp:103]   --->   Operation 153 'zext' 'zext_ln68_73' <Predicate = true> <Delay = 0.00>
ST_1 : Operation 154 [1/1] (0.26ns)   --->   "%add_ln68_13 = add i4 %zext_ln68_73, %zext_ln68_70" [tancoeff/tancoeff/tancalc.cpp:68->tancoeff/tancoeff/tancalc.cpp:103]   --->   Operation 154 'add' 'add_ln68_13' <Predicate = true> <Delay = 0.26> <Core = "AddSub">   --->   Core 14 'AddSub' <Latency = 0> <II = 1> <Delay = 0.34> <FuncUnit> <Opcode : 'add' 'sub'> <InPorts = 2> <OutPorts = 1>
ST_1 : Operation 155 [1/1] (0.00ns)   --->   "%zext_ln68_74 = zext i4 %add_ln68_13 to i32" [tancoeff/tancoeff/tancalc.cpp:68->tancoeff/tancoeff/tancalc.cpp:103]   --->   Operation 155 'zext' 'zext_ln68_74' <Predicate = true> <Delay = 0.00>
ST_1 : Operation 156 [1/1] (0.73ns) (root node of TernaryAdder)   --->   "%add_ln68_14 = add i32 %zext_ln68_74, %add_ln68_6" [tancoeff/tancoeff/tancalc.cpp:68->tancoeff/tancoeff/tancalc.cpp:103]   --->   Operation 156 'add' 'add_ln68_14' <Predicate = true> <Delay = 0.73> <Core = "TAddSub">   --->   Core 83 'TAddSub' <Latency = 0> <II = 1> <Delay = 0.36> <IPBlock> <Opcode : 'add' 'sub'> <InPorts = 3> <OutPorts = 1> <Sync> <CReg>
ST_1 : Operation 157 [1/1] (0.13ns)   --->   "%add_ln68_15 = add i2 %zext_ln68_15, %zext_ln68_16" [tancoeff/tancoeff/tancalc.cpp:68->tancoeff/tancoeff/tancalc.cpp:103]   --->   Operation 157 'add' 'add_ln68_15' <Predicate = true> <Delay = 0.13> <Core = "AddSub">   --->   Core 14 'AddSub' <Latency = 0> <II = 1> <Delay = 0.34> <FuncUnit> <Opcode : 'add' 'sub'> <InPorts = 2> <OutPorts = 1>
ST_1 : Operation 158 [1/1] (0.00ns)   --->   "%zext_ln68_75 = zext i2 %add_ln68_15 to i3" [tancoeff/tancoeff/tancalc.cpp:68->tancoeff/tancoeff/tancalc.cpp:103]   --->   Operation 158 'zext' 'zext_ln68_75' <Predicate = true> <Delay = 0.00>
ST_1 : Operation 159 [1/1] (0.13ns)   --->   "%add_ln68_16 = add i2 %zext_ln68_17, %zext_ln68_18" [tancoeff/tancoeff/tancalc.cpp:68->tancoeff/tancoeff/tancalc.cpp:103]   --->   Operation 159 'add' 'add_ln68_16' <Predicate = true> <Delay = 0.13> <Core = "AddSub">   --->   Core 14 'AddSub' <Latency = 0> <II = 1> <Delay = 0.34> <FuncUnit> <Opcode : 'add' 'sub'> <InPorts = 2> <OutPorts = 1>
ST_1 : Operation 160 [1/1] (0.00ns)   --->   "%zext_ln68_76 = zext i2 %add_ln68_16 to i3" [tancoeff/tancoeff/tancalc.cpp:68->tancoeff/tancoeff/tancalc.cpp:103]   --->   Operation 160 'zext' 'zext_ln68_76' <Predicate = true> <Delay = 0.00>
ST_1 : Operation 161 [1/1] (0.23ns)   --->   "%add_ln68_17 = add i3 %zext_ln68_76, %zext_ln68_75" [tancoeff/tancoeff/tancalc.cpp:68->tancoeff/tancoeff/tancalc.cpp:103]   --->   Operation 161 'add' 'add_ln68_17' <Predicate = true> <Delay = 0.23> <Core = "AddSub">   --->   Core 14 'AddSub' <Latency = 0> <II = 1> <Delay = 0.34> <FuncUnit> <Opcode : 'add' 'sub'> <InPorts = 2> <OutPorts = 1>
ST_1 : Operation 162 [1/1] (0.00ns)   --->   "%zext_ln68_77 = zext i3 %add_ln68_17 to i4" [tancoeff/tancoeff/tancalc.cpp:68->tancoeff/tancoeff/tancalc.cpp:103]   --->   Operation 162 'zext' 'zext_ln68_77' <Predicate = true> <Delay = 0.00>
ST_1 : Operation 163 [1/1] (0.13ns)   --->   "%add_ln68_18 = add i2 %zext_ln68_19, %zext_ln68_20" [tancoeff/tancoeff/tancalc.cpp:68->tancoeff/tancoeff/tancalc.cpp:103]   --->   Operation 163 'add' 'add_ln68_18' <Predicate = true> <Delay = 0.13> <Core = "AddSub">   --->   Core 14 'AddSub' <Latency = 0> <II = 1> <Delay = 0.34> <FuncUnit> <Opcode : 'add' 'sub'> <InPorts = 2> <OutPorts = 1>
ST_1 : Operation 164 [1/1] (0.00ns)   --->   "%zext_ln68_78 = zext i2 %add_ln68_18 to i3" [tancoeff/tancoeff/tancalc.cpp:68->tancoeff/tancoeff/tancalc.cpp:103]   --->   Operation 164 'zext' 'zext_ln68_78' <Predicate = true> <Delay = 0.00>
ST_1 : Operation 165 [1/1] (0.13ns)   --->   "%add_ln68_19 = add i2 %zext_ln68_21, %zext_ln68_22" [tancoeff/tancoeff/tancalc.cpp:68->tancoeff/tancoeff/tancalc.cpp:103]   --->   Operation 165 'add' 'add_ln68_19' <Predicate = true> <Delay = 0.13> <Core = "AddSub">   --->   Core 14 'AddSub' <Latency = 0> <II = 1> <Delay = 0.34> <FuncUnit> <Opcode : 'add' 'sub'> <InPorts = 2> <OutPorts = 1>
ST_1 : Operation 166 [1/1] (0.00ns)   --->   "%zext_ln68_79 = zext i2 %add_ln68_19 to i3" [tancoeff/tancoeff/tancalc.cpp:68->tancoeff/tancoeff/tancalc.cpp:103]   --->   Operation 166 'zext' 'zext_ln68_79' <Predicate = true> <Delay = 0.00>
ST_1 : Operation 167 [1/1] (0.23ns)   --->   "%add_ln68_20 = add i3 %zext_ln68_79, %zext_ln68_78" [tancoeff/tancoeff/tancalc.cpp:68->tancoeff/tancoeff/tancalc.cpp:103]   --->   Operation 167 'add' 'add_ln68_20' <Predicate = true> <Delay = 0.23> <Core = "AddSub">   --->   Core 14 'AddSub' <Latency = 0> <II = 1> <Delay = 0.34> <FuncUnit> <Opcode : 'add' 'sub'> <InPorts = 2> <OutPorts = 1>
ST_1 : Operation 168 [1/1] (0.00ns)   --->   "%zext_ln68_80 = zext i3 %add_ln68_20 to i4" [tancoeff/tancoeff/tancalc.cpp:68->tancoeff/tancoeff/tancalc.cpp:103]   --->   Operation 168 'zext' 'zext_ln68_80' <Predicate = true> <Delay = 0.00>
ST_1 : Operation 169 [1/1] (0.26ns)   --->   "%add_ln68_21 = add i4 %zext_ln68_80, %zext_ln68_77" [tancoeff/tancoeff/tancalc.cpp:68->tancoeff/tancoeff/tancalc.cpp:103]   --->   Operation 169 'add' 'add_ln68_21' <Predicate = true> <Delay = 0.26> <Core = "AddSub">   --->   Core 14 'AddSub' <Latency = 0> <II = 1> <Delay = 0.34> <FuncUnit> <Opcode : 'add' 'sub'> <InPorts = 2> <OutPorts = 1>
ST_1 : Operation 170 [1/1] (0.00ns)   --->   "%zext_ln68_81 = zext i4 %add_ln68_21 to i5" [tancoeff/tancoeff/tancalc.cpp:68->tancoeff/tancoeff/tancalc.cpp:103]   --->   Operation 170 'zext' 'zext_ln68_81' <Predicate = true> <Delay = 0.00>
ST_1 : Operation 171 [1/1] (0.13ns)   --->   "%add_ln68_22 = add i2 %zext_ln68_23, %zext_ln68_24" [tancoeff/tancoeff/tancalc.cpp:68->tancoeff/tancoeff/tancalc.cpp:103]   --->   Operation 171 'add' 'add_ln68_22' <Predicate = true> <Delay = 0.13> <Core = "AddSub">   --->   Core 14 'AddSub' <Latency = 0> <II = 1> <Delay = 0.34> <FuncUnit> <Opcode : 'add' 'sub'> <InPorts = 2> <OutPorts = 1>
ST_1 : Operation 172 [1/1] (0.00ns)   --->   "%zext_ln68_82 = zext i2 %add_ln68_22 to i3" [tancoeff/tancoeff/tancalc.cpp:68->tancoeff/tancoeff/tancalc.cpp:103]   --->   Operation 172 'zext' 'zext_ln68_82' <Predicate = true> <Delay = 0.00>
ST_1 : Operation 173 [1/1] (0.13ns)   --->   "%add_ln68_23 = add i2 %zext_ln68_25, %zext_ln68_26" [tancoeff/tancoeff/tancalc.cpp:68->tancoeff/tancoeff/tancalc.cpp:103]   --->   Operation 173 'add' 'add_ln68_23' <Predicate = true> <Delay = 0.13> <Core = "AddSub">   --->   Core 14 'AddSub' <Latency = 0> <II = 1> <Delay = 0.34> <FuncUnit> <Opcode : 'add' 'sub'> <InPorts = 2> <OutPorts = 1>
ST_1 : Operation 174 [1/1] (0.00ns)   --->   "%zext_ln68_83 = zext i2 %add_ln68_23 to i3" [tancoeff/tancoeff/tancalc.cpp:68->tancoeff/tancoeff/tancalc.cpp:103]   --->   Operation 174 'zext' 'zext_ln68_83' <Predicate = true> <Delay = 0.00>
ST_1 : Operation 175 [1/1] (0.23ns)   --->   "%add_ln68_24 = add i3 %zext_ln68_83, %zext_ln68_82" [tancoeff/tancoeff/tancalc.cpp:68->tancoeff/tancoeff/tancalc.cpp:103]   --->   Operation 175 'add' 'add_ln68_24' <Predicate = true> <Delay = 0.23> <Core = "AddSub">   --->   Core 14 'AddSub' <Latency = 0> <II = 1> <Delay = 0.34> <FuncUnit> <Opcode : 'add' 'sub'> <InPorts = 2> <OutPorts = 1>
ST_1 : Operation 176 [1/1] (0.00ns)   --->   "%zext_ln68_84 = zext i3 %add_ln68_24 to i4" [tancoeff/tancoeff/tancalc.cpp:68->tancoeff/tancoeff/tancalc.cpp:103]   --->   Operation 176 'zext' 'zext_ln68_84' <Predicate = true> <Delay = 0.00>
ST_1 : Operation 177 [1/1] (0.13ns)   --->   "%add_ln68_25 = add i2 %zext_ln68_27, %zext_ln68_28" [tancoeff/tancoeff/tancalc.cpp:68->tancoeff/tancoeff/tancalc.cpp:103]   --->   Operation 177 'add' 'add_ln68_25' <Predicate = true> <Delay = 0.13> <Core = "AddSub">   --->   Core 14 'AddSub' <Latency = 0> <II = 1> <Delay = 0.34> <FuncUnit> <Opcode : 'add' 'sub'> <InPorts = 2> <OutPorts = 1>
ST_1 : Operation 178 [1/1] (0.00ns)   --->   "%zext_ln68_85 = zext i2 %add_ln68_25 to i3" [tancoeff/tancoeff/tancalc.cpp:68->tancoeff/tancoeff/tancalc.cpp:103]   --->   Operation 178 'zext' 'zext_ln68_85' <Predicate = true> <Delay = 0.00>
ST_1 : Operation 179 [1/1] (0.13ns)   --->   "%add_ln68_26 = add i2 %zext_ln68_29, %zext_ln68_30" [tancoeff/tancoeff/tancalc.cpp:68->tancoeff/tancoeff/tancalc.cpp:103]   --->   Operation 179 'add' 'add_ln68_26' <Predicate = true> <Delay = 0.13> <Core = "AddSub">   --->   Core 14 'AddSub' <Latency = 0> <II = 1> <Delay = 0.34> <FuncUnit> <Opcode : 'add' 'sub'> <InPorts = 2> <OutPorts = 1>
ST_1 : Operation 180 [1/1] (0.00ns)   --->   "%zext_ln68_86 = zext i2 %add_ln68_26 to i3" [tancoeff/tancoeff/tancalc.cpp:68->tancoeff/tancoeff/tancalc.cpp:103]   --->   Operation 180 'zext' 'zext_ln68_86' <Predicate = true> <Delay = 0.00>
ST_1 : Operation 181 [1/1] (0.23ns)   --->   "%add_ln68_27 = add i3 %zext_ln68_86, %zext_ln68_85" [tancoeff/tancoeff/tancalc.cpp:68->tancoeff/tancoeff/tancalc.cpp:103]   --->   Operation 181 'add' 'add_ln68_27' <Predicate = true> <Delay = 0.23> <Core = "AddSub">   --->   Core 14 'AddSub' <Latency = 0> <II = 1> <Delay = 0.34> <FuncUnit> <Opcode : 'add' 'sub'> <InPorts = 2> <OutPorts = 1>
ST_1 : Operation 182 [1/1] (0.00ns)   --->   "%zext_ln68_87 = zext i3 %add_ln68_27 to i4" [tancoeff/tancoeff/tancalc.cpp:68->tancoeff/tancoeff/tancalc.cpp:103]   --->   Operation 182 'zext' 'zext_ln68_87' <Predicate = true> <Delay = 0.00>
ST_1 : Operation 183 [1/1] (0.26ns)   --->   "%add_ln68_28 = add i4 %zext_ln68_87, %zext_ln68_84" [tancoeff/tancoeff/tancalc.cpp:68->tancoeff/tancoeff/tancalc.cpp:103]   --->   Operation 183 'add' 'add_ln68_28' <Predicate = true> <Delay = 0.26> <Core = "AddSub">   --->   Core 14 'AddSub' <Latency = 0> <II = 1> <Delay = 0.34> <FuncUnit> <Opcode : 'add' 'sub'> <InPorts = 2> <OutPorts = 1>
ST_1 : Operation 184 [1/1] (0.00ns)   --->   "%zext_ln68_88 = zext i4 %add_ln68_28 to i5" [tancoeff/tancoeff/tancalc.cpp:68->tancoeff/tancoeff/tancalc.cpp:103]   --->   Operation 184 'zext' 'zext_ln68_88' <Predicate = true> <Delay = 0.00>
ST_1 : Operation 185 [1/1] (0.33ns)   --->   "%add_ln68_29 = add i5 %zext_ln68_88, %zext_ln68_81" [tancoeff/tancoeff/tancalc.cpp:68->tancoeff/tancoeff/tancalc.cpp:103]   --->   Operation 185 'add' 'add_ln68_29' <Predicate = true> <Delay = 0.33> <Core = "AddSub">   --->   Core 14 'AddSub' <Latency = 0> <II = 1> <Delay = 0.34> <FuncUnit> <Opcode : 'add' 'sub'> <InPorts = 2> <OutPorts = 1>
ST_1 : Operation 186 [1/1] (0.00ns)   --->   "%zext_ln68_89 = zext i5 %add_ln68_29 to i32" [tancoeff/tancoeff/tancalc.cpp:68->tancoeff/tancoeff/tancalc.cpp:103]   --->   Operation 186 'zext' 'zext_ln68_89' <Predicate = true> <Delay = 0.00>
ST_1 : Operation 187 [1/1] (0.00ns) (grouped into TernaryAdder)   --->   "%add_ln68_30 = add i32 %zext_ln68_89, %add_ln68_14" [tancoeff/tancoeff/tancalc.cpp:68->tancoeff/tancoeff/tancalc.cpp:103]   --->   Operation 187 'add' 'add_ln68_30' <Predicate = true> <Delay = 0.00> <Core = "TAddSub">   --->   Core 83 'TAddSub' <Latency = 0> <II = 1> <Delay = 0.36> <IPBlock> <Opcode : 'add' 'sub'> <InPorts = 3> <OutPorts = 1> <Sync> <CReg>
ST_1 : Operation 188 [1/1] (0.13ns)   --->   "%add_ln68_31 = add i2 %zext_ln68_31, %zext_ln68_32" [tancoeff/tancoeff/tancalc.cpp:68->tancoeff/tancoeff/tancalc.cpp:103]   --->   Operation 188 'add' 'add_ln68_31' <Predicate = true> <Delay = 0.13> <Core = "AddSub">   --->   Core 14 'AddSub' <Latency = 0> <II = 1> <Delay = 0.34> <FuncUnit> <Opcode : 'add' 'sub'> <InPorts = 2> <OutPorts = 1>
ST_1 : Operation 189 [1/1] (0.00ns)   --->   "%zext_ln68_90 = zext i2 %add_ln68_31 to i3" [tancoeff/tancoeff/tancalc.cpp:68->tancoeff/tancoeff/tancalc.cpp:103]   --->   Operation 189 'zext' 'zext_ln68_90' <Predicate = true> <Delay = 0.00>
ST_1 : Operation 190 [1/1] (0.13ns)   --->   "%add_ln68_32 = add i2 %zext_ln68_33, %zext_ln68_34" [tancoeff/tancoeff/tancalc.cpp:68->tancoeff/tancoeff/tancalc.cpp:103]   --->   Operation 190 'add' 'add_ln68_32' <Predicate = true> <Delay = 0.13> <Core = "AddSub">   --->   Core 14 'AddSub' <Latency = 0> <II = 1> <Delay = 0.34> <FuncUnit> <Opcode : 'add' 'sub'> <InPorts = 2> <OutPorts = 1>
ST_1 : Operation 191 [1/1] (0.00ns)   --->   "%zext_ln68_91 = zext i2 %add_ln68_32 to i3" [tancoeff/tancoeff/tancalc.cpp:68->tancoeff/tancoeff/tancalc.cpp:103]   --->   Operation 191 'zext' 'zext_ln68_91' <Predicate = true> <Delay = 0.00>
ST_1 : Operation 192 [1/1] (0.23ns)   --->   "%add_ln68_33 = add i3 %zext_ln68_91, %zext_ln68_90" [tancoeff/tancoeff/tancalc.cpp:68->tancoeff/tancoeff/tancalc.cpp:103]   --->   Operation 192 'add' 'add_ln68_33' <Predicate = true> <Delay = 0.23> <Core = "AddSub">   --->   Core 14 'AddSub' <Latency = 0> <II = 1> <Delay = 0.34> <FuncUnit> <Opcode : 'add' 'sub'> <InPorts = 2> <OutPorts = 1>
ST_1 : Operation 193 [1/1] (0.00ns)   --->   "%zext_ln68_92 = zext i3 %add_ln68_33 to i4" [tancoeff/tancoeff/tancalc.cpp:68->tancoeff/tancoeff/tancalc.cpp:103]   --->   Operation 193 'zext' 'zext_ln68_92' <Predicate = true> <Delay = 0.00>
ST_1 : Operation 194 [1/1] (0.13ns)   --->   "%add_ln68_34 = add i2 %zext_ln68_35, %zext_ln68_36" [tancoeff/tancoeff/tancalc.cpp:68->tancoeff/tancoeff/tancalc.cpp:103]   --->   Operation 194 'add' 'add_ln68_34' <Predicate = true> <Delay = 0.13> <Core = "AddSub">   --->   Core 14 'AddSub' <Latency = 0> <II = 1> <Delay = 0.34> <FuncUnit> <Opcode : 'add' 'sub'> <InPorts = 2> <OutPorts = 1>
ST_1 : Operation 195 [1/1] (0.00ns)   --->   "%zext_ln68_93 = zext i2 %add_ln68_34 to i3" [tancoeff/tancoeff/tancalc.cpp:68->tancoeff/tancoeff/tancalc.cpp:103]   --->   Operation 195 'zext' 'zext_ln68_93' <Predicate = true> <Delay = 0.00>
ST_1 : Operation 196 [1/1] (0.13ns)   --->   "%add_ln68_35 = add i2 %zext_ln68_37, %zext_ln68_38" [tancoeff/tancoeff/tancalc.cpp:68->tancoeff/tancoeff/tancalc.cpp:103]   --->   Operation 196 'add' 'add_ln68_35' <Predicate = true> <Delay = 0.13> <Core = "AddSub">   --->   Core 14 'AddSub' <Latency = 0> <II = 1> <Delay = 0.34> <FuncUnit> <Opcode : 'add' 'sub'> <InPorts = 2> <OutPorts = 1>
ST_1 : Operation 197 [1/1] (0.00ns)   --->   "%zext_ln68_94 = zext i2 %add_ln68_35 to i3" [tancoeff/tancoeff/tancalc.cpp:68->tancoeff/tancoeff/tancalc.cpp:103]   --->   Operation 197 'zext' 'zext_ln68_94' <Predicate = true> <Delay = 0.00>
ST_1 : Operation 198 [1/1] (0.23ns)   --->   "%add_ln68_36 = add i3 %zext_ln68_94, %zext_ln68_93" [tancoeff/tancoeff/tancalc.cpp:68->tancoeff/tancoeff/tancalc.cpp:103]   --->   Operation 198 'add' 'add_ln68_36' <Predicate = true> <Delay = 0.23> <Core = "AddSub">   --->   Core 14 'AddSub' <Latency = 0> <II = 1> <Delay = 0.34> <FuncUnit> <Opcode : 'add' 'sub'> <InPorts = 2> <OutPorts = 1>
ST_1 : Operation 199 [1/1] (0.00ns)   --->   "%zext_ln68_95 = zext i3 %add_ln68_36 to i4" [tancoeff/tancoeff/tancalc.cpp:68->tancoeff/tancoeff/tancalc.cpp:103]   --->   Operation 199 'zext' 'zext_ln68_95' <Predicate = true> <Delay = 0.00>
ST_1 : Operation 200 [1/1] (0.26ns)   --->   "%add_ln68_37 = add i4 %zext_ln68_95, %zext_ln68_92" [tancoeff/tancoeff/tancalc.cpp:68->tancoeff/tancoeff/tancalc.cpp:103]   --->   Operation 200 'add' 'add_ln68_37' <Predicate = true> <Delay = 0.26> <Core = "AddSub">   --->   Core 14 'AddSub' <Latency = 0> <II = 1> <Delay = 0.34> <FuncUnit> <Opcode : 'add' 'sub'> <InPorts = 2> <OutPorts = 1>
ST_1 : Operation 201 [1/1] (0.00ns)   --->   "%zext_ln68_96 = zext i4 %add_ln68_37 to i5" [tancoeff/tancoeff/tancalc.cpp:68->tancoeff/tancoeff/tancalc.cpp:103]   --->   Operation 201 'zext' 'zext_ln68_96' <Predicate = true> <Delay = 0.00>
ST_1 : Operation 202 [1/1] (0.13ns)   --->   "%add_ln68_38 = add i2 %zext_ln68_39, %zext_ln68_40" [tancoeff/tancoeff/tancalc.cpp:68->tancoeff/tancoeff/tancalc.cpp:103]   --->   Operation 202 'add' 'add_ln68_38' <Predicate = true> <Delay = 0.13> <Core = "AddSub">   --->   Core 14 'AddSub' <Latency = 0> <II = 1> <Delay = 0.34> <FuncUnit> <Opcode : 'add' 'sub'> <InPorts = 2> <OutPorts = 1>
ST_1 : Operation 203 [1/1] (0.00ns)   --->   "%zext_ln68_97 = zext i2 %add_ln68_38 to i3" [tancoeff/tancoeff/tancalc.cpp:68->tancoeff/tancoeff/tancalc.cpp:103]   --->   Operation 203 'zext' 'zext_ln68_97' <Predicate = true> <Delay = 0.00>
ST_1 : Operation 204 [1/1] (0.13ns)   --->   "%add_ln68_39 = add i2 %zext_ln68_41, %zext_ln68_42" [tancoeff/tancoeff/tancalc.cpp:68->tancoeff/tancoeff/tancalc.cpp:103]   --->   Operation 204 'add' 'add_ln68_39' <Predicate = true> <Delay = 0.13> <Core = "AddSub">   --->   Core 14 'AddSub' <Latency = 0> <II = 1> <Delay = 0.34> <FuncUnit> <Opcode : 'add' 'sub'> <InPorts = 2> <OutPorts = 1>
ST_1 : Operation 205 [1/1] (0.00ns)   --->   "%zext_ln68_98 = zext i2 %add_ln68_39 to i3" [tancoeff/tancoeff/tancalc.cpp:68->tancoeff/tancoeff/tancalc.cpp:103]   --->   Operation 205 'zext' 'zext_ln68_98' <Predicate = true> <Delay = 0.00>
ST_1 : Operation 206 [1/1] (0.23ns)   --->   "%add_ln68_40 = add i3 %zext_ln68_98, %zext_ln68_97" [tancoeff/tancoeff/tancalc.cpp:68->tancoeff/tancoeff/tancalc.cpp:103]   --->   Operation 206 'add' 'add_ln68_40' <Predicate = true> <Delay = 0.23> <Core = "AddSub">   --->   Core 14 'AddSub' <Latency = 0> <II = 1> <Delay = 0.34> <FuncUnit> <Opcode : 'add' 'sub'> <InPorts = 2> <OutPorts = 1>
ST_1 : Operation 207 [1/1] (0.00ns)   --->   "%zext_ln68_99 = zext i3 %add_ln68_40 to i4" [tancoeff/tancoeff/tancalc.cpp:68->tancoeff/tancoeff/tancalc.cpp:103]   --->   Operation 207 'zext' 'zext_ln68_99' <Predicate = true> <Delay = 0.00>
ST_1 : Operation 208 [1/1] (0.13ns)   --->   "%add_ln68_41 = add i2 %zext_ln68_43, %zext_ln68_44" [tancoeff/tancoeff/tancalc.cpp:68->tancoeff/tancoeff/tancalc.cpp:103]   --->   Operation 208 'add' 'add_ln68_41' <Predicate = true> <Delay = 0.13> <Core = "AddSub">   --->   Core 14 'AddSub' <Latency = 0> <II = 1> <Delay = 0.34> <FuncUnit> <Opcode : 'add' 'sub'> <InPorts = 2> <OutPorts = 1>
ST_1 : Operation 209 [1/1] (0.00ns)   --->   "%zext_ln68_100 = zext i2 %add_ln68_41 to i3" [tancoeff/tancoeff/tancalc.cpp:68->tancoeff/tancoeff/tancalc.cpp:103]   --->   Operation 209 'zext' 'zext_ln68_100' <Predicate = true> <Delay = 0.00>
ST_1 : Operation 210 [1/1] (0.13ns)   --->   "%add_ln68_42 = add i2 %zext_ln68_45, %zext_ln68_46" [tancoeff/tancoeff/tancalc.cpp:68->tancoeff/tancoeff/tancalc.cpp:103]   --->   Operation 210 'add' 'add_ln68_42' <Predicate = true> <Delay = 0.13> <Core = "AddSub">   --->   Core 14 'AddSub' <Latency = 0> <II = 1> <Delay = 0.34> <FuncUnit> <Opcode : 'add' 'sub'> <InPorts = 2> <OutPorts = 1>
ST_1 : Operation 211 [1/1] (0.00ns)   --->   "%zext_ln68_101 = zext i2 %add_ln68_42 to i3" [tancoeff/tancoeff/tancalc.cpp:68->tancoeff/tancoeff/tancalc.cpp:103]   --->   Operation 211 'zext' 'zext_ln68_101' <Predicate = true> <Delay = 0.00>
ST_1 : Operation 212 [1/1] (0.23ns)   --->   "%add_ln68_43 = add i3 %zext_ln68_101, %zext_ln68_100" [tancoeff/tancoeff/tancalc.cpp:68->tancoeff/tancoeff/tancalc.cpp:103]   --->   Operation 212 'add' 'add_ln68_43' <Predicate = true> <Delay = 0.23> <Core = "AddSub">   --->   Core 14 'AddSub' <Latency = 0> <II = 1> <Delay = 0.34> <FuncUnit> <Opcode : 'add' 'sub'> <InPorts = 2> <OutPorts = 1>
ST_1 : Operation 213 [1/1] (0.00ns)   --->   "%zext_ln68_102 = zext i3 %add_ln68_43 to i4" [tancoeff/tancoeff/tancalc.cpp:68->tancoeff/tancoeff/tancalc.cpp:103]   --->   Operation 213 'zext' 'zext_ln68_102' <Predicate = true> <Delay = 0.00>
ST_1 : Operation 214 [1/1] (0.26ns)   --->   "%add_ln68_44 = add i4 %zext_ln68_102, %zext_ln68_99" [tancoeff/tancoeff/tancalc.cpp:68->tancoeff/tancoeff/tancalc.cpp:103]   --->   Operation 214 'add' 'add_ln68_44' <Predicate = true> <Delay = 0.26> <Core = "AddSub">   --->   Core 14 'AddSub' <Latency = 0> <II = 1> <Delay = 0.34> <FuncUnit> <Opcode : 'add' 'sub'> <InPorts = 2> <OutPorts = 1>
ST_1 : Operation 215 [1/1] (0.00ns)   --->   "%zext_ln68_103 = zext i4 %add_ln68_44 to i5" [tancoeff/tancoeff/tancalc.cpp:68->tancoeff/tancoeff/tancalc.cpp:103]   --->   Operation 215 'zext' 'zext_ln68_103' <Predicate = true> <Delay = 0.00>
ST_1 : Operation 216 [1/1] (0.33ns)   --->   "%add_ln68_45 = add i5 %zext_ln68_103, %zext_ln68_96" [tancoeff/tancoeff/tancalc.cpp:68->tancoeff/tancoeff/tancalc.cpp:103]   --->   Operation 216 'add' 'add_ln68_45' <Predicate = true> <Delay = 0.33> <Core = "AddSub">   --->   Core 14 'AddSub' <Latency = 0> <II = 1> <Delay = 0.34> <FuncUnit> <Opcode : 'add' 'sub'> <InPorts = 2> <OutPorts = 1>
ST_1 : Operation 217 [1/1] (0.00ns)   --->   "%zext_ln68_104 = zext i5 %add_ln68_45 to i6" [tancoeff/tancoeff/tancalc.cpp:68->tancoeff/tancoeff/tancalc.cpp:103]   --->   Operation 217 'zext' 'zext_ln68_104' <Predicate = true> <Delay = 0.00>
ST_1 : Operation 218 [1/1] (0.13ns)   --->   "%add_ln68_46 = add i2 %zext_ln68_47, %zext_ln68_48" [tancoeff/tancoeff/tancalc.cpp:68->tancoeff/tancoeff/tancalc.cpp:103]   --->   Operation 218 'add' 'add_ln68_46' <Predicate = true> <Delay = 0.13> <Core = "AddSub">   --->   Core 14 'AddSub' <Latency = 0> <II = 1> <Delay = 0.34> <FuncUnit> <Opcode : 'add' 'sub'> <InPorts = 2> <OutPorts = 1>
ST_1 : Operation 219 [1/1] (0.00ns)   --->   "%zext_ln68_105 = zext i2 %add_ln68_46 to i3" [tancoeff/tancoeff/tancalc.cpp:68->tancoeff/tancoeff/tancalc.cpp:103]   --->   Operation 219 'zext' 'zext_ln68_105' <Predicate = true> <Delay = 0.00>
ST_1 : Operation 220 [1/1] (0.13ns)   --->   "%add_ln68_47 = add i2 %zext_ln68_49, %zext_ln68_50" [tancoeff/tancoeff/tancalc.cpp:68->tancoeff/tancoeff/tancalc.cpp:103]   --->   Operation 220 'add' 'add_ln68_47' <Predicate = true> <Delay = 0.13> <Core = "AddSub">   --->   Core 14 'AddSub' <Latency = 0> <II = 1> <Delay = 0.34> <FuncUnit> <Opcode : 'add' 'sub'> <InPorts = 2> <OutPorts = 1>
ST_1 : Operation 221 [1/1] (0.00ns)   --->   "%zext_ln68_106 = zext i2 %add_ln68_47 to i3" [tancoeff/tancoeff/tancalc.cpp:68->tancoeff/tancoeff/tancalc.cpp:103]   --->   Operation 221 'zext' 'zext_ln68_106' <Predicate = true> <Delay = 0.00>
ST_1 : Operation 222 [1/1] (0.23ns)   --->   "%add_ln68_48 = add i3 %zext_ln68_106, %zext_ln68_105" [tancoeff/tancoeff/tancalc.cpp:68->tancoeff/tancoeff/tancalc.cpp:103]   --->   Operation 222 'add' 'add_ln68_48' <Predicate = true> <Delay = 0.23> <Core = "AddSub">   --->   Core 14 'AddSub' <Latency = 0> <II = 1> <Delay = 0.34> <FuncUnit> <Opcode : 'add' 'sub'> <InPorts = 2> <OutPorts = 1>
ST_1 : Operation 223 [1/1] (0.00ns)   --->   "%zext_ln68_107 = zext i3 %add_ln68_48 to i4" [tancoeff/tancoeff/tancalc.cpp:68->tancoeff/tancoeff/tancalc.cpp:103]   --->   Operation 223 'zext' 'zext_ln68_107' <Predicate = true> <Delay = 0.00>
ST_1 : Operation 224 [1/1] (0.13ns)   --->   "%add_ln68_49 = add i2 %zext_ln68_51, %zext_ln68_52" [tancoeff/tancoeff/tancalc.cpp:68->tancoeff/tancoeff/tancalc.cpp:103]   --->   Operation 224 'add' 'add_ln68_49' <Predicate = true> <Delay = 0.13> <Core = "AddSub">   --->   Core 14 'AddSub' <Latency = 0> <II = 1> <Delay = 0.34> <FuncUnit> <Opcode : 'add' 'sub'> <InPorts = 2> <OutPorts = 1>
ST_1 : Operation 225 [1/1] (0.00ns)   --->   "%zext_ln68_108 = zext i2 %add_ln68_49 to i3" [tancoeff/tancoeff/tancalc.cpp:68->tancoeff/tancoeff/tancalc.cpp:103]   --->   Operation 225 'zext' 'zext_ln68_108' <Predicate = true> <Delay = 0.00>
ST_1 : Operation 226 [1/1] (0.13ns)   --->   "%add_ln68_50 = add i2 %zext_ln68_53, %zext_ln68_54" [tancoeff/tancoeff/tancalc.cpp:68->tancoeff/tancoeff/tancalc.cpp:103]   --->   Operation 226 'add' 'add_ln68_50' <Predicate = true> <Delay = 0.13> <Core = "AddSub">   --->   Core 14 'AddSub' <Latency = 0> <II = 1> <Delay = 0.34> <FuncUnit> <Opcode : 'add' 'sub'> <InPorts = 2> <OutPorts = 1>
ST_1 : Operation 227 [1/1] (0.00ns)   --->   "%zext_ln68_109 = zext i2 %add_ln68_50 to i3" [tancoeff/tancoeff/tancalc.cpp:68->tancoeff/tancoeff/tancalc.cpp:103]   --->   Operation 227 'zext' 'zext_ln68_109' <Predicate = true> <Delay = 0.00>
ST_1 : Operation 228 [1/1] (0.23ns)   --->   "%add_ln68_51 = add i3 %zext_ln68_109, %zext_ln68_108" [tancoeff/tancoeff/tancalc.cpp:68->tancoeff/tancoeff/tancalc.cpp:103]   --->   Operation 228 'add' 'add_ln68_51' <Predicate = true> <Delay = 0.23> <Core = "AddSub">   --->   Core 14 'AddSub' <Latency = 0> <II = 1> <Delay = 0.34> <FuncUnit> <Opcode : 'add' 'sub'> <InPorts = 2> <OutPorts = 1>
ST_1 : Operation 229 [1/1] (0.00ns)   --->   "%zext_ln68_110 = zext i3 %add_ln68_51 to i4" [tancoeff/tancoeff/tancalc.cpp:68->tancoeff/tancoeff/tancalc.cpp:103]   --->   Operation 229 'zext' 'zext_ln68_110' <Predicate = true> <Delay = 0.00>
ST_1 : Operation 230 [1/1] (0.26ns)   --->   "%add_ln68_52 = add i4 %zext_ln68_110, %zext_ln68_107" [tancoeff/tancoeff/tancalc.cpp:68->tancoeff/tancoeff/tancalc.cpp:103]   --->   Operation 230 'add' 'add_ln68_52' <Predicate = true> <Delay = 0.26> <Core = "AddSub">   --->   Core 14 'AddSub' <Latency = 0> <II = 1> <Delay = 0.34> <FuncUnit> <Opcode : 'add' 'sub'> <InPorts = 2> <OutPorts = 1>
ST_1 : Operation 231 [1/1] (0.00ns)   --->   "%zext_ln68_111 = zext i4 %add_ln68_52 to i5" [tancoeff/tancoeff/tancalc.cpp:68->tancoeff/tancoeff/tancalc.cpp:103]   --->   Operation 231 'zext' 'zext_ln68_111' <Predicate = true> <Delay = 0.00>
ST_1 : Operation 232 [1/1] (0.13ns)   --->   "%add_ln68_53 = add i2 %zext_ln68_55, %zext_ln68_56" [tancoeff/tancoeff/tancalc.cpp:68->tancoeff/tancoeff/tancalc.cpp:103]   --->   Operation 232 'add' 'add_ln68_53' <Predicate = true> <Delay = 0.13> <Core = "AddSub">   --->   Core 14 'AddSub' <Latency = 0> <II = 1> <Delay = 0.34> <FuncUnit> <Opcode : 'add' 'sub'> <InPorts = 2> <OutPorts = 1>
ST_1 : Operation 233 [1/1] (0.00ns)   --->   "%zext_ln68_112 = zext i2 %add_ln68_53 to i3" [tancoeff/tancoeff/tancalc.cpp:68->tancoeff/tancoeff/tancalc.cpp:103]   --->   Operation 233 'zext' 'zext_ln68_112' <Predicate = true> <Delay = 0.00>
ST_1 : Operation 234 [1/1] (0.13ns)   --->   "%add_ln68_54 = add i2 %zext_ln68_57, %zext_ln68_58" [tancoeff/tancoeff/tancalc.cpp:68->tancoeff/tancoeff/tancalc.cpp:103]   --->   Operation 234 'add' 'add_ln68_54' <Predicate = true> <Delay = 0.13> <Core = "AddSub">   --->   Core 14 'AddSub' <Latency = 0> <II = 1> <Delay = 0.34> <FuncUnit> <Opcode : 'add' 'sub'> <InPorts = 2> <OutPorts = 1>
ST_1 : Operation 235 [1/1] (0.00ns)   --->   "%zext_ln68_113 = zext i2 %add_ln68_54 to i3" [tancoeff/tancoeff/tancalc.cpp:68->tancoeff/tancoeff/tancalc.cpp:103]   --->   Operation 235 'zext' 'zext_ln68_113' <Predicate = true> <Delay = 0.00>
ST_1 : Operation 236 [1/1] (0.23ns)   --->   "%add_ln68_55 = add i3 %zext_ln68_113, %zext_ln68_112" [tancoeff/tancoeff/tancalc.cpp:68->tancoeff/tancoeff/tancalc.cpp:103]   --->   Operation 236 'add' 'add_ln68_55' <Predicate = true> <Delay = 0.23> <Core = "AddSub">   --->   Core 14 'AddSub' <Latency = 0> <II = 1> <Delay = 0.34> <FuncUnit> <Opcode : 'add' 'sub'> <InPorts = 2> <OutPorts = 1>
ST_1 : Operation 237 [1/1] (0.00ns)   --->   "%zext_ln68_114 = zext i3 %add_ln68_55 to i4" [tancoeff/tancoeff/tancalc.cpp:68->tancoeff/tancoeff/tancalc.cpp:103]   --->   Operation 237 'zext' 'zext_ln68_114' <Predicate = true> <Delay = 0.00>
ST_1 : Operation 238 [1/1] (0.13ns)   --->   "%add_ln68_56 = add i2 %zext_ln68_59, %zext_ln68_60" [tancoeff/tancoeff/tancalc.cpp:68->tancoeff/tancoeff/tancalc.cpp:103]   --->   Operation 238 'add' 'add_ln68_56' <Predicate = true> <Delay = 0.13> <Core = "AddSub">   --->   Core 14 'AddSub' <Latency = 0> <II = 1> <Delay = 0.34> <FuncUnit> <Opcode : 'add' 'sub'> <InPorts = 2> <OutPorts = 1>
ST_1 : Operation 239 [1/1] (0.00ns)   --->   "%zext_ln68_115 = zext i2 %add_ln68_56 to i3" [tancoeff/tancoeff/tancalc.cpp:68->tancoeff/tancoeff/tancalc.cpp:103]   --->   Operation 239 'zext' 'zext_ln68_115' <Predicate = true> <Delay = 0.00>
ST_1 : Operation 240 [1/1] (0.00ns) (grouped into TernaryAdder)   --->   "%add_ln68_57 = add i2 %zext_ln68_62, %zext_ln68_63" [tancoeff/tancoeff/tancalc.cpp:68->tancoeff/tancoeff/tancalc.cpp:103]   --->   Operation 240 'add' 'add_ln68_57' <Predicate = true> <Delay = 0.00> <Core = "TAddSub">   --->   Core 83 'TAddSub' <Latency = 0> <II = 1> <Delay = 0.36> <IPBlock> <Opcode : 'add' 'sub'> <InPorts = 3> <OutPorts = 1> <Sync> <CReg>
ST_1 : Operation 241 [1/1] (0.14ns) (root node of TernaryAdder)   --->   "%add_ln68_58 = add i2 %add_ln68_57, %zext_ln68_61" [tancoeff/tancoeff/tancalc.cpp:68->tancoeff/tancoeff/tancalc.cpp:103]   --->   Operation 241 'add' 'add_ln68_58' <Predicate = true> <Delay = 0.14> <Core = "TAddSub">   --->   Core 83 'TAddSub' <Latency = 0> <II = 1> <Delay = 0.36> <IPBlock> <Opcode : 'add' 'sub'> <InPorts = 3> <OutPorts = 1> <Sync> <CReg>
ST_1 : Operation 242 [1/1] (0.00ns)   --->   "%zext_ln68_116 = zext i2 %add_ln68_58 to i3" [tancoeff/tancoeff/tancalc.cpp:68->tancoeff/tancoeff/tancalc.cpp:103]   --->   Operation 242 'zext' 'zext_ln68_116' <Predicate = true> <Delay = 0.00>
ST_1 : Operation 243 [1/1] (0.23ns)   --->   "%add_ln68_59 = add i3 %zext_ln68_116, %zext_ln68_115" [tancoeff/tancoeff/tancalc.cpp:68->tancoeff/tancoeff/tancalc.cpp:103]   --->   Operation 243 'add' 'add_ln68_59' <Predicate = true> <Delay = 0.23> <Core = "AddSub">   --->   Core 14 'AddSub' <Latency = 0> <II = 1> <Delay = 0.34> <FuncUnit> <Opcode : 'add' 'sub'> <InPorts = 2> <OutPorts = 1>
ST_1 : Operation 244 [1/1] (0.00ns)   --->   "%zext_ln68_117 = zext i3 %add_ln68_59 to i4" [tancoeff/tancoeff/tancalc.cpp:68->tancoeff/tancoeff/tancalc.cpp:103]   --->   Operation 244 'zext' 'zext_ln68_117' <Predicate = true> <Delay = 0.00>
ST_1 : Operation 245 [1/1] (0.26ns)   --->   "%add_ln68_60 = add i4 %zext_ln68_117, %zext_ln68_114" [tancoeff/tancoeff/tancalc.cpp:68->tancoeff/tancoeff/tancalc.cpp:103]   --->   Operation 245 'add' 'add_ln68_60' <Predicate = true> <Delay = 0.26> <Core = "AddSub">   --->   Core 14 'AddSub' <Latency = 0> <II = 1> <Delay = 0.34> <FuncUnit> <Opcode : 'add' 'sub'> <InPorts = 2> <OutPorts = 1>
ST_1 : Operation 246 [1/1] (0.00ns)   --->   "%zext_ln68_118 = zext i4 %add_ln68_60 to i5" [tancoeff/tancoeff/tancalc.cpp:68->tancoeff/tancoeff/tancalc.cpp:103]   --->   Operation 246 'zext' 'zext_ln68_118' <Predicate = true> <Delay = 0.00>
ST_1 : Operation 247 [1/1] (0.33ns)   --->   "%add_ln68_61 = add i5 %zext_ln68_118, %zext_ln68_111" [tancoeff/tancoeff/tancalc.cpp:68->tancoeff/tancoeff/tancalc.cpp:103]   --->   Operation 247 'add' 'add_ln68_61' <Predicate = true> <Delay = 0.33> <Core = "AddSub">   --->   Core 14 'AddSub' <Latency = 0> <II = 1> <Delay = 0.34> <FuncUnit> <Opcode : 'add' 'sub'> <InPorts = 2> <OutPorts = 1>
ST_1 : Operation 248 [1/1] (0.00ns)   --->   "%zext_ln68_119 = zext i5 %add_ln68_61 to i6" [tancoeff/tancoeff/tancalc.cpp:68->tancoeff/tancoeff/tancalc.cpp:103]   --->   Operation 248 'zext' 'zext_ln68_119' <Predicate = true> <Delay = 0.00>
ST_1 : Operation 249 [1/1] (0.34ns)   --->   "%add_ln68_62 = add i6 %zext_ln68_119, %zext_ln68_104" [tancoeff/tancoeff/tancalc.cpp:68->tancoeff/tancoeff/tancalc.cpp:103]   --->   Operation 249 'add' 'add_ln68_62' <Predicate = true> <Delay = 0.34> <Core = "AddSub">   --->   Core 14 'AddSub' <Latency = 0> <II = 1> <Delay = 0.34> <FuncUnit> <Opcode : 'add' 'sub'> <InPorts = 2> <OutPorts = 1>
ST_1 : Operation 250 [1/1] (0.00ns)   --->   "%zext_ln68_120 = zext i6 %add_ln68_62 to i32" [tancoeff/tancoeff/tancalc.cpp:68->tancoeff/tancoeff/tancalc.cpp:103]   --->   Operation 250 'zext' 'zext_ln68_120' <Predicate = true> <Delay = 0.00>
ST_1 : Operation 251 [1/1] (0.73ns) (root node of TernaryAdder)   --->   "%add_ln68_63 = add nsw i32 %zext_ln68_120, %add_ln68_30" [tancoeff/tancoeff/tancalc.cpp:68->tancoeff/tancoeff/tancalc.cpp:103]   --->   Operation 251 'add' 'add_ln68_63' <Predicate = true> <Delay = 0.73> <Core = "TAddSub">   --->   Core 83 'TAddSub' <Latency = 0> <II = 1> <Delay = 0.36> <IPBlock> <Opcode : 'add' 'sub'> <InPorts = 3> <OutPorts = 1> <Sync> <CReg>
ST_1 : Operation 252 [1/1] (0.00ns)   --->   "call void @_ssdm_op_Write.ap_auto.i32P(i32* %result, i32 %add_ln68_63)" [tancoeff/tancoeff/tancalc.cpp:68->tancoeff/tancoeff/tancalc.cpp:103]   --->   Operation 252 'write' <Predicate = true> <Delay = 0.00>
ST_1 : Operation 253 [1/1] (0.00ns)   --->   "ret void" [tancoeff/tancoeff/tancalc.cpp:103]   --->   Operation 253 'ret' <Predicate = true> <Delay = 0.00>


============================================================
+ Verbose Summary: Timing violations
============================================================
Target clock period: 3.33ns, clock uncertainty: 0.9ns.

 <State 1>: 2.33ns
The critical path consists of the following:
	wire read on port 'result_local_2_read_2' (tancoeff/tancoeff/tancalc.cpp:103) [127]  (0 ns)
	'add' operation ('add_ln68_1', tancoeff/tancoeff/tancalc.cpp:68->tancoeff/tancoeff/tancalc.cpp:103) [196]  (0.138 ns)
	'add' operation ('add_ln68_2', tancoeff/tancoeff/tancalc.cpp:68->tancoeff/tancoeff/tancalc.cpp:103) [198]  (0.731 ns)
	'add' operation ('add_ln68_6', tancoeff/tancoeff/tancalc.cpp:68->tancoeff/tancoeff/tancalc.cpp:103) [205]  (0 ns)
	'add' operation ('add_ln68_14', tancoeff/tancoeff/tancalc.cpp:68->tancoeff/tancoeff/tancalc.cpp:103) [220]  (0.731 ns)
	'add' operation ('add_ln68_30', tancoeff/tancoeff/tancalc.cpp:68->tancoeff/tancoeff/tancalc.cpp:103) [251]  (0 ns)
	'add' operation ('add_ln68_63', tancoeff/tancoeff/tancalc.cpp:68->tancoeff/tancoeff/tancalc.cpp:103) [315]  (0.731 ns)


============================================================
+ Verbose Summary: Binding
============================================================
N/A
* FSMD analyzer results:
  - Output states:
 - Input state : 
  - Chain level:
	State 1


============================================================
+ Verbose Summary: Datapath Resource usage 
============================================================
N/A
