

================================================================
== Vivado HLS Report for 'tancalc'
================================================================
* Date:           Thu Nov  7 01:36:50 2019

* Version:        2019.1 (Build 2552052 on Fri May 24 15:28:33 MDT 2019)
* Project:        tancoeff
* Solution:       tancoeff
* Product family: virtexuplus
* Target device:  xcvu9p-fsgd2104-2L-e


================================================================
== Performance Estimates
================================================================
+ Timing (ns): 
    * Summary: 
    +--------+-------+----------+------------+
    |  Clock | Target| Estimated| Uncertainty|
    +--------+-------+----------+------------+
    |ap_clk  |   3.33|     2.433|        0.90|
    +--------+-------+----------+------------+

+ Latency (clock cycles): 
    * Summary: 
    +------+------+------+------+---------+
    |   Latency   |   Interval  | Pipeline|
    |  min |  max |  min |  max |   Type  |
    +------+------+------+------+---------+
    |  7209|  7209|  7209|  7209|   none  |
    +------+------+------+------+---------+

    + Detail: 
        * Instance: 
        N/A

        * Loop: 
        +------------+------+------+----------+-----------+-----------+------+----------+
        |            |   Latency   | Iteration|  Initiation Interval  | Trip |          |
        |  Loop Name |  min |  max |  Latency |  achieved |   target  | Count| Pipelined|
        +------------+------+------+----------+-----------+-----------+------+----------+
        |- mainloop  |  7208|  7208|      1802|          -|          -|     4|    no    |
        +------------+------+------+----------+-----------+-----------+------+----------+

============================================================
+ Verbose Summary: Synthesis Manager
============================================================
InlineROM: 1
ExposeGlobal: 0
============================================================
+ Verbose Summary: CDFG Model
============================================================
IsTopModel: 1
ResetActiveHigh: 1
IsCombinational: 0
IsDatapathOnly: 0
HasWiredReturn: 1
HasMFsm: 0
HasVarLatency: 1
IsPipeline: 0
IsRtlPipelined: 0
IsInstanceOverlapped: 0
IsDontTouch: 0
HasImplIP: 0
IsGatedGlobalClock: 0


============================================================
+ Verbose Summary: Schedule
============================================================
* Number of FSM states : 5
* Pipeline : 0
* Dataflow Pipeline: 0

* FSM state transitions: 
1 --> 2 
2 --> 3 
3 --> 4 
4 --> 5 
5 --> 2 

* FSM state operations: 

State 1 <SV = 0> <Delay = 1.00>
ST_1 : Operation 6 [1/1] (0.00ns)   --->   "%cmpr_local_0_V_1 = alloca i1024"   --->   Operation 6 'alloca' 'cmpr_local_0_V_1' <Predicate = true> <Delay = 0.00>
ST_1 : Operation 7 [1/1] (0.00ns)   --->   "%cmpr_local_1_V_1 = alloca i1024"   --->   Operation 7 'alloca' 'cmpr_local_1_V_1' <Predicate = true> <Delay = 0.00>
ST_1 : Operation 8 [1/1] (0.00ns)   --->   "%cmpr_local_2_V_1 = alloca i1024"   --->   Operation 8 'alloca' 'cmpr_local_2_V_1' <Predicate = true> <Delay = 0.00>
ST_1 : Operation 9 [1/1] (0.00ns)   --->   "%cmpr_local_3_V_1 = alloca i1024"   --->   Operation 9 'alloca' 'cmpr_local_3_V_1' <Predicate = true> <Delay = 0.00>
ST_1 : Operation 10 [1/1] (0.00ns)   --->   "%cmpr_local_4_V_1 = alloca i1024"   --->   Operation 10 'alloca' 'cmpr_local_4_V_1' <Predicate = true> <Delay = 0.00>
ST_1 : Operation 11 [1/1] (0.00ns)   --->   "%cmpr_local_5_V_1 = alloca i1024"   --->   Operation 11 'alloca' 'cmpr_local_5_V_1' <Predicate = true> <Delay = 0.00>
ST_1 : Operation 12 [1/1] (0.00ns)   --->   "%cmpr_local_6_V_1 = alloca i1024"   --->   Operation 12 'alloca' 'cmpr_local_6_V_1' <Predicate = true> <Delay = 0.00>
ST_1 : Operation 13 [1/1] (0.00ns)   --->   "%cmpr_local_7_V_1 = alloca i1024"   --->   Operation 13 'alloca' 'cmpr_local_7_V_1' <Predicate = true> <Delay = 0.00>
ST_1 : Operation 14 [1/1] (0.00ns)   --->   "%cmpr_local_8_V_1 = alloca i1024"   --->   Operation 14 'alloca' 'cmpr_local_8_V_1' <Predicate = true> <Delay = 0.00>
ST_1 : Operation 15 [1/1] (0.00ns)   --->   "%cmpr_local_9_V_1 = alloca i1024"   --->   Operation 15 'alloca' 'cmpr_local_9_V_1' <Predicate = true> <Delay = 0.00>
ST_1 : Operation 16 [1/1] (0.00ns)   --->   "%cmpr_local_10_V_1 = alloca i1024"   --->   Operation 16 'alloca' 'cmpr_local_10_V_1' <Predicate = true> <Delay = 0.00>
ST_1 : Operation 17 [1/1] (0.00ns)   --->   "%cmpr_local_11_V_1 = alloca i1024"   --->   Operation 17 'alloca' 'cmpr_local_11_V_1' <Predicate = true> <Delay = 0.00>
ST_1 : Operation 18 [1/1] (0.00ns)   --->   "%cmpr_local_12_V_1 = alloca i1024"   --->   Operation 18 'alloca' 'cmpr_local_12_V_1' <Predicate = true> <Delay = 0.00>
ST_1 : Operation 19 [1/1] (0.00ns)   --->   "%cmpr_local_13_V_1 = alloca i1024"   --->   Operation 19 'alloca' 'cmpr_local_13_V_1' <Predicate = true> <Delay = 0.00>
ST_1 : Operation 20 [1/1] (0.00ns)   --->   "%cmpr_local_14_V_1 = alloca i1024"   --->   Operation 20 'alloca' 'cmpr_local_14_V_1' <Predicate = true> <Delay = 0.00>
ST_1 : Operation 21 [1/1] (0.00ns)   --->   "%cmpr_local_15_V_1 = alloca i1024"   --->   Operation 21 'alloca' 'cmpr_local_15_V_1' <Predicate = true> <Delay = 0.00>
ST_1 : Operation 22 [1/1] (0.00ns)   --->   "%cmprpop_local_0_V_1 = alloca i11"   --->   Operation 22 'alloca' 'cmprpop_local_0_V_1' <Predicate = true> <Delay = 0.00>
ST_1 : Operation 23 [1/1] (0.00ns)   --->   "%cmprpop_local_1_V_1 = alloca i11"   --->   Operation 23 'alloca' 'cmprpop_local_1_V_1' <Predicate = true> <Delay = 0.00>
ST_1 : Operation 24 [1/1] (0.00ns)   --->   "%cmprpop_local_2_V_1 = alloca i11"   --->   Operation 24 'alloca' 'cmprpop_local_2_V_1' <Predicate = true> <Delay = 0.00>
ST_1 : Operation 25 [1/1] (0.00ns)   --->   "%cmprpop_local_3_V_1 = alloca i11"   --->   Operation 25 'alloca' 'cmprpop_local_3_V_1' <Predicate = true> <Delay = 0.00>
ST_1 : Operation 26 [1/1] (0.00ns)   --->   "%cmprpop_local_4_V_1 = alloca i11"   --->   Operation 26 'alloca' 'cmprpop_local_4_V_1' <Predicate = true> <Delay = 0.00>
ST_1 : Operation 27 [1/1] (0.00ns)   --->   "%cmprpop_local_5_V_1 = alloca i11"   --->   Operation 27 'alloca' 'cmprpop_local_5_V_1' <Predicate = true> <Delay = 0.00>
ST_1 : Operation 28 [1/1] (0.00ns)   --->   "%cmprpop_local_6_V_1 = alloca i11"   --->   Operation 28 'alloca' 'cmprpop_local_6_V_1' <Predicate = true> <Delay = 0.00>
ST_1 : Operation 29 [1/1] (0.00ns)   --->   "%cmprpop_local_7_V_1 = alloca i11"   --->   Operation 29 'alloca' 'cmprpop_local_7_V_1' <Predicate = true> <Delay = 0.00>
ST_1 : Operation 30 [1/1] (0.00ns)   --->   "%cmprpop_local_8_V_1 = alloca i11"   --->   Operation 30 'alloca' 'cmprpop_local_8_V_1' <Predicate = true> <Delay = 0.00>
ST_1 : Operation 31 [1/1] (0.00ns)   --->   "%cmprpop_local_9_V_1 = alloca i11"   --->   Operation 31 'alloca' 'cmprpop_local_9_V_1' <Predicate = true> <Delay = 0.00>
ST_1 : Operation 32 [1/1] (0.00ns)   --->   "%cmprpop_local_10_V_1 = alloca i11"   --->   Operation 32 'alloca' 'cmprpop_local_10_V_1' <Predicate = true> <Delay = 0.00>
ST_1 : Operation 33 [1/1] (0.00ns)   --->   "%cmprpop_local_11_V_1 = alloca i11"   --->   Operation 33 'alloca' 'cmprpop_local_11_V_1' <Predicate = true> <Delay = 0.00>
ST_1 : Operation 34 [1/1] (0.00ns)   --->   "%cmprpop_local_12_V_1 = alloca i11"   --->   Operation 34 'alloca' 'cmprpop_local_12_V_1' <Predicate = true> <Delay = 0.00>
ST_1 : Operation 35 [1/1] (0.00ns)   --->   "%cmprpop_local_13_V_1 = alloca i11"   --->   Operation 35 'alloca' 'cmprpop_local_13_V_1' <Predicate = true> <Delay = 0.00>
ST_1 : Operation 36 [1/1] (0.00ns)   --->   "%cmprpop_local_14_V_1 = alloca i11"   --->   Operation 36 'alloca' 'cmprpop_local_14_V_1' <Predicate = true> <Delay = 0.00>
ST_1 : Operation 37 [1/1] (0.00ns)   --->   "%cmprpop_local_15_V_1 = alloca i10"   --->   Operation 37 'alloca' 'cmprpop_local_15_V_1' <Predicate = true> <Delay = 0.00>
ST_1 : Operation 38 [1/1] (1.00ns)   --->   "%output_V_read = call i64 @_ssdm_op_Read.s_axilite.i64(i64 %output_V)"   --->   Operation 38 'read' 'output_V_read' <Predicate = true> <Delay = 1.00> <Core = "s_axilite">   --->   Core 10 's_axilite' <Latency = 0> <II = 1> <Delay = 1.00> <Adapter> <Opcode : 'read' 'write'>
ST_1 : Operation 39 [1/1] (1.00ns)   --->   "%input_V_read = call i64 @_ssdm_op_Read.s_axilite.i64(i64 %input_V)"   --->   Operation 39 'read' 'input_V_read' <Predicate = true> <Delay = 1.00> <Core = "s_axilite">   --->   Core 10 's_axilite' <Latency = 0> <II = 1> <Delay = 1.00> <Adapter> <Opcode : 'read' 'write'>
ST_1 : Operation 40 [1/1] (0.00ns)   --->   "%output_V3 = call i58 @_ssdm_op_PartSelect.i58.i64.i32.i32(i64 %output_V_read, i32 6, i32 63)"   --->   Operation 40 'partselect' 'output_V3' <Predicate = true> <Delay = 0.00>
ST_1 : Operation 41 [1/1] (0.00ns)   --->   "%input_V1 = call i58 @_ssdm_op_PartSelect.i58.i64.i32.i32(i64 %input_V_read, i32 6, i32 63)"   --->   Operation 41 'partselect' 'input_V1' <Predicate = true> <Delay = 0.00>
ST_1 : Operation 42 [1/1] (0.00ns)   --->   "call void (...)* @_ssdm_op_SpecBitsMap(i512* %gmem1), !map !118"   --->   Operation 42 'specbitsmap' <Predicate = true> <Delay = 0.00>
ST_1 : Operation 43 [1/1] (0.00ns)   --->   "call void (...)* @_ssdm_op_SpecBitsMap(i512* %gmem0), !map !124"   --->   Operation 43 'specbitsmap' <Predicate = true> <Delay = 0.00>
ST_1 : Operation 44 [1/1] (0.00ns)   --->   "call void (...)* @_ssdm_op_SpecTopModule([8 x i8]* @tancalc_str) nounwind"   --->   Operation 44 'spectopmodule' <Predicate = true> <Delay = 0.00>
ST_1 : Operation 45 [1/1] (0.00ns)   --->   "call void (...)* @_ssdm_op_SpecInterface(i512* %gmem0, [6 x i8]* @p_str6, i32 0, i32 0, [1 x i8]* @p_str1, i32 0, i32 8192, [6 x i8]* @p_str7, [6 x i8]* @p_str8, [1 x i8]* @p_str1, i32 16, i32 16, i32 16, i32 16, [1 x i8]* @p_str1, [1 x i8]* @p_str1) nounwind" [tancoeff/tancoeff/tancalc.cpp:73]   --->   Operation 45 'specinterface' <Predicate = true> <Delay = 0.00>
ST_1 : Operation 46 [1/1] (0.00ns)   --->   "call void (...)* @_ssdm_op_SpecInterface(i512* %gmem1, [6 x i8]* @p_str6, i32 0, i32 0, [1 x i8]* @p_str1, i32 0, i32 256, [6 x i8]* @p_str9, [6 x i8]* @p_str8, [1 x i8]* @p_str1, i32 16, i32 16, i32 16, i32 16, [1 x i8]* @p_str1, [1 x i8]* @p_str1) nounwind" [tancoeff/tancoeff/tancalc.cpp:74]   --->   Operation 46 'specinterface' <Predicate = true> <Delay = 0.00>
ST_1 : Operation 47 [1/1] (0.00ns)   --->   "call void (...)* @_ssdm_op_SpecInterface(i64 %input_V, [10 x i8]* @p_str10, i32 0, i32 0, [1 x i8]* @p_str1, i32 0, i32 0, [8 x i8]* @p_str11, [1 x i8]* @p_str1, [1 x i8]* @p_str1, i32 0, i32 0, i32 0, i32 0, [1 x i8]* @p_str1, [1 x i8]* @p_str1) nounwind" [tancoeff/tancoeff/tancalc.cpp:76]   --->   Operation 47 'specinterface' <Predicate = true> <Delay = 0.00>
ST_1 : Operation 48 [1/1] (0.00ns)   --->   "call void (...)* @_ssdm_op_SpecInterface(i64 %output_V, [10 x i8]* @p_str10, i32 0, i32 0, [1 x i8]* @p_str1, i32 0, i32 0, [8 x i8]* @p_str11, [1 x i8]* @p_str1, [1 x i8]* @p_str1, i32 0, i32 0, i32 0, i32 0, [1 x i8]* @p_str1, [1 x i8]* @p_str1) nounwind" [tancoeff/tancoeff/tancalc.cpp:77]   --->   Operation 48 'specinterface' <Predicate = true> <Delay = 0.00>
ST_1 : Operation 49 [1/1] (0.00ns)   --->   "call void (...)* @_ssdm_op_SpecInterface(i32 0, [10 x i8]* @p_str10, i32 0, i32 0, [1 x i8]* @p_str1, i32 0, i32 0, [8 x i8]* @p_str11, [1 x i8]* @p_str1, [1 x i8]* @p_str1, i32 0, i32 0, i32 0, i32 0, [1 x i8]* @p_str1, [1 x i8]* @p_str1) nounwind" [tancoeff/tancoeff/tancalc.cpp:78]   --->   Operation 49 'specinterface' <Predicate = true> <Delay = 0.00>
ST_1 : Operation 50 [1/1] (0.60ns)   --->   "br label %0"   --->   Operation 50 'br' <Predicate = true> <Delay = 0.60>

State 2 <SV = 1> <Delay = 0.78>
ST_2 : Operation 51 [1/1] (0.00ns)   --->   "%cmpr_chunk_num_0_i = phi i3 [ 0, %codeRepl ], [ %cmpr_chunk_num, %codeRepl17 ]"   --->   Operation 51 'phi' 'cmpr_chunk_num_0_i' <Predicate = true> <Delay = 0.00>
ST_2 : Operation 52 [1/1] (0.49ns)   --->   "%icmp_ln92 = icmp eq i3 %cmpr_chunk_num_0_i, -4" [tancoeff/tancoeff/tancalc.cpp:92]   --->   Operation 52 'icmp' 'icmp_ln92' <Predicate = true> <Delay = 0.49> <Core = "Cmp">   --->   Core 25 'Cmp' <Latency = 0> <II = 1> <Delay = 0.49> <FuncUnit> <Opcode : 'icmp'> <InPorts = 2> <OutPorts = 1>
ST_2 : Operation 53 [1/1] (0.00ns)   --->   "%empty = call i32 (...)* @_ssdm_op_SpecLoopTripCount(i64 4, i64 4, i64 4)"   --->   Operation 53 'speclooptripcount' 'empty' <Predicate = true> <Delay = 0.00>
ST_2 : Operation 54 [1/1] (0.26ns)   --->   "%cmpr_chunk_num = add i3 %cmpr_chunk_num_0_i, 1" [tancoeff/tancoeff/tancalc.cpp:92]   --->   Operation 54 'add' 'cmpr_chunk_num' <Predicate = true> <Delay = 0.26> <Core = "AddSub">   --->   Core 14 'AddSub' <Latency = 0> <II = 1> <Delay = 0.26> <FuncUnit> <Opcode : 'add' 'sub'> <InPorts = 2> <OutPorts = 1>
ST_2 : Operation 55 [1/1] (0.00ns)   --->   "br i1 %icmp_ln92, label %tancalc_.exit, label %codeRepl17" [tancoeff/tancoeff/tancalc.cpp:92]   --->   Operation 55 'br' <Predicate = true> <Delay = 0.00>
ST_2 : Operation 56 [1/1] (0.00ns)   --->   "%cmpr_local_0_V_1_load = load i1024* %cmpr_local_0_V_1" [tancoeff/tancoeff/tancalc.cpp:93]   --->   Operation 56 'load' 'cmpr_local_0_V_1_load' <Predicate = (!icmp_ln92)> <Delay = 0.00>
ST_2 : Operation 57 [1/1] (0.00ns)   --->   "%cmpr_local_1_V_1_load = load i1024* %cmpr_local_1_V_1" [tancoeff/tancoeff/tancalc.cpp:93]   --->   Operation 57 'load' 'cmpr_local_1_V_1_load' <Predicate = (!icmp_ln92)> <Delay = 0.00>
ST_2 : Operation 58 [1/1] (0.00ns)   --->   "%cmpr_local_2_V_1_load = load i1024* %cmpr_local_2_V_1" [tancoeff/tancoeff/tancalc.cpp:93]   --->   Operation 58 'load' 'cmpr_local_2_V_1_load' <Predicate = (!icmp_ln92)> <Delay = 0.00>
ST_2 : Operation 59 [1/1] (0.00ns)   --->   "%cmpr_local_3_V_1_load = load i1024* %cmpr_local_3_V_1" [tancoeff/tancoeff/tancalc.cpp:93]   --->   Operation 59 'load' 'cmpr_local_3_V_1_load' <Predicate = (!icmp_ln92)> <Delay = 0.00>
ST_2 : Operation 60 [1/1] (0.00ns)   --->   "%cmpr_local_4_V_1_load = load i1024* %cmpr_local_4_V_1" [tancoeff/tancoeff/tancalc.cpp:93]   --->   Operation 60 'load' 'cmpr_local_4_V_1_load' <Predicate = (!icmp_ln92)> <Delay = 0.00>
ST_2 : Operation 61 [1/1] (0.00ns)   --->   "%cmpr_local_5_V_1_load = load i1024* %cmpr_local_5_V_1" [tancoeff/tancoeff/tancalc.cpp:93]   --->   Operation 61 'load' 'cmpr_local_5_V_1_load' <Predicate = (!icmp_ln92)> <Delay = 0.00>
ST_2 : Operation 62 [1/1] (0.00ns)   --->   "%cmpr_local_6_V_1_load = load i1024* %cmpr_local_6_V_1" [tancoeff/tancoeff/tancalc.cpp:93]   --->   Operation 62 'load' 'cmpr_local_6_V_1_load' <Predicate = (!icmp_ln92)> <Delay = 0.00>
ST_2 : Operation 63 [1/1] (0.00ns)   --->   "%cmpr_local_7_V_1_load = load i1024* %cmpr_local_7_V_1" [tancoeff/tancoeff/tancalc.cpp:93]   --->   Operation 63 'load' 'cmpr_local_7_V_1_load' <Predicate = (!icmp_ln92)> <Delay = 0.00>
ST_2 : Operation 64 [1/1] (0.00ns)   --->   "%cmpr_local_8_V_1_load = load i1024* %cmpr_local_8_V_1" [tancoeff/tancoeff/tancalc.cpp:93]   --->   Operation 64 'load' 'cmpr_local_8_V_1_load' <Predicate = (!icmp_ln92)> <Delay = 0.00>
ST_2 : Operation 65 [1/1] (0.00ns)   --->   "%cmpr_local_9_V_1_load = load i1024* %cmpr_local_9_V_1" [tancoeff/tancoeff/tancalc.cpp:93]   --->   Operation 65 'load' 'cmpr_local_9_V_1_load' <Predicate = (!icmp_ln92)> <Delay = 0.00>
ST_2 : Operation 66 [1/1] (0.00ns)   --->   "%cmpr_local_10_V_1_load = load i1024* %cmpr_local_10_V_1" [tancoeff/tancoeff/tancalc.cpp:93]   --->   Operation 66 'load' 'cmpr_local_10_V_1_load' <Predicate = (!icmp_ln92)> <Delay = 0.00>
ST_2 : Operation 67 [1/1] (0.00ns)   --->   "%cmpr_local_11_V_1_load = load i1024* %cmpr_local_11_V_1" [tancoeff/tancoeff/tancalc.cpp:93]   --->   Operation 67 'load' 'cmpr_local_11_V_1_load' <Predicate = (!icmp_ln92)> <Delay = 0.00>
ST_2 : Operation 68 [1/1] (0.00ns)   --->   "%cmpr_local_12_V_1_load = load i1024* %cmpr_local_12_V_1" [tancoeff/tancoeff/tancalc.cpp:93]   --->   Operation 68 'load' 'cmpr_local_12_V_1_load' <Predicate = (!icmp_ln92)> <Delay = 0.00>
ST_2 : Operation 69 [1/1] (0.00ns)   --->   "%cmpr_local_13_V_1_load = load i1024* %cmpr_local_13_V_1" [tancoeff/tancoeff/tancalc.cpp:93]   --->   Operation 69 'load' 'cmpr_local_13_V_1_load' <Predicate = (!icmp_ln92)> <Delay = 0.00>
ST_2 : Operation 70 [1/1] (0.00ns)   --->   "%cmpr_local_14_V_1_load = load i1024* %cmpr_local_14_V_1" [tancoeff/tancoeff/tancalc.cpp:93]   --->   Operation 70 'load' 'cmpr_local_14_V_1_load' <Predicate = (!icmp_ln92)> <Delay = 0.00>
ST_2 : Operation 71 [1/1] (0.00ns)   --->   "%cmpr_local_15_V_1_load = load i1024* %cmpr_local_15_V_1" [tancoeff/tancoeff/tancalc.cpp:93]   --->   Operation 71 'load' 'cmpr_local_15_V_1_load' <Predicate = (!icmp_ln92)> <Delay = 0.00>
ST_2 : Operation 72 [1/1] (0.00ns)   --->   "%cmprpop_local_0_V_1_load = load i11* %cmprpop_local_0_V_1" [tancoeff/tancoeff/tancalc.cpp:93]   --->   Operation 72 'load' 'cmprpop_local_0_V_1_load' <Predicate = (!icmp_ln92)> <Delay = 0.00>
ST_2 : Operation 73 [1/1] (0.00ns)   --->   "%cmprpop_local_1_V_1_load = load i11* %cmprpop_local_1_V_1" [tancoeff/tancoeff/tancalc.cpp:93]   --->   Operation 73 'load' 'cmprpop_local_1_V_1_load' <Predicate = (!icmp_ln92)> <Delay = 0.00>
ST_2 : Operation 74 [1/1] (0.00ns)   --->   "%cmprpop_local_2_V_1_load = load i11* %cmprpop_local_2_V_1" [tancoeff/tancoeff/tancalc.cpp:93]   --->   Operation 74 'load' 'cmprpop_local_2_V_1_load' <Predicate = (!icmp_ln92)> <Delay = 0.00>
ST_2 : Operation 75 [1/1] (0.00ns)   --->   "%cmprpop_local_3_V_1_load = load i11* %cmprpop_local_3_V_1" [tancoeff/tancoeff/tancalc.cpp:93]   --->   Operation 75 'load' 'cmprpop_local_3_V_1_load' <Predicate = (!icmp_ln92)> <Delay = 0.00>
ST_2 : Operation 76 [1/1] (0.00ns)   --->   "%cmprpop_local_4_V_1_load = load i11* %cmprpop_local_4_V_1" [tancoeff/tancoeff/tancalc.cpp:93]   --->   Operation 76 'load' 'cmprpop_local_4_V_1_load' <Predicate = (!icmp_ln92)> <Delay = 0.00>
ST_2 : Operation 77 [1/1] (0.00ns)   --->   "%cmprpop_local_5_V_1_load = load i11* %cmprpop_local_5_V_1" [tancoeff/tancoeff/tancalc.cpp:93]   --->   Operation 77 'load' 'cmprpop_local_5_V_1_load' <Predicate = (!icmp_ln92)> <Delay = 0.00>
ST_2 : Operation 78 [1/1] (0.00ns)   --->   "%cmprpop_local_6_V_1_load = load i11* %cmprpop_local_6_V_1" [tancoeff/tancoeff/tancalc.cpp:93]   --->   Operation 78 'load' 'cmprpop_local_6_V_1_load' <Predicate = (!icmp_ln92)> <Delay = 0.00>
ST_2 : Operation 79 [1/1] (0.00ns)   --->   "%cmprpop_local_7_V_1_load = load i11* %cmprpop_local_7_V_1" [tancoeff/tancoeff/tancalc.cpp:93]   --->   Operation 79 'load' 'cmprpop_local_7_V_1_load' <Predicate = (!icmp_ln92)> <Delay = 0.00>
ST_2 : Operation 80 [1/1] (0.00ns)   --->   "%cmprpop_local_8_V_1_load = load i11* %cmprpop_local_8_V_1" [tancoeff/tancoeff/tancalc.cpp:93]   --->   Operation 80 'load' 'cmprpop_local_8_V_1_load' <Predicate = (!icmp_ln92)> <Delay = 0.00>
ST_2 : Operation 81 [1/1] (0.00ns)   --->   "%cmprpop_local_9_V_1_load = load i11* %cmprpop_local_9_V_1" [tancoeff/tancoeff/tancalc.cpp:93]   --->   Operation 81 'load' 'cmprpop_local_9_V_1_load' <Predicate = (!icmp_ln92)> <Delay = 0.00>
ST_2 : Operation 82 [1/1] (0.00ns)   --->   "%cmprpop_local_10_V_1_load = load i11* %cmprpop_local_10_V_1" [tancoeff/tancoeff/tancalc.cpp:93]   --->   Operation 82 'load' 'cmprpop_local_10_V_1_load' <Predicate = (!icmp_ln92)> <Delay = 0.00>
ST_2 : Operation 83 [1/1] (0.00ns)   --->   "%cmprpop_local_11_V_1_load = load i11* %cmprpop_local_11_V_1" [tancoeff/tancoeff/tancalc.cpp:93]   --->   Operation 83 'load' 'cmprpop_local_11_V_1_load' <Predicate = (!icmp_ln92)> <Delay = 0.00>
ST_2 : Operation 84 [1/1] (0.00ns)   --->   "%cmprpop_local_12_V_1_load = load i11* %cmprpop_local_12_V_1" [tancoeff/tancoeff/tancalc.cpp:93]   --->   Operation 84 'load' 'cmprpop_local_12_V_1_load' <Predicate = (!icmp_ln92)> <Delay = 0.00>
ST_2 : Operation 85 [1/1] (0.00ns)   --->   "%cmprpop_local_13_V_1_load = load i11* %cmprpop_local_13_V_1" [tancoeff/tancoeff/tancalc.cpp:93]   --->   Operation 85 'load' 'cmprpop_local_13_V_1_load' <Predicate = (!icmp_ln92)> <Delay = 0.00>
ST_2 : Operation 86 [1/1] (0.00ns)   --->   "%cmprpop_local_14_V_1_load = load i11* %cmprpop_local_14_V_1" [tancoeff/tancoeff/tancalc.cpp:93]   --->   Operation 86 'load' 'cmprpop_local_14_V_1_load' <Predicate = (!icmp_ln92)> <Delay = 0.00>
ST_2 : Operation 87 [1/1] (0.00ns)   --->   "%cmprpop_local_15_V_1_load = load i10* %cmprpop_local_15_V_1" [tancoeff/tancoeff/tancalc.cpp:93]   --->   Operation 87 'load' 'cmprpop_local_15_V_1_load' <Predicate = (!icmp_ln92)> <Delay = 0.00>
ST_2 : Operation 88 [1/1] (0.00ns)   --->   "%trunc_ln93 = trunc i3 %cmpr_chunk_num_0_i to i2" [tancoeff/tancoeff/tancalc.cpp:93]   --->   Operation 88 'trunc' 'trunc_ln93' <Predicate = (!icmp_ln92)> <Delay = 0.00>
ST_2 : Operation 89 [1/1] (0.00ns)   --->   "%shl_ln = call i6 @_ssdm_op_BitConcatenate.i6.i2.i4(i2 %trunc_ln93, i4 0)" [tancoeff/tancoeff/tancalc.cpp:93]   --->   Operation 89 'bitconcatenate' 'shl_ln' <Predicate = (!icmp_ln92)> <Delay = 0.00>
ST_2 : Operation 90 [2/2] (0.78ns)   --->   "%tmp_1 = call fastcc { i1024, i1024, i1024, i1024, i1024, i1024, i1024, i1024, i1024, i1024, i1024, i1024, i1024, i1024, i1024, i1024, i11, i11, i11, i11, i11, i11, i11, i11, i11, i11, i11, i11, i11, i11, i11, i10 } @data_read.1(i512* %gmem0, i58 %input_V1, i1024 %cmpr_local_0_V_1_load, i1024 %cmpr_local_1_V_1_load, i1024 %cmpr_local_2_V_1_load, i1024 %cmpr_local_3_V_1_load, i1024 %cmpr_local_4_V_1_load, i1024 %cmpr_local_5_V_1_load, i1024 %cmpr_local_6_V_1_load, i1024 %cmpr_local_7_V_1_load, i1024 %cmpr_local_8_V_1_load, i1024 %cmpr_local_9_V_1_load, i1024 %cmpr_local_10_V_1_load, i1024 %cmpr_local_11_V_1_load, i1024 %cmpr_local_12_V_1_load, i1024 %cmpr_local_13_V_1_load, i1024 %cmpr_local_14_V_1_load, i1024 %cmpr_local_15_V_1_load, i11 %cmprpop_local_0_V_1_load, i11 %cmprpop_local_1_V_1_load, i11 %cmprpop_local_2_V_1_load, i11 %cmprpop_local_3_V_1_load, i11 %cmprpop_local_4_V_1_load, i11 %cmprpop_local_5_V_1_load, i11 %cmprpop_local_6_V_1_load, i11 %cmprpop_local_7_V_1_load, i11 %cmprpop_local_8_V_1_load, i11 %cmprpop_local_9_V_1_load, i11 %cmprpop_local_10_V_1_load, i11 %cmprpop_local_11_V_1_load, i11 %cmprpop_local_12_V_1_load, i11 %cmprpop_local_13_V_1_load, i11 %cmprpop_local_14_V_1_load, i10 %cmprpop_local_15_V_1_load, i6 %shl_ln)" [tancoeff/tancoeff/tancalc.cpp:93]   --->   Operation 90 'call' 'tmp_1' <Predicate = (!icmp_ln92)> <Delay = 0.78> <CoreType = "Generic">   --->   Core 0 '' <Latency = 0> <II = 1> <Delay = 1.00> <Generic> <Opcode : >
ST_2 : Operation 91 [1/1] (0.00ns)   --->   "ret void" [tancoeff/tancoeff/tancalc.cpp:141]   --->   Operation 91 'ret' <Predicate = (icmp_ln92)> <Delay = 0.00>

State 3 <SV = 2> <Delay = 0.65>
ST_3 : Operation 92 [1/2] (0.65ns)   --->   "%tmp_1 = call fastcc { i1024, i1024, i1024, i1024, i1024, i1024, i1024, i1024, i1024, i1024, i1024, i1024, i1024, i1024, i1024, i1024, i11, i11, i11, i11, i11, i11, i11, i11, i11, i11, i11, i11, i11, i11, i11, i10 } @data_read.1(i512* %gmem0, i58 %input_V1, i1024 %cmpr_local_0_V_1_load, i1024 %cmpr_local_1_V_1_load, i1024 %cmpr_local_2_V_1_load, i1024 %cmpr_local_3_V_1_load, i1024 %cmpr_local_4_V_1_load, i1024 %cmpr_local_5_V_1_load, i1024 %cmpr_local_6_V_1_load, i1024 %cmpr_local_7_V_1_load, i1024 %cmpr_local_8_V_1_load, i1024 %cmpr_local_9_V_1_load, i1024 %cmpr_local_10_V_1_load, i1024 %cmpr_local_11_V_1_load, i1024 %cmpr_local_12_V_1_load, i1024 %cmpr_local_13_V_1_load, i1024 %cmpr_local_14_V_1_load, i1024 %cmpr_local_15_V_1_load, i11 %cmprpop_local_0_V_1_load, i11 %cmprpop_local_1_V_1_load, i11 %cmprpop_local_2_V_1_load, i11 %cmprpop_local_3_V_1_load, i11 %cmprpop_local_4_V_1_load, i11 %cmprpop_local_5_V_1_load, i11 %cmprpop_local_6_V_1_load, i11 %cmprpop_local_7_V_1_load, i11 %cmprpop_local_8_V_1_load, i11 %cmprpop_local_9_V_1_load, i11 %cmprpop_local_10_V_1_load, i11 %cmprpop_local_11_V_1_load, i11 %cmprpop_local_12_V_1_load, i11 %cmprpop_local_13_V_1_load, i11 %cmprpop_local_14_V_1_load, i10 %cmprpop_local_15_V_1_load, i6 %shl_ln)" [tancoeff/tancoeff/tancalc.cpp:93]   --->   Operation 92 'call' 'tmp_1' <Predicate = true> <Delay = 0.65> <CoreType = "Generic">   --->   Core 0 '' <Latency = 0> <II = 1> <Delay = 1.00> <Generic> <Opcode : >
ST_3 : Operation 93 [1/1] (0.00ns)   --->   "%cmpr_local_0_V = extractvalue { i1024, i1024, i1024, i1024, i1024, i1024, i1024, i1024, i1024, i1024, i1024, i1024, i1024, i1024, i1024, i1024, i11, i11, i11, i11, i11, i11, i11, i11, i11, i11, i11, i11, i11, i11, i11, i10 } %tmp_1, 0" [tancoeff/tancoeff/tancalc.cpp:93]   --->   Operation 93 'extractvalue' 'cmpr_local_0_V' <Predicate = true> <Delay = 0.00>
ST_3 : Operation 94 [1/1] (0.00ns)   --->   "%cmpr_local_1_V = extractvalue { i1024, i1024, i1024, i1024, i1024, i1024, i1024, i1024, i1024, i1024, i1024, i1024, i1024, i1024, i1024, i1024, i11, i11, i11, i11, i11, i11, i11, i11, i11, i11, i11, i11, i11, i11, i11, i10 } %tmp_1, 1" [tancoeff/tancoeff/tancalc.cpp:93]   --->   Operation 94 'extractvalue' 'cmpr_local_1_V' <Predicate = true> <Delay = 0.00>
ST_3 : Operation 95 [1/1] (0.00ns)   --->   "%cmpr_local_2_V = extractvalue { i1024, i1024, i1024, i1024, i1024, i1024, i1024, i1024, i1024, i1024, i1024, i1024, i1024, i1024, i1024, i1024, i11, i11, i11, i11, i11, i11, i11, i11, i11, i11, i11, i11, i11, i11, i11, i10 } %tmp_1, 2" [tancoeff/tancoeff/tancalc.cpp:93]   --->   Operation 95 'extractvalue' 'cmpr_local_2_V' <Predicate = true> <Delay = 0.00>
ST_3 : Operation 96 [1/1] (0.00ns)   --->   "%cmpr_local_3_V = extractvalue { i1024, i1024, i1024, i1024, i1024, i1024, i1024, i1024, i1024, i1024, i1024, i1024, i1024, i1024, i1024, i1024, i11, i11, i11, i11, i11, i11, i11, i11, i11, i11, i11, i11, i11, i11, i11, i10 } %tmp_1, 3" [tancoeff/tancoeff/tancalc.cpp:93]   --->   Operation 96 'extractvalue' 'cmpr_local_3_V' <Predicate = true> <Delay = 0.00>
ST_3 : Operation 97 [1/1] (0.00ns)   --->   "%cmpr_local_4_V = extractvalue { i1024, i1024, i1024, i1024, i1024, i1024, i1024, i1024, i1024, i1024, i1024, i1024, i1024, i1024, i1024, i1024, i11, i11, i11, i11, i11, i11, i11, i11, i11, i11, i11, i11, i11, i11, i11, i10 } %tmp_1, 4" [tancoeff/tancoeff/tancalc.cpp:93]   --->   Operation 97 'extractvalue' 'cmpr_local_4_V' <Predicate = true> <Delay = 0.00>
ST_3 : Operation 98 [1/1] (0.00ns)   --->   "%cmpr_local_5_V = extractvalue { i1024, i1024, i1024, i1024, i1024, i1024, i1024, i1024, i1024, i1024, i1024, i1024, i1024, i1024, i1024, i1024, i11, i11, i11, i11, i11, i11, i11, i11, i11, i11, i11, i11, i11, i11, i11, i10 } %tmp_1, 5" [tancoeff/tancoeff/tancalc.cpp:93]   --->   Operation 98 'extractvalue' 'cmpr_local_5_V' <Predicate = true> <Delay = 0.00>
ST_3 : Operation 99 [1/1] (0.00ns)   --->   "%cmpr_local_6_V = extractvalue { i1024, i1024, i1024, i1024, i1024, i1024, i1024, i1024, i1024, i1024, i1024, i1024, i1024, i1024, i1024, i1024, i11, i11, i11, i11, i11, i11, i11, i11, i11, i11, i11, i11, i11, i11, i11, i10 } %tmp_1, 6" [tancoeff/tancoeff/tancalc.cpp:93]   --->   Operation 99 'extractvalue' 'cmpr_local_6_V' <Predicate = true> <Delay = 0.00>
ST_3 : Operation 100 [1/1] (0.00ns)   --->   "%cmpr_local_7_V = extractvalue { i1024, i1024, i1024, i1024, i1024, i1024, i1024, i1024, i1024, i1024, i1024, i1024, i1024, i1024, i1024, i1024, i11, i11, i11, i11, i11, i11, i11, i11, i11, i11, i11, i11, i11, i11, i11, i10 } %tmp_1, 7" [tancoeff/tancoeff/tancalc.cpp:93]   --->   Operation 100 'extractvalue' 'cmpr_local_7_V' <Predicate = true> <Delay = 0.00>
ST_3 : Operation 101 [1/1] (0.00ns)   --->   "%cmpr_local_8_V = extractvalue { i1024, i1024, i1024, i1024, i1024, i1024, i1024, i1024, i1024, i1024, i1024, i1024, i1024, i1024, i1024, i1024, i11, i11, i11, i11, i11, i11, i11, i11, i11, i11, i11, i11, i11, i11, i11, i10 } %tmp_1, 8" [tancoeff/tancoeff/tancalc.cpp:93]   --->   Operation 101 'extractvalue' 'cmpr_local_8_V' <Predicate = true> <Delay = 0.00>
ST_3 : Operation 102 [1/1] (0.00ns)   --->   "%cmpr_local_9_V = extractvalue { i1024, i1024, i1024, i1024, i1024, i1024, i1024, i1024, i1024, i1024, i1024, i1024, i1024, i1024, i1024, i1024, i11, i11, i11, i11, i11, i11, i11, i11, i11, i11, i11, i11, i11, i11, i11, i10 } %tmp_1, 9" [tancoeff/tancoeff/tancalc.cpp:93]   --->   Operation 102 'extractvalue' 'cmpr_local_9_V' <Predicate = true> <Delay = 0.00>
ST_3 : Operation 103 [1/1] (0.00ns)   --->   "%cmpr_local_10_V = extractvalue { i1024, i1024, i1024, i1024, i1024, i1024, i1024, i1024, i1024, i1024, i1024, i1024, i1024, i1024, i1024, i1024, i11, i11, i11, i11, i11, i11, i11, i11, i11, i11, i11, i11, i11, i11, i11, i10 } %tmp_1, 10" [tancoeff/tancoeff/tancalc.cpp:93]   --->   Operation 103 'extractvalue' 'cmpr_local_10_V' <Predicate = true> <Delay = 0.00>
ST_3 : Operation 104 [1/1] (0.00ns)   --->   "%cmpr_local_11_V = extractvalue { i1024, i1024, i1024, i1024, i1024, i1024, i1024, i1024, i1024, i1024, i1024, i1024, i1024, i1024, i1024, i1024, i11, i11, i11, i11, i11, i11, i11, i11, i11, i11, i11, i11, i11, i11, i11, i10 } %tmp_1, 11" [tancoeff/tancoeff/tancalc.cpp:93]   --->   Operation 104 'extractvalue' 'cmpr_local_11_V' <Predicate = true> <Delay = 0.00>
ST_3 : Operation 105 [1/1] (0.00ns)   --->   "%cmpr_local_12_V = extractvalue { i1024, i1024, i1024, i1024, i1024, i1024, i1024, i1024, i1024, i1024, i1024, i1024, i1024, i1024, i1024, i1024, i11, i11, i11, i11, i11, i11, i11, i11, i11, i11, i11, i11, i11, i11, i11, i10 } %tmp_1, 12" [tancoeff/tancoeff/tancalc.cpp:93]   --->   Operation 105 'extractvalue' 'cmpr_local_12_V' <Predicate = true> <Delay = 0.00>
ST_3 : Operation 106 [1/1] (0.00ns)   --->   "%cmpr_local_13_V = extractvalue { i1024, i1024, i1024, i1024, i1024, i1024, i1024, i1024, i1024, i1024, i1024, i1024, i1024, i1024, i1024, i1024, i11, i11, i11, i11, i11, i11, i11, i11, i11, i11, i11, i11, i11, i11, i11, i10 } %tmp_1, 13" [tancoeff/tancoeff/tancalc.cpp:93]   --->   Operation 106 'extractvalue' 'cmpr_local_13_V' <Predicate = true> <Delay = 0.00>
ST_3 : Operation 107 [1/1] (0.00ns)   --->   "%cmpr_local_14_V = extractvalue { i1024, i1024, i1024, i1024, i1024, i1024, i1024, i1024, i1024, i1024, i1024, i1024, i1024, i1024, i1024, i1024, i11, i11, i11, i11, i11, i11, i11, i11, i11, i11, i11, i11, i11, i11, i11, i10 } %tmp_1, 14" [tancoeff/tancoeff/tancalc.cpp:93]   --->   Operation 107 'extractvalue' 'cmpr_local_14_V' <Predicate = true> <Delay = 0.00>
ST_3 : Operation 108 [1/1] (0.00ns)   --->   "%cmpr_local_15_V = extractvalue { i1024, i1024, i1024, i1024, i1024, i1024, i1024, i1024, i1024, i1024, i1024, i1024, i1024, i1024, i1024, i1024, i11, i11, i11, i11, i11, i11, i11, i11, i11, i11, i11, i11, i11, i11, i11, i10 } %tmp_1, 15" [tancoeff/tancoeff/tancalc.cpp:93]   --->   Operation 108 'extractvalue' 'cmpr_local_15_V' <Predicate = true> <Delay = 0.00>
ST_3 : Operation 109 [1/1] (0.00ns)   --->   "%cmprpop_local_0_V = extractvalue { i1024, i1024, i1024, i1024, i1024, i1024, i1024, i1024, i1024, i1024, i1024, i1024, i1024, i1024, i1024, i1024, i11, i11, i11, i11, i11, i11, i11, i11, i11, i11, i11, i11, i11, i11, i11, i10 } %tmp_1, 16" [tancoeff/tancoeff/tancalc.cpp:93]   --->   Operation 109 'extractvalue' 'cmprpop_local_0_V' <Predicate = true> <Delay = 0.00>
ST_3 : Operation 110 [1/1] (0.00ns)   --->   "%cmprpop_local_1_V = extractvalue { i1024, i1024, i1024, i1024, i1024, i1024, i1024, i1024, i1024, i1024, i1024, i1024, i1024, i1024, i1024, i1024, i11, i11, i11, i11, i11, i11, i11, i11, i11, i11, i11, i11, i11, i11, i11, i10 } %tmp_1, 17" [tancoeff/tancoeff/tancalc.cpp:93]   --->   Operation 110 'extractvalue' 'cmprpop_local_1_V' <Predicate = true> <Delay = 0.00>
ST_3 : Operation 111 [1/1] (0.00ns)   --->   "%cmprpop_local_2_V = extractvalue { i1024, i1024, i1024, i1024, i1024, i1024, i1024, i1024, i1024, i1024, i1024, i1024, i1024, i1024, i1024, i1024, i11, i11, i11, i11, i11, i11, i11, i11, i11, i11, i11, i11, i11, i11, i11, i10 } %tmp_1, 18" [tancoeff/tancoeff/tancalc.cpp:93]   --->   Operation 111 'extractvalue' 'cmprpop_local_2_V' <Predicate = true> <Delay = 0.00>
ST_3 : Operation 112 [1/1] (0.00ns)   --->   "%cmprpop_local_3_V = extractvalue { i1024, i1024, i1024, i1024, i1024, i1024, i1024, i1024, i1024, i1024, i1024, i1024, i1024, i1024, i1024, i1024, i11, i11, i11, i11, i11, i11, i11, i11, i11, i11, i11, i11, i11, i11, i11, i10 } %tmp_1, 19" [tancoeff/tancoeff/tancalc.cpp:93]   --->   Operation 112 'extractvalue' 'cmprpop_local_3_V' <Predicate = true> <Delay = 0.00>
ST_3 : Operation 113 [1/1] (0.00ns)   --->   "%cmprpop_local_4_V = extractvalue { i1024, i1024, i1024, i1024, i1024, i1024, i1024, i1024, i1024, i1024, i1024, i1024, i1024, i1024, i1024, i1024, i11, i11, i11, i11, i11, i11, i11, i11, i11, i11, i11, i11, i11, i11, i11, i10 } %tmp_1, 20" [tancoeff/tancoeff/tancalc.cpp:93]   --->   Operation 113 'extractvalue' 'cmprpop_local_4_V' <Predicate = true> <Delay = 0.00>
ST_3 : Operation 114 [1/1] (0.00ns)   --->   "%cmprpop_local_5_V = extractvalue { i1024, i1024, i1024, i1024, i1024, i1024, i1024, i1024, i1024, i1024, i1024, i1024, i1024, i1024, i1024, i1024, i11, i11, i11, i11, i11, i11, i11, i11, i11, i11, i11, i11, i11, i11, i11, i10 } %tmp_1, 21" [tancoeff/tancoeff/tancalc.cpp:93]   --->   Operation 114 'extractvalue' 'cmprpop_local_5_V' <Predicate = true> <Delay = 0.00>
ST_3 : Operation 115 [1/1] (0.00ns)   --->   "%cmprpop_local_6_V = extractvalue { i1024, i1024, i1024, i1024, i1024, i1024, i1024, i1024, i1024, i1024, i1024, i1024, i1024, i1024, i1024, i1024, i11, i11, i11, i11, i11, i11, i11, i11, i11, i11, i11, i11, i11, i11, i11, i10 } %tmp_1, 22" [tancoeff/tancoeff/tancalc.cpp:93]   --->   Operation 115 'extractvalue' 'cmprpop_local_6_V' <Predicate = true> <Delay = 0.00>
ST_3 : Operation 116 [1/1] (0.00ns)   --->   "%cmprpop_local_7_V = extractvalue { i1024, i1024, i1024, i1024, i1024, i1024, i1024, i1024, i1024, i1024, i1024, i1024, i1024, i1024, i1024, i1024, i11, i11, i11, i11, i11, i11, i11, i11, i11, i11, i11, i11, i11, i11, i11, i10 } %tmp_1, 23" [tancoeff/tancoeff/tancalc.cpp:93]   --->   Operation 116 'extractvalue' 'cmprpop_local_7_V' <Predicate = true> <Delay = 0.00>
ST_3 : Operation 117 [1/1] (0.00ns)   --->   "%cmprpop_local_8_V = extractvalue { i1024, i1024, i1024, i1024, i1024, i1024, i1024, i1024, i1024, i1024, i1024, i1024, i1024, i1024, i1024, i1024, i11, i11, i11, i11, i11, i11, i11, i11, i11, i11, i11, i11, i11, i11, i11, i10 } %tmp_1, 24" [tancoeff/tancoeff/tancalc.cpp:93]   --->   Operation 117 'extractvalue' 'cmprpop_local_8_V' <Predicate = true> <Delay = 0.00>
ST_3 : Operation 118 [1/1] (0.00ns)   --->   "%cmprpop_local_9_V = extractvalue { i1024, i1024, i1024, i1024, i1024, i1024, i1024, i1024, i1024, i1024, i1024, i1024, i1024, i1024, i1024, i1024, i11, i11, i11, i11, i11, i11, i11, i11, i11, i11, i11, i11, i11, i11, i11, i10 } %tmp_1, 25" [tancoeff/tancoeff/tancalc.cpp:93]   --->   Operation 118 'extractvalue' 'cmprpop_local_9_V' <Predicate = true> <Delay = 0.00>
ST_3 : Operation 119 [1/1] (0.00ns)   --->   "%cmprpop_local_10_V = extractvalue { i1024, i1024, i1024, i1024, i1024, i1024, i1024, i1024, i1024, i1024, i1024, i1024, i1024, i1024, i1024, i1024, i11, i11, i11, i11, i11, i11, i11, i11, i11, i11, i11, i11, i11, i11, i11, i10 } %tmp_1, 26" [tancoeff/tancoeff/tancalc.cpp:93]   --->   Operation 119 'extractvalue' 'cmprpop_local_10_V' <Predicate = true> <Delay = 0.00>
ST_3 : Operation 120 [1/1] (0.00ns)   --->   "%cmprpop_local_11_V = extractvalue { i1024, i1024, i1024, i1024, i1024, i1024, i1024, i1024, i1024, i1024, i1024, i1024, i1024, i1024, i1024, i1024, i11, i11, i11, i11, i11, i11, i11, i11, i11, i11, i11, i11, i11, i11, i11, i10 } %tmp_1, 27" [tancoeff/tancoeff/tancalc.cpp:93]   --->   Operation 120 'extractvalue' 'cmprpop_local_11_V' <Predicate = true> <Delay = 0.00>
ST_3 : Operation 121 [1/1] (0.00ns)   --->   "%cmprpop_local_12_V = extractvalue { i1024, i1024, i1024, i1024, i1024, i1024, i1024, i1024, i1024, i1024, i1024, i1024, i1024, i1024, i1024, i1024, i11, i11, i11, i11, i11, i11, i11, i11, i11, i11, i11, i11, i11, i11, i11, i10 } %tmp_1, 28" [tancoeff/tancoeff/tancalc.cpp:93]   --->   Operation 121 'extractvalue' 'cmprpop_local_12_V' <Predicate = true> <Delay = 0.00>
ST_3 : Operation 122 [1/1] (0.00ns)   --->   "%cmprpop_local_13_V = extractvalue { i1024, i1024, i1024, i1024, i1024, i1024, i1024, i1024, i1024, i1024, i1024, i1024, i1024, i1024, i1024, i1024, i11, i11, i11, i11, i11, i11, i11, i11, i11, i11, i11, i11, i11, i11, i11, i10 } %tmp_1, 29" [tancoeff/tancoeff/tancalc.cpp:93]   --->   Operation 122 'extractvalue' 'cmprpop_local_13_V' <Predicate = true> <Delay = 0.00>
ST_3 : Operation 123 [1/1] (0.00ns)   --->   "%cmprpop_local_14_V = extractvalue { i1024, i1024, i1024, i1024, i1024, i1024, i1024, i1024, i1024, i1024, i1024, i1024, i1024, i1024, i1024, i1024, i11, i11, i11, i11, i11, i11, i11, i11, i11, i11, i11, i11, i11, i11, i11, i10 } %tmp_1, 30" [tancoeff/tancoeff/tancalc.cpp:93]   --->   Operation 123 'extractvalue' 'cmprpop_local_14_V' <Predicate = true> <Delay = 0.00>
ST_3 : Operation 124 [1/1] (0.00ns)   --->   "%cmprpop_local_15_V = extractvalue { i1024, i1024, i1024, i1024, i1024, i1024, i1024, i1024, i1024, i1024, i1024, i1024, i1024, i1024, i1024, i1024, i11, i11, i11, i11, i11, i11, i11, i11, i11, i11, i11, i11, i11, i11, i11, i10 } %tmp_1, 31" [tancoeff/tancoeff/tancalc.cpp:93]   --->   Operation 124 'extractvalue' 'cmprpop_local_15_V' <Predicate = true> <Delay = 0.00>
ST_3 : Operation 125 [1/1] (0.00ns)   --->   "store i10 %cmprpop_local_15_V, i10* %cmprpop_local_15_V_1" [tancoeff/tancoeff/tancalc.cpp:92]   --->   Operation 125 'store' <Predicate = true> <Delay = 0.00>
ST_3 : Operation 126 [1/1] (0.00ns)   --->   "store i11 %cmprpop_local_14_V, i11* %cmprpop_local_14_V_1" [tancoeff/tancoeff/tancalc.cpp:92]   --->   Operation 126 'store' <Predicate = true> <Delay = 0.00>
ST_3 : Operation 127 [1/1] (0.00ns)   --->   "store i11 %cmprpop_local_13_V, i11* %cmprpop_local_13_V_1" [tancoeff/tancoeff/tancalc.cpp:92]   --->   Operation 127 'store' <Predicate = true> <Delay = 0.00>
ST_3 : Operation 128 [1/1] (0.00ns)   --->   "store i11 %cmprpop_local_12_V, i11* %cmprpop_local_12_V_1" [tancoeff/tancoeff/tancalc.cpp:92]   --->   Operation 128 'store' <Predicate = true> <Delay = 0.00>
ST_3 : Operation 129 [1/1] (0.00ns)   --->   "store i11 %cmprpop_local_11_V, i11* %cmprpop_local_11_V_1" [tancoeff/tancoeff/tancalc.cpp:92]   --->   Operation 129 'store' <Predicate = true> <Delay = 0.00>
ST_3 : Operation 130 [1/1] (0.00ns)   --->   "store i11 %cmprpop_local_10_V, i11* %cmprpop_local_10_V_1" [tancoeff/tancoeff/tancalc.cpp:92]   --->   Operation 130 'store' <Predicate = true> <Delay = 0.00>
ST_3 : Operation 131 [1/1] (0.00ns)   --->   "store i11 %cmprpop_local_9_V, i11* %cmprpop_local_9_V_1" [tancoeff/tancoeff/tancalc.cpp:92]   --->   Operation 131 'store' <Predicate = true> <Delay = 0.00>
ST_3 : Operation 132 [1/1] (0.00ns)   --->   "store i11 %cmprpop_local_8_V, i11* %cmprpop_local_8_V_1" [tancoeff/tancoeff/tancalc.cpp:92]   --->   Operation 132 'store' <Predicate = true> <Delay = 0.00>
ST_3 : Operation 133 [1/1] (0.00ns)   --->   "store i11 %cmprpop_local_7_V, i11* %cmprpop_local_7_V_1" [tancoeff/tancoeff/tancalc.cpp:92]   --->   Operation 133 'store' <Predicate = true> <Delay = 0.00>
ST_3 : Operation 134 [1/1] (0.00ns)   --->   "store i11 %cmprpop_local_6_V, i11* %cmprpop_local_6_V_1" [tancoeff/tancoeff/tancalc.cpp:92]   --->   Operation 134 'store' <Predicate = true> <Delay = 0.00>
ST_3 : Operation 135 [1/1] (0.00ns)   --->   "store i11 %cmprpop_local_5_V, i11* %cmprpop_local_5_V_1" [tancoeff/tancoeff/tancalc.cpp:92]   --->   Operation 135 'store' <Predicate = true> <Delay = 0.00>
ST_3 : Operation 136 [1/1] (0.00ns)   --->   "store i11 %cmprpop_local_4_V, i11* %cmprpop_local_4_V_1" [tancoeff/tancoeff/tancalc.cpp:92]   --->   Operation 136 'store' <Predicate = true> <Delay = 0.00>
ST_3 : Operation 137 [1/1] (0.00ns)   --->   "store i11 %cmprpop_local_3_V, i11* %cmprpop_local_3_V_1" [tancoeff/tancoeff/tancalc.cpp:92]   --->   Operation 137 'store' <Predicate = true> <Delay = 0.00>
ST_3 : Operation 138 [1/1] (0.00ns)   --->   "store i11 %cmprpop_local_2_V, i11* %cmprpop_local_2_V_1" [tancoeff/tancoeff/tancalc.cpp:92]   --->   Operation 138 'store' <Predicate = true> <Delay = 0.00>
ST_3 : Operation 139 [1/1] (0.00ns)   --->   "store i11 %cmprpop_local_1_V, i11* %cmprpop_local_1_V_1" [tancoeff/tancoeff/tancalc.cpp:92]   --->   Operation 139 'store' <Predicate = true> <Delay = 0.00>
ST_3 : Operation 140 [1/1] (0.00ns)   --->   "store i11 %cmprpop_local_0_V, i11* %cmprpop_local_0_V_1" [tancoeff/tancoeff/tancalc.cpp:92]   --->   Operation 140 'store' <Predicate = true> <Delay = 0.00>
ST_3 : Operation 141 [1/1] (0.00ns)   --->   "store i1024 %cmpr_local_15_V, i1024* %cmpr_local_15_V_1" [tancoeff/tancoeff/tancalc.cpp:92]   --->   Operation 141 'store' <Predicate = true> <Delay = 0.00>
ST_3 : Operation 142 [1/1] (0.00ns)   --->   "store i1024 %cmpr_local_14_V, i1024* %cmpr_local_14_V_1" [tancoeff/tancoeff/tancalc.cpp:92]   --->   Operation 142 'store' <Predicate = true> <Delay = 0.00>
ST_3 : Operation 143 [1/1] (0.00ns)   --->   "store i1024 %cmpr_local_13_V, i1024* %cmpr_local_13_V_1" [tancoeff/tancoeff/tancalc.cpp:92]   --->   Operation 143 'store' <Predicate = true> <Delay = 0.00>
ST_3 : Operation 144 [1/1] (0.00ns)   --->   "store i1024 %cmpr_local_12_V, i1024* %cmpr_local_12_V_1" [tancoeff/tancoeff/tancalc.cpp:92]   --->   Operation 144 'store' <Predicate = true> <Delay = 0.00>
ST_3 : Operation 145 [1/1] (0.00ns)   --->   "store i1024 %cmpr_local_11_V, i1024* %cmpr_local_11_V_1" [tancoeff/tancoeff/tancalc.cpp:92]   --->   Operation 145 'store' <Predicate = true> <Delay = 0.00>
ST_3 : Operation 146 [1/1] (0.00ns)   --->   "store i1024 %cmpr_local_10_V, i1024* %cmpr_local_10_V_1" [tancoeff/tancoeff/tancalc.cpp:92]   --->   Operation 146 'store' <Predicate = true> <Delay = 0.00>
ST_3 : Operation 147 [1/1] (0.00ns)   --->   "store i1024 %cmpr_local_9_V, i1024* %cmpr_local_9_V_1" [tancoeff/tancoeff/tancalc.cpp:92]   --->   Operation 147 'store' <Predicate = true> <Delay = 0.00>
ST_3 : Operation 148 [1/1] (0.00ns)   --->   "store i1024 %cmpr_local_8_V, i1024* %cmpr_local_8_V_1" [tancoeff/tancoeff/tancalc.cpp:92]   --->   Operation 148 'store' <Predicate = true> <Delay = 0.00>
ST_3 : Operation 149 [1/1] (0.00ns)   --->   "store i1024 %cmpr_local_7_V, i1024* %cmpr_local_7_V_1" [tancoeff/tancoeff/tancalc.cpp:92]   --->   Operation 149 'store' <Predicate = true> <Delay = 0.00>
ST_3 : Operation 150 [1/1] (0.00ns)   --->   "store i1024 %cmpr_local_6_V, i1024* %cmpr_local_6_V_1" [tancoeff/tancoeff/tancalc.cpp:92]   --->   Operation 150 'store' <Predicate = true> <Delay = 0.00>
ST_3 : Operation 151 [1/1] (0.00ns)   --->   "store i1024 %cmpr_local_5_V, i1024* %cmpr_local_5_V_1" [tancoeff/tancoeff/tancalc.cpp:92]   --->   Operation 151 'store' <Predicate = true> <Delay = 0.00>
ST_3 : Operation 152 [1/1] (0.00ns)   --->   "store i1024 %cmpr_local_4_V, i1024* %cmpr_local_4_V_1" [tancoeff/tancoeff/tancalc.cpp:92]   --->   Operation 152 'store' <Predicate = true> <Delay = 0.00>
ST_3 : Operation 153 [1/1] (0.00ns)   --->   "store i1024 %cmpr_local_3_V, i1024* %cmpr_local_3_V_1" [tancoeff/tancoeff/tancalc.cpp:92]   --->   Operation 153 'store' <Predicate = true> <Delay = 0.00>
ST_3 : Operation 154 [1/1] (0.00ns)   --->   "store i1024 %cmpr_local_2_V, i1024* %cmpr_local_2_V_1" [tancoeff/tancoeff/tancalc.cpp:92]   --->   Operation 154 'store' <Predicate = true> <Delay = 0.00>
ST_3 : Operation 155 [1/1] (0.00ns)   --->   "store i1024 %cmpr_local_1_V, i1024* %cmpr_local_1_V_1" [tancoeff/tancoeff/tancalc.cpp:92]   --->   Operation 155 'store' <Predicate = true> <Delay = 0.00>
ST_3 : Operation 156 [1/1] (0.00ns)   --->   "store i1024 %cmpr_local_0_V, i1024* %cmpr_local_0_V_1" [tancoeff/tancoeff/tancalc.cpp:92]   --->   Operation 156 'store' <Predicate = true> <Delay = 0.00>

State 4 <SV = 3> <Delay = 0.00>
ST_4 : Operation 157 [2/2] (0.00ns)   --->   "call fastcc void @dataflow_parent_loop_proc(i512* %gmem0, i58 %input_V1, i1024 %cmpr_local_0_V, i1024 %cmpr_local_1_V, i1024 %cmpr_local_2_V, i1024 %cmpr_local_3_V, i1024 %cmpr_local_4_V, i1024 %cmpr_local_5_V, i1024 %cmpr_local_6_V, i1024 %cmpr_local_7_V, i1024 %cmpr_local_8_V, i1024 %cmpr_local_9_V, i1024 %cmpr_local_10_V, i1024 %cmpr_local_11_V, i1024 %cmpr_local_12_V, i1024 %cmpr_local_13_V, i1024 %cmpr_local_14_V, i1024 %cmpr_local_15_V, i11 %cmprpop_local_0_V, i11 %cmprpop_local_1_V, i11 %cmprpop_local_2_V, i11 %cmprpop_local_3_V, i11 %cmprpop_local_4_V, i11 %cmprpop_local_5_V, i11 %cmprpop_local_6_V, i11 %cmprpop_local_7_V, i11 %cmprpop_local_8_V, i11 %cmprpop_local_9_V, i11 %cmprpop_local_10_V, i11 %cmprpop_local_11_V, i11 %cmprpop_local_12_V, i11 %cmprpop_local_13_V, i11 %cmprpop_local_14_V, i10 %cmprpop_local_15_V, i512* %gmem1, i58 %output_V3, i3 %cmpr_chunk_num_0_i)" [tancoeff/tancoeff/tancalc.cpp:93]   --->   Operation 157 'call' <Predicate = true> <Delay = 0.00> <CoreType = "Generic">   --->   Core 0 '' <Latency = 0> <II = 1> <Delay = 1.00> <Generic> <Opcode : >

State 5 <SV = 4> <Delay = 0.00>
ST_5 : Operation 158 [1/1] (0.00ns)   --->   "call void (...)* @_ssdm_op_SpecLoopName([9 x i8]* @p_str13) nounwind" [tancoeff/tancoeff/tancalc.cpp:92]   --->   Operation 158 'specloopname' <Predicate = true> <Delay = 0.00>
ST_5 : Operation 159 [1/2] (0.00ns)   --->   "call fastcc void @dataflow_parent_loop_proc(i512* %gmem0, i58 %input_V1, i1024 %cmpr_local_0_V, i1024 %cmpr_local_1_V, i1024 %cmpr_local_2_V, i1024 %cmpr_local_3_V, i1024 %cmpr_local_4_V, i1024 %cmpr_local_5_V, i1024 %cmpr_local_6_V, i1024 %cmpr_local_7_V, i1024 %cmpr_local_8_V, i1024 %cmpr_local_9_V, i1024 %cmpr_local_10_V, i1024 %cmpr_local_11_V, i1024 %cmpr_local_12_V, i1024 %cmpr_local_13_V, i1024 %cmpr_local_14_V, i1024 %cmpr_local_15_V, i11 %cmprpop_local_0_V, i11 %cmprpop_local_1_V, i11 %cmprpop_local_2_V, i11 %cmprpop_local_3_V, i11 %cmprpop_local_4_V, i11 %cmprpop_local_5_V, i11 %cmprpop_local_6_V, i11 %cmprpop_local_7_V, i11 %cmprpop_local_8_V, i11 %cmprpop_local_9_V, i11 %cmprpop_local_10_V, i11 %cmprpop_local_11_V, i11 %cmprpop_local_12_V, i11 %cmprpop_local_13_V, i11 %cmprpop_local_14_V, i10 %cmprpop_local_15_V, i512* %gmem1, i58 %output_V3, i3 %cmpr_chunk_num_0_i)" [tancoeff/tancoeff/tancalc.cpp:93]   --->   Operation 159 'call' <Predicate = true> <Delay = 0.00> <CoreType = "Generic">   --->   Core 0 '' <Latency = 0> <II = 1> <Delay = 1.00> <Generic> <Opcode : >
ST_5 : Operation 160 [1/1] (0.00ns)   --->   "br label %0" [tancoeff/tancoeff/tancalc.cpp:92]   --->   Operation 160 'br' <Predicate = true> <Delay = 0.00>


============================================================
+ Verbose Summary: Timing violations
============================================================
Target clock period: 3.33ns, clock uncertainty: 0.9ns.

 <State 1>: 1ns
The critical path consists of the following:
	s_axi read on port 'output_V' [37]  (1 ns)

 <State 2>: 0.786ns
The critical path consists of the following:
	'phi' operation ('cmpr_chunk_num') with incoming values : ('cmpr_chunk_num', tancoeff/tancoeff/tancalc.cpp:92) [51]  (0 ns)
	'call' operation ('tmp_1', tancoeff/tancoeff/tancalc.cpp:93) to 'data_read.1' [92]  (0.786 ns)

 <State 3>: 0.658ns
The critical path consists of the following:
	'call' operation ('tmp_1', tancoeff/tancoeff/tancalc.cpp:93) to 'data_read.1' [92]  (0.658 ns)

 <State 4>: 0ns
The critical path consists of the following:

 <State 5>: 0ns
The critical path consists of the following:


============================================================
+ Verbose Summary: Binding
============================================================
N/A
* FSMD analyzer results:
  - Output states:
 - Input state : 
  - Chain level:
	State 1
	State 2
	State 3
	State 4
	State 5


============================================================
+ Verbose Summary: Datapath Resource usage 
============================================================
N/A
