#
# A fatal error has been detected by the Java Runtime Environment:
#
#  SIGSEGV (0xb) at pc=0x00007ff2af18ff4d, pid=15598, tid=15599
#
# JRE version: Java(TM) SE Runtime Environment (9.0+11) (build 9.0.4+11)
# Java VM: Java HotSpot(TM) 64-Bit Server VM (9.0.4+11, mixed mode, tiered, compressed oops, g1 gc, linux-amd64)
# Problematic frame:
# C  [libc.so.6+0x39f4d]
#
# Core dump will be written. Default location: Core dumps may be processed with "/usr/share/apport/apport %p %s %c %d %P" (or dumping to /home/student/workspace2018.3/onlab/src/core.15598)
#
# If you would like to submit a bug report, please visit:
#   http://bugreport.java.com/bugreport/crash.jsp
# The crash happened outside the Java Virtual Machine in native code.
# See problematic frame for where to report the bug.
#

---------------  S U M M A R Y ------------

Command Line: -Xms64m -Xmx4G -Dorg.eclipse.swt.internal.gtk.cairoGraphics=false --add-modules=ALL-SYSTEM --add-modules=jdk.incubator.httpclient --add-opens=java.base/java.nio=ALL-UNNAMED --add-opens=java.desktop/sun.swing=ALL-UNNAMED --add-opens=java.desktop/javax.swing=ALL-UNNAMED --add-opens=java.desktop/javax.swing.tree=ALL-UNNAMED --add-opens=java.desktop/javax.swing.plaf.basic=ALL-UNNAMED --add-opens=java.desktop/javax.swing.plaf.synth=ALL-UNNAMED --add-opens=java.desktop/com.sun.awt=ALL-UNNAMED --add-opens=java.desktop/sun.awt.X11=ALL-UNNAMED /opt/Xilinx/SDx/2018.3/eclipse/lnx64.o//plugins/org.eclipse.equinox.launcher_1.4.0.v20161219-1356.jar -os linux -ws gtk -arch x86_64 -showsplash /opt/Xilinx/SDx/2018.3/eclipse/lnx64.o//plugins/com.xilinx.sdk.product_1.0.0.201812070703.jar/splash.bmp -launcher /opt/Xilinx/SDx/2018.3/eclipse/lnx64.o/eclipse -name Eclipse --launcher.library /opt/Xilinx/SDx/2018.3/eclipse/lnx64.o//plugins/org.eclipse.equinox.launcher.gtk.linux.x86_64_1.1.551.v20171108-1834/eclipse_1630.so -startup /opt/Xilinx/SDx/2018.3/eclipse/lnx64.o//plugins/org.eclipse.equinox.launcher_1.4.0.v20161219-1356.jar --launcher.overrideVmargs -exitdata b30020 -vm /opt/Xilinx/SDx/2018.3/tps/lnx64/jre9.0.4/bin/java -vmargs -Xms64m -Xmx4G -Dorg.eclipse.swt.internal.gtk.cairoGraphics=false --add-modules=ALL-SYSTEM --add-modules=jdk.incubator.httpclient --add-opens=java.base/java.nio=ALL-UNNAMED --add-opens=java.desktop/sun.swing=ALL-UNNAMED --add-opens=java.desktop/javax.swing=ALL-UNNAMED --add-opens=java.desktop/javax.swing.tree=ALL-UNNAMED --add-opens=java.desktop/javax.swing.plaf.basic=ALL-UNNAMED --add-opens=java.desktop/javax.swing.plaf.synth=ALL-UNNAMED --add-opens=java.desktop/com.sun.awt=ALL-UNNAMED --add-opens=java.desktop/sun.awt.X11=ALL-UNNAMED -jar /opt/Xilinx/SDx/2018.3/eclipse/lnx64.o//plugins/org.eclipse.equinox.launcher_1.4.0.v20161219-1356.jar

Host: 